# gmm-gselect --n=30 exp/nnet2_online/diag_ubm/0.dubm "ark,s,cs:apply-cmvn-online --config=conf/online_cmvn.conf exp/nnet2_online/diag_ubm/global_cmvn.stats scp:data/train_mixed_hires_30k/split20/11/feats.scp ark:- | splice-feats --left-context=3 --right-context=3 ark:- ark:- | transform-feats exp/nnet2_online/diag_ubm/final.mat ark:- ark:- | subsample-feats --n=2 ark:- ark:- |" "ark:|gzip -c >exp/nnet2_online/diag_ubm/gselect.11.gz" 
# Started at Fri Jun 12 20:52:16 CST 2015
#
gmm-gselect --n=30 exp/nnet2_online/diag_ubm/0.dubm 'ark,s,cs:apply-cmvn-online --config=conf/online_cmvn.conf exp/nnet2_online/diag_ubm/global_cmvn.stats scp:data/train_mixed_hires_30k/split20/11/feats.scp ark:- | splice-feats --left-context=3 --right-context=3 ark:- ark:- | transform-feats exp/nnet2_online/diag_ubm/final.mat ark:- ark:- | subsample-feats --n=2 ark:- ark:- |' 'ark:|gzip -c >exp/nnet2_online/diag_ubm/gselect.11.gz' 
splice-feats --left-context=3 --right-context=3 ark:- ark:- 
transform-feats exp/nnet2_online/diag_ubm/final.mat ark:- ark:- 
apply-cmvn-online --config=conf/online_cmvn.conf exp/nnet2_online/diag_ubm/global_cmvn.stats scp:data/train_mixed_hires_30k/split20/11/feats.scp ark:- 
subsample-feats --n=2 ark:- ark:- 
LOG (gmm-gselect:main():gmm-gselect.cc:115) For 0'th file, average UBM likelihood over 226 frames is -57.786
LOG (gmm-gselect:main():gmm-gselect.cc:115) For 10'th file, average UBM likelihood over 152 frames is -55.3352
LOG (gmm-gselect:main():gmm-gselect.cc:115) For 20'th file, average UBM likelihood over 369 frames is -54.6489
LOG (gmm-gselect:main():gmm-gselect.cc:115) For 30'th file, average UBM likelihood over 262 frames is -56.9679
LOG (gmm-gselect:main():gmm-gselect.cc:115) For 40'th file, average UBM likelihood over 287 frames is -60.9652
LOG (gmm-gselect:main():gmm-gselect.cc:115) For 50'th file, average UBM likelihood over 105 frames is -58.2886
LOG (gmm-gselect:main():gmm-gselect.cc:115) For 60'th file, average UBM likelihood over 348 frames is -66.1673
LOG (gmm-gselect:main():gmm-gselect.cc:115) For 70'th file, average UBM likelihood over 107 frames is -60.896
LOG (gmm-gselect:main():gmm-gselect.cc:115) For 80'th file, average UBM likelihood over 246 frames is -54.0948
LOG (gmm-gselect:main():gmm-gselect.cc:115) For 90'th file, average UBM likelihood over 369 frames is -59.6807
LOG (gmm-gselect:main():gmm-gselect.cc:115) For 100'th file, average UBM likelihood over 109 frames is -46.2683
LOG (gmm-gselect:main():gmm-gselect.cc:115) For 110'th file, average UBM likelihood over 243 frames is -49.1859
LOG (gmm-gselect:main():gmm-gselect.cc:115) For 120'th file, average UBM likelihood over 355 frames is -67.6979
LOG (gmm-gselect:main():gmm-gselect.cc:115) For 130'th file, average UBM likelihood over 374 frames is -54.9548
LOG (gmm-gselect:main():gmm-gselect.cc:115) For 140'th file, average UBM likelihood over 193 frames is -52.139
LOG (gmm-gselect:main():gmm-gselect.cc:115) For 150'th file, average UBM likelihood over 369 frames is -65.733
LOG (gmm-gselect:main():gmm-gselect.cc:115) For 160'th file, average UBM likelihood over 116 frames is -55.9615
LOG (gmm-gselect:main():gmm-gselect.cc:115) For 170'th file, average UBM likelihood over 246 frames is -58.2458
LOG (gmm-gselect:main():gmm-gselect.cc:115) For 180'th file, average UBM likelihood over 380 frames is -57.8927
LOG (gmm-gselect:main():gmm-gselect.cc:115) For 190'th file, average UBM likelihood over 131 frames is -60.6952
LOG (gmm-gselect:main():gmm-gselect.cc:115) For 200'th file, average UBM likelihood over 454 frames is -64.0449
LOG (gmm-gselect:main():gmm-gselect.cc:115) For 210'th file, average UBM likelihood over 125 frames is -52.6574
LOG (gmm-gselect:main():gmm-gselect.cc:115) For 220'th file, average UBM likelihood over 284 frames is -55.481
LOG (gmm-gselect:main():gmm-gselect.cc:115) For 230'th file, average UBM likelihood over 200 frames is -54.0029
LOG (gmm-gselect:main():gmm-gselect.cc:115) For 240'th file, average UBM likelihood over 116 frames is -51.7212
LOG (gmm-gselect:main():gmm-gselect.cc:115) For 250'th file, average UBM likelihood over 255 frames is -51.5781
LOG (gmm-gselect:main():gmm-gselect.cc:115) For 260'th file, average UBM likelihood over 241 frames is -51.9088
LOG (gmm-gselect:main():gmm-gselect.cc:115) For 270'th file, average UBM likelihood over 148 frames is -48.6933
LOG (gmm-gselect:main():gmm-gselect.cc:115) For 280'th file, average UBM likelihood over 235 frames is -43.9944
LOG (gmm-gselect:main():gmm-gselect.cc:115) For 290'th file, average UBM likelihood over 318 frames is -51.7581
LOG (gmm-gselect:main():gmm-gselect.cc:115) For 300'th file, average UBM likelihood over 164 frames is -54.1663
LOG (gmm-gselect:main():gmm-gselect.cc:115) For 310'th file, average UBM likelihood over 375 frames is -60.3785
LOG (gmm-gselect:main():gmm-gselect.cc:115) For 320'th file, average UBM likelihood over 241 frames is -48.12
LOG (gmm-gselect:main():gmm-gselect.cc:115) For 330'th file, average UBM likelihood over 168 frames is -52.5827
LOG (gmm-gselect:main():gmm-gselect.cc:115) For 340'th file, average UBM likelihood over 387 frames is -53.444
LOG (gmm-gselect:main():gmm-gselect.cc:115) For 350'th file, average UBM likelihood over 383 frames is -50.6793
LOG (gmm-gselect:main():gmm-gselect.cc:115) For 360'th file, average UBM likelihood over 123 frames is -46.07
LOG (gmm-gselect:main():gmm-gselect.cc:115) For 370'th file, average UBM likelihood over 172 frames is -59.4924
LOG (gmm-gselect:main():gmm-gselect.cc:115) For 380'th file, average UBM likelihood over 245 frames is -53.1564
LOG (gmm-gselect:main():gmm-gselect.cc:115) For 390'th file, average UBM likelihood over 104 frames is -57.9532
LOG (gmm-gselect:main():gmm-gselect.cc:115) For 400'th file, average UBM likelihood over 100 frames is -48.6324
LOG (gmm-gselect:main():gmm-gselect.cc:115) For 410'th file, average UBM likelihood over 240 frames is -51.4722
LOG (gmm-gselect:main():gmm-gselect.cc:115) For 420'th file, average UBM likelihood over 115 frames is -61.5536
LOG (gmm-gselect:main():gmm-gselect.cc:115) For 430'th file, average UBM likelihood over 329 frames is -52.4065
LOG (gmm-gselect:main():gmm-gselect.cc:115) For 440'th file, average UBM likelihood over 197 frames is -62.8775
LOG (gmm-gselect:main():gmm-gselect.cc:115) For 450'th file, average UBM likelihood over 358 frames is -64.4748
LOG (gmm-gselect:main():gmm-gselect.cc:115) For 460'th file, average UBM likelihood over 440 frames is -55.9796
LOG (gmm-gselect:main():gmm-gselect.cc:115) For 470'th file, average UBM likelihood over 109 frames is -55.7266
LOG (gmm-gselect:main():gmm-gselect.cc:115) For 480'th file, average UBM likelihood over 388 frames is -50.7422
LOG (gmm-gselect:main():gmm-gselect.cc:115) For 490'th file, average UBM likelihood over 151 frames is -53.6471
LOG (gmm-gselect:main():gmm-gselect.cc:115) For 500'th file, average UBM likelihood over 468 frames is -63.4038
LOG (gmm-gselect:main():gmm-gselect.cc:115) For 510'th file, average UBM likelihood over 325 frames is -63.8631
LOG (gmm-gselect:main():gmm-gselect.cc:115) For 520'th file, average UBM likelihood over 189 frames is -53.4131
LOG (gmm-gselect:main():gmm-gselect.cc:115) For 530'th file, average UBM likelihood over 309 frames is -55.9146
LOG (gmm-gselect:main():gmm-gselect.cc:115) For 540'th file, average UBM likelihood over 280 frames is -60.5103
LOG (gmm-gselect:main():gmm-gselect.cc:115) For 550'th file, average UBM likelihood over 169 frames is -56.4204
LOG (gmm-gselect:main():gmm-gselect.cc:115) For 560'th file, average UBM likelihood over 365 frames is -53.008
LOG (gmm-gselect:main():gmm-gselect.cc:115) For 570'th file, average UBM likelihood over 238 frames is -57.9938
LOG (gmm-gselect:main():gmm-gselect.cc:115) For 580'th file, average UBM likelihood over 168 frames is -57.294
LOG (gmm-gselect:main():gmm-gselect.cc:115) For 590'th file, average UBM likelihood over 105 frames is -56.495
LOG (gmm-gselect:main():gmm-gselect.cc:115) For 600'th file, average UBM likelihood over 109 frames is -59.3454
LOG (gmm-gselect:main():gmm-gselect.cc:115) For 610'th file, average UBM likelihood over 410 frames is -62.5119
LOG (gmm-gselect:main():gmm-gselect.cc:115) For 620'th file, average UBM likelihood over 120 frames is -63.5583
LOG (gmm-gselect:main():gmm-gselect.cc:115) For 630'th file, average UBM likelihood over 104 frames is -54.9957
LOG (gmm-gselect:main():gmm-gselect.cc:115) For 640'th file, average UBM likelihood over 339 frames is -56.4522
LOG (gmm-gselect:main():gmm-gselect.cc:115) For 650'th file, average UBM likelihood over 297 frames is -57.0678
LOG (gmm-gselect:main():gmm-gselect.cc:115) For 660'th file, average UBM likelihood over 244 frames is -53.6836
LOG (gmm-gselect:main():gmm-gselect.cc:115) For 670'th file, average UBM likelihood over 154 frames is -52.3359
LOG (gmm-gselect:main():gmm-gselect.cc:115) For 680'th file, average UBM likelihood over 183 frames is -61.0471
LOG (gmm-gselect:main():gmm-gselect.cc:115) For 690'th file, average UBM likelihood over 235 frames is -51.7875
LOG (gmm-gselect:main():gmm-gselect.cc:115) For 700'th file, average UBM likelihood over 106 frames is -56.1373
LOG (gmm-gselect:main():gmm-gselect.cc:115) For 710'th file, average UBM likelihood over 279 frames is -54.328
LOG (gmm-gselect:main():gmm-gselect.cc:115) For 720'th file, average UBM likelihood over 126 frames is -54.1687
LOG (gmm-gselect:main():gmm-gselect.cc:115) For 730'th file, average UBM likelihood over 123 frames is -53.1904
LOG (gmm-gselect:main():gmm-gselect.cc:115) For 740'th file, average UBM likelihood over 191 frames is -61.0996
LOG (gmm-gselect:main():gmm-gselect.cc:115) For 750'th file, average UBM likelihood over 236 frames is -63.4675
LOG (gmm-gselect:main():gmm-gselect.cc:115) For 760'th file, average UBM likelihood over 176 frames is -47.807
LOG (gmm-gselect:main():gmm-gselect.cc:115) For 770'th file, average UBM likelihood over 371 frames is -55.8949
LOG (gmm-gselect:main():gmm-gselect.cc:115) For 780'th file, average UBM likelihood over 101 frames is -54.4236
LOG (gmm-gselect:main():gmm-gselect.cc:115) For 790'th file, average UBM likelihood over 291 frames is -55.4939
LOG (gmm-gselect:main():gmm-gselect.cc:115) For 800'th file, average UBM likelihood over 145 frames is -56.1972
LOG (gmm-gselect:main():gmm-gselect.cc:115) For 810'th file, average UBM likelihood over 220 frames is -51.5552
LOG (gmm-gselect:main():gmm-gselect.cc:115) For 820'th file, average UBM likelihood over 483 frames is -54.2968
LOG (gmm-gselect:main():gmm-gselect.cc:115) For 830'th file, average UBM likelihood over 259 frames is -58.5552
LOG (gmm-gselect:main():gmm-gselect.cc:115) For 840'th file, average UBM likelihood over 282 frames is -55.8346
LOG (gmm-gselect:main():gmm-gselect.cc:115) For 850'th file, average UBM likelihood over 135 frames is -49.0491
LOG (gmm-gselect:main():gmm-gselect.cc:115) For 860'th file, average UBM likelihood over 307 frames is -53.9446
LOG (gmm-gselect:main():gmm-gselect.cc:115) For 870'th file, average UBM likelihood over 252 frames is -57.3246
LOG (gmm-gselect:main():gmm-gselect.cc:115) For 880'th file, average UBM likelihood over 479 frames is -59.471
LOG (gmm-gselect:main():gmm-gselect.cc:115) For 890'th file, average UBM likelihood over 199 frames is -54.4471
LOG (gmm-gselect:main():gmm-gselect.cc:115) For 900'th file, average UBM likelihood over 281 frames is -54.4722
LOG (gmm-gselect:main():gmm-gselect.cc:115) For 910'th file, average UBM likelihood over 257 frames is -55.7176
LOG (gmm-gselect:main():gmm-gselect.cc:115) For 920'th file, average UBM likelihood over 321 frames is -60.2006
LOG (gmm-gselect:main():gmm-gselect.cc:115) For 930'th file, average UBM likelihood over 203 frames is -60.969
LOG (gmm-gselect:main():gmm-gselect.cc:115) For 940'th file, average UBM likelihood over 184 frames is -60.7222
LOG (gmm-gselect:main():gmm-gselect.cc:115) For 950'th file, average UBM likelihood over 312 frames is -59.8577
LOG (gmm-gselect:main():gmm-gselect.cc:115) For 960'th file, average UBM likelihood over 206 frames is -62.1986
LOG (gmm-gselect:main():gmm-gselect.cc:115) For 970'th file, average UBM likelihood over 205 frames is -55.5101
LOG (gmm-gselect:main():gmm-gselect.cc:115) For 980'th file, average UBM likelihood over 137 frames is -57.3951
LOG (gmm-gselect:main():gmm-gselect.cc:115) For 990'th file, average UBM likelihood over 455 frames is -59.8593
LOG (gmm-gselect:main():gmm-gselect.cc:115) For 1000'th file, average UBM likelihood over 242 frames is -55.2963
LOG (gmm-gselect:main():gmm-gselect.cc:115) For 1010'th file, average UBM likelihood over 472 frames is -61.0337
LOG (gmm-gselect:main():gmm-gselect.cc:115) For 1020'th file, average UBM likelihood over 256 frames is -61.2111
LOG (gmm-gselect:main():gmm-gselect.cc:115) For 1030'th file, average UBM likelihood over 118 frames is -48.4844
LOG (gmm-gselect:main():gmm-gselect.cc:115) For 1040'th file, average UBM likelihood over 137 frames is -52.9222
LOG (gmm-gselect:main():gmm-gselect.cc:115) For 1050'th file, average UBM likelihood over 351 frames is -56.8633
LOG (gmm-gselect:main():gmm-gselect.cc:115) For 1060'th file, average UBM likelihood over 286 frames is -66.9965
LOG (gmm-gselect:main():gmm-gselect.cc:115) For 1070'th file, average UBM likelihood over 275 frames is -66.9426
LOG (gmm-gselect:main():gmm-gselect.cc:115) For 1080'th file, average UBM likelihood over 186 frames is -61.1896
LOG (gmm-gselect:main():gmm-gselect.cc:115) For 1090'th file, average UBM likelihood over 142 frames is -59.4705
LOG (gmm-gselect:main():gmm-gselect.cc:115) For 1100'th file, average UBM likelihood over 247 frames is -57.7099
LOG (gmm-gselect:main():gmm-gselect.cc:115) For 1110'th file, average UBM likelihood over 156 frames is -59.5362
LOG (gmm-gselect:main():gmm-gselect.cc:115) For 1120'th file, average UBM likelihood over 130 frames is -63.7528
LOG (gmm-gselect:main():gmm-gselect.cc:115) For 1130'th file, average UBM likelihood over 241 frames is -51.8711
LOG (gmm-gselect:main():gmm-gselect.cc:115) For 1140'th file, average UBM likelihood over 326 frames is -62.3226
LOG (gmm-gselect:main():gmm-gselect.cc:115) For 1150'th file, average UBM likelihood over 131 frames is -55.532
LOG (gmm-gselect:main():gmm-gselect.cc:115) For 1160'th file, average UBM likelihood over 239 frames is -56.6253
LOG (gmm-gselect:main():gmm-gselect.cc:115) For 1170'th file, average UBM likelihood over 124 frames is -59.7562
LOG (gmm-gselect:main():gmm-gselect.cc:115) For 1180'th file, average UBM likelihood over 202 frames is -60.488
LOG (gmm-gselect:main():gmm-gselect.cc:115) For 1190'th file, average UBM likelihood over 144 frames is -59.6869
LOG (gmm-gselect:main():gmm-gselect.cc:115) For 1200'th file, average UBM likelihood over 305 frames is -59.9508
LOG (gmm-gselect:main():gmm-gselect.cc:115) For 1210'th file, average UBM likelihood over 340 frames is -57.3978
LOG (gmm-gselect:main():gmm-gselect.cc:115) For 1220'th file, average UBM likelihood over 229 frames is -53.5155
LOG (gmm-gselect:main():gmm-gselect.cc:115) For 1230'th file, average UBM likelihood over 168 frames is -53.8014
LOG (gmm-gselect:main():gmm-gselect.cc:115) For 1240'th file, average UBM likelihood over 279 frames is -59.8082
LOG (gmm-gselect:main():gmm-gselect.cc:115) For 1250'th file, average UBM likelihood over 113 frames is -53.6956
LOG (gmm-gselect:main():gmm-gselect.cc:115) For 1260'th file, average UBM likelihood over 427 frames is -63.6009
LOG (gmm-gselect:main():gmm-gselect.cc:115) For 1270'th file, average UBM likelihood over 278 frames is -57.319
LOG (gmm-gselect:main():gmm-gselect.cc:115) For 1280'th file, average UBM likelihood over 197 frames is -59.7207
LOG (gmm-gselect:main():gmm-gselect.cc:115) For 1290'th file, average UBM likelihood over 224 frames is -56.4533
LOG (gmm-gselect:main():gmm-gselect.cc:115) For 1300'th file, average UBM likelihood over 343 frames is -58.976
LOG (gmm-gselect:main():gmm-gselect.cc:115) For 1310'th file, average UBM likelihood over 451 frames is -57.9547
LOG (gmm-gselect:main():gmm-gselect.cc:115) For 1320'th file, average UBM likelihood over 332 frames is -57.463
LOG (gmm-gselect:main():gmm-gselect.cc:115) For 1330'th file, average UBM likelihood over 157 frames is -55.765
LOG (gmm-gselect:main():gmm-gselect.cc:115) For 1340'th file, average UBM likelihood over 292 frames is -58.1798
LOG (gmm-gselect:main():gmm-gselect.cc:115) For 1350'th file, average UBM likelihood over 255 frames is -58.8323
LOG (gmm-gselect:main():gmm-gselect.cc:115) For 1360'th file, average UBM likelihood over 371 frames is -52.1872
LOG (gmm-gselect:main():gmm-gselect.cc:115) For 1370'th file, average UBM likelihood over 245 frames is -57.6958
LOG (gmm-gselect:main():gmm-gselect.cc:115) For 1380'th file, average UBM likelihood over 204 frames is -51.5989
LOG (gmm-gselect:main():gmm-gselect.cc:115) For 1390'th file, average UBM likelihood over 412 frames is -50.877
LOG (gmm-gselect:main():gmm-gselect.cc:115) For 1400'th file, average UBM likelihood over 425 frames is -59.62
LOG (gmm-gselect:main():gmm-gselect.cc:115) For 1410'th file, average UBM likelihood over 188 frames is -62.4929
LOG (gmm-gselect:main():gmm-gselect.cc:115) For 1420'th file, average UBM likelihood over 276 frames is -54.0029
LOG (gmm-gselect:main():gmm-gselect.cc:115) For 1430'th file, average UBM likelihood over 250 frames is -56.1237
LOG (gmm-gselect:main():gmm-gselect.cc:115) For 1440'th file, average UBM likelihood over 168 frames is -54.8091
LOG (gmm-gselect:main():gmm-gselect.cc:115) For 1450'th file, average UBM likelihood over 170 frames is -56.737
LOG (gmm-gselect:main():gmm-gselect.cc:115) For 1460'th file, average UBM likelihood over 221 frames is -57.2702
LOG (gmm-gselect:main():gmm-gselect.cc:115) For 1470'th file, average UBM likelihood over 216 frames is -53.8488
LOG (gmm-gselect:main():gmm-gselect.cc:115) For 1480'th file, average UBM likelihood over 116 frames is -42.7392
LOG (gmm-gselect:main():gmm-gselect.cc:115) For 1490'th file, average UBM likelihood over 144 frames is -54.0491
LOG (gmm-gselect:main():gmm-gselect.cc:115) For 1500'th file, average UBM likelihood over 210 frames is -55.4825
LOG (gmm-gselect:main():gmm-gselect.cc:115) For 1510'th file, average UBM likelihood over 361 frames is -54.6763
LOG (gmm-gselect:main():gmm-gselect.cc:115) For 1520'th file, average UBM likelihood over 355 frames is -61.809
LOG (gmm-gselect:main():gmm-gselect.cc:115) For 1530'th file, average UBM likelihood over 375 frames is -62.8118
LOG (gmm-gselect:main():gmm-gselect.cc:115) For 1540'th file, average UBM likelihood over 338 frames is -52.4198
LOG (gmm-gselect:main():gmm-gselect.cc:115) For 1550'th file, average UBM likelihood over 237 frames is -58.1302
LOG (gmm-gselect:main():gmm-gselect.cc:115) For 1560'th file, average UBM likelihood over 377 frames is -55.1885
LOG (gmm-gselect:main():gmm-gselect.cc:115) For 1570'th file, average UBM likelihood over 228 frames is -46.8974
LOG (gmm-gselect:main():gmm-gselect.cc:115) For 1580'th file, average UBM likelihood over 483 frames is -54.6948
LOG (gmm-gselect:main():gmm-gselect.cc:115) For 1590'th file, average UBM likelihood over 252 frames is -51.9195
LOG (gmm-gselect:main():gmm-gselect.cc:115) For 1600'th file, average UBM likelihood over 154 frames is -51.0433
LOG (gmm-gselect:main():gmm-gselect.cc:115) For 1610'th file, average UBM likelihood over 397 frames is -50.393
LOG (gmm-gselect:main():gmm-gselect.cc:115) For 1620'th file, average UBM likelihood over 216 frames is -52.3291
LOG (gmm-gselect:main():gmm-gselect.cc:115) For 1630'th file, average UBM likelihood over 155 frames is -50.4563
LOG (gmm-gselect:main():gmm-gselect.cc:115) For 1640'th file, average UBM likelihood over 141 frames is -47.6687
LOG (gmm-gselect:main():gmm-gselect.cc:115) For 1650'th file, average UBM likelihood over 344 frames is -57.2904
LOG (gmm-gselect:main():gmm-gselect.cc:115) For 1660'th file, average UBM likelihood over 154 frames is -52.7796
LOG (gmm-gselect:main():gmm-gselect.cc:115) For 1670'th file, average UBM likelihood over 313 frames is -49.807
LOG (gmm-gselect:main():gmm-gselect.cc:115) For 1680'th file, average UBM likelihood over 196 frames is -52.938
LOG (gmm-gselect:main():gmm-gselect.cc:115) For 1690'th file, average UBM likelihood over 213 frames is -55.8196
LOG (gmm-gselect:main():gmm-gselect.cc:115) For 1700'th file, average UBM likelihood over 200 frames is -57.4352
LOG (gmm-gselect:main():gmm-gselect.cc:115) For 1710'th file, average UBM likelihood over 205 frames is -66.6845
LOG (gmm-gselect:main():gmm-gselect.cc:115) For 1720'th file, average UBM likelihood over 162 frames is -59.5139
LOG (gmm-gselect:main():gmm-gselect.cc:115) For 1730'th file, average UBM likelihood over 176 frames is -56.6506
LOG (gmm-gselect:main():gmm-gselect.cc:115) For 1740'th file, average UBM likelihood over 253 frames is -56.2129
LOG (gmm-gselect:main():gmm-gselect.cc:115) For 1750'th file, average UBM likelihood over 281 frames is -55.6768
LOG (gmm-gselect:main():gmm-gselect.cc:115) For 1760'th file, average UBM likelihood over 211 frames is -56.5705
LOG (gmm-gselect:main():gmm-gselect.cc:115) For 1770'th file, average UBM likelihood over 125 frames is -54.8114
LOG (gmm-gselect:main():gmm-gselect.cc:115) For 1780'th file, average UBM likelihood over 101 frames is -53.2685
LOG (gmm-gselect:main():gmm-gselect.cc:115) For 1790'th file, average UBM likelihood over 170 frames is -56.9398
LOG (gmm-gselect:main():gmm-gselect.cc:115) For 1800'th file, average UBM likelihood over 153 frames is -55.1332
LOG (gmm-gselect:main():gmm-gselect.cc:115) For 1810'th file, average UBM likelihood over 168 frames is -58.9633
LOG (gmm-gselect:main():gmm-gselect.cc:115) For 1820'th file, average UBM likelihood over 126 frames is -53.8633
LOG (gmm-gselect:main():gmm-gselect.cc:115) For 1830'th file, average UBM likelihood over 149 frames is -54.0432
LOG (gmm-gselect:main():gmm-gselect.cc:115) For 1840'th file, average UBM likelihood over 216 frames is -53.9453
LOG (gmm-gselect:main():gmm-gselect.cc:115) For 1850'th file, average UBM likelihood over 225 frames is -58.0888
LOG (gmm-gselect:main():gmm-gselect.cc:115) For 1860'th file, average UBM likelihood over 439 frames is -55.0274
LOG (gmm-gselect:main():gmm-gselect.cc:115) For 1870'th file, average UBM likelihood over 490 frames is -54.6595
LOG (gmm-gselect:main():gmm-gselect.cc:115) For 1880'th file, average UBM likelihood over 317 frames is -55.8323
LOG (gmm-gselect:main():gmm-gselect.cc:115) For 1890'th file, average UBM likelihood over 414 frames is -52.4059
LOG (gmm-gselect:main():gmm-gselect.cc:115) For 1900'th file, average UBM likelihood over 165 frames is -49.5659
LOG (gmm-gselect:main():gmm-gselect.cc:115) For 1910'th file, average UBM likelihood over 106 frames is -49.5532
LOG (gmm-gselect:main():gmm-gselect.cc:115) For 1920'th file, average UBM likelihood over 305 frames is -49.9048
LOG (gmm-gselect:main():gmm-gselect.cc:115) For 1930'th file, average UBM likelihood over 107 frames is -53.7327
LOG (gmm-gselect:main():gmm-gselect.cc:115) For 1940'th file, average UBM likelihood over 122 frames is -57.8898
LOG (gmm-gselect:main():gmm-gselect.cc:115) For 1950'th file, average UBM likelihood over 401 frames is -50.908
LOG (gmm-gselect:main():gmm-gselect.cc:115) For 1960'th file, average UBM likelihood over 395 frames is -52.7588
LOG (gmm-gselect:main():gmm-gselect.cc:115) For 1970'th file, average UBM likelihood over 138 frames is -54.3444
LOG (gmm-gselect:main():gmm-gselect.cc:115) For 1980'th file, average UBM likelihood over 271 frames is -43.528
LOG (gmm-gselect:main():gmm-gselect.cc:115) For 1990'th file, average UBM likelihood over 120 frames is -42.5177
LOG (gmm-gselect:main():gmm-gselect.cc:115) For 2000'th file, average UBM likelihood over 256 frames is -47.3697
LOG (gmm-gselect:main():gmm-gselect.cc:115) For 2010'th file, average UBM likelihood over 172 frames is -44.3826
LOG (gmm-gselect:main():gmm-gselect.cc:115) For 2020'th file, average UBM likelihood over 260 frames is -46.1406
LOG (gmm-gselect:main():gmm-gselect.cc:115) For 2030'th file, average UBM likelihood over 141 frames is -49.9752
LOG (gmm-gselect:main():gmm-gselect.cc:115) For 2040'th file, average UBM likelihood over 204 frames is -50.033
LOG (gmm-gselect:main():gmm-gselect.cc:115) For 2050'th file, average UBM likelihood over 328 frames is -50.9849
LOG (gmm-gselect:main():gmm-gselect.cc:115) For 2060'th file, average UBM likelihood over 290 frames is -50.4899
LOG (gmm-gselect:main():gmm-gselect.cc:115) For 2070'th file, average UBM likelihood over 233 frames is -50.3234
LOG (gmm-gselect:main():gmm-gselect.cc:115) For 2080'th file, average UBM likelihood over 408 frames is -52.846
LOG (gmm-gselect:main():gmm-gselect.cc:115) For 2090'th file, average UBM likelihood over 129 frames is -54.3581
LOG (gmm-gselect:main():gmm-gselect.cc:115) For 2100'th file, average UBM likelihood over 395 frames is -44.9636
LOG (gmm-gselect:main():gmm-gselect.cc:115) For 2110'th file, average UBM likelihood over 454 frames is -45.6007
LOG (gmm-gselect:main():gmm-gselect.cc:115) For 2120'th file, average UBM likelihood over 420 frames is -49.2709
LOG (gmm-gselect:main():gmm-gselect.cc:115) For 2130'th file, average UBM likelihood over 302 frames is -49.1991
LOG (gmm-gselect:main():gmm-gselect.cc:115) For 2140'th file, average UBM likelihood over 158 frames is -50.4254
LOG (gmm-gselect:main():gmm-gselect.cc:115) For 2150'th file, average UBM likelihood over 464 frames is -49.6304
LOG (gmm-gselect:main():gmm-gselect.cc:115) For 2160'th file, average UBM likelihood over 300 frames is -54.7379
LOG (gmm-gselect:main():gmm-gselect.cc:115) For 2170'th file, average UBM likelihood over 223 frames is -52.9057
LOG (gmm-gselect:main():gmm-gselect.cc:115) For 2180'th file, average UBM likelihood over 351 frames is -55.8279
LOG (gmm-gselect:main():gmm-gselect.cc:115) For 2190'th file, average UBM likelihood over 112 frames is -49.1619
LOG (gmm-gselect:main():gmm-gselect.cc:115) For 2200'th file, average UBM likelihood over 312 frames is -50.1699
LOG (gmm-gselect:main():gmm-gselect.cc:115) For 2210'th file, average UBM likelihood over 185 frames is -52.2723
LOG (gmm-gselect:main():gmm-gselect.cc:115) For 2220'th file, average UBM likelihood over 131 frames is -53.2996
LOG (gmm-gselect:main():gmm-gselect.cc:115) For 2230'th file, average UBM likelihood over 119 frames is -50.0374
LOG (gmm-gselect:main():gmm-gselect.cc:115) For 2240'th file, average UBM likelihood over 474 frames is -52.4898
LOG (gmm-gselect:main():gmm-gselect.cc:115) For 2250'th file, average UBM likelihood over 221 frames is -51.6647
LOG (gmm-gselect:main():gmm-gselect.cc:115) For 2260'th file, average UBM likelihood over 147 frames is -53.7463
LOG (gmm-gselect:main():gmm-gselect.cc:115) For 2270'th file, average UBM likelihood over 402 frames is -50.9748
LOG (gmm-gselect:main():gmm-gselect.cc:115) For 2280'th file, average UBM likelihood over 281 frames is -48.8998
LOG (gmm-gselect:main():gmm-gselect.cc:115) For 2290'th file, average UBM likelihood over 167 frames is -53.3116
LOG (gmm-gselect:main():gmm-gselect.cc:115) For 2300'th file, average UBM likelihood over 407 frames is -57.087
LOG (gmm-gselect:main():gmm-gselect.cc:115) For 2310'th file, average UBM likelihood over 222 frames is -53.8866
LOG (gmm-gselect:main():gmm-gselect.cc:115) For 2320'th file, average UBM likelihood over 409 frames is -55.5615
LOG (gmm-gselect:main():gmm-gselect.cc:115) For 2330'th file, average UBM likelihood over 298 frames is -51.4017
LOG (gmm-gselect:main():gmm-gselect.cc:115) For 2340'th file, average UBM likelihood over 131 frames is -52.5239
LOG (gmm-gselect:main():gmm-gselect.cc:115) For 2350'th file, average UBM likelihood over 100 frames is -53.6151
LOG (gmm-gselect:main():gmm-gselect.cc:115) For 2360'th file, average UBM likelihood over 429 frames is -57.2544
LOG (gmm-gselect:main():gmm-gselect.cc:115) For 2370'th file, average UBM likelihood over 448 frames is -50.9598
LOG (gmm-gselect:main():gmm-gselect.cc:115) For 2380'th file, average UBM likelihood over 290 frames is -46.7717
LOG (gmm-gselect:main():gmm-gselect.cc:115) For 2390'th file, average UBM likelihood over 250 frames is -56.9102
LOG (gmm-gselect:main():gmm-gselect.cc:115) For 2400'th file, average UBM likelihood over 403 frames is -54.1385
LOG (gmm-gselect:main():gmm-gselect.cc:115) For 2410'th file, average UBM likelihood over 327 frames is -53.4004
LOG (gmm-gselect:main():gmm-gselect.cc:115) For 2420'th file, average UBM likelihood over 418 frames is -50.4628
LOG (gmm-gselect:main():gmm-gselect.cc:115) For 2430'th file, average UBM likelihood over 230 frames is -44.5148
LOG (gmm-gselect:main():gmm-gselect.cc:115) For 2440'th file, average UBM likelihood over 495 frames is -51.3443
LOG (gmm-gselect:main():gmm-gselect.cc:115) For 2450'th file, average UBM likelihood over 446 frames is -49.7968
LOG (gmm-gselect:main():gmm-gselect.cc:115) For 2460'th file, average UBM likelihood over 454 frames is -52.2611
LOG (gmm-gselect:main():gmm-gselect.cc:115) For 2470'th file, average UBM likelihood over 471 frames is -52.6607
LOG (gmm-gselect:main():gmm-gselect.cc:115) For 2480'th file, average UBM likelihood over 126 frames is -47.5235
LOG (gmm-gselect:main():gmm-gselect.cc:115) For 2490'th file, average UBM likelihood over 465 frames is -47.4824
LOG (gmm-gselect:main():gmm-gselect.cc:115) For 2500'th file, average UBM likelihood over 295 frames is -46.3693
LOG (gmm-gselect:main():gmm-gselect.cc:115) For 2510'th file, average UBM likelihood over 135 frames is -50.8466
LOG (gmm-gselect:main():gmm-gselect.cc:115) For 2520'th file, average UBM likelihood over 135 frames is -53.9092
LOG (gmm-gselect:main():gmm-gselect.cc:115) For 2530'th file, average UBM likelihood over 232 frames is -51.4571
LOG (gmm-gselect:main():gmm-gselect.cc:115) For 2540'th file, average UBM likelihood over 205 frames is -49.2866
LOG (gmm-gselect:main():gmm-gselect.cc:115) For 2550'th file, average UBM likelihood over 377 frames is -47.1409
LOG (gmm-gselect:main():gmm-gselect.cc:115) For 2560'th file, average UBM likelihood over 133 frames is -51.1477
LOG (gmm-gselect:main():gmm-gselect.cc:115) For 2570'th file, average UBM likelihood over 124 frames is -51.6034
LOG (gmm-gselect:main():gmm-gselect.cc:115) For 2580'th file, average UBM likelihood over 110 frames is -49.2822
LOG (gmm-gselect:main():gmm-gselect.cc:115) For 2590'th file, average UBM likelihood over 322 frames is -50.9158
LOG (gmm-gselect:main():gmm-gselect.cc:115) For 2600'th file, average UBM likelihood over 132 frames is -53.0237
LOG (gmm-gselect:main():gmm-gselect.cc:115) For 2610'th file, average UBM likelihood over 293 frames is -48.02
LOG (gmm-gselect:main():gmm-gselect.cc:115) For 2620'th file, average UBM likelihood over 346 frames is -53.7193
LOG (gmm-gselect:main():gmm-gselect.cc:115) For 2630'th file, average UBM likelihood over 462 frames is -54.9339
LOG (gmm-gselect:main():gmm-gselect.cc:115) For 2640'th file, average UBM likelihood over 339 frames is -52.017
LOG (gmm-gselect:main():gmm-gselect.cc:115) For 2650'th file, average UBM likelihood over 263 frames is -53.823
LOG (gmm-gselect:main():gmm-gselect.cc:115) For 2660'th file, average UBM likelihood over 295 frames is -55.7661
LOG (gmm-gselect:main():gmm-gselect.cc:115) For 2670'th file, average UBM likelihood over 331 frames is -49.5647
LOG (gmm-gselect:main():gmm-gselect.cc:115) For 2680'th file, average UBM likelihood over 268 frames is -57.0104
LOG (gmm-gselect:main():gmm-gselect.cc:115) For 2690'th file, average UBM likelihood over 187 frames is -48.0671
LOG (gmm-gselect:main():gmm-gselect.cc:115) For 2700'th file, average UBM likelihood over 308 frames is -53.845
LOG (gmm-gselect:main():gmm-gselect.cc:115) For 2710'th file, average UBM likelihood over 427 frames is -52.9329
LOG (gmm-gselect:main():gmm-gselect.cc:115) For 2720'th file, average UBM likelihood over 214 frames is -51.9045
LOG (gmm-gselect:main():gmm-gselect.cc:115) For 2730'th file, average UBM likelihood over 293 frames is -52.6814
LOG (gmm-gselect:main():gmm-gselect.cc:115) For 2740'th file, average UBM likelihood over 182 frames is -54.9952
LOG (gmm-gselect:main():gmm-gselect.cc:115) For 2750'th file, average UBM likelihood over 301 frames is -55.0224
LOG (gmm-gselect:main():gmm-gselect.cc:115) For 2760'th file, average UBM likelihood over 160 frames is -53.9553
LOG (gmm-gselect:main():gmm-gselect.cc:115) For 2770'th file, average UBM likelihood over 407 frames is -53.9584
LOG (gmm-gselect:main():gmm-gselect.cc:115) For 2780'th file, average UBM likelihood over 441 frames is -54.4275
LOG (gmm-gselect:main():gmm-gselect.cc:115) For 2790'th file, average UBM likelihood over 431 frames is -51.5911
LOG (gmm-gselect:main():gmm-gselect.cc:115) For 2800'th file, average UBM likelihood over 341 frames is -53.1137
LOG (gmm-gselect:main():gmm-gselect.cc:115) For 2810'th file, average UBM likelihood over 300 frames is -52.2428
LOG (gmm-gselect:main():gmm-gselect.cc:115) For 2820'th file, average UBM likelihood over 310 frames is -53.2237
LOG (gmm-gselect:main():gmm-gselect.cc:115) For 2830'th file, average UBM likelihood over 141 frames is -48.1996
LOG (gmm-gselect:main():gmm-gselect.cc:115) For 2840'th file, average UBM likelihood over 195 frames is -52.4406
LOG (gmm-gselect:main():gmm-gselect.cc:115) For 2850'th file, average UBM likelihood over 168 frames is -54.8017
LOG (gmm-gselect:main():gmm-gselect.cc:115) For 2860'th file, average UBM likelihood over 212 frames is -58.9317
LOG (gmm-gselect:main():gmm-gselect.cc:115) For 2870'th file, average UBM likelihood over 193 frames is -56.6476
LOG (gmm-gselect:main():gmm-gselect.cc:115) For 2880'th file, average UBM likelihood over 357 frames is -47.4884
LOG (gmm-gselect:main():gmm-gselect.cc:115) For 2890'th file, average UBM likelihood over 467 frames is -52.7305
LOG (gmm-gselect:main():gmm-gselect.cc:115) For 2900'th file, average UBM likelihood over 385 frames is -55.2632
LOG (gmm-gselect:main():gmm-gselect.cc:115) For 2910'th file, average UBM likelihood over 194 frames is -54.1747
LOG (gmm-gselect:main():gmm-gselect.cc:115) For 2920'th file, average UBM likelihood over 174 frames is -44.9677
LOG (gmm-gselect:main():gmm-gselect.cc:115) For 2930'th file, average UBM likelihood over 216 frames is -55.9634
LOG (gmm-gselect:main():gmm-gselect.cc:115) For 2940'th file, average UBM likelihood over 116 frames is -49.6343
LOG (gmm-gselect:main():gmm-gselect.cc:115) For 2950'th file, average UBM likelihood over 362 frames is -53.6315
LOG (gmm-gselect:main():gmm-gselect.cc:115) For 2960'th file, average UBM likelihood over 357 frames is -49.2647
LOG (gmm-gselect:main():gmm-gselect.cc:115) For 2970'th file, average UBM likelihood over 372 frames is -51.8147
LOG (gmm-gselect:main():gmm-gselect.cc:115) For 2980'th file, average UBM likelihood over 466 frames is -50.9819
LOG (gmm-gselect:main():gmm-gselect.cc:115) For 2990'th file, average UBM likelihood over 119 frames is -58.6165
LOG (gmm-gselect:main():gmm-gselect.cc:115) For 3000'th file, average UBM likelihood over 104 frames is -48.3289
LOG (gmm-gselect:main():gmm-gselect.cc:115) For 3010'th file, average UBM likelihood over 103 frames is -47.8535
LOG (gmm-gselect:main():gmm-gselect.cc:115) For 3020'th file, average UBM likelihood over 261 frames is -47.1994
LOG (gmm-gselect:main():gmm-gselect.cc:115) For 3030'th file, average UBM likelihood over 261 frames is -52.2102
LOG (gmm-gselect:main():gmm-gselect.cc:115) For 3040'th file, average UBM likelihood over 131 frames is -50.888
LOG (gmm-gselect:main():gmm-gselect.cc:115) For 3050'th file, average UBM likelihood over 357 frames is -50.3235
LOG (gmm-gselect:main():gmm-gselect.cc:115) For 3060'th file, average UBM likelihood over 163 frames is -54.9154
LOG (gmm-gselect:main():gmm-gselect.cc:115) For 3070'th file, average UBM likelihood over 344 frames is -53.8543
LOG (gmm-gselect:main():gmm-gselect.cc:115) For 3080'th file, average UBM likelihood over 231 frames is -52.5729
LOG (gmm-gselect:main():gmm-gselect.cc:115) For 3090'th file, average UBM likelihood over 136 frames is -48.8931
LOG (gmm-gselect:main():gmm-gselect.cc:115) For 3100'th file, average UBM likelihood over 136 frames is -56.192
LOG (gmm-gselect:main():gmm-gselect.cc:115) For 3110'th file, average UBM likelihood over 99 frames is -56.407
LOG (gmm-gselect:main():gmm-gselect.cc:115) For 3120'th file, average UBM likelihood over 323 frames is -55.3111
LOG (gmm-gselect:main():gmm-gselect.cc:115) For 3130'th file, average UBM likelihood over 108 frames is -52.8735
LOG (gmm-gselect:main():gmm-gselect.cc:115) For 3140'th file, average UBM likelihood over 171 frames is -53.8028
LOG (gmm-gselect:main():gmm-gselect.cc:115) For 3150'th file, average UBM likelihood over 157 frames is -55.2569
LOG (gmm-gselect:main():gmm-gselect.cc:115) For 3160'th file, average UBM likelihood over 246 frames is -46.5774
LOG (gmm-gselect:main():gmm-gselect.cc:115) For 3170'th file, average UBM likelihood over 383 frames is -51.6214
LOG (gmm-gselect:main():gmm-gselect.cc:115) For 3180'th file, average UBM likelihood over 361 frames is -57.0988
LOG (gmm-gselect:main():gmm-gselect.cc:115) For 3190'th file, average UBM likelihood over 188 frames is -60.241
LOG (gmm-gselect:main():gmm-gselect.cc:115) For 3200'th file, average UBM likelihood over 431 frames is -58.0303
LOG (gmm-gselect:main():gmm-gselect.cc:115) For 3210'th file, average UBM likelihood over 463 frames is -59.6558
LOG (gmm-gselect:main():gmm-gselect.cc:115) For 3220'th file, average UBM likelihood over 371 frames is -48.8387
LOG (gmm-gselect:main():gmm-gselect.cc:115) For 3230'th file, average UBM likelihood over 498 frames is -59.3731
LOG (gmm-gselect:main():gmm-gselect.cc:115) For 3240'th file, average UBM likelihood over 447 frames is -56.3869
LOG (gmm-gselect:main():gmm-gselect.cc:115) For 3250'th file, average UBM likelihood over 290 frames is -52.7117
LOG (gmm-gselect:main():gmm-gselect.cc:115) For 3260'th file, average UBM likelihood over 378 frames is -54.6071
LOG (gmm-gselect:main():gmm-gselect.cc:115) For 3270'th file, average UBM likelihood over 120 frames is -47.5098
LOG (gmm-gselect:main():gmm-gselect.cc:115) For 3280'th file, average UBM likelihood over 230 frames is -50.6869
LOG (gmm-gselect:main():gmm-gselect.cc:115) For 3290'th file, average UBM likelihood over 301 frames is -54.6956
LOG (gmm-gselect:main():gmm-gselect.cc:115) For 3300'th file, average UBM likelihood over 439 frames is -56.3433
LOG (gmm-gselect:main():gmm-gselect.cc:115) For 3310'th file, average UBM likelihood over 198 frames is -59.3536
LOG (gmm-gselect:main():gmm-gselect.cc:115) For 3320'th file, average UBM likelihood over 151 frames is -54.8636
LOG (gmm-gselect:main():gmm-gselect.cc:115) For 3330'th file, average UBM likelihood over 120 frames is -56.5732
LOG (gmm-gselect:main():gmm-gselect.cc:115) For 3340'th file, average UBM likelihood over 495 frames is -50.2313
LOG (gmm-gselect:main():gmm-gselect.cc:115) For 3350'th file, average UBM likelihood over 132 frames is -56.839
LOG (gmm-gselect:main():gmm-gselect.cc:115) For 3360'th file, average UBM likelihood over 273 frames is -52.0895
LOG (gmm-gselect:main():gmm-gselect.cc:115) For 3370'th file, average UBM likelihood over 163 frames is -53.4538
LOG (gmm-gselect:main():gmm-gselect.cc:115) For 3380'th file, average UBM likelihood over 105 frames is -50.8618
LOG (gmm-gselect:main():gmm-gselect.cc:115) For 3390'th file, average UBM likelihood over 109 frames is -49.3043
LOG (gmm-gselect:main():gmm-gselect.cc:115) For 3400'th file, average UBM likelihood over 190 frames is -52.0821
LOG (gmm-gselect:main():gmm-gselect.cc:115) For 3410'th file, average UBM likelihood over 397 frames is -57.6421
LOG (gmm-gselect:main():gmm-gselect.cc:115) For 3420'th file, average UBM likelihood over 304 frames is -51.664
LOG (gmm-gselect:main():gmm-gselect.cc:115) For 3430'th file, average UBM likelihood over 160 frames is -49.2555
LOG (gmm-gselect:main():gmm-gselect.cc:115) For 3440'th file, average UBM likelihood over 198 frames is -49.0356
LOG (gmm-gselect:main():gmm-gselect.cc:115) For 3450'th file, average UBM likelihood over 463 frames is -43.2589
LOG (gmm-gselect:main():gmm-gselect.cc:115) For 3460'th file, average UBM likelihood over 110 frames is -43.7756
LOG (gmm-gselect:main():gmm-gselect.cc:115) For 3470'th file, average UBM likelihood over 382 frames is -51.1902
LOG (gmm-gselect:main():gmm-gselect.cc:115) For 3480'th file, average UBM likelihood over 394 frames is -45.2899
LOG (gmm-gselect:main():gmm-gselect.cc:115) For 3490'th file, average UBM likelihood over 210 frames is -44.0509
LOG (gmm-gselect:main():gmm-gselect.cc:115) For 3500'th file, average UBM likelihood over 125 frames is -48.6934
LOG (gmm-gselect:main():gmm-gselect.cc:115) For 3510'th file, average UBM likelihood over 140 frames is -48.566
LOG (gmm-gselect:main():gmm-gselect.cc:115) For 3520'th file, average UBM likelihood over 161 frames is -50.9118
LOG (gmm-gselect:main():gmm-gselect.cc:115) For 3530'th file, average UBM likelihood over 382 frames is -55.1323
LOG (gmm-gselect:main():gmm-gselect.cc:115) For 3540'th file, average UBM likelihood over 154 frames is -56.5761
LOG (gmm-gselect:main():gmm-gselect.cc:115) For 3550'th file, average UBM likelihood over 257 frames is -47.9493
LOG (gmm-gselect:main():gmm-gselect.cc:115) For 3560'th file, average UBM likelihood over 282 frames is -50.3011
LOG (gmm-gselect:main():gmm-gselect.cc:115) For 3570'th file, average UBM likelihood over 441 frames is -43.1311
LOG (gmm-gselect:main():gmm-gselect.cc:115) For 3580'th file, average UBM likelihood over 184 frames is -49.7322
LOG (gmm-gselect:main():gmm-gselect.cc:115) For 3590'th file, average UBM likelihood over 198 frames is -47.1625
LOG (gmm-gselect:main():gmm-gselect.cc:115) For 3600'th file, average UBM likelihood over 146 frames is -47.9013
LOG (gmm-gselect:main():gmm-gselect.cc:115) For 3610'th file, average UBM likelihood over 158 frames is -55.9697
LOG (gmm-gselect:main():gmm-gselect.cc:115) For 3620'th file, average UBM likelihood over 337 frames is -55.3852
LOG (gmm-gselect:main():gmm-gselect.cc:115) For 3630'th file, average UBM likelihood over 173 frames is -55.8742
LOG (gmm-gselect:main():gmm-gselect.cc:115) For 3640'th file, average UBM likelihood over 310 frames is -52.6518
LOG (gmm-gselect:main():gmm-gselect.cc:115) For 3650'th file, average UBM likelihood over 434 frames is -52.7879
LOG (gmm-gselect:main():gmm-gselect.cc:115) For 3660'th file, average UBM likelihood over 183 frames is -53.1227
LOG (gmm-gselect:main():gmm-gselect.cc:115) For 3670'th file, average UBM likelihood over 250 frames is -54.2325
LOG (gmm-gselect:main():gmm-gselect.cc:115) For 3680'th file, average UBM likelihood over 391 frames is -51.2906
LOG (gmm-gselect:main():gmm-gselect.cc:115) For 3690'th file, average UBM likelihood over 99 frames is -52.3771
LOG (gmm-gselect:main():gmm-gselect.cc:115) For 3700'th file, average UBM likelihood over 444 frames is -51.0045
LOG (gmm-gselect:main():gmm-gselect.cc:115) For 3710'th file, average UBM likelihood over 463 frames is -53.9159
LOG (gmm-gselect:main():gmm-gselect.cc:115) For 3720'th file, average UBM likelihood over 414 frames is -45.0468
LOG (gmm-gselect:main():gmm-gselect.cc:115) For 3730'th file, average UBM likelihood over 361 frames is -46.9712
LOG (gmm-gselect:main():gmm-gselect.cc:115) For 3740'th file, average UBM likelihood over 191 frames is -47.3978
LOG (gmm-gselect:main():gmm-gselect.cc:115) For 3750'th file, average UBM likelihood over 304 frames is -45.0532
LOG (gmm-gselect:main():gmm-gselect.cc:115) For 3760'th file, average UBM likelihood over 187 frames is -45.2204
LOG (gmm-gselect:main():gmm-gselect.cc:115) For 3770'th file, average UBM likelihood over 357 frames is -41.099
LOG (gmm-gselect:main():gmm-gselect.cc:115) For 3780'th file, average UBM likelihood over 361 frames is -45.3972
LOG (gmm-gselect:main():gmm-gselect.cc:115) For 3790'th file, average UBM likelihood over 284 frames is -53.4253
LOG (gmm-gselect:main():gmm-gselect.cc:115) For 3800'th file, average UBM likelihood over 244 frames is -49.4825
LOG (gmm-gselect:main():gmm-gselect.cc:115) For 3810'th file, average UBM likelihood over 159 frames is -47.6086
LOG (gmm-gselect:main():gmm-gselect.cc:115) For 3820'th file, average UBM likelihood over 131 frames is -44.6218
LOG (gmm-gselect:main():gmm-gselect.cc:115) For 3830'th file, average UBM likelihood over 434 frames is -52.2431
LOG (gmm-gselect:main():gmm-gselect.cc:115) For 3840'th file, average UBM likelihood over 420 frames is -54.6232
LOG (gmm-gselect:main():gmm-gselect.cc:115) For 3850'th file, average UBM likelihood over 223 frames is -49.9853
LOG (gmm-gselect:main():gmm-gselect.cc:115) For 3860'th file, average UBM likelihood over 170 frames is -46.2772
LOG (gmm-gselect:main():gmm-gselect.cc:115) For 3870'th file, average UBM likelihood over 362 frames is -50.5745
LOG (gmm-gselect:main():gmm-gselect.cc:115) For 3880'th file, average UBM likelihood over 110 frames is -46.6106
LOG (gmm-gselect:main():gmm-gselect.cc:115) For 3890'th file, average UBM likelihood over 285 frames is -50.3789
LOG (gmm-gselect:main():gmm-gselect.cc:115) For 3900'th file, average UBM likelihood over 232 frames is -54.9931
LOG (gmm-gselect:main():gmm-gselect.cc:115) For 3910'th file, average UBM likelihood over 492 frames is -49.7393
LOG (gmm-gselect:main():gmm-gselect.cc:115) For 3920'th file, average UBM likelihood over 100 frames is -48.7637
LOG (gmm-gselect:main():gmm-gselect.cc:115) For 3930'th file, average UBM likelihood over 126 frames is -48.3249
LOG (gmm-gselect:main():gmm-gselect.cc:115) For 3940'th file, average UBM likelihood over 262 frames is -53.506
LOG (gmm-gselect:main():gmm-gselect.cc:115) For 3950'th file, average UBM likelihood over 227 frames is -50.0928
LOG (gmm-gselect:main():gmm-gselect.cc:115) For 3960'th file, average UBM likelihood over 260 frames is -46.0393
LOG (gmm-gselect:main():gmm-gselect.cc:115) For 3970'th file, average UBM likelihood over 327 frames is -54.3691
LOG (gmm-gselect:main():gmm-gselect.cc:115) For 3980'th file, average UBM likelihood over 269 frames is -54.2075
LOG (gmm-gselect:main():gmm-gselect.cc:115) For 3990'th file, average UBM likelihood over 338 frames is -52.8909
LOG (gmm-gselect:main():gmm-gselect.cc:115) For 4000'th file, average UBM likelihood over 488 frames is -52.4404
LOG (gmm-gselect:main():gmm-gselect.cc:115) For 4010'th file, average UBM likelihood over 104 frames is -46.9814
LOG (gmm-gselect:main():gmm-gselect.cc:115) For 4020'th file, average UBM likelihood over 117 frames is -44.563
LOG (gmm-gselect:main():gmm-gselect.cc:115) For 4030'th file, average UBM likelihood over 239 frames is -44.3398
LOG (gmm-gselect:main():gmm-gselect.cc:115) For 4040'th file, average UBM likelihood over 425 frames is -44.2167
LOG (gmm-gselect:main():gmm-gselect.cc:115) For 4050'th file, average UBM likelihood over 318 frames is -44.5798
LOG (gmm-gselect:main():gmm-gselect.cc:115) For 4060'th file, average UBM likelihood over 130 frames is -45.6655
LOG (gmm-gselect:main():gmm-gselect.cc:115) For 4070'th file, average UBM likelihood over 112 frames is -49.5348
LOG (gmm-gselect:main():gmm-gselect.cc:115) For 4080'th file, average UBM likelihood over 228 frames is -51.9521
LOG (gmm-gselect:main():gmm-gselect.cc:115) For 4090'th file, average UBM likelihood over 412 frames is -51.3966
LOG (gmm-gselect:main():gmm-gselect.cc:115) For 4100'th file, average UBM likelihood over 201 frames is -48.6797
LOG (gmm-gselect:main():gmm-gselect.cc:115) For 4110'th file, average UBM likelihood over 162 frames is -53.8403
LOG (gmm-gselect:main():gmm-gselect.cc:115) For 4120'th file, average UBM likelihood over 468 frames is -52.6391
LOG (gmm-gselect:main():gmm-gselect.cc:115) For 4130'th file, average UBM likelihood over 339 frames is -49.0345
LOG (gmm-gselect:main():gmm-gselect.cc:115) For 4140'th file, average UBM likelihood over 330 frames is -49.9272
LOG (gmm-gselect:main():gmm-gselect.cc:115) For 4150'th file, average UBM likelihood over 281 frames is -51.7627
LOG (gmm-gselect:main():gmm-gselect.cc:115) For 4160'th file, average UBM likelihood over 135 frames is -50.4316
LOG (gmm-gselect:main():gmm-gselect.cc:115) For 4170'th file, average UBM likelihood over 359 frames is -61.0461
LOG (gmm-gselect:main():gmm-gselect.cc:115) For 4180'th file, average UBM likelihood over 189 frames is -59.3834
LOG (gmm-gselect:main():gmm-gselect.cc:115) For 4190'th file, average UBM likelihood over 258 frames is -54.5503
LOG (gmm-gselect:main():gmm-gselect.cc:115) For 4200'th file, average UBM likelihood over 203 frames is -55.7789
LOG (gmm-gselect:main():gmm-gselect.cc:115) For 4210'th file, average UBM likelihood over 354 frames is -53.6077
LOG (gmm-gselect:main():gmm-gselect.cc:115) For 4220'th file, average UBM likelihood over 400 frames is -50.6842
LOG (gmm-gselect:main():gmm-gselect.cc:115) For 4230'th file, average UBM likelihood over 127 frames is -49.2012
LOG (gmm-gselect:main():gmm-gselect.cc:115) For 4240'th file, average UBM likelihood over 110 frames is -49.0785
LOG (gmm-gselect:main():gmm-gselect.cc:115) For 4250'th file, average UBM likelihood over 293 frames is -53.662
LOG (gmm-gselect:main():gmm-gselect.cc:115) For 4260'th file, average UBM likelihood over 248 frames is -53.42
LOG (gmm-gselect:main():gmm-gselect.cc:115) For 4270'th file, average UBM likelihood over 106 frames is -47.4416
LOG (gmm-gselect:main():gmm-gselect.cc:115) For 4280'th file, average UBM likelihood over 340 frames is -57.3687
LOG (gmm-gselect:main():gmm-gselect.cc:115) For 4290'th file, average UBM likelihood over 386 frames is -55.8615
LOG (gmm-gselect:main():gmm-gselect.cc:115) For 4300'th file, average UBM likelihood over 397 frames is -48.8894
LOG (gmm-gselect:main():gmm-gselect.cc:115) For 4310'th file, average UBM likelihood over 280 frames is -47.8256
LOG (gmm-gselect:main():gmm-gselect.cc:115) For 4320'th file, average UBM likelihood over 475 frames is -51.6506
LOG (gmm-gselect:main():gmm-gselect.cc:115) For 4330'th file, average UBM likelihood over 228 frames is -48.9903
LOG (gmm-gselect:main():gmm-gselect.cc:115) For 4340'th file, average UBM likelihood over 184 frames is -52.9239
LOG (gmm-gselect:main():gmm-gselect.cc:115) For 4350'th file, average UBM likelihood over 121 frames is -48.6288
LOG (gmm-gselect:main():gmm-gselect.cc:115) For 4360'th file, average UBM likelihood over 327 frames is -50.1681
LOG (gmm-gselect:main():gmm-gselect.cc:115) For 4370'th file, average UBM likelihood over 414 frames is -49.1635
LOG (gmm-gselect:main():gmm-gselect.cc:115) For 4380'th file, average UBM likelihood over 313 frames is -51.1712
LOG (gmm-gselect:main():gmm-gselect.cc:115) For 4390'th file, average UBM likelihood over 280 frames is -49.8461
LOG (gmm-gselect:main():gmm-gselect.cc:115) For 4400'th file, average UBM likelihood over 445 frames is -49.0974
LOG (gmm-gselect:main():gmm-gselect.cc:115) For 4410'th file, average UBM likelihood over 109 frames is -51.1641
LOG (gmm-gselect:main():gmm-gselect.cc:115) For 4420'th file, average UBM likelihood over 398 frames is -50.8287
LOG (gmm-gselect:main():gmm-gselect.cc:115) For 4430'th file, average UBM likelihood over 172 frames is -51.2358
LOG (gmm-gselect:main():gmm-gselect.cc:115) For 4440'th file, average UBM likelihood over 383 frames is -47.3466
LOG (gmm-gselect:main():gmm-gselect.cc:115) For 4450'th file, average UBM likelihood over 131 frames is -49.7448
LOG (gmm-gselect:main():gmm-gselect.cc:115) For 4460'th file, average UBM likelihood over 356 frames is -51.9756
LOG (gmm-gselect:main():gmm-gselect.cc:115) For 4470'th file, average UBM likelihood over 306 frames is -59.6902
LOG (gmm-gselect:main():gmm-gselect.cc:115) For 4480'th file, average UBM likelihood over 181 frames is -45.7369
LOG (gmm-gselect:main():gmm-gselect.cc:115) For 4490'th file, average UBM likelihood over 380 frames is -47.7449
LOG (gmm-gselect:main():gmm-gselect.cc:115) For 4500'th file, average UBM likelihood over 303 frames is -48.9343
LOG (gmm-gselect:main():gmm-gselect.cc:115) For 4510'th file, average UBM likelihood over 201 frames is -48.5512
LOG (gmm-gselect:main():gmm-gselect.cc:115) For 4520'th file, average UBM likelihood over 137 frames is -51.8387
LOG (gmm-gselect:main():gmm-gselect.cc:115) For 4530'th file, average UBM likelihood over 408 frames is -48.8598
LOG (gmm-gselect:main():gmm-gselect.cc:115) For 4540'th file, average UBM likelihood over 281 frames is -47.2165
LOG (gmm-gselect:main():gmm-gselect.cc:115) For 4550'th file, average UBM likelihood over 121 frames is -49.7313
LOG (gmm-gselect:main():gmm-gselect.cc:115) For 4560'th file, average UBM likelihood over 259 frames is -52.7743
LOG (gmm-gselect:main():gmm-gselect.cc:115) For 4570'th file, average UBM likelihood over 210 frames is -47.4988
LOG (gmm-gselect:main():gmm-gselect.cc:115) For 4580'th file, average UBM likelihood over 379 frames is -46.0672
LOG (gmm-gselect:main():gmm-gselect.cc:115) For 4590'th file, average UBM likelihood over 158 frames is -49.1136
LOG (gmm-gselect:main():gmm-gselect.cc:115) For 4600'th file, average UBM likelihood over 123 frames is -45.7392
LOG (gmm-gselect:main():gmm-gselect.cc:115) For 4610'th file, average UBM likelihood over 482 frames is -50.5795
LOG (gmm-gselect:main():gmm-gselect.cc:115) For 4620'th file, average UBM likelihood over 164 frames is -47.8809
LOG (gmm-gselect:main():gmm-gselect.cc:115) For 4630'th file, average UBM likelihood over 227 frames is -51.7689
LOG (gmm-gselect:main():gmm-gselect.cc:115) For 4640'th file, average UBM likelihood over 345 frames is -55.244
LOG (gmm-gselect:main():gmm-gselect.cc:115) For 4650'th file, average UBM likelihood over 208 frames is -54.5692
LOG (gmm-gselect:main():gmm-gselect.cc:115) For 4660'th file, average UBM likelihood over 134 frames is -48.572
LOG (gmm-gselect:main():gmm-gselect.cc:115) For 4670'th file, average UBM likelihood over 285 frames is -47.9658
LOG (gmm-gselect:main():gmm-gselect.cc:115) For 4680'th file, average UBM likelihood over 134 frames is -56.25
LOG (gmm-gselect:main():gmm-gselect.cc:115) For 4690'th file, average UBM likelihood over 112 frames is -52.1292
LOG (gmm-gselect:main():gmm-gselect.cc:115) For 4700'th file, average UBM likelihood over 156 frames is -54.5372
LOG (gmm-gselect:main():gmm-gselect.cc:115) For 4710'th file, average UBM likelihood over 315 frames is -58.0611
LOG (gmm-gselect:main():gmm-gselect.cc:115) For 4720'th file, average UBM likelihood over 126 frames is -59.1254
LOG (gmm-gselect:main():gmm-gselect.cc:115) For 4730'th file, average UBM likelihood over 247 frames is -50.7926
LOG (gmm-gselect:main():gmm-gselect.cc:115) For 4740'th file, average UBM likelihood over 234 frames is -51.3896
LOG (gmm-gselect:main():gmm-gselect.cc:115) For 4750'th file, average UBM likelihood over 429 frames is -53.9357
LOG (gmm-gselect:main():gmm-gselect.cc:115) For 4760'th file, average UBM likelihood over 178 frames is -49.4391
LOG (gmm-gselect:main():gmm-gselect.cc:115) For 4770'th file, average UBM likelihood over 173 frames is -50.3885
LOG (gmm-gselect:main():gmm-gselect.cc:115) For 4780'th file, average UBM likelihood over 230 frames is -53.5475
LOG (gmm-gselect:main():gmm-gselect.cc:115) For 4790'th file, average UBM likelihood over 110 frames is -48.8001
LOG (gmm-gselect:main():gmm-gselect.cc:115) For 4800'th file, average UBM likelihood over 284 frames is -50.5813
LOG (gmm-gselect:main():gmm-gselect.cc:115) For 4810'th file, average UBM likelihood over 334 frames is -45.2944
LOG (gmm-gselect:main():gmm-gselect.cc:115) For 4820'th file, average UBM likelihood over 125 frames is -53.7221
LOG (gmm-gselect:main():gmm-gselect.cc:115) For 4830'th file, average UBM likelihood over 136 frames is -49.7815
LOG (gmm-gselect:main():gmm-gselect.cc:115) For 4840'th file, average UBM likelihood over 129 frames is -45.3763
LOG (gmm-gselect:main():gmm-gselect.cc:115) For 4850'th file, average UBM likelihood over 117 frames is -46.7628
LOG (gmm-gselect:main():gmm-gselect.cc:115) For 4860'th file, average UBM likelihood over 273 frames is -46.5587
LOG (gmm-gselect:main():gmm-gselect.cc:115) For 4870'th file, average UBM likelihood over 171 frames is -49.1781
LOG (gmm-gselect:main():gmm-gselect.cc:115) For 4880'th file, average UBM likelihood over 389 frames is -43.7579
LOG (gmm-gselect:main():gmm-gselect.cc:115) For 4890'th file, average UBM likelihood over 102 frames is -46.5291
LOG (gmm-gselect:main():gmm-gselect.cc:115) For 4900'th file, average UBM likelihood over 470 frames is -53.997
LOG (gmm-gselect:main():gmm-gselect.cc:115) For 4910'th file, average UBM likelihood over 206 frames is -47.9049
LOG (gmm-gselect:main():gmm-gselect.cc:115) For 4920'th file, average UBM likelihood over 325 frames is -51.7585
LOG (gmm-gselect:main():gmm-gselect.cc:115) For 4930'th file, average UBM likelihood over 454 frames is -53.4958
LOG (gmm-gselect:main():gmm-gselect.cc:115) For 4940'th file, average UBM likelihood over 421 frames is -54.2092
LOG (gmm-gselect:main():gmm-gselect.cc:115) For 4950'th file, average UBM likelihood over 200 frames is -49.4611
LOG (gmm-gselect:main():gmm-gselect.cc:115) For 4960'th file, average UBM likelihood over 146 frames is -46.8241
LOG (gmm-gselect:main():gmm-gselect.cc:115) For 4970'th file, average UBM likelihood over 167 frames is -43.1355
LOG (gmm-gselect:main():gmm-gselect.cc:115) For 4980'th file, average UBM likelihood over 241 frames is -45.145
LOG (gmm-gselect:main():gmm-gselect.cc:115) For 4990'th file, average UBM likelihood over 364 frames is -47.7857
LOG (gmm-gselect:main():gmm-gselect.cc:115) For 5000'th file, average UBM likelihood over 133 frames is -44.3203
LOG (gmm-gselect:main():gmm-gselect.cc:115) For 5010'th file, average UBM likelihood over 298 frames is -46.4847
LOG (gmm-gselect:main():gmm-gselect.cc:115) For 5020'th file, average UBM likelihood over 161 frames is -48.2974
LOG (gmm-gselect:main():gmm-gselect.cc:115) For 5030'th file, average UBM likelihood over 110 frames is -49.5864
LOG (gmm-gselect:main():gmm-gselect.cc:115) For 5040'th file, average UBM likelihood over 138 frames is -49.2618
LOG (gmm-gselect:main():gmm-gselect.cc:115) For 5050'th file, average UBM likelihood over 402 frames is -44.6264
LOG (gmm-gselect:main():gmm-gselect.cc:115) For 5060'th file, average UBM likelihood over 333 frames is -53.2336
LOG (gmm-gselect:main():gmm-gselect.cc:115) For 5070'th file, average UBM likelihood over 285 frames is -52.5749
LOG (gmm-gselect:main():gmm-gselect.cc:115) For 5080'th file, average UBM likelihood over 222 frames is -46.4285
LOG (gmm-gselect:main():gmm-gselect.cc:115) For 5090'th file, average UBM likelihood over 393 frames is -49.4938
LOG (gmm-gselect:main():gmm-gselect.cc:115) For 5100'th file, average UBM likelihood over 476 frames is -54.6069
LOG (gmm-gselect:main():gmm-gselect.cc:115) For 5110'th file, average UBM likelihood over 254 frames is -52.9316
LOG (gmm-gselect:main():gmm-gselect.cc:115) For 5120'th file, average UBM likelihood over 209 frames is -49.3226
LOG (gmm-gselect:main():gmm-gselect.cc:115) For 5130'th file, average UBM likelihood over 448 frames is -50.9162
LOG (gmm-gselect:main():gmm-gselect.cc:115) For 5140'th file, average UBM likelihood over 103 frames is -50.6357
LOG (gmm-gselect:main():gmm-gselect.cc:115) For 5150'th file, average UBM likelihood over 362 frames is -49.1619
LOG (gmm-gselect:main():gmm-gselect.cc:115) For 5160'th file, average UBM likelihood over 321 frames is -49.3887
LOG (gmm-gselect:main():gmm-gselect.cc:115) For 5170'th file, average UBM likelihood over 174 frames is -56.8872
LOG (gmm-gselect:main():gmm-gselect.cc:115) For 5180'th file, average UBM likelihood over 387 frames is -47.052
LOG (gmm-gselect:main():gmm-gselect.cc:115) For 5190'th file, average UBM likelihood over 311 frames is -51.2243
LOG (gmm-gselect:main():gmm-gselect.cc:115) For 5200'th file, average UBM likelihood over 298 frames is -49.9715
LOG (gmm-gselect:main():gmm-gselect.cc:115) For 5210'th file, average UBM likelihood over 205 frames is -51.1073
LOG (gmm-gselect:main():gmm-gselect.cc:115) For 5220'th file, average UBM likelihood over 300 frames is -51.0925
LOG (gmm-gselect:main():gmm-gselect.cc:115) For 5230'th file, average UBM likelihood over 364 frames is -51.114
LOG (gmm-gselect:main():gmm-gselect.cc:115) For 5240'th file, average UBM likelihood over 147 frames is -53.8774
LOG (gmm-gselect:main():gmm-gselect.cc:115) For 5250'th file, average UBM likelihood over 104 frames is -51.4205
LOG (gmm-gselect:main():gmm-gselect.cc:115) For 5260'th file, average UBM likelihood over 138 frames is -48.3391
LOG (gmm-gselect:main():gmm-gselect.cc:115) For 5270'th file, average UBM likelihood over 247 frames is -51.9964
LOG (gmm-gselect:main():gmm-gselect.cc:115) For 5280'th file, average UBM likelihood over 245 frames is -55.3529
LOG (gmm-gselect:main():gmm-gselect.cc:115) For 5290'th file, average UBM likelihood over 126 frames is -51.0947
LOG (gmm-gselect:main():gmm-gselect.cc:115) For 5300'th file, average UBM likelihood over 180 frames is -50.6871
LOG (gmm-gselect:main():gmm-gselect.cc:115) For 5310'th file, average UBM likelihood over 220 frames is -50.8409
LOG (gmm-gselect:main():gmm-gselect.cc:115) For 5320'th file, average UBM likelihood over 441 frames is -54.3135
LOG (gmm-gselect:main():gmm-gselect.cc:115) For 5330'th file, average UBM likelihood over 321 frames is -53.5294
LOG (gmm-gselect:main():gmm-gselect.cc:115) For 5340'th file, average UBM likelihood over 204 frames is -50.308
LOG (gmm-gselect:main():gmm-gselect.cc:115) For 5350'th file, average UBM likelihood over 460 frames is -50.8251
LOG (gmm-gselect:main():gmm-gselect.cc:115) For 5360'th file, average UBM likelihood over 100 frames is -48.1435
LOG (gmm-gselect:main():gmm-gselect.cc:115) For 5370'th file, average UBM likelihood over 216 frames is -46.6033
LOG (gmm-gselect:main():gmm-gselect.cc:115) For 5380'th file, average UBM likelihood over 461 frames is -49.1245
LOG (gmm-gselect:main():gmm-gselect.cc:115) For 5390'th file, average UBM likelihood over 310 frames is -48.4673
LOG (gmm-gselect:main():gmm-gselect.cc:115) For 5400'th file, average UBM likelihood over 462 frames is -47.649
LOG (gmm-gselect:main():gmm-gselect.cc:115) For 5410'th file, average UBM likelihood over 365 frames is -48.2141
LOG (gmm-gselect:main():gmm-gselect.cc:115) For 5420'th file, average UBM likelihood over 232 frames is -40.7877
LOG (gmm-gselect:main():gmm-gselect.cc:115) For 5430'th file, average UBM likelihood over 136 frames is -56.3164
LOG (gmm-gselect:main():gmm-gselect.cc:115) For 5440'th file, average UBM likelihood over 240 frames is -53.6416
LOG (gmm-gselect:main():gmm-gselect.cc:115) For 5450'th file, average UBM likelihood over 420 frames is -47.4234
LOG (gmm-gselect:main():gmm-gselect.cc:115) For 5460'th file, average UBM likelihood over 161 frames is -42.1315
LOG (gmm-gselect:main():gmm-gselect.cc:115) For 5470'th file, average UBM likelihood over 382 frames is -47.8279
LOG (gmm-gselect:main():gmm-gselect.cc:115) For 5480'th file, average UBM likelihood over 105 frames is -50.9653
LOG (gmm-gselect:main():gmm-gselect.cc:115) For 5490'th file, average UBM likelihood over 246 frames is -43.602
LOG (gmm-gselect:main():gmm-gselect.cc:115) For 5500'th file, average UBM likelihood over 126 frames is -46.4892
LOG (gmm-gselect:main():gmm-gselect.cc:115) For 5510'th file, average UBM likelihood over 196 frames is -48.894
LOG (gmm-gselect:main():gmm-gselect.cc:115) For 5520'th file, average UBM likelihood over 381 frames is -46.8588
LOG (gmm-gselect:main():gmm-gselect.cc:115) For 5530'th file, average UBM likelihood over 274 frames is -53.1983
LOG (gmm-gselect:main():gmm-gselect.cc:115) For 5540'th file, average UBM likelihood over 117 frames is -43.0346
LOG (gmm-gselect:main():gmm-gselect.cc:115) For 5550'th file, average UBM likelihood over 215 frames is -50.0827
LOG (gmm-gselect:main():gmm-gselect.cc:115) For 5560'th file, average UBM likelihood over 279 frames is -46.0599
LOG (gmm-gselect:main():gmm-gselect.cc:115) For 5570'th file, average UBM likelihood over 241 frames is -56.1507
LOG (gmm-gselect:main():gmm-gselect.cc:115) For 5580'th file, average UBM likelihood over 290 frames is -55.388
LOG (gmm-gselect:main():gmm-gselect.cc:115) For 5590'th file, average UBM likelihood over 142 frames is -53.8663
LOG (gmm-gselect:main():gmm-gselect.cc:115) For 5600'th file, average UBM likelihood over 135 frames is -50.139
LOG (gmm-gselect:main():gmm-gselect.cc:115) For 5610'th file, average UBM likelihood over 109 frames is -49.5073
LOG (gmm-gselect:main():gmm-gselect.cc:115) For 5620'th file, average UBM likelihood over 415 frames is -51.0387
LOG (gmm-gselect:main():gmm-gselect.cc:115) For 5630'th file, average UBM likelihood over 368 frames is -50.2424
LOG (gmm-gselect:main():gmm-gselect.cc:115) For 5640'th file, average UBM likelihood over 360 frames is -57.6316
LOG (gmm-gselect:main():gmm-gselect.cc:115) For 5650'th file, average UBM likelihood over 256 frames is -47.3447
LOG (gmm-gselect:main():gmm-gselect.cc:115) For 5660'th file, average UBM likelihood over 332 frames is -46.2178
LOG (gmm-gselect:main():gmm-gselect.cc:115) For 5670'th file, average UBM likelihood over 184 frames is -53.7432
LOG (gmm-gselect:main():gmm-gselect.cc:115) For 5680'th file, average UBM likelihood over 420 frames is -45.5036
LOG (gmm-gselect:main():gmm-gselect.cc:115) For 5690'th file, average UBM likelihood over 274 frames is -52.7989
LOG (gmm-gselect:main():gmm-gselect.cc:115) For 5700'th file, average UBM likelihood over 297 frames is -45.473
LOG (gmm-gselect:main():gmm-gselect.cc:115) For 5710'th file, average UBM likelihood over 141 frames is -47.9358
LOG (gmm-gselect:main():gmm-gselect.cc:115) For 5720'th file, average UBM likelihood over 181 frames is -44.6756
LOG (gmm-gselect:main():gmm-gselect.cc:115) For 5730'th file, average UBM likelihood over 363 frames is -45.9562
LOG (gmm-gselect:main():gmm-gselect.cc:115) For 5740'th file, average UBM likelihood over 427 frames is -48.4193
LOG (gmm-gselect:main():gmm-gselect.cc:115) For 5750'th file, average UBM likelihood over 412 frames is -49.2838
LOG (gmm-gselect:main():gmm-gselect.cc:115) For 5760'th file, average UBM likelihood over 112 frames is -43.0659
LOG (gmm-gselect:main():gmm-gselect.cc:115) For 5770'th file, average UBM likelihood over 294 frames is -43.6478
LOG (gmm-gselect:main():gmm-gselect.cc:115) For 5780'th file, average UBM likelihood over 273 frames is -53.4066
LOG (gmm-gselect:main():gmm-gselect.cc:115) For 5790'th file, average UBM likelihood over 147 frames is -51.642
LOG (gmm-gselect:main():gmm-gselect.cc:115) For 5800'th file, average UBM likelihood over 100 frames is -51.3463
LOG (gmm-gselect:main():gmm-gselect.cc:115) For 5810'th file, average UBM likelihood over 420 frames is -49.2447
LOG (gmm-gselect:main():gmm-gselect.cc:115) For 5820'th file, average UBM likelihood over 307 frames is -42.6732
LOG (gmm-gselect:main():gmm-gselect.cc:115) For 5830'th file, average UBM likelihood over 117 frames is -49.789
LOG (gmm-gselect:main():gmm-gselect.cc:115) For 5840'th file, average UBM likelihood over 268 frames is -50.798
LOG (gmm-gselect:main():gmm-gselect.cc:115) For 5850'th file, average UBM likelihood over 282 frames is -51.3928
LOG (gmm-gselect:main():gmm-gselect.cc:115) For 5860'th file, average UBM likelihood over 101 frames is -50.5321
LOG (gmm-gselect:main():gmm-gselect.cc:115) For 5870'th file, average UBM likelihood over 481 frames is -51.9117
LOG (gmm-gselect:main():gmm-gselect.cc:115) For 5880'th file, average UBM likelihood over 144 frames is -46.6468
LOG (gmm-gselect:main():gmm-gselect.cc:115) For 5890'th file, average UBM likelihood over 359 frames is -50.6015
LOG (gmm-gselect:main():gmm-gselect.cc:115) For 5900'th file, average UBM likelihood over 219 frames is -52.3677
LOG (gmm-gselect:main():gmm-gselect.cc:115) For 5910'th file, average UBM likelihood over 421 frames is -45.8111
LOG (gmm-gselect:main():gmm-gselect.cc:115) For 5920'th file, average UBM likelihood over 226 frames is -46.4514
LOG (gmm-gselect:main():gmm-gselect.cc:115) For 5930'th file, average UBM likelihood over 360 frames is -48.5785
LOG (gmm-gselect:main():gmm-gselect.cc:115) For 5940'th file, average UBM likelihood over 424 frames is -51.043
LOG (gmm-gselect:main():gmm-gselect.cc:115) For 5950'th file, average UBM likelihood over 179 frames is -49.9453
LOG (gmm-gselect:main():gmm-gselect.cc:115) For 5960'th file, average UBM likelihood over 386 frames is -49.1055
LOG (gmm-gselect:main():gmm-gselect.cc:115) For 5970'th file, average UBM likelihood over 124 frames is -46.8025
LOG (gmm-gselect:main():gmm-gselect.cc:115) For 5980'th file, average UBM likelihood over 430 frames is -47.1354
LOG (gmm-gselect:main():gmm-gselect.cc:115) For 5990'th file, average UBM likelihood over 244 frames is -50.2652
LOG (gmm-gselect:main():gmm-gselect.cc:115) For 6000'th file, average UBM likelihood over 195 frames is -45.6538
LOG (gmm-gselect:main():gmm-gselect.cc:115) For 6010'th file, average UBM likelihood over 112 frames is -49.5055
LOG (gmm-gselect:main():gmm-gselect.cc:115) For 6020'th file, average UBM likelihood over 103 frames is -54.1543
LOG (gmm-gselect:main():gmm-gselect.cc:115) For 6030'th file, average UBM likelihood over 472 frames is -52.5718
LOG (gmm-gselect:main():gmm-gselect.cc:115) For 6040'th file, average UBM likelihood over 251 frames is -47.4842
LOG (gmm-gselect:main():gmm-gselect.cc:115) For 6050'th file, average UBM likelihood over 374 frames is -52.8023
LOG (gmm-gselect:main():gmm-gselect.cc:115) For 6060'th file, average UBM likelihood over 353 frames is -51.9441
LOG (gmm-gselect:main():gmm-gselect.cc:115) For 6070'th file, average UBM likelihood over 143 frames is -51.7717
LOG (gmm-gselect:main():gmm-gselect.cc:115) For 6080'th file, average UBM likelihood over 173 frames is -51.8379
LOG (gmm-gselect:main():gmm-gselect.cc:115) For 6090'th file, average UBM likelihood over 229 frames is -51.6735
LOG (gmm-gselect:main():gmm-gselect.cc:115) For 6100'th file, average UBM likelihood over 319 frames is -52.7162
LOG (gmm-gselect:main():gmm-gselect.cc:115) For 6110'th file, average UBM likelihood over 145 frames is -49.836
LOG (gmm-gselect:main():gmm-gselect.cc:115) For 6120'th file, average UBM likelihood over 188 frames is -49.5281
LOG (gmm-gselect:main():gmm-gselect.cc:115) For 6130'th file, average UBM likelihood over 210 frames is -49.9009
LOG (gmm-gselect:main():gmm-gselect.cc:115) For 6140'th file, average UBM likelihood over 258 frames is -51.763
LOG (gmm-gselect:main():gmm-gselect.cc:115) For 6150'th file, average UBM likelihood over 175 frames is -48.0681
LOG (gmm-gselect:main():gmm-gselect.cc:115) For 6160'th file, average UBM likelihood over 211 frames is -49.8
LOG (gmm-gselect:main():gmm-gselect.cc:115) For 6170'th file, average UBM likelihood over 125 frames is -52.6127
LOG (gmm-gselect:main():gmm-gselect.cc:115) For 6180'th file, average UBM likelihood over 521 frames is -50.6227
LOG (gmm-gselect:main():gmm-gselect.cc:115) For 6190'th file, average UBM likelihood over 497 frames is -59.8507
LOG (gmm-gselect:main():gmm-gselect.cc:115) For 6200'th file, average UBM likelihood over 292 frames is -59.8126
LOG (gmm-gselect:main():gmm-gselect.cc:115) For 6210'th file, average UBM likelihood over 136 frames is -56.3435
LOG (gmm-gselect:main():gmm-gselect.cc:115) For 6220'th file, average UBM likelihood over 190 frames is -61.8828
LOG (gmm-gselect:main():gmm-gselect.cc:115) For 6230'th file, average UBM likelihood over 180 frames is -68.878
LOG (gmm-gselect:main():gmm-gselect.cc:115) For 6240'th file, average UBM likelihood over 249 frames is -57.9077
LOG (gmm-gselect:main():gmm-gselect.cc:115) For 6250'th file, average UBM likelihood over 165 frames is -50.5388
LOG (gmm-gselect:main():gmm-gselect.cc:115) For 6260'th file, average UBM likelihood over 147 frames is -54.1202
LOG (gmm-gselect:main():gmm-gselect.cc:115) For 6270'th file, average UBM likelihood over 167 frames is -63.0422
LOG (gmm-gselect:main():gmm-gselect.cc:115) For 6280'th file, average UBM likelihood over 280 frames is -61.3739
LOG (gmm-gselect:main():gmm-gselect.cc:115) For 6290'th file, average UBM likelihood over 362 frames is -60.4367
LOG (gmm-gselect:main():gmm-gselect.cc:115) For 6300'th file, average UBM likelihood over 428 frames is -55.1057
LOG (gmm-gselect:main():gmm-gselect.cc:115) For 6310'th file, average UBM likelihood over 375 frames is -61.5357
LOG (gmm-gselect:main():gmm-gselect.cc:115) For 6320'th file, average UBM likelihood over 460 frames is -63.2469
LOG (gmm-gselect:main():gmm-gselect.cc:115) For 6330'th file, average UBM likelihood over 117 frames is -62.1148
LOG (gmm-gselect:main():gmm-gselect.cc:115) For 6340'th file, average UBM likelihood over 202 frames is -57.494
LOG (gmm-gselect:main():gmm-gselect.cc:115) For 6350'th file, average UBM likelihood over 219 frames is -57.3984
LOG (gmm-gselect:main():gmm-gselect.cc:115) For 6360'th file, average UBM likelihood over 222 frames is -59.5604
LOG (gmm-gselect:main():gmm-gselect.cc:115) For 6370'th file, average UBM likelihood over 260 frames is -56.9271
LOG (gmm-gselect:main():gmm-gselect.cc:115) For 6380'th file, average UBM likelihood over 380 frames is -56.4923
LOG (gmm-gselect:main():gmm-gselect.cc:115) For 6390'th file, average UBM likelihood over 329 frames is -59.146
LOG (gmm-gselect:main():gmm-gselect.cc:115) For 6400'th file, average UBM likelihood over 276 frames is -50.7543
LOG (gmm-gselect:main():gmm-gselect.cc:115) For 6410'th file, average UBM likelihood over 165 frames is -54.1299
LOG (gmm-gselect:main():gmm-gselect.cc:115) For 6420'th file, average UBM likelihood over 488 frames is -52.1625
LOG (gmm-gselect:main():gmm-gselect.cc:115) For 6430'th file, average UBM likelihood over 394 frames is -53.2154
LOG (gmm-gselect:main():gmm-gselect.cc:115) For 6440'th file, average UBM likelihood over 456 frames is -53.2663
LOG (gmm-gselect:main():gmm-gselect.cc:115) For 6450'th file, average UBM likelihood over 218 frames is -52.2224
LOG (gmm-gselect:main():gmm-gselect.cc:115) For 6460'th file, average UBM likelihood over 249 frames is -52.877
LOG (gmm-gselect:main():gmm-gselect.cc:115) For 6470'th file, average UBM likelihood over 391 frames is -54.1114
LOG (gmm-gselect:main():gmm-gselect.cc:115) For 6480'th file, average UBM likelihood over 309 frames is -55.7021
LOG (gmm-gselect:main():gmm-gselect.cc:115) For 6490'th file, average UBM likelihood over 261 frames is -54.3119
LOG (gmm-gselect:main():gmm-gselect.cc:115) For 6500'th file, average UBM likelihood over 148 frames is -56.0392
LOG (gmm-gselect:main():gmm-gselect.cc:115) For 6510'th file, average UBM likelihood over 193 frames is -56.0778
LOG (gmm-gselect:main():gmm-gselect.cc:115) For 6520'th file, average UBM likelihood over 232 frames is -55.3534
LOG (gmm-gselect:main():gmm-gselect.cc:115) For 6530'th file, average UBM likelihood over 236 frames is -57.6493
LOG (gmm-gselect:main():gmm-gselect.cc:115) For 6540'th file, average UBM likelihood over 202 frames is -57.0764
LOG (gmm-gselect:main():gmm-gselect.cc:115) For 6550'th file, average UBM likelihood over 471 frames is -51.2141
LOG (gmm-gselect:main():gmm-gselect.cc:115) For 6560'th file, average UBM likelihood over 320 frames is -57.2293
LOG (gmm-gselect:main():gmm-gselect.cc:115) For 6570'th file, average UBM likelihood over 125 frames is -52.7614
LOG (gmm-gselect:main():gmm-gselect.cc:115) For 6580'th file, average UBM likelihood over 282 frames is -45.7668
LOG (gmm-gselect:main():gmm-gselect.cc:115) For 6590'th file, average UBM likelihood over 397 frames is -48.9377
LOG (gmm-gselect:main():gmm-gselect.cc:115) For 6600'th file, average UBM likelihood over 341 frames is -51.8201
LOG (gmm-gselect:main():gmm-gselect.cc:115) For 6610'th file, average UBM likelihood over 130 frames is -49.1218
LOG (gmm-gselect:main():gmm-gselect.cc:115) For 6620'th file, average UBM likelihood over 160 frames is -60.2977
LOG (gmm-gselect:main():gmm-gselect.cc:115) For 6630'th file, average UBM likelihood over 101 frames is -60.0539
LOG (gmm-gselect:main():gmm-gselect.cc:115) For 6640'th file, average UBM likelihood over 273 frames is -57.7973
LOG (gmm-gselect:main():gmm-gselect.cc:115) For 6650'th file, average UBM likelihood over 197 frames is -51.569
LOG (gmm-gselect:main():gmm-gselect.cc:115) For 6660'th file, average UBM likelihood over 126 frames is -57.3038
LOG (gmm-gselect:main():gmm-gselect.cc:115) For 6670'th file, average UBM likelihood over 408 frames is -58.1789
LOG (gmm-gselect:main():gmm-gselect.cc:115) For 6680'th file, average UBM likelihood over 110 frames is -65.0958
LOG (gmm-gselect:main():gmm-gselect.cc:115) For 6690'th file, average UBM likelihood over 100 frames is -54.0478
LOG (gmm-gselect:main():gmm-gselect.cc:115) For 6700'th file, average UBM likelihood over 435 frames is -55.08
LOG (gmm-gselect:main():gmm-gselect.cc:115) For 6710'th file, average UBM likelihood over 456 frames is -56.2757
LOG (gmm-gselect:main():gmm-gselect.cc:115) For 6720'th file, average UBM likelihood over 281 frames is -56.0949
LOG (gmm-gselect:main():gmm-gselect.cc:115) For 6730'th file, average UBM likelihood over 244 frames is -58.1151
LOG (gmm-gselect:main():gmm-gselect.cc:115) For 6740'th file, average UBM likelihood over 194 frames is -49.2569
LOG (gmm-gselect:main():gmm-gselect.cc:115) For 6750'th file, average UBM likelihood over 262 frames is -63.3923
LOG (gmm-gselect:main():gmm-gselect.cc:115) For 6760'th file, average UBM likelihood over 153 frames is -61.3984
LOG (gmm-gselect:main():gmm-gselect.cc:115) For 6770'th file, average UBM likelihood over 204 frames is -57.3906
LOG (gmm-gselect:main():gmm-gselect.cc:115) For 6780'th file, average UBM likelihood over 475 frames is -55.5608
LOG (gmm-gselect:main():gmm-gselect.cc:115) For 6790'th file, average UBM likelihood over 229 frames is -58.9185
LOG (gmm-gselect:main():gmm-gselect.cc:115) For 6800'th file, average UBM likelihood over 245 frames is -63.4847
LOG (gmm-gselect:main():gmm-gselect.cc:115) For 6810'th file, average UBM likelihood over 112 frames is -51.1775
LOG (gmm-gselect:main():gmm-gselect.cc:115) For 6820'th file, average UBM likelihood over 447 frames is -57.721
LOG (gmm-gselect:main():gmm-gselect.cc:115) For 6830'th file, average UBM likelihood over 257 frames is -60.9434
LOG (gmm-gselect:main():gmm-gselect.cc:115) For 6840'th file, average UBM likelihood over 399 frames is -53.4126
LOG (gmm-gselect:main():gmm-gselect.cc:115) For 6850'th file, average UBM likelihood over 120 frames is -54.1802
LOG (gmm-gselect:main():gmm-gselect.cc:115) For 6860'th file, average UBM likelihood over 295 frames is -57.533
LOG (gmm-gselect:main():gmm-gselect.cc:115) For 6870'th file, average UBM likelihood over 199 frames is -58.5942
LOG (gmm-gselect:main():gmm-gselect.cc:115) For 6880'th file, average UBM likelihood over 169 frames is -53.2762
LOG (gmm-gselect:main():gmm-gselect.cc:115) For 6890'th file, average UBM likelihood over 332 frames is -53.6313
LOG (gmm-gselect:main():gmm-gselect.cc:115) For 6900'th file, average UBM likelihood over 111 frames is -54.0918
LOG (gmm-gselect:main():gmm-gselect.cc:115) For 6910'th file, average UBM likelihood over 114 frames is -59.8885
LOG (gmm-gselect:main():gmm-gselect.cc:115) For 6920'th file, average UBM likelihood over 271 frames is -51.3012
LOG (gmm-gselect:main():gmm-gselect.cc:115) For 6930'th file, average UBM likelihood over 149 frames is -53.2133
LOG (gmm-gselect:main():gmm-gselect.cc:115) For 6940'th file, average UBM likelihood over 107 frames is -47.3757
LOG (gmm-gselect:main():gmm-gselect.cc:115) For 6950'th file, average UBM likelihood over 256 frames is -54.2726
LOG (gmm-gselect:main():gmm-gselect.cc:115) For 6960'th file, average UBM likelihood over 169 frames is -57.4193
LOG (gmm-gselect:main():gmm-gselect.cc:115) For 6970'th file, average UBM likelihood over 304 frames is -57.6819
LOG (gmm-gselect:main():gmm-gselect.cc:115) For 6980'th file, average UBM likelihood over 194 frames is -54.5019
LOG (gmm-gselect:main():gmm-gselect.cc:115) For 6990'th file, average UBM likelihood over 195 frames is -51.1729
LOG (gmm-gselect:main():gmm-gselect.cc:115) For 7000'th file, average UBM likelihood over 170 frames is -48.2158
LOG (gmm-gselect:main():gmm-gselect.cc:115) For 7010'th file, average UBM likelihood over 332 frames is -56.1496
LOG (gmm-gselect:main():gmm-gselect.cc:115) For 7020'th file, average UBM likelihood over 181 frames is -57.9777
LOG (gmm-gselect:main():gmm-gselect.cc:115) For 7030'th file, average UBM likelihood over 168 frames is -50.2356
LOG (gmm-gselect:main():gmm-gselect.cc:115) For 7040'th file, average UBM likelihood over 155 frames is -54.6158
LOG (gmm-gselect:main():gmm-gselect.cc:115) For 7050'th file, average UBM likelihood over 285 frames is -54.3658
LOG (gmm-gselect:main():gmm-gselect.cc:115) For 7060'th file, average UBM likelihood over 155 frames is -55.5325
LOG (gmm-gselect:main():gmm-gselect.cc:115) For 7070'th file, average UBM likelihood over 412 frames is -58.1493
LOG (gmm-gselect:main():gmm-gselect.cc:115) For 7080'th file, average UBM likelihood over 103 frames is -59.5097
LOG (gmm-gselect:main():gmm-gselect.cc:115) For 7090'th file, average UBM likelihood over 159 frames is -60.7502
LOG (gmm-gselect:main():gmm-gselect.cc:115) For 7100'th file, average UBM likelihood over 272 frames is -53.7781
LOG (gmm-gselect:main():gmm-gselect.cc:115) For 7110'th file, average UBM likelihood over 335 frames is -57.2175
LOG (gmm-gselect:main():gmm-gselect.cc:115) For 7120'th file, average UBM likelihood over 309 frames is -61.0358
LOG (gmm-gselect:main():gmm-gselect.cc:115) For 7130'th file, average UBM likelihood over 435 frames is -57.5959
LOG (gmm-gselect:main():gmm-gselect.cc:115) For 7140'th file, average UBM likelihood over 122 frames is -65.4355
LOG (gmm-gselect:main():gmm-gselect.cc:115) For 7150'th file, average UBM likelihood over 290 frames is -65.4069
LOG (gmm-gselect:main():gmm-gselect.cc:115) For 7160'th file, average UBM likelihood over 166 frames is -50.4266
LOG (gmm-gselect:main():gmm-gselect.cc:115) For 7170'th file, average UBM likelihood over 151 frames is -52.7853
LOG (gmm-gselect:main():gmm-gselect.cc:115) For 7180'th file, average UBM likelihood over 156 frames is -54.9237
LOG (gmm-gselect:main():gmm-gselect.cc:115) For 7190'th file, average UBM likelihood over 117 frames is -63.2434
LOG (gmm-gselect:main():gmm-gselect.cc:115) For 7200'th file, average UBM likelihood over 124 frames is -62.1333
LOG (gmm-gselect:main():gmm-gselect.cc:115) For 7210'th file, average UBM likelihood over 115 frames is -50.1169
LOG (gmm-gselect:main():gmm-gselect.cc:115) For 7220'th file, average UBM likelihood over 105 frames is -51.2033
LOG (gmm-gselect:main():gmm-gselect.cc:115) For 7230'th file, average UBM likelihood over 498 frames is -51.0055
LOG (gmm-gselect:main():gmm-gselect.cc:115) For 7240'th file, average UBM likelihood over 338 frames is -55.0653
LOG (gmm-gselect:main():gmm-gselect.cc:115) For 7250'th file, average UBM likelihood over 312 frames is -61.9938
LOG (gmm-gselect:main():gmm-gselect.cc:115) For 7260'th file, average UBM likelihood over 113 frames is -52.3053
LOG (gmm-gselect:main():gmm-gselect.cc:115) For 7270'th file, average UBM likelihood over 194 frames is -55.1899
LOG (gmm-gselect:main():gmm-gselect.cc:115) For 7280'th file, average UBM likelihood over 436 frames is -61.2506
LOG (gmm-gselect:main():gmm-gselect.cc:115) For 7290'th file, average UBM likelihood over 465 frames is -59.8601
LOG (gmm-gselect:main():gmm-gselect.cc:115) For 7300'th file, average UBM likelihood over 326 frames is -53.7297
LOG (gmm-gselect:main():gmm-gselect.cc:115) For 7310'th file, average UBM likelihood over 414 frames is -60.2493
LOG (gmm-gselect:main():gmm-gselect.cc:115) For 7320'th file, average UBM likelihood over 293 frames is -46.7761
LOG (gmm-gselect:main():gmm-gselect.cc:115) For 7330'th file, average UBM likelihood over 107 frames is -47.2946
LOG (gmm-gselect:main():gmm-gselect.cc:115) For 7340'th file, average UBM likelihood over 234 frames is -57.5055
LOG (gmm-gselect:main():gmm-gselect.cc:115) For 7350'th file, average UBM likelihood over 128 frames is -52.3433
LOG (gmm-gselect:main():gmm-gselect.cc:115) For 7360'th file, average UBM likelihood over 215 frames is -55.8712
LOG (gmm-gselect:main():gmm-gselect.cc:115) For 7370'th file, average UBM likelihood over 213 frames is -60.0206
LOG (gmm-gselect:main():gmm-gselect.cc:115) For 7380'th file, average UBM likelihood over 180 frames is -58.2787
LOG (gmm-gselect:main():gmm-gselect.cc:115) For 7390'th file, average UBM likelihood over 114 frames is -53.9318
LOG (gmm-gselect:main():gmm-gselect.cc:115) For 7400'th file, average UBM likelihood over 431 frames is -55.9468
LOG (gmm-gselect:main():gmm-gselect.cc:115) For 7410'th file, average UBM likelihood over 207 frames is -54.9246
LOG (gmm-gselect:main():gmm-gselect.cc:115) For 7420'th file, average UBM likelihood over 453 frames is -54.3238
LOG (gmm-gselect:main():gmm-gselect.cc:115) For 7430'th file, average UBM likelihood over 357 frames is -54.6993
LOG (gmm-gselect:main():gmm-gselect.cc:115) For 7440'th file, average UBM likelihood over 211 frames is -48.7299
LOG (gmm-gselect:main():gmm-gselect.cc:115) For 7450'th file, average UBM likelihood over 194 frames is -51.8453
LOG (gmm-gselect:main():gmm-gselect.cc:115) For 7460'th file, average UBM likelihood over 345 frames is -55.9897
LOG (gmm-gselect:main():gmm-gselect.cc:115) For 7470'th file, average UBM likelihood over 291 frames is -57.4595
LOG (gmm-gselect:main():gmm-gselect.cc:115) For 7480'th file, average UBM likelihood over 392 frames is -55.6336
LOG (gmm-gselect:main():gmm-gselect.cc:115) For 7490'th file, average UBM likelihood over 371 frames is -50.922
LOG (gmm-gselect:main():gmm-gselect.cc:115) For 7500'th file, average UBM likelihood over 289 frames is -59.1929
LOG (gmm-gselect:main():gmm-gselect.cc:115) For 7510'th file, average UBM likelihood over 266 frames is -49.7116
LOG (gmm-gselect:main():gmm-gselect.cc:115) For 7520'th file, average UBM likelihood over 176 frames is -49.8176
LOG (gmm-gselect:main():gmm-gselect.cc:115) For 7530'th file, average UBM likelihood over 178 frames is -54.1343
LOG (gmm-gselect:main():gmm-gselect.cc:115) For 7540'th file, average UBM likelihood over 114 frames is -60.1576
LOG (gmm-gselect:main():gmm-gselect.cc:115) For 7550'th file, average UBM likelihood over 382 frames is -56.7048
LOG (gmm-gselect:main():gmm-gselect.cc:115) For 7560'th file, average UBM likelihood over 159 frames is -62.0949
LOG (gmm-gselect:main():gmm-gselect.cc:115) For 7570'th file, average UBM likelihood over 267 frames is -63.7701
LOG (gmm-gselect:main():gmm-gselect.cc:115) For 7580'th file, average UBM likelihood over 206 frames is -48.4106
LOG (gmm-gselect:main():gmm-gselect.cc:115) For 7590'th file, average UBM likelihood over 157 frames is -49.3444
LOG (gmm-gselect:main():gmm-gselect.cc:115) For 7600'th file, average UBM likelihood over 171 frames is -52.8278
LOG (gmm-gselect:main():gmm-gselect.cc:115) For 7610'th file, average UBM likelihood over 264 frames is -57.2193
LOG (gmm-gselect:main():gmm-gselect.cc:115) For 7620'th file, average UBM likelihood over 136 frames is -55.6297
LOG (gmm-gselect:main():gmm-gselect.cc:115) For 7630'th file, average UBM likelihood over 271 frames is -55.7711
LOG (gmm-gselect:main():gmm-gselect.cc:115) For 7640'th file, average UBM likelihood over 189 frames is -60.2719
LOG (gmm-gselect:main():gmm-gselect.cc:115) For 7650'th file, average UBM likelihood over 227 frames is -52.9632
LOG (gmm-gselect:main():gmm-gselect.cc:115) For 7660'th file, average UBM likelihood over 112 frames is -48.8851
LOG (gmm-gselect:main():gmm-gselect.cc:115) For 7670'th file, average UBM likelihood over 392 frames is -51.1812
LOG (gmm-gselect:main():gmm-gselect.cc:115) For 7680'th file, average UBM likelihood over 280 frames is -51.9835
LOG (gmm-gselect:main():gmm-gselect.cc:115) For 7690'th file, average UBM likelihood over 420 frames is -55.8547
LOG (gmm-gselect:main():gmm-gselect.cc:115) For 7700'th file, average UBM likelihood over 385 frames is -56.8716
LOG (gmm-gselect:main():gmm-gselect.cc:115) For 7710'th file, average UBM likelihood over 299 frames is -53.5732
LOG (gmm-gselect:main():gmm-gselect.cc:115) For 7720'th file, average UBM likelihood over 454 frames is -50.9679
LOG (gmm-gselect:main():gmm-gselect.cc:115) For 7730'th file, average UBM likelihood over 136 frames is -61.0767
LOG (gmm-gselect:main():gmm-gselect.cc:115) For 7740'th file, average UBM likelihood over 246 frames is -60.1781
LOG (gmm-gselect:main():gmm-gselect.cc:115) For 7750'th file, average UBM likelihood over 152 frames is -58.5704
LOG (gmm-gselect:main():gmm-gselect.cc:115) For 7760'th file, average UBM likelihood over 128 frames is -58.5625
LOG (gmm-gselect:main():gmm-gselect.cc:115) For 7770'th file, average UBM likelihood over 106 frames is -60.004
LOG (gmm-gselect:main():gmm-gselect.cc:115) For 7780'th file, average UBM likelihood over 169 frames is -66.003
LOG (gmm-gselect:main():gmm-gselect.cc:115) For 7790'th file, average UBM likelihood over 122 frames is -60.7495
LOG (gmm-gselect:main():gmm-gselect.cc:115) For 7800'th file, average UBM likelihood over 154 frames is -54.1549
LOG (gmm-gselect:main():gmm-gselect.cc:115) For 7810'th file, average UBM likelihood over 413 frames is -53.5293
LOG (gmm-gselect:main():gmm-gselect.cc:115) For 7820'th file, average UBM likelihood over 257 frames is -52.0693
LOG (gmm-gselect:main():gmm-gselect.cc:115) For 7830'th file, average UBM likelihood over 338 frames is -51.313
LOG (gmm-gselect:main():gmm-gselect.cc:115) For 7840'th file, average UBM likelihood over 220 frames is -55.2538
LOG (gmm-gselect:main():gmm-gselect.cc:115) For 7850'th file, average UBM likelihood over 239 frames is -55.5531
LOG (gmm-gselect:main():gmm-gselect.cc:115) For 7860'th file, average UBM likelihood over 400 frames is -53.6881
LOG (gmm-gselect:main():gmm-gselect.cc:115) For 7870'th file, average UBM likelihood over 173 frames is -48.9427
LOG (gmm-gselect:main():gmm-gselect.cc:115) For 7880'th file, average UBM likelihood over 246 frames is -50.8165
LOG (gmm-gselect:main():gmm-gselect.cc:115) For 7890'th file, average UBM likelihood over 231 frames is -54.0956
LOG (gmm-gselect:main():gmm-gselect.cc:115) For 7900'th file, average UBM likelihood over 270 frames is -53.783
LOG (apply-cmvn-online:main():apply-cmvn-online.cc:135) Applied online CMVN to 15818 files, or 4053054 frames.
LOG (transform-feats:main():transform-feats.cc:158) Overall average [pseudo-]logdet is -92.5981 over 4.05305e+06 frames.
LOG (transform-feats:main():transform-feats.cc:161) Applied transform to 7909 utterances; 0 had errors.
LOG (subsample-feats:main():subsample-feats.cc:115) Processed 7909 feature matrices; 0 with errors.
LOG (subsample-feats:main():subsample-feats.cc:117) Processed 4053054 input frames and 2028498 output frames.
LOG (gmm-gselect:main():gmm-gselect.cc:126) Done 7909 files, 0 with errors, average UBM log-likelihood is -53.2044 over 2028498 frames.
# Accounting: time=263 threads=1
# Ended (code 0) at Fri Jun 12 20:56:39 CST 2015, elapsed time 263 seconds
