# gmm-gselect --n=30 exp/nnet2_online/diag_ubm/0.dubm "ark,s,cs:apply-cmvn-online --config=conf/online_cmvn.conf exp/nnet2_online/diag_ubm/global_cmvn.stats scp:data/train_mixed_hires_30k/split20/5/feats.scp ark:- | splice-feats --left-context=3 --right-context=3 ark:- ark:- | transform-feats exp/nnet2_online/diag_ubm/final.mat ark:- ark:- | subsample-feats --n=2 ark:- ark:- |" "ark:|gzip -c >exp/nnet2_online/diag_ubm/gselect.5.gz" 
# Started at Fri Jun 12 20:52:16 CST 2015
#
gmm-gselect --n=30 exp/nnet2_online/diag_ubm/0.dubm 'ark,s,cs:apply-cmvn-online --config=conf/online_cmvn.conf exp/nnet2_online/diag_ubm/global_cmvn.stats scp:data/train_mixed_hires_30k/split20/5/feats.scp ark:- | splice-feats --left-context=3 --right-context=3 ark:- ark:- | transform-feats exp/nnet2_online/diag_ubm/final.mat ark:- ark:- | subsample-feats --n=2 ark:- ark:- |' 'ark:|gzip -c >exp/nnet2_online/diag_ubm/gselect.5.gz' 
transform-feats exp/nnet2_online/diag_ubm/final.mat ark:- ark:- 
apply-cmvn-online --config=conf/online_cmvn.conf exp/nnet2_online/diag_ubm/global_cmvn.stats scp:data/train_mixed_hires_30k/split20/5/feats.scp ark:- 
splice-feats --left-context=3 --right-context=3 ark:- ark:- 
subsample-feats --n=2 ark:- ark:- 
LOG (gmm-gselect:main():gmm-gselect.cc:115) For 0'th file, average UBM likelihood over 190 frames is -62.4649
LOG (gmm-gselect:main():gmm-gselect.cc:115) For 10'th file, average UBM likelihood over 208 frames is -61.4926
LOG (gmm-gselect:main():gmm-gselect.cc:115) For 20'th file, average UBM likelihood over 255 frames is -65.2582
LOG (gmm-gselect:main():gmm-gselect.cc:115) For 30'th file, average UBM likelihood over 208 frames is -55.3014
LOG (gmm-gselect:main():gmm-gselect.cc:115) For 40'th file, average UBM likelihood over 238 frames is -68.8535
LOG (gmm-gselect:main():gmm-gselect.cc:115) For 50'th file, average UBM likelihood over 220 frames is -54.2922
LOG (gmm-gselect:main():gmm-gselect.cc:115) For 60'th file, average UBM likelihood over 178 frames is -62.1573
LOG (gmm-gselect:main():gmm-gselect.cc:115) For 70'th file, average UBM likelihood over 171 frames is -58.1855
LOG (gmm-gselect:main():gmm-gselect.cc:115) For 80'th file, average UBM likelihood over 125 frames is -69.4779
LOG (gmm-gselect:main():gmm-gselect.cc:115) For 90'th file, average UBM likelihood over 417 frames is -62.2225
LOG (gmm-gselect:main():gmm-gselect.cc:115) For 100'th file, average UBM likelihood over 255 frames is -60.3115
LOG (gmm-gselect:main():gmm-gselect.cc:115) For 110'th file, average UBM likelihood over 201 frames is -66.6869
LOG (gmm-gselect:main():gmm-gselect.cc:115) For 120'th file, average UBM likelihood over 308 frames is -59.7887
LOG (gmm-gselect:main():gmm-gselect.cc:115) For 130'th file, average UBM likelihood over 580 frames is -65.1726
LOG (gmm-gselect:main():gmm-gselect.cc:115) For 140'th file, average UBM likelihood over 183 frames is -63.5366
LOG (gmm-gselect:main():gmm-gselect.cc:115) For 150'th file, average UBM likelihood over 285 frames is -59.8758
LOG (gmm-gselect:main():gmm-gselect.cc:115) For 160'th file, average UBM likelihood over 501 frames is -70.0996
LOG (gmm-gselect:main():gmm-gselect.cc:115) For 170'th file, average UBM likelihood over 143 frames is -63.6788
LOG (gmm-gselect:main():gmm-gselect.cc:115) For 180'th file, average UBM likelihood over 250 frames is -53.5961
LOG (gmm-gselect:main():gmm-gselect.cc:115) For 190'th file, average UBM likelihood over 315 frames is -59.5237
LOG (gmm-gselect:main():gmm-gselect.cc:115) For 200'th file, average UBM likelihood over 136 frames is -64.1623
LOG (gmm-gselect:main():gmm-gselect.cc:115) For 210'th file, average UBM likelihood over 220 frames is -59.7705
LOG (gmm-gselect:main():gmm-gselect.cc:115) For 220'th file, average UBM likelihood over 357 frames is -69.0393
LOG (gmm-gselect:main():gmm-gselect.cc:115) For 230'th file, average UBM likelihood over 159 frames is -59.6906
LOG (gmm-gselect:main():gmm-gselect.cc:115) For 240'th file, average UBM likelihood over 280 frames is -69.4745
LOG (gmm-gselect:main():gmm-gselect.cc:115) For 250'th file, average UBM likelihood over 266 frames is -61.7728
LOG (gmm-gselect:main():gmm-gselect.cc:115) For 260'th file, average UBM likelihood over 315 frames is -68.5046
LOG (gmm-gselect:main():gmm-gselect.cc:115) For 270'th file, average UBM likelihood over 250 frames is -61.4837
LOG (gmm-gselect:main():gmm-gselect.cc:115) For 280'th file, average UBM likelihood over 220 frames is -63.8679
LOG (gmm-gselect:main():gmm-gselect.cc:115) For 290'th file, average UBM likelihood over 106 frames is -61.385
LOG (gmm-gselect:main():gmm-gselect.cc:115) For 300'th file, average UBM likelihood over 292 frames is -67.1405
LOG (gmm-gselect:main():gmm-gselect.cc:115) For 310'th file, average UBM likelihood over 180 frames is -59.2679
LOG (gmm-gselect:main():gmm-gselect.cc:115) For 320'th file, average UBM likelihood over 361 frames is -68.498
LOG (gmm-gselect:main():gmm-gselect.cc:115) For 330'th file, average UBM likelihood over 649 frames is -69.3826
LOG (gmm-gselect:main():gmm-gselect.cc:115) For 340'th file, average UBM likelihood over 152 frames is -61.8419
LOG (gmm-gselect:main():gmm-gselect.cc:115) For 350'th file, average UBM likelihood over 501 frames is -55.4729
LOG (gmm-gselect:main():gmm-gselect.cc:115) For 360'th file, average UBM likelihood over 262 frames is -64.8509
LOG (gmm-gselect:main():gmm-gselect.cc:115) For 370'th file, average UBM likelihood over 148 frames is -61.4156
LOG (gmm-gselect:main():gmm-gselect.cc:115) For 380'th file, average UBM likelihood over 104 frames is -66.1198
LOG (gmm-gselect:main():gmm-gselect.cc:115) For 390'th file, average UBM likelihood over 250 frames is -66.3007
LOG (gmm-gselect:main():gmm-gselect.cc:115) For 400'th file, average UBM likelihood over 183 frames is -61.3542
LOG (gmm-gselect:main():gmm-gselect.cc:115) For 410'th file, average UBM likelihood over 322 frames is -62.2236
LOG (gmm-gselect:main():gmm-gselect.cc:115) For 420'th file, average UBM likelihood over 278 frames is -55.2872
LOG (gmm-gselect:main():gmm-gselect.cc:115) For 430'th file, average UBM likelihood over 155 frames is -58.3827
LOG (gmm-gselect:main():gmm-gselect.cc:115) For 440'th file, average UBM likelihood over 526 frames is -70.8138
LOG (gmm-gselect:main():gmm-gselect.cc:115) For 450'th file, average UBM likelihood over 180 frames is -67.2715
LOG (gmm-gselect:main():gmm-gselect.cc:115) For 460'th file, average UBM likelihood over 276 frames is -69.3093
LOG (gmm-gselect:main():gmm-gselect.cc:115) For 470'th file, average UBM likelihood over 118 frames is -61.4792
LOG (gmm-gselect:main():gmm-gselect.cc:115) For 480'th file, average UBM likelihood over 387 frames is -71.3948
LOG (gmm-gselect:main():gmm-gselect.cc:115) For 490'th file, average UBM likelihood over 141 frames is -64.0081
LOG (gmm-gselect:main():gmm-gselect.cc:115) For 500'th file, average UBM likelihood over 413 frames is -64.1314
LOG (gmm-gselect:main():gmm-gselect.cc:115) For 510'th file, average UBM likelihood over 216 frames is -58.8626
LOG (gmm-gselect:main():gmm-gselect.cc:115) For 520'th file, average UBM likelihood over 327 frames is -60.7087
LOG (gmm-gselect:main():gmm-gselect.cc:115) For 530'th file, average UBM likelihood over 115 frames is -60.0217
LOG (gmm-gselect:main():gmm-gselect.cc:115) For 540'th file, average UBM likelihood over 141 frames is -64.3878
LOG (gmm-gselect:main():gmm-gselect.cc:115) For 550'th file, average UBM likelihood over 166 frames is -71.4256
LOG (gmm-gselect:main():gmm-gselect.cc:115) For 560'th file, average UBM likelihood over 327 frames is -64.1431
LOG (gmm-gselect:main():gmm-gselect.cc:115) For 570'th file, average UBM likelihood over 452 frames is -67.2656
LOG (gmm-gselect:main():gmm-gselect.cc:115) For 580'th file, average UBM likelihood over 190 frames is -55.3867
LOG (gmm-gselect:main():gmm-gselect.cc:115) For 590'th file, average UBM likelihood over 292 frames is -63.3313
LOG (gmm-gselect:main():gmm-gselect.cc:115) For 600'th file, average UBM likelihood over 413 frames is -60.6492
LOG (gmm-gselect:main():gmm-gselect.cc:115) For 610'th file, average UBM likelihood over 190 frames is -64.856
LOG (gmm-gselect:main():gmm-gselect.cc:115) For 620'th file, average UBM likelihood over 171 frames is -67.9871
LOG (gmm-gselect:main():gmm-gselect.cc:115) For 630'th file, average UBM likelihood over 392 frames is -60.3904
LOG (gmm-gselect:main():gmm-gselect.cc:115) For 640'th file, average UBM likelihood over 169 frames is -60.5477
LOG (gmm-gselect:main():gmm-gselect.cc:115) For 650'th file, average UBM likelihood over 557 frames is -62.1431
LOG (gmm-gselect:main():gmm-gselect.cc:115) For 660'th file, average UBM likelihood over 129 frames is -62.4188
LOG (gmm-gselect:main():gmm-gselect.cc:115) For 670'th file, average UBM likelihood over 171 frames is -58.5861
LOG (gmm-gselect:main():gmm-gselect.cc:115) For 680'th file, average UBM likelihood over 136 frames is -59.4722
LOG (gmm-gselect:main():gmm-gselect.cc:115) For 690'th file, average UBM likelihood over 166 frames is -68.4075
LOG (gmm-gselect:main():gmm-gselect.cc:115) For 700'th file, average UBM likelihood over 113 frames is -63.7098
LOG (gmm-gselect:main():gmm-gselect.cc:115) For 710'th file, average UBM likelihood over 387 frames is -60.1506
LOG (gmm-gselect:main():gmm-gselect.cc:115) For 720'th file, average UBM likelihood over 250 frames is -64.8612
LOG (gmm-gselect:main():gmm-gselect.cc:115) For 730'th file, average UBM likelihood over 157 frames is -54.1668
LOG (gmm-gselect:main():gmm-gselect.cc:115) For 740'th file, average UBM likelihood over 129 frames is -57.1793
LOG (gmm-gselect:main():gmm-gselect.cc:115) For 750'th file, average UBM likelihood over 220 frames is -63.1472
LOG (gmm-gselect:main():gmm-gselect.cc:115) For 760'th file, average UBM likelihood over 118 frames is -60.2296
LOG (gmm-gselect:main():gmm-gselect.cc:115) For 770'th file, average UBM likelihood over 148 frames is -69.3228
LOG (gmm-gselect:main():gmm-gselect.cc:115) For 780'th file, average UBM likelihood over 111 frames is -56.6104
LOG (gmm-gselect:main():gmm-gselect.cc:115) For 790'th file, average UBM likelihood over 159 frames is -59.4298
LOG (gmm-gselect:main():gmm-gselect.cc:115) For 800'th file, average UBM likelihood over 224 frames is -64.4746
LOG (gmm-gselect:main():gmm-gselect.cc:115) For 810'th file, average UBM likelihood over 106 frames is -58.1215
LOG (gmm-gselect:main():gmm-gselect.cc:115) For 820'th file, average UBM likelihood over 201 frames is -69.7011
LOG (gmm-gselect:main():gmm-gselect.cc:115) For 830'th file, average UBM likelihood over 171 frames is -63.6819
LOG (gmm-gselect:main():gmm-gselect.cc:115) For 840'th file, average UBM likelihood over 263 frames is -57.1695
LOG (gmm-gselect:main():gmm-gselect.cc:115) For 850'th file, average UBM likelihood over 171 frames is -68.7889
LOG (gmm-gselect:main():gmm-gselect.cc:115) For 860'th file, average UBM likelihood over 208 frames is -64.1448
LOG (gmm-gselect:main():gmm-gselect.cc:115) For 870'th file, average UBM likelihood over 262 frames is -62.8168
LOG (gmm-gselect:main():gmm-gselect.cc:115) For 880'th file, average UBM likelihood over 424 frames is -64.2013
LOG (gmm-gselect:main():gmm-gselect.cc:115) For 890'th file, average UBM likelihood over 208 frames is -60.822
LOG (gmm-gselect:main():gmm-gselect.cc:115) For 900'th file, average UBM likelihood over 364 frames is -58.3495
LOG (gmm-gselect:main():gmm-gselect.cc:115) For 910'th file, average UBM likelihood over 315 frames is -65.6172
LOG (gmm-gselect:main():gmm-gselect.cc:115) For 920'th file, average UBM likelihood over 106 frames is -62.3805
LOG (gmm-gselect:main():gmm-gselect.cc:115) For 930'th file, average UBM likelihood over 171 frames is -61.6643
LOG (gmm-gselect:main():gmm-gselect.cc:115) For 940'th file, average UBM likelihood over 171 frames is -57.8098
LOG (gmm-gselect:main():gmm-gselect.cc:115) For 950'th file, average UBM likelihood over 106 frames is -66.8153
LOG (gmm-gselect:main():gmm-gselect.cc:115) For 960'th file, average UBM likelihood over 183 frames is -62.7328
LOG (gmm-gselect:main():gmm-gselect.cc:115) For 970'th file, average UBM likelihood over 215 frames is -46.9295
LOG (gmm-gselect:main():gmm-gselect.cc:115) For 980'th file, average UBM likelihood over 239 frames is -47.6809
LOG (gmm-gselect:main():gmm-gselect.cc:115) For 990'th file, average UBM likelihood over 131 frames is -45.565
LOG (gmm-gselect:main():gmm-gselect.cc:115) For 1000'th file, average UBM likelihood over 251 frames is -51.2298
LOG (gmm-gselect:main():gmm-gselect.cc:115) For 1010'th file, average UBM likelihood over 239 frames is -47.5613
LOG (gmm-gselect:main():gmm-gselect.cc:115) For 1020'th file, average UBM likelihood over 263 frames is -45.5341
LOG (gmm-gselect:main():gmm-gselect.cc:115) For 1030'th file, average UBM likelihood over 251 frames is -47.9837
LOG (gmm-gselect:main():gmm-gselect.cc:115) For 1040'th file, average UBM likelihood over 242 frames is -45.1585
LOG (gmm-gselect:main():gmm-gselect.cc:115) For 1050'th file, average UBM likelihood over 155 frames is -45.7439
LOG (gmm-gselect:main():gmm-gselect.cc:115) For 1060'th file, average UBM likelihood over 215 frames is -51.6351
LOG (gmm-gselect:main():gmm-gselect.cc:115) For 1070'th file, average UBM likelihood over 166 frames is -44.7581
LOG (gmm-gselect:main():gmm-gselect.cc:115) For 1080'th file, average UBM likelihood over 242 frames is -52.1234
LOG (gmm-gselect:main():gmm-gselect.cc:115) For 1090'th file, average UBM likelihood over 239 frames is -50.5028
LOG (gmm-gselect:main():gmm-gselect.cc:115) For 1100'th file, average UBM likelihood over 204 frames is -48.4652
LOG (gmm-gselect:main():gmm-gselect.cc:115) For 1110'th file, average UBM likelihood over 251 frames is -52.4601
LOG (gmm-gselect:main():gmm-gselect.cc:115) For 1120'th file, average UBM likelihood over 239 frames is -48.1665
LOG (gmm-gselect:main():gmm-gselect.cc:115) For 1130'th file, average UBM likelihood over 203 frames is -48.7419
LOG (gmm-gselect:main():gmm-gselect.cc:115) For 1140'th file, average UBM likelihood over 178 frames is -48.3755
LOG (gmm-gselect:main():gmm-gselect.cc:115) For 1150'th file, average UBM likelihood over 263 frames is -44.4467
LOG (gmm-gselect:main():gmm-gselect.cc:115) For 1160'th file, average UBM likelihood over 281 frames is -41.6695
LOG (gmm-gselect:main():gmm-gselect.cc:115) For 1170'th file, average UBM likelihood over 347 frames is -52.69
LOG (gmm-gselect:main():gmm-gselect.cc:115) For 1180'th file, average UBM likelihood over 204 frames is -50.6853
LOG (gmm-gselect:main():gmm-gselect.cc:115) For 1190'th file, average UBM likelihood over 359 frames is -53.7525
LOG (gmm-gselect:main():gmm-gselect.cc:115) For 1200'th file, average UBM likelihood over 347 frames is -55.9057
LOG (gmm-gselect:main():gmm-gselect.cc:115) For 1210'th file, average UBM likelihood over 239 frames is -51.919
LOG (gmm-gselect:main():gmm-gselect.cc:115) For 1220'th file, average UBM likelihood over 515 frames is -50.1203
LOG (gmm-gselect:main():gmm-gselect.cc:115) For 1230'th file, average UBM likelihood over 239 frames is -49.4238
LOG (gmm-gselect:main():gmm-gselect.cc:115) For 1240'th file, average UBM likelihood over 275 frames is -49.0581
LOG (gmm-gselect:main():gmm-gselect.cc:115) For 1250'th file, average UBM likelihood over 299 frames is -53.2788
LOG (gmm-gselect:main():gmm-gselect.cc:115) For 1260'th file, average UBM likelihood over 281 frames is -51.1038
LOG (gmm-gselect:main():gmm-gselect.cc:115) For 1270'th file, average UBM likelihood over 268 frames is -46.3557
LOG (gmm-gselect:main():gmm-gselect.cc:115) For 1280'th file, average UBM likelihood over 335 frames is -49.5277
LOG (gmm-gselect:main():gmm-gselect.cc:115) For 1290'th file, average UBM likelihood over 251 frames is -51.3486
LOG (gmm-gselect:main():gmm-gselect.cc:115) For 1300'th file, average UBM likelihood over 370 frames is -46.0259
LOG (gmm-gselect:main():gmm-gselect.cc:115) For 1310'th file, average UBM likelihood over 347 frames is -47.6446
LOG (gmm-gselect:main():gmm-gselect.cc:115) For 1320'th file, average UBM likelihood over 217 frames is -51.3905
LOG (gmm-gselect:main():gmm-gselect.cc:115) For 1330'th file, average UBM likelihood over 287 frames is -51.664
LOG (gmm-gselect:main():gmm-gselect.cc:115) For 1340'th file, average UBM likelihood over 227 frames is -42.1594
LOG (gmm-gselect:main():gmm-gselect.cc:115) For 1350'th file, average UBM likelihood over 299 frames is -44.9144
LOG (gmm-gselect:main():gmm-gselect.cc:115) For 1360'th file, average UBM likelihood over 239 frames is -47.6383
LOG (gmm-gselect:main():gmm-gselect.cc:115) For 1370'th file, average UBM likelihood over 204 frames is -45.2372
LOG (gmm-gselect:main():gmm-gselect.cc:115) For 1380'th file, average UBM likelihood over 255 frames is -46.8504
LOG (gmm-gselect:main():gmm-gselect.cc:115) For 1390'th file, average UBM likelihood over 389 frames is -51.4507
LOG (gmm-gselect:main():gmm-gselect.cc:115) For 1400'th file, average UBM likelihood over 167 frames is -48.3726
LOG (gmm-gselect:main():gmm-gselect.cc:115) For 1410'th file, average UBM likelihood over 178 frames is -53.7813
LOG (gmm-gselect:main():gmm-gselect.cc:115) For 1420'th file, average UBM likelihood over 230 frames is -39.3149
LOG (gmm-gselect:main():gmm-gselect.cc:115) For 1430'th file, average UBM likelihood over 255 frames is -45.6829
LOG (gmm-gselect:main():gmm-gselect.cc:115) For 1440'th file, average UBM likelihood over 299 frames is -44.6592
LOG (gmm-gselect:main():gmm-gselect.cc:115) For 1450'th file, average UBM likelihood over 370 frames is -48.8812
LOG (gmm-gselect:main():gmm-gselect.cc:115) For 1460'th file, average UBM likelihood over 281 frames is -46.055
LOG (gmm-gselect:main():gmm-gselect.cc:115) For 1470'th file, average UBM likelihood over 242 frames is -41.7124
LOG (gmm-gselect:main():gmm-gselect.cc:115) For 1480'th file, average UBM likelihood over 204 frames is -42.5815
LOG (gmm-gselect:main():gmm-gselect.cc:115) For 1490'th file, average UBM likelihood over 166 frames is -52.0028
LOG (gmm-gselect:main():gmm-gselect.cc:115) For 1500'th file, average UBM likelihood over 191 frames is -43.5103
LOG (gmm-gselect:main():gmm-gselect.cc:115) For 1510'th file, average UBM likelihood over 281 frames is -41.8156
LOG (gmm-gselect:main():gmm-gselect.cc:115) For 1520'th file, average UBM likelihood over 166 frames is -48.3374
LOG (gmm-gselect:main():gmm-gselect.cc:115) For 1530'th file, average UBM likelihood over 268 frames is -48.6094
LOG (gmm-gselect:main():gmm-gselect.cc:115) For 1540'th file, average UBM likelihood over 204 frames is -45.2462
LOG (gmm-gselect:main():gmm-gselect.cc:115) For 1550'th file, average UBM likelihood over 255 frames is -52.3385
LOG (gmm-gselect:main():gmm-gselect.cc:115) For 1560'th file, average UBM likelihood over 153 frames is -43.2811
LOG (gmm-gselect:main():gmm-gselect.cc:115) For 1570'th file, average UBM likelihood over 268 frames is -47.2013
LOG (gmm-gselect:main():gmm-gselect.cc:115) For 1580'th file, average UBM likelihood over 255 frames is -50.9598
LOG (gmm-gselect:main():gmm-gselect.cc:115) For 1590'th file, average UBM likelihood over 217 frames is -50.1564
LOG (gmm-gselect:main():gmm-gselect.cc:115) For 1600'th file, average UBM likelihood over 383 frames is -50.4728
LOG (gmm-gselect:main():gmm-gselect.cc:115) For 1610'th file, average UBM likelihood over 268 frames is -56.2078
LOG (gmm-gselect:main():gmm-gselect.cc:115) For 1620'th file, average UBM likelihood over 230 frames is -46.8363
LOG (gmm-gselect:main():gmm-gselect.cc:115) For 1630'th file, average UBM likelihood over 255 frames is -53.1555
LOG (gmm-gselect:main():gmm-gselect.cc:115) For 1640'th file, average UBM likelihood over 251 frames is -43.2288
LOG (gmm-gselect:main():gmm-gselect.cc:115) For 1650'th file, average UBM likelihood over 263 frames is -53.8813
LOG (gmm-gselect:main():gmm-gselect.cc:115) For 1660'th file, average UBM likelihood over 294 frames is -44.9756
LOG (gmm-gselect:main():gmm-gselect.cc:115) For 1670'th file, average UBM likelihood over 323 frames is -52.0952
LOG (gmm-gselect:main():gmm-gselect.cc:115) For 1680'th file, average UBM likelihood over 294 frames is -47.939
LOG (gmm-gselect:main():gmm-gselect.cc:115) For 1690'th file, average UBM likelihood over 371 frames is -45.265
LOG (gmm-gselect:main():gmm-gselect.cc:115) For 1700'th file, average UBM likelihood over 409 frames is -48.5831
LOG (gmm-gselect:main():gmm-gselect.cc:115) For 1710'th file, average UBM likelihood over 239 frames is -50.2779
LOG (gmm-gselect:main():gmm-gselect.cc:115) For 1720'th file, average UBM likelihood over 275 frames is -59.4291
LOG (gmm-gselect:main():gmm-gselect.cc:115) For 1730'th file, average UBM likelihood over 335 frames is -46.8407
LOG (gmm-gselect:main():gmm-gselect.cc:115) For 1740'th file, average UBM likelihood over 251 frames is -54.681
LOG (gmm-gselect:main():gmm-gselect.cc:115) For 1750'th file, average UBM likelihood over 227 frames is -44.9979
LOG (gmm-gselect:main():gmm-gselect.cc:115) For 1760'th file, average UBM likelihood over 287 frames is -50.6665
LOG (gmm-gselect:main():gmm-gselect.cc:115) For 1770'th file, average UBM likelihood over 155 frames is -43.8135
LOG (gmm-gselect:main():gmm-gselect.cc:115) For 1780'th file, average UBM likelihood over 419 frames is -48.879
LOG (gmm-gselect:main():gmm-gselect.cc:115) For 1790'th file, average UBM likelihood over 143 frames is -43.5224
LOG (gmm-gselect:main():gmm-gselect.cc:115) For 1800'th file, average UBM likelihood over 203 frames is -49.7106
LOG (gmm-gselect:main():gmm-gselect.cc:115) For 1810'th file, average UBM likelihood over 203 frames is -42.1936
LOG (gmm-gselect:main():gmm-gselect.cc:115) For 1820'th file, average UBM likelihood over 359 frames is -44.818
LOG (gmm-gselect:main():gmm-gselect.cc:115) For 1830'th file, average UBM likelihood over 179 frames is -43.8106
LOG (gmm-gselect:main():gmm-gselect.cc:115) For 1840'th file, average UBM likelihood over 298 frames is -52.3169
LOG (gmm-gselect:main():gmm-gselect.cc:115) For 1850'th file, average UBM likelihood over 167 frames is -47.8242
LOG (gmm-gselect:main():gmm-gselect.cc:115) For 1860'th file, average UBM likelihood over 319 frames is -43.8771
LOG (gmm-gselect:main():gmm-gselect.cc:115) For 1870'th file, average UBM likelihood over 153 frames is -48.547
LOG (gmm-gselect:main():gmm-gselect.cc:115) For 1880'th file, average UBM likelihood over 230 frames is -43.8603
LOG (gmm-gselect:main():gmm-gselect.cc:115) For 1890'th file, average UBM likelihood over 275 frames is -43.5467
LOG (gmm-gselect:main():gmm-gselect.cc:115) For 1900'th file, average UBM likelihood over 242 frames is -44.3516
LOG (gmm-gselect:main():gmm-gselect.cc:115) For 1910'th file, average UBM likelihood over 230 frames is -50.1937
LOG (gmm-gselect:main():gmm-gselect.cc:115) For 1920'th file, average UBM likelihood over 217 frames is -44.432
LOG (gmm-gselect:main():gmm-gselect.cc:115) For 1930'th file, average UBM likelihood over 227 frames is -48.5524
LOG (gmm-gselect:main():gmm-gselect.cc:115) For 1940'th file, average UBM likelihood over 203 frames is -47.1231
LOG (gmm-gselect:main():gmm-gselect.cc:115) For 1950'th file, average UBM likelihood over 178 frames is -46.8189
LOG (gmm-gselect:main():gmm-gselect.cc:115) For 1960'th file, average UBM likelihood over 294 frames is -50.4855
LOG (gmm-gselect:main():gmm-gselect.cc:115) For 1970'th file, average UBM likelihood over 179 frames is -49.9781
LOG (gmm-gselect:main():gmm-gselect.cc:115) For 1980'th file, average UBM likelihood over 281 frames is -45.9563
LOG (gmm-gselect:main():gmm-gselect.cc:115) For 1990'th file, average UBM likelihood over 227 frames is -50.6278
LOG (gmm-gselect:main():gmm-gselect.cc:115) For 2000'th file, average UBM likelihood over 306 frames is -50.7719
LOG (gmm-gselect:main():gmm-gselect.cc:115) For 2010'th file, average UBM likelihood over 287 frames is -52.7254
LOG (gmm-gselect:main():gmm-gselect.cc:115) For 2020'th file, average UBM likelihood over 203 frames is -44.2981
LOG (gmm-gselect:main():gmm-gselect.cc:115) For 2030'th file, average UBM likelihood over 191 frames is -47.024
LOG (gmm-gselect:main():gmm-gselect.cc:115) For 2040'th file, average UBM likelihood over 467 frames is -49.0254
LOG (gmm-gselect:main():gmm-gselect.cc:115) For 2050'th file, average UBM likelihood over 275 frames is -43.0565
LOG (gmm-gselect:main():gmm-gselect.cc:115) For 2060'th file, average UBM likelihood over 223 frames is -51.5285
LOG (gmm-gselect:main():gmm-gselect.cc:115) For 2070'th file, average UBM likelihood over 311 frames is -49.4482
LOG (gmm-gselect:main():gmm-gselect.cc:115) For 2080'th file, average UBM likelihood over 251 frames is -48.8133
LOG (gmm-gselect:main():gmm-gselect.cc:115) For 2090'th file, average UBM likelihood over 275 frames is -53.5186
LOG (gmm-gselect:main():gmm-gselect.cc:115) For 2100'th file, average UBM likelihood over 263 frames is -48.5498
LOG (gmm-gselect:main():gmm-gselect.cc:115) For 2110'th file, average UBM likelihood over 287 frames is -42.0105
LOG (gmm-gselect:main():gmm-gselect.cc:115) For 2120'th file, average UBM likelihood over 275 frames is -51.3958
LOG (gmm-gselect:main():gmm-gselect.cc:115) For 2130'th file, average UBM likelihood over 287 frames is -50.7124
LOG (gmm-gselect:main():gmm-gselect.cc:115) For 2140'th file, average UBM likelihood over 167 frames is -53.0852
LOG (gmm-gselect:main():gmm-gselect.cc:115) For 2150'th file, average UBM likelihood over 239 frames is -45.7988
LOG (gmm-gselect:main():gmm-gselect.cc:115) For 2160'th file, average UBM likelihood over 191 frames is -48.5349
LOG (gmm-gselect:main():gmm-gselect.cc:115) For 2170'th file, average UBM likelihood over 167 frames is -50.8696
LOG (gmm-gselect:main():gmm-gselect.cc:115) For 2180'th file, average UBM likelihood over 215 frames is -47.7614
LOG (gmm-gselect:main():gmm-gselect.cc:115) For 2190'th file, average UBM likelihood over 203 frames is -51.5294
LOG (gmm-gselect:main():gmm-gselect.cc:115) For 2200'th file, average UBM likelihood over 227 frames is -55.6894
LOG (gmm-gselect:main():gmm-gselect.cc:115) For 2210'th file, average UBM likelihood over 131 frames is -48.9576
LOG (gmm-gselect:main():gmm-gselect.cc:115) For 2220'th file, average UBM likelihood over 179 frames is -48.3221
LOG (gmm-gselect:main():gmm-gselect.cc:115) For 2230'th file, average UBM likelihood over 299 frames is -55.4095
LOG (gmm-gselect:main():gmm-gselect.cc:115) For 2240'th file, average UBM likelihood over 227 frames is -55.9004
LOG (gmm-gselect:main():gmm-gselect.cc:115) For 2250'th file, average UBM likelihood over 251 frames is -62.5188
LOG (gmm-gselect:main():gmm-gselect.cc:115) For 2260'th file, average UBM likelihood over 251 frames is -43.8943
LOG (gmm-gselect:main():gmm-gselect.cc:115) For 2270'th file, average UBM likelihood over 179 frames is -48.5754
LOG (gmm-gselect:main():gmm-gselect.cc:115) For 2280'th file, average UBM likelihood over 191 frames is -46.4339
LOG (gmm-gselect:main():gmm-gselect.cc:115) For 2290'th file, average UBM likelihood over 131 frames is -46.9134
LOG (gmm-gselect:main():gmm-gselect.cc:115) For 2300'th file, average UBM likelihood over 299 frames is -50.2426
LOG (gmm-gselect:main():gmm-gselect.cc:115) For 2310'th file, average UBM likelihood over 179 frames is -46.7818
LOG (gmm-gselect:main():gmm-gselect.cc:115) For 2320'th file, average UBM likelihood over 191 frames is -47.0978
LOG (gmm-gselect:main():gmm-gselect.cc:115) For 2330'th file, average UBM likelihood over 191 frames is -45.263
LOG (gmm-gselect:main():gmm-gselect.cc:115) For 2340'th file, average UBM likelihood over 251 frames is -47.0512
LOG (gmm-gselect:main():gmm-gselect.cc:115) For 2350'th file, average UBM likelihood over 236 frames is -50.8849
LOG (gmm-gselect:main():gmm-gselect.cc:115) For 2360'th file, average UBM likelihood over 217 frames is -47.7494
LOG (gmm-gselect:main():gmm-gselect.cc:115) For 2370'th file, average UBM likelihood over 358 frames is -48.5108
LOG (gmm-gselect:main():gmm-gselect.cc:115) For 2380'th file, average UBM likelihood over 249 frames is -45.9419
LOG (gmm-gselect:main():gmm-gselect.cc:115) For 2390'th file, average UBM likelihood over 332 frames is -45.5656
LOG (gmm-gselect:main():gmm-gselect.cc:115) For 2400'th file, average UBM likelihood over 198 frames is -47.6462
LOG (gmm-gselect:main():gmm-gselect.cc:115) For 2410'th file, average UBM likelihood over 358 frames is -42.6289
LOG (gmm-gselect:main():gmm-gselect.cc:115) For 2420'th file, average UBM likelihood over 383 frames is -45.7212
LOG (gmm-gselect:main():gmm-gselect.cc:115) For 2430'th file, average UBM likelihood over 281 frames is -50.4761
LOG (gmm-gselect:main():gmm-gselect.cc:115) For 2440'th file, average UBM likelihood over 313 frames is -54.2164
LOG (gmm-gselect:main():gmm-gselect.cc:115) For 2450'th file, average UBM likelihood over 255 frames is -48.3028
LOG (gmm-gselect:main():gmm-gselect.cc:115) For 2460'th file, average UBM likelihood over 287 frames is -49.2966
LOG (gmm-gselect:main():gmm-gselect.cc:115) For 2470'th file, average UBM likelihood over 306 frames is -53.4763
LOG (gmm-gselect:main():gmm-gselect.cc:115) For 2480'th file, average UBM likelihood over 287 frames is -47.0406
LOG (gmm-gselect:main():gmm-gselect.cc:115) For 2490'th file, average UBM likelihood over 236 frames is -50.2187
LOG (gmm-gselect:main():gmm-gselect.cc:115) For 2500'th file, average UBM likelihood over 274 frames is -49.1091
LOG (gmm-gselect:main():gmm-gselect.cc:115) For 2510'th file, average UBM likelihood over 210 frames is -42.4686
LOG (gmm-gselect:main():gmm-gselect.cc:115) For 2520'th file, average UBM likelihood over 351 frames is -51.7703
LOG (gmm-gselect:main():gmm-gselect.cc:115) For 2530'th file, average UBM likelihood over 172 frames is -51.1732
LOG (gmm-gselect:main():gmm-gselect.cc:115) For 2540'th file, average UBM likelihood over 332 frames is -46.3261
LOG (gmm-gselect:main():gmm-gselect.cc:115) For 2550'th file, average UBM likelihood over 255 frames is -43.1179
LOG (gmm-gselect:main():gmm-gselect.cc:115) For 2560'th file, average UBM likelihood over 204 frames is -46.2405
LOG (gmm-gselect:main():gmm-gselect.cc:115) For 2570'th file, average UBM likelihood over 377 frames is -49.0812
LOG (gmm-gselect:main():gmm-gselect.cc:115) For 2580'th file, average UBM likelihood over 198 frames is -49.1563
LOG (gmm-gselect:main():gmm-gselect.cc:115) For 2590'th file, average UBM likelihood over 230 frames is -49.8426
LOG (gmm-gselect:main():gmm-gselect.cc:115) For 2600'th file, average UBM likelihood over 396 frames is -51.1322
LOG (gmm-gselect:main():gmm-gselect.cc:115) For 2610'th file, average UBM likelihood over 178 frames is -45.4565
LOG (gmm-gselect:main():gmm-gselect.cc:115) For 2620'th file, average UBM likelihood over 178 frames is -42.7518
LOG (gmm-gselect:main():gmm-gselect.cc:115) For 2630'th file, average UBM likelihood over 204 frames is -45.8762
LOG (gmm-gselect:main():gmm-gselect.cc:115) For 2640'th file, average UBM likelihood over 262 frames is -43.7935
LOG (gmm-gselect:main():gmm-gselect.cc:115) For 2650'th file, average UBM likelihood over 300 frames is -46.5051
LOG (gmm-gselect:main():gmm-gselect.cc:115) For 2660'th file, average UBM likelihood over 191 frames is -44.1525
LOG (gmm-gselect:main():gmm-gselect.cc:115) For 2670'th file, average UBM likelihood over 159 frames is -48.4619
LOG (gmm-gselect:main():gmm-gselect.cc:115) For 2680'th file, average UBM likelihood over 140 frames is -42.6127
LOG (gmm-gselect:main():gmm-gselect.cc:115) For 2690'th file, average UBM likelihood over 178 frames is -48.415
LOG (gmm-gselect:main():gmm-gselect.cc:115) For 2700'th file, average UBM likelihood over 326 frames is -43.6131
LOG (gmm-gselect:main():gmm-gselect.cc:115) For 2710'th file, average UBM likelihood over 268 frames is -43.5873
LOG (gmm-gselect:main():gmm-gselect.cc:115) For 2720'th file, average UBM likelihood over 191 frames is -45.3761
LOG (gmm-gselect:main():gmm-gselect.cc:115) For 2730'th file, average UBM likelihood over 299 frames is -45.8315
LOG (gmm-gselect:main():gmm-gselect.cc:115) For 2740'th file, average UBM likelihood over 217 frames is -48.1186
LOG (gmm-gselect:main():gmm-gselect.cc:115) For 2750'th file, average UBM likelihood over 364 frames is -50.5222
LOG (gmm-gselect:main():gmm-gselect.cc:115) For 2760'th file, average UBM likelihood over 306 frames is -44.4887
LOG (gmm-gselect:main():gmm-gselect.cc:115) For 2770'th file, average UBM likelihood over 178 frames is -48.9939
LOG (gmm-gselect:main():gmm-gselect.cc:115) For 2780'th file, average UBM likelihood over 306 frames is -49.9529
LOG (gmm-gselect:main():gmm-gselect.cc:115) For 2790'th file, average UBM likelihood over 326 frames is -43.7861
LOG (gmm-gselect:main():gmm-gselect.cc:115) For 2800'th file, average UBM likelihood over 166 frames is -46.5083
LOG (gmm-gselect:main():gmm-gselect.cc:115) For 2810'th file, average UBM likelihood over 338 frames is -50.8013
LOG (gmm-gselect:main():gmm-gselect.cc:115) For 2820'th file, average UBM likelihood over 409 frames is -44.6364
LOG (gmm-gselect:main():gmm-gselect.cc:115) For 2830'th file, average UBM likelihood over 191 frames is -45.3862
LOG (gmm-gselect:main():gmm-gselect.cc:115) For 2840'th file, average UBM likelihood over 306 frames is -46.7999
LOG (gmm-gselect:main():gmm-gselect.cc:115) For 2850'th file, average UBM likelihood over 319 frames is -48.4515
LOG (gmm-gselect:main():gmm-gselect.cc:115) For 2860'th file, average UBM likelihood over 294 frames is -44.9296
LOG (gmm-gselect:main():gmm-gselect.cc:115) For 2870'th file, average UBM likelihood over 422 frames is -44.795
LOG (gmm-gselect:main():gmm-gselect.cc:115) For 2880'th file, average UBM likelihood over 447 frames is -48.5989
LOG (gmm-gselect:main():gmm-gselect.cc:115) For 2890'th file, average UBM likelihood over 153 frames is -42.7256
LOG (gmm-gselect:main():gmm-gselect.cc:115) For 2900'th file, average UBM likelihood over 268 frames is -47.2324
LOG (gmm-gselect:main():gmm-gselect.cc:115) For 2910'th file, average UBM likelihood over 242 frames is -43.3735
LOG (gmm-gselect:main():gmm-gselect.cc:115) For 2920'th file, average UBM likelihood over 242 frames is -45.7188
LOG (gmm-gselect:main():gmm-gselect.cc:115) For 2930'th file, average UBM likelihood over 230 frames is -46.8476
LOG (gmm-gselect:main():gmm-gselect.cc:115) For 2940'th file, average UBM likelihood over 242 frames is -44.7135
LOG (gmm-gselect:main():gmm-gselect.cc:115) For 2950'th file, average UBM likelihood over 281 frames is -38.5392
LOG (gmm-gselect:main():gmm-gselect.cc:115) For 2960'th file, average UBM likelihood over 153 frames is -47.7118
LOG (gmm-gselect:main():gmm-gselect.cc:115) For 2970'th file, average UBM likelihood over 204 frames is -48.6368
LOG (gmm-gselect:main():gmm-gselect.cc:115) For 2980'th file, average UBM likelihood over 217 frames is -49.6388
LOG (gmm-gselect:main():gmm-gselect.cc:115) For 2990'th file, average UBM likelihood over 268 frames is -52.8662
LOG (gmm-gselect:main():gmm-gselect.cc:115) For 3000'th file, average UBM likelihood over 287 frames is -40.3696
LOG (gmm-gselect:main():gmm-gselect.cc:115) For 3010'th file, average UBM likelihood over 191 frames is -46.318
LOG (gmm-gselect:main():gmm-gselect.cc:115) For 3020'th file, average UBM likelihood over 263 frames is -45.0906
LOG (gmm-gselect:main():gmm-gselect.cc:115) For 3030'th file, average UBM likelihood over 191 frames is -52.3376
LOG (gmm-gselect:main():gmm-gselect.cc:115) For 3040'th file, average UBM likelihood over 479 frames is -50.7466
LOG (gmm-gselect:main():gmm-gselect.cc:115) For 3050'th file, average UBM likelihood over 251 frames is -54.5959
LOG (gmm-gselect:main():gmm-gselect.cc:115) For 3060'th file, average UBM likelihood over 167 frames is -52.1419
LOG (gmm-gselect:main():gmm-gselect.cc:115) For 3070'th file, average UBM likelihood over 287 frames is -46.6273
LOG (gmm-gselect:main():gmm-gselect.cc:115) For 3080'th file, average UBM likelihood over 239 frames is -49.5657
LOG (gmm-gselect:main():gmm-gselect.cc:115) For 3090'th file, average UBM likelihood over 364 frames is -51.4665
LOG (gmm-gselect:main():gmm-gselect.cc:115) For 3100'th file, average UBM likelihood over 294 frames is -42.2833
LOG (gmm-gselect:main():gmm-gselect.cc:115) For 3110'th file, average UBM likelihood over 306 frames is -48.3097
LOG (gmm-gselect:main():gmm-gselect.cc:115) For 3120'th file, average UBM likelihood over 396 frames is -47.5639
LOG (gmm-gselect:main():gmm-gselect.cc:115) For 3130'th file, average UBM likelihood over 255 frames is -49.0053
LOG (gmm-gselect:main():gmm-gselect.cc:115) For 3140'th file, average UBM likelihood over 268 frames is -49.7854
LOG (gmm-gselect:main():gmm-gselect.cc:115) For 3150'th file, average UBM likelihood over 191 frames is -48.2989
LOG (gmm-gselect:main():gmm-gselect.cc:115) For 3160'th file, average UBM likelihood over 377 frames is -49.864
LOG (gmm-gselect:main():gmm-gselect.cc:115) For 3170'th file, average UBM likelihood over 166 frames is -45.444
LOG (gmm-gselect:main():gmm-gselect.cc:115) For 3180'th file, average UBM likelihood over 319 frames is -49.4166
LOG (gmm-gselect:main():gmm-gselect.cc:115) For 3190'th file, average UBM likelihood over 503 frames is -50.1468
LOG (gmm-gselect:main():gmm-gselect.cc:115) For 3200'th file, average UBM likelihood over 335 frames is -51.4156
LOG (gmm-gselect:main():gmm-gselect.cc:115) For 3210'th file, average UBM likelihood over 281 frames is -47.5076
LOG (gmm-gselect:main():gmm-gselect.cc:115) For 3220'th file, average UBM likelihood over 300 frames is -51.4696
LOG (gmm-gselect:main():gmm-gselect.cc:115) For 3230'th file, average UBM likelihood over 281 frames is -48.5704
LOG (gmm-gselect:main():gmm-gselect.cc:115) For 3240'th file, average UBM likelihood over 262 frames is -54.5024
LOG (gmm-gselect:main():gmm-gselect.cc:115) For 3250'th file, average UBM likelihood over 217 frames is -44.2068
LOG (gmm-gselect:main():gmm-gselect.cc:115) For 3260'th file, average UBM likelihood over 230 frames is -48.7833
LOG (gmm-gselect:main():gmm-gselect.cc:115) For 3270'th file, average UBM likelihood over 178 frames is -50.3236
LOG (gmm-gselect:main():gmm-gselect.cc:115) For 3280'th file, average UBM likelihood over 217 frames is -49.5284
LOG (gmm-gselect:main():gmm-gselect.cc:115) For 3290'th file, average UBM likelihood over 255 frames is -49.2967
LOG (gmm-gselect:main():gmm-gselect.cc:115) For 3300'th file, average UBM likelihood over 191 frames is -43.342
LOG (gmm-gselect:main():gmm-gselect.cc:115) For 3310'th file, average UBM likelihood over 281 frames is -48.173
LOG (gmm-gselect:main():gmm-gselect.cc:115) For 3320'th file, average UBM likelihood over 223 frames is -48.6677
LOG (gmm-gselect:main():gmm-gselect.cc:115) For 3330'th file, average UBM likelihood over 255 frames is -48.5949
LOG (gmm-gselect:main():gmm-gselect.cc:115) For 3340'th file, average UBM likelihood over 185 frames is -49.605
LOG (gmm-gselect:main():gmm-gselect.cc:115) For 3350'th file, average UBM likelihood over 153 frames is -46.9847
LOG (gmm-gselect:main():gmm-gselect.cc:115) For 3360'th file, average UBM likelihood over 166 frames is -45.0933
LOG (gmm-gselect:main():gmm-gselect.cc:115) For 3370'th file, average UBM likelihood over 153 frames is -50.5211
LOG (gmm-gselect:main():gmm-gselect.cc:115) For 3380'th file, average UBM likelihood over 153 frames is -43.632
LOG (gmm-gselect:main():gmm-gselect.cc:115) For 3390'th file, average UBM likelihood over 178 frames is -47.4541
LOG (gmm-gselect:main():gmm-gselect.cc:115) For 3400'th file, average UBM likelihood over 345 frames is -41.2213
LOG (gmm-gselect:main():gmm-gselect.cc:115) For 3410'th file, average UBM likelihood over 281 frames is -49.9871
LOG (gmm-gselect:main():gmm-gselect.cc:115) For 3420'th file, average UBM likelihood over 217 frames is -47.4979
LOG (gmm-gselect:main():gmm-gselect.cc:115) For 3430'th file, average UBM likelihood over 191 frames is -46.8705
LOG (gmm-gselect:main():gmm-gselect.cc:115) For 3440'th file, average UBM likelihood over 153 frames is -44.3674
LOG (gmm-gselect:main():gmm-gselect.cc:115) For 3450'th file, average UBM likelihood over 204 frames is -46.9745
LOG (gmm-gselect:main():gmm-gselect.cc:115) For 3460'th file, average UBM likelihood over 153 frames is -47.8192
LOG (gmm-gselect:main():gmm-gselect.cc:115) For 3470'th file, average UBM likelihood over 306 frames is -46.8106
LOG (gmm-gselect:main():gmm-gselect.cc:115) For 3480'th file, average UBM likelihood over 153 frames is -48.9499
LOG (gmm-gselect:main():gmm-gselect.cc:115) For 3490'th file, average UBM likelihood over 255 frames is -51.7845
LOG (gmm-gselect:main():gmm-gselect.cc:115) For 3500'th file, average UBM likelihood over 268 frames is -49.4847
LOG (gmm-gselect:main():gmm-gselect.cc:115) For 3510'th file, average UBM likelihood over 255 frames is -47.6642
LOG (gmm-gselect:main():gmm-gselect.cc:115) For 3520'th file, average UBM likelihood over 281 frames is -47.1696
LOG (gmm-gselect:main():gmm-gselect.cc:115) For 3530'th file, average UBM likelihood over 204 frames is -48.5551
LOG (gmm-gselect:main():gmm-gselect.cc:115) For 3540'th file, average UBM likelihood over 306 frames is -50.8936
LOG (gmm-gselect:main():gmm-gselect.cc:115) For 3550'th file, average UBM likelihood over 230 frames is -52.3499
LOG (gmm-gselect:main():gmm-gselect.cc:115) For 3560'th file, average UBM likelihood over 268 frames is -48.1216
LOG (gmm-gselect:main():gmm-gselect.cc:115) For 3570'th file, average UBM likelihood over 230 frames is -49.1338
LOG (gmm-gselect:main():gmm-gselect.cc:115) For 3580'th file, average UBM likelihood over 242 frames is -39.8946
LOG (gmm-gselect:main():gmm-gselect.cc:115) For 3590'th file, average UBM likelihood over 434 frames is -48.7542
LOG (gmm-gselect:main():gmm-gselect.cc:115) For 3600'th file, average UBM likelihood over 166 frames is -45.704
LOG (gmm-gselect:main():gmm-gselect.cc:115) For 3610'th file, average UBM likelihood over 268 frames is -47.7325
LOG (gmm-gselect:main():gmm-gselect.cc:115) For 3620'th file, average UBM likelihood over 294 frames is -51.5007
LOG (gmm-gselect:main():gmm-gselect.cc:115) For 3630'th file, average UBM likelihood over 473 frames is -44.2998
LOG (gmm-gselect:main():gmm-gselect.cc:115) For 3640'th file, average UBM likelihood over 166 frames is -47.0366
LOG (gmm-gselect:main():gmm-gselect.cc:115) For 3650'th file, average UBM likelihood over 319 frames is -48.196
LOG (gmm-gselect:main():gmm-gselect.cc:115) For 3660'th file, average UBM likelihood over 383 frames is -49.8109
LOG (gmm-gselect:main():gmm-gselect.cc:115) For 3670'th file, average UBM likelihood over 306 frames is -46.9367
LOG (gmm-gselect:main():gmm-gselect.cc:115) For 3680'th file, average UBM likelihood over 230 frames is -49.1849
LOG (gmm-gselect:main():gmm-gselect.cc:115) For 3690'th file, average UBM likelihood over 217 frames is -48.7908
LOG (gmm-gselect:main():gmm-gselect.cc:115) For 3700'th file, average UBM likelihood over 239 frames is -39.8599
LOG (gmm-gselect:main():gmm-gselect.cc:115) For 3710'th file, average UBM likelihood over 178 frames is -49.4049
LOG (gmm-gselect:main():gmm-gselect.cc:115) For 3720'th file, average UBM likelihood over 191 frames is -42.6141
LOG (gmm-gselect:main():gmm-gselect.cc:115) For 3730'th file, average UBM likelihood over 204 frames is -46.1288
LOG (gmm-gselect:main():gmm-gselect.cc:115) For 3740'th file, average UBM likelihood over 178 frames is -49.1181
LOG (gmm-gselect:main():gmm-gselect.cc:115) For 3750'th file, average UBM likelihood over 179 frames is -45.9173
LOG (gmm-gselect:main():gmm-gselect.cc:115) For 3760'th file, average UBM likelihood over 227 frames is -50.6933
LOG (gmm-gselect:main():gmm-gselect.cc:115) For 3770'th file, average UBM likelihood over 287 frames is -44.8765
LOG (gmm-gselect:main():gmm-gselect.cc:115) For 3780'th file, average UBM likelihood over 527 frames is -46.4039
LOG (gmm-gselect:main():gmm-gselect.cc:115) For 3790'th file, average UBM likelihood over 178 frames is -48.0053
LOG (gmm-gselect:main():gmm-gselect.cc:115) For 3800'th file, average UBM likelihood over 153 frames is -43.9684
LOG (gmm-gselect:main():gmm-gselect.cc:115) For 3810'th file, average UBM likelihood over 191 frames is -46.0123
LOG (gmm-gselect:main():gmm-gselect.cc:115) For 3820'th file, average UBM likelihood over 323 frames is -45.1963
LOG (gmm-gselect:main():gmm-gselect.cc:115) For 3830'th file, average UBM likelihood over 359 frames is -49.9497
LOG (gmm-gselect:main():gmm-gselect.cc:115) For 3840'th file, average UBM likelihood over 207 frames is -49.7202
LOG (gmm-gselect:main():gmm-gselect.cc:115) For 3850'th file, average UBM likelihood over 129 frames is -41.7159
LOG (gmm-gselect:main():gmm-gselect.cc:115) For 3860'th file, average UBM likelihood over 178 frames is -42.9514
LOG (gmm-gselect:main():gmm-gselect.cc:115) For 3870'th file, average UBM likelihood over 281 frames is -49.086
LOG (gmm-gselect:main():gmm-gselect.cc:115) For 3880'th file, average UBM likelihood over 217 frames is -47.9567
LOG (gmm-gselect:main():gmm-gselect.cc:115) For 3890'th file, average UBM likelihood over 242 frames is -46.4486
LOG (gmm-gselect:main():gmm-gselect.cc:115) For 3900'th file, average UBM likelihood over 272 frames is -45.6909
LOG (gmm-gselect:main():gmm-gselect.cc:115) For 3910'th file, average UBM likelihood over 217 frames is -47.1611
LOG (gmm-gselect:main():gmm-gselect.cc:115) For 3920'th file, average UBM likelihood over 268 frames is -49.6248
LOG (gmm-gselect:main():gmm-gselect.cc:115) For 3930'th file, average UBM likelihood over 255 frames is -43.7329
LOG (gmm-gselect:main():gmm-gselect.cc:115) For 3940'th file, average UBM likelihood over 337 frames is -43.4632
LOG (gmm-gselect:main():gmm-gselect.cc:115) For 3950'th file, average UBM likelihood over 434 frames is -41.4106
LOG (gmm-gselect:main():gmm-gselect.cc:115) For 3960'th file, average UBM likelihood over 246 frames is -52.0768
LOG (gmm-gselect:main():gmm-gselect.cc:115) For 3970'th file, average UBM likelihood over 268 frames is -49.1452
LOG (gmm-gselect:main():gmm-gselect.cc:115) For 3980'th file, average UBM likelihood over 298 frames is -49.4463
LOG (gmm-gselect:main():gmm-gselect.cc:115) For 3990'th file, average UBM likelihood over 370 frames is -47.097
LOG (gmm-gselect:main():gmm-gselect.cc:115) For 4000'th file, average UBM likelihood over 383 frames is -50.0384
LOG (gmm-gselect:main():gmm-gselect.cc:115) For 4010'th file, average UBM likelihood over 230 frames is -48.4831
LOG (gmm-gselect:main():gmm-gselect.cc:115) For 4020'th file, average UBM likelihood over 191 frames is -43.7489
LOG (gmm-gselect:main():gmm-gselect.cc:115) For 4030'th file, average UBM likelihood over 191 frames is -47.6985
LOG (gmm-gselect:main():gmm-gselect.cc:115) For 4040'th file, average UBM likelihood over 319 frames is -44.3898
LOG (gmm-gselect:main():gmm-gselect.cc:115) For 4050'th file, average UBM likelihood over 350 frames is -48.2086
LOG (gmm-gselect:main():gmm-gselect.cc:115) For 4060'th file, average UBM likelihood over 230 frames is -45.4935
LOG (gmm-gselect:main():gmm-gselect.cc:115) For 4070'th file, average UBM likelihood over 217 frames is -42.4641
LOG (gmm-gselect:main():gmm-gselect.cc:115) For 4080'th file, average UBM likelihood over 332 frames is -47.0027
LOG (gmm-gselect:main():gmm-gselect.cc:115) For 4090'th file, average UBM likelihood over 217 frames is -48.0441
LOG (gmm-gselect:main():gmm-gselect.cc:115) For 4100'th file, average UBM likelihood over 306 frames is -47.3742
LOG (gmm-gselect:main():gmm-gselect.cc:115) For 4110'th file, average UBM likelihood over 217 frames is -49.2502
LOG (gmm-gselect:main():gmm-gselect.cc:115) For 4120'th file, average UBM likelihood over 217 frames is -48.2081
LOG (gmm-gselect:main():gmm-gselect.cc:115) For 4130'th file, average UBM likelihood over 242 frames is -46.4789
LOG (gmm-gselect:main():gmm-gselect.cc:115) For 4140'th file, average UBM likelihood over 396 frames is -50.8439
LOG (gmm-gselect:main():gmm-gselect.cc:115) For 4150'th file, average UBM likelihood over 178 frames is -47.5115
LOG (gmm-gselect:main():gmm-gselect.cc:115) For 4160'th file, average UBM likelihood over 262 frames is -49.0642
LOG (gmm-gselect:main():gmm-gselect.cc:115) For 4170'th file, average UBM likelihood over 178 frames is -45.5754
LOG (gmm-gselect:main():gmm-gselect.cc:115) For 4180'th file, average UBM likelihood over 217 frames is -43.0535
LOG (gmm-gselect:main():gmm-gselect.cc:115) For 4190'th file, average UBM likelihood over 358 frames is -45.8407
LOG (gmm-gselect:main():gmm-gselect.cc:115) For 4200'th file, average UBM likelihood over 319 frames is -44.9038
LOG (gmm-gselect:main():gmm-gselect.cc:115) For 4210'th file, average UBM likelihood over 191 frames is -51.38
LOG (gmm-gselect:main():gmm-gselect.cc:115) For 4220'th file, average UBM likelihood over 230 frames is -47.169
LOG (gmm-gselect:main():gmm-gselect.cc:115) For 4230'th file, average UBM likelihood over 204 frames is -48.8394
LOG (gmm-gselect:main():gmm-gselect.cc:115) For 4240'th file, average UBM likelihood over 207 frames is -47.8452
LOG (gmm-gselect:main():gmm-gselect.cc:115) For 4250'th file, average UBM likelihood over 281 frames is -41.8765
LOG (gmm-gselect:main():gmm-gselect.cc:115) For 4260'th file, average UBM likelihood over 332 frames is -47.1513
LOG (gmm-gselect:main():gmm-gselect.cc:115) For 4270'th file, average UBM likelihood over 242 frames is -54.3601
LOG (gmm-gselect:main():gmm-gselect.cc:115) For 4280'th file, average UBM likelihood over 217 frames is -48.8915
LOG (gmm-gselect:main():gmm-gselect.cc:115) For 4290'th file, average UBM likelihood over 198 frames is -46.172
LOG (gmm-gselect:main():gmm-gselect.cc:115) For 4300'th file, average UBM likelihood over 434 frames is -47.5546
LOG (gmm-gselect:main():gmm-gselect.cc:115) For 4310'th file, average UBM likelihood over 319 frames is -45.1603
LOG (gmm-gselect:main():gmm-gselect.cc:115) For 4320'th file, average UBM likelihood over 294 frames is -49.3171
LOG (gmm-gselect:main():gmm-gselect.cc:115) For 4330'th file, average UBM likelihood over 294 frames is -46.9575
LOG (gmm-gselect:main():gmm-gselect.cc:115) For 4340'th file, average UBM likelihood over 242 frames is -42.5916
LOG (gmm-gselect:main():gmm-gselect.cc:115) For 4350'th file, average UBM likelihood over 242 frames is -53.4006
LOG (gmm-gselect:main():gmm-gselect.cc:115) For 4360'th file, average UBM likelihood over 332 frames is -48.0211
LOG (gmm-gselect:main():gmm-gselect.cc:115) For 4370'th file, average UBM likelihood over 281 frames is -48.657
LOG (gmm-gselect:main():gmm-gselect.cc:115) For 4380'th file, average UBM likelihood over 319 frames is -48.5926
LOG (gmm-gselect:main():gmm-gselect.cc:115) For 4390'th file, average UBM likelihood over 233 frames is -50.167
LOG (gmm-gselect:main():gmm-gselect.cc:115) For 4400'th file, average UBM likelihood over 285 frames is -49.2244
LOG (gmm-gselect:main():gmm-gselect.cc:115) For 4410'th file, average UBM likelihood over 345 frames is -44.634
LOG (gmm-gselect:main():gmm-gselect.cc:115) For 4420'th file, average UBM likelihood over 255 frames is -47.2786
LOG (gmm-gselect:main():gmm-gselect.cc:115) For 4430'th file, average UBM likelihood over 791 frames is -49.2078
LOG (gmm-gselect:main():gmm-gselect.cc:115) For 4440'th file, average UBM likelihood over 407 frames is -49.4981
LOG (gmm-gselect:main():gmm-gselect.cc:115) For 4450'th file, average UBM likelihood over 268 frames is -51.0165
LOG (gmm-gselect:main():gmm-gselect.cc:115) For 4460'th file, average UBM likelihood over 306 frames is -49.4158
LOG (gmm-gselect:main():gmm-gselect.cc:115) For 4470'th file, average UBM likelihood over 242 frames is -42.9444
LOG (gmm-gselect:main():gmm-gselect.cc:115) For 4480'th file, average UBM likelihood over 268 frames is -49.98
LOG (gmm-gselect:main():gmm-gselect.cc:115) For 4490'th file, average UBM likelihood over 255 frames is -46.4427
LOG (gmm-gselect:main():gmm-gselect.cc:115) For 4500'th file, average UBM likelihood over 153 frames is -42.4838
LOG (gmm-gselect:main():gmm-gselect.cc:115) For 4510'th file, average UBM likelihood over 306 frames is -45.461
LOG (gmm-gselect:main():gmm-gselect.cc:115) For 4520'th file, average UBM likelihood over 255 frames is -43.9719
LOG (gmm-gselect:main():gmm-gselect.cc:115) For 4530'th file, average UBM likelihood over 409 frames is -41.4744
LOG (gmm-gselect:main():gmm-gselect.cc:115) For 4540'th file, average UBM likelihood over 262 frames is -54.0909
LOG (gmm-gselect:main():gmm-gselect.cc:115) For 4550'th file, average UBM likelihood over 332 frames is -46.3711
LOG (gmm-gselect:main():gmm-gselect.cc:115) For 4560'th file, average UBM likelihood over 239 frames is -48.8004
LOG (gmm-gselect:main():gmm-gselect.cc:115) For 4570'th file, average UBM likelihood over 415 frames is -46.0803
LOG (gmm-gselect:main():gmm-gselect.cc:115) For 4580'th file, average UBM likelihood over 217 frames is -45.2379
LOG (gmm-gselect:main():gmm-gselect.cc:115) For 4590'th file, average UBM likelihood over 178 frames is -47.7061
LOG (gmm-gselect:main():gmm-gselect.cc:115) For 4600'th file, average UBM likelihood over 230 frames is -45.7647
LOG (gmm-gselect:main():gmm-gselect.cc:115) For 4610'th file, average UBM likelihood over 306 frames is -40.7471
LOG (gmm-gselect:main():gmm-gselect.cc:115) For 4620'th file, average UBM likelihood over 191 frames is -39.5939
LOG (gmm-gselect:main():gmm-gselect.cc:115) For 4630'th file, average UBM likelihood over 249 frames is -43.974
LOG (gmm-gselect:main():gmm-gselect.cc:115) For 4640'th file, average UBM likelihood over 204 frames is -40.9863
LOG (gmm-gselect:main():gmm-gselect.cc:115) For 4650'th file, average UBM likelihood over 167 frames is -53.2634
LOG (gmm-gselect:main():gmm-gselect.cc:115) For 4660'th file, average UBM likelihood over 178 frames is -42.1346
LOG (gmm-gselect:main():gmm-gselect.cc:115) For 4670'th file, average UBM likelihood over 311 frames is -55.4451
LOG (gmm-gselect:main():gmm-gselect.cc:115) For 4680'th file, average UBM likelihood over 268 frames is -42.9016
LOG (gmm-gselect:main():gmm-gselect.cc:115) For 4690'th file, average UBM likelihood over 215 frames is -48.6015
LOG (gmm-gselect:main():gmm-gselect.cc:115) For 4700'th file, average UBM likelihood over 242 frames is -42.9761
LOG (gmm-gselect:main():gmm-gselect.cc:115) For 4710'th file, average UBM likelihood over 230 frames is -50.2571
LOG (gmm-gselect:main():gmm-gselect.cc:115) For 4720'th file, average UBM likelihood over 326 frames is -53.5048
LOG (gmm-gselect:main():gmm-gselect.cc:115) For 4730'th file, average UBM likelihood over 210 frames is -48.9008
LOG (gmm-gselect:main():gmm-gselect.cc:115) For 4740'th file, average UBM likelihood over 275 frames is -47.9085
LOG (gmm-gselect:main():gmm-gselect.cc:115) For 4750'th file, average UBM likelihood over 198 frames is -54.3045
LOG (gmm-gselect:main():gmm-gselect.cc:115) For 4760'th file, average UBM likelihood over 227 frames is -57.9625
LOG (gmm-gselect:main():gmm-gselect.cc:115) For 4770'th file, average UBM likelihood over 249 frames is -54.6558
LOG (gmm-gselect:main():gmm-gselect.cc:115) For 4780'th file, average UBM likelihood over 337 frames is -49.7787
LOG (gmm-gselect:main():gmm-gselect.cc:115) For 4790'th file, average UBM likelihood over 262 frames is -52.8739
LOG (gmm-gselect:main():gmm-gselect.cc:115) For 4800'th file, average UBM likelihood over 272 frames is -48.3874
LOG (gmm-gselect:main():gmm-gselect.cc:115) For 4810'th file, average UBM likelihood over 191 frames is -44.0621
LOG (gmm-gselect:main():gmm-gselect.cc:115) For 4820'th file, average UBM likelihood over 298 frames is -48.5711
LOG (gmm-gselect:main():gmm-gselect.cc:115) For 4830'th file, average UBM likelihood over 204 frames is -51.1534
LOG (gmm-gselect:main():gmm-gselect.cc:115) For 4840'th file, average UBM likelihood over 350 frames is -47.384
LOG (gmm-gselect:main():gmm-gselect.cc:115) For 4850'th file, average UBM likelihood over 249 frames is -52.6072
LOG (gmm-gselect:main():gmm-gselect.cc:115) For 4860'th file, average UBM likelihood over 311 frames is -52.4225
LOG (gmm-gselect:main():gmm-gselect.cc:115) For 4870'th file, average UBM likelihood over 259 frames is -42.6541
LOG (gmm-gselect:main():gmm-gselect.cc:115) For 4880'th file, average UBM likelihood over 230 frames is -48.2335
LOG (gmm-gselect:main():gmm-gselect.cc:115) For 4890'th file, average UBM likelihood over 285 frames is -45.5838
LOG (gmm-gselect:main():gmm-gselect.cc:115) For 4900'th file, average UBM likelihood over 223 frames is -52.0077
LOG (gmm-gselect:main():gmm-gselect.cc:115) For 4910'th file, average UBM likelihood over 383 frames is -47.3601
LOG (gmm-gselect:main():gmm-gselect.cc:115) For 4920'th file, average UBM likelihood over 326 frames is -49.9412
LOG (gmm-gselect:main():gmm-gselect.cc:115) For 4930'th file, average UBM likelihood over 281 frames is -45.1536
LOG (gmm-gselect:main():gmm-gselect.cc:115) For 4940'th file, average UBM likelihood over 198 frames is -51.9313
LOG (gmm-gselect:main():gmm-gselect.cc:115) For 4950'th file, average UBM likelihood over 364 frames is -48.8415
LOG (gmm-gselect:main():gmm-gselect.cc:115) For 4960'th file, average UBM likelihood over 443 frames is -47.8336
LOG (gmm-gselect:main():gmm-gselect.cc:115) For 4970'th file, average UBM likelihood over 178 frames is -49.8313
LOG (gmm-gselect:main():gmm-gselect.cc:115) For 4980'th file, average UBM likelihood over 287 frames is -56.5809
LOG (gmm-gselect:main():gmm-gselect.cc:115) For 4990'th file, average UBM likelihood over 204 frames is -54.9991
LOG (gmm-gselect:main():gmm-gselect.cc:115) For 5000'th file, average UBM likelihood over 323 frames is -56.3895
LOG (gmm-gselect:main():gmm-gselect.cc:115) For 5010'th file, average UBM likelihood over 178 frames is -44.0217
LOG (gmm-gselect:main():gmm-gselect.cc:115) For 5020'th file, average UBM likelihood over 166 frames is -44.8906
LOG (gmm-gselect:main():gmm-gselect.cc:115) For 5030'th file, average UBM likelihood over 204 frames is -39.7109
LOG (gmm-gselect:main():gmm-gselect.cc:115) For 5040'th file, average UBM likelihood over 166 frames is -46.5046
LOG (gmm-gselect:main():gmm-gselect.cc:115) For 5050'th file, average UBM likelihood over 166 frames is -50.3652
LOG (gmm-gselect:main():gmm-gselect.cc:115) For 5060'th file, average UBM likelihood over 178 frames is -46.9412
LOG (gmm-gselect:main():gmm-gselect.cc:115) For 5070'th file, average UBM likelihood over 383 frames is -46.3753
LOG (gmm-gselect:main():gmm-gselect.cc:115) For 5080'th file, average UBM likelihood over 204 frames is -50.17
LOG (gmm-gselect:main():gmm-gselect.cc:115) For 5090'th file, average UBM likelihood over 172 frames is -51.5034
LOG (gmm-gselect:main():gmm-gselect.cc:115) For 5100'th file, average UBM likelihood over 294 frames is -46.7425
LOG (gmm-gselect:main():gmm-gselect.cc:115) For 5110'th file, average UBM likelihood over 223 frames is -50.9945
LOG (gmm-gselect:main():gmm-gselect.cc:115) For 5120'th file, average UBM likelihood over 332 frames is -50.5864
LOG (gmm-gselect:main():gmm-gselect.cc:115) For 5130'th file, average UBM likelihood over 242 frames is -48.0308
LOG (gmm-gselect:main():gmm-gselect.cc:115) For 5140'th file, average UBM likelihood over 236 frames is -47.7382
LOG (gmm-gselect:main():gmm-gselect.cc:115) For 5150'th file, average UBM likelihood over 294 frames is -45.8351
LOG (gmm-gselect:main():gmm-gselect.cc:115) For 5160'th file, average UBM likelihood over 255 frames is -49.4277
LOG (gmm-gselect:main():gmm-gselect.cc:115) For 5170'th file, average UBM likelihood over 210 frames is -51.9672
LOG (gmm-gselect:main():gmm-gselect.cc:115) For 5180'th file, average UBM likelihood over 242 frames is -43.7651
LOG (gmm-gselect:main():gmm-gselect.cc:115) For 5190'th file, average UBM likelihood over 306 frames is -52.3969
LOG (gmm-gselect:main():gmm-gselect.cc:115) For 5200'th file, average UBM likelihood over 294 frames is -47.178
LOG (gmm-gselect:main():gmm-gselect.cc:115) For 5210'th file, average UBM likelihood over 281 frames is -55.3308
LOG (gmm-gselect:main():gmm-gselect.cc:115) For 5220'th file, average UBM likelihood over 395 frames is -50.9844
LOG (gmm-gselect:main():gmm-gselect.cc:115) For 5230'th file, average UBM likelihood over 191 frames is -51.0907
LOG (gmm-gselect:main():gmm-gselect.cc:115) For 5240'th file, average UBM likelihood over 332 frames is -48.7172
LOG (gmm-gselect:main():gmm-gselect.cc:115) For 5250'th file, average UBM likelihood over 383 frames is -51.4938
LOG (gmm-gselect:main():gmm-gselect.cc:115) For 5260'th file, average UBM likelihood over 203 frames is -45.7823
LOG (gmm-gselect:main():gmm-gselect.cc:115) For 5270'th file, average UBM likelihood over 623 frames is -42.0436
LOG (gmm-gselect:main():gmm-gselect.cc:115) For 5280'th file, average UBM likelihood over 311 frames is -43.304
LOG (gmm-gselect:main():gmm-gselect.cc:115) For 5290'th file, average UBM likelihood over 227 frames is -47.7672
LOG (gmm-gselect:main():gmm-gselect.cc:115) For 5300'th file, average UBM likelihood over 227 frames is -51.993
LOG (gmm-gselect:main():gmm-gselect.cc:115) For 5310'th file, average UBM likelihood over 191 frames is -47.1065
LOG (gmm-gselect:main():gmm-gselect.cc:115) For 5320'th file, average UBM likelihood over 227 frames is -47.9272
LOG (gmm-gselect:main():gmm-gselect.cc:115) For 5330'th file, average UBM likelihood over 323 frames is -47.8732
LOG (gmm-gselect:main():gmm-gselect.cc:115) For 5340'th file, average UBM likelihood over 215 frames is -51.1508
LOG (gmm-gselect:main():gmm-gselect.cc:115) For 5350'th file, average UBM likelihood over 294 frames is -46.6749
LOG (gmm-gselect:main():gmm-gselect.cc:115) For 5360'th file, average UBM likelihood over 227 frames is -50.7021
LOG (gmm-gselect:main():gmm-gselect.cc:115) For 5370'th file, average UBM likelihood over 215 frames is -48.0896
LOG (gmm-gselect:main():gmm-gselect.cc:115) For 5380'th file, average UBM likelihood over 143 frames is -49.0119
LOG (gmm-gselect:main():gmm-gselect.cc:115) For 5390'th file, average UBM likelihood over 217 frames is -42.2966
LOG (gmm-gselect:main():gmm-gselect.cc:115) For 5400'th file, average UBM likelihood over 143 frames is -45.2933
LOG (gmm-gselect:main():gmm-gselect.cc:115) For 5410'th file, average UBM likelihood over 242 frames is -42.4256
LOG (gmm-gselect:main():gmm-gselect.cc:115) For 5420'th file, average UBM likelihood over 191 frames is -47.5177
LOG (gmm-gselect:main():gmm-gselect.cc:115) For 5430'th file, average UBM likelihood over 215 frames is -47.9603
LOG (gmm-gselect:main():gmm-gselect.cc:115) For 5440'th file, average UBM likelihood over 203 frames is -45.6793
LOG (gmm-gselect:main():gmm-gselect.cc:115) For 5450'th file, average UBM likelihood over 215 frames is -49.9708
LOG (gmm-gselect:main():gmm-gselect.cc:115) For 5460'th file, average UBM likelihood over 167 frames is -48.1344
LOG (gmm-gselect:main():gmm-gselect.cc:115) For 5470'th file, average UBM likelihood over 203 frames is -44.8217
LOG (gmm-gselect:main():gmm-gselect.cc:115) For 5480'th file, average UBM likelihood over 179 frames is -45.6228
LOG (gmm-gselect:main():gmm-gselect.cc:115) For 5490'th file, average UBM likelihood over 275 frames is -46.9069
LOG (gmm-gselect:main():gmm-gselect.cc:115) For 5500'th file, average UBM likelihood over 251 frames is -52.4312
LOG (gmm-gselect:main():gmm-gselect.cc:115) For 5510'th file, average UBM likelihood over 299 frames is -52.6907
LOG (gmm-gselect:main():gmm-gselect.cc:115) For 5520'th file, average UBM likelihood over 299 frames is -53.8108
LOG (gmm-gselect:main():gmm-gselect.cc:115) For 5530'th file, average UBM likelihood over 275 frames is -50.0412
LOG (gmm-gselect:main():gmm-gselect.cc:115) For 5540'th file, average UBM likelihood over 299 frames is -50.8431
LOG (gmm-gselect:main():gmm-gselect.cc:115) For 5550'th file, average UBM likelihood over 371 frames is -50.3231
LOG (gmm-gselect:main():gmm-gselect.cc:115) For 5560'th file, average UBM likelihood over 263 frames is -51.877
LOG (gmm-gselect:main():gmm-gselect.cc:115) For 5570'th file, average UBM likelihood over 311 frames is -50.8396
LOG (gmm-gselect:main():gmm-gselect.cc:115) For 5580'th file, average UBM likelihood over 287 frames is -51.1559
LOG (gmm-gselect:main():gmm-gselect.cc:115) For 5590'th file, average UBM likelihood over 215 frames is -50.0788
LOG (gmm-gselect:main():gmm-gselect.cc:115) For 5600'th file, average UBM likelihood over 335 frames is -53.7207
LOG (gmm-gselect:main():gmm-gselect.cc:115) For 5610'th file, average UBM likelihood over 215 frames is -50.2423
LOG (gmm-gselect:main():gmm-gselect.cc:115) For 5620'th file, average UBM likelihood over 227 frames is -56.9289
LOG (gmm-gselect:main():gmm-gselect.cc:115) For 5630'th file, average UBM likelihood over 179 frames is -46.9447
LOG (gmm-gselect:main():gmm-gselect.cc:115) For 5640'th file, average UBM likelihood over 263 frames is -48.4098
LOG (gmm-gselect:main():gmm-gselect.cc:115) For 5650'th file, average UBM likelihood over 227 frames is -48.3961
LOG (gmm-gselect:main():gmm-gselect.cc:115) For 5660'th file, average UBM likelihood over 323 frames is -48.1772
LOG (gmm-gselect:main():gmm-gselect.cc:115) For 5670'th file, average UBM likelihood over 251 frames is -50.9522
LOG (gmm-gselect:main():gmm-gselect.cc:115) For 5680'th file, average UBM likelihood over 191 frames is -49.7477
LOG (gmm-gselect:main():gmm-gselect.cc:115) For 5690'th file, average UBM likelihood over 383 frames is -50.3829
LOG (gmm-gselect:main():gmm-gselect.cc:115) For 5700'th file, average UBM likelihood over 287 frames is -50.1252
LOG (gmm-gselect:main():gmm-gselect.cc:115) For 5710'th file, average UBM likelihood over 166 frames is -41.5481
LOG (gmm-gselect:main():gmm-gselect.cc:115) For 5720'th file, average UBM likelihood over 166 frames is -42.9873
LOG (gmm-gselect:main():gmm-gselect.cc:115) For 5730'th file, average UBM likelihood over 242 frames is -43.4039
LOG (gmm-gselect:main():gmm-gselect.cc:115) For 5740'th file, average UBM likelihood over 332 frames is -42.0448
LOG (gmm-gselect:main():gmm-gselect.cc:115) For 5750'th file, average UBM likelihood over 204 frames is -43.2263
LOG (gmm-gselect:main():gmm-gselect.cc:115) For 5760'th file, average UBM likelihood over 306 frames is -47.8713
LOG (gmm-gselect:main():gmm-gselect.cc:115) For 5770'th file, average UBM likelihood over 281 frames is -47.5264
LOG (gmm-gselect:main():gmm-gselect.cc:115) For 5780'th file, average UBM likelihood over 268 frames is -43.5615
LOG (gmm-gselect:main():gmm-gselect.cc:115) For 5790'th file, average UBM likelihood over 306 frames is -49.552
LOG (gmm-gselect:main():gmm-gselect.cc:115) For 5800'th file, average UBM likelihood over 255 frames is -44.06
LOG (gmm-gselect:main():gmm-gselect.cc:115) For 5810'th file, average UBM likelihood over 217 frames is -46.4633
LOG (gmm-gselect:main():gmm-gselect.cc:115) For 5820'th file, average UBM likelihood over 239 frames is -48.5635
LOG (gmm-gselect:main():gmm-gselect.cc:115) For 5830'th file, average UBM likelihood over 242 frames is -44.1611
LOG (gmm-gselect:main():gmm-gselect.cc:115) For 5840'th file, average UBM likelihood over 217 frames is -46.1456
LOG (gmm-gselect:main():gmm-gselect.cc:115) For 5850'th file, average UBM likelihood over 294 frames is -49.9173
LOG (gmm-gselect:main():gmm-gselect.cc:115) For 5860'th file, average UBM likelihood over 204 frames is -42.0882
LOG (gmm-gselect:main():gmm-gselect.cc:115) For 5870'th file, average UBM likelihood over 178 frames is -50.8597
LOG (gmm-gselect:main():gmm-gselect.cc:115) For 5880'th file, average UBM likelihood over 281 frames is -50.5245
LOG (gmm-gselect:main():gmm-gselect.cc:115) For 5890'th file, average UBM likelihood over 335 frames is -51.6466
LOG (gmm-gselect:main():gmm-gselect.cc:115) For 5900'th file, average UBM likelihood over 242 frames is -48.1509
LOG (gmm-gselect:main():gmm-gselect.cc:115) For 5910'th file, average UBM likelihood over 319 frames is -41.9686
LOG (gmm-gselect:main():gmm-gselect.cc:115) For 5920'th file, average UBM likelihood over 230 frames is -44.2909
LOG (gmm-gselect:main():gmm-gselect.cc:115) For 5930'th file, average UBM likelihood over 409 frames is -45.3379
LOG (gmm-gselect:main():gmm-gselect.cc:115) For 5940'th file, average UBM likelihood over 255 frames is -43.5318
LOG (gmm-gselect:main():gmm-gselect.cc:115) For 5950'th file, average UBM likelihood over 345 frames is -45.9519
LOG (gmm-gselect:main():gmm-gselect.cc:115) For 5960'th file, average UBM likelihood over 345 frames is -50.4038
LOG (gmm-gselect:main():gmm-gselect.cc:115) For 5970'th file, average UBM likelihood over 294 frames is -48.2013
LOG (gmm-gselect:main():gmm-gselect.cc:115) For 5980'th file, average UBM likelihood over 345 frames is -52.8523
LOG (gmm-gselect:main():gmm-gselect.cc:115) For 5990'th file, average UBM likelihood over 268 frames is -53.3781
LOG (gmm-gselect:main():gmm-gselect.cc:115) For 6000'th file, average UBM likelihood over 486 frames is -45.5887
LOG (gmm-gselect:main():gmm-gselect.cc:115) For 6010'th file, average UBM likelihood over 524 frames is -46.8391
LOG (gmm-gselect:main():gmm-gselect.cc:115) For 6020'th file, average UBM likelihood over 306 frames is -48.4099
LOG (gmm-gselect:main():gmm-gselect.cc:115) For 6030'th file, average UBM likelihood over 242 frames is -47.4835
LOG (gmm-gselect:main():gmm-gselect.cc:115) For 6040'th file, average UBM likelihood over 294 frames is -52.9607
LOG (gmm-gselect:main():gmm-gselect.cc:115) For 6050'th file, average UBM likelihood over 230 frames is -42.5962
LOG (gmm-gselect:main():gmm-gselect.cc:115) For 6060'th file, average UBM likelihood over 294 frames is -50.51
LOG (gmm-gselect:main():gmm-gselect.cc:115) For 6070'th file, average UBM likelihood over 306 frames is -48.0937
LOG (gmm-gselect:main():gmm-gselect.cc:115) For 6080'th file, average UBM likelihood over 294 frames is -51.1688
LOG (gmm-gselect:main():gmm-gselect.cc:115) For 6090'th file, average UBM likelihood over 217 frames is -45.4222
LOG (gmm-gselect:main():gmm-gselect.cc:115) For 6100'th file, average UBM likelihood over 319 frames is -49.7057
LOG (gmm-gselect:main():gmm-gselect.cc:115) For 6110'th file, average UBM likelihood over 191 frames is -44.72
LOG (gmm-gselect:main():gmm-gselect.cc:115) For 6120'th file, average UBM likelihood over 370 frames is -44.442
LOG (gmm-gselect:main():gmm-gselect.cc:115) For 6130'th file, average UBM likelihood over 242 frames is -43.9527
LOG (gmm-gselect:main():gmm-gselect.cc:115) For 6140'th file, average UBM likelihood over 166 frames is -45.1526
LOG (gmm-gselect:main():gmm-gselect.cc:115) For 6150'th file, average UBM likelihood over 230 frames is -42.8325
LOG (gmm-gselect:main():gmm-gselect.cc:115) For 6160'th file, average UBM likelihood over 262 frames is -45.446
LOG (gmm-gselect:main():gmm-gselect.cc:115) For 6170'th file, average UBM likelihood over 396 frames is -47.4407
LOG (gmm-gselect:main():gmm-gselect.cc:115) For 6180'th file, average UBM likelihood over 223 frames is -45.2795
LOG (gmm-gselect:main():gmm-gselect.cc:115) For 6190'th file, average UBM likelihood over 364 frames is -47.1101
LOG (gmm-gselect:main():gmm-gselect.cc:115) For 6200'th file, average UBM likelihood over 198 frames is -40.7245
LOG (gmm-gselect:main():gmm-gselect.cc:115) For 6210'th file, average UBM likelihood over 230 frames is -50.9306
LOG (gmm-gselect:main():gmm-gselect.cc:115) For 6220'th file, average UBM likelihood over 191 frames is -47.6567
LOG (gmm-gselect:main():gmm-gselect.cc:115) For 6230'th file, average UBM likelihood over 215 frames is -47.7033
LOG (gmm-gselect:main():gmm-gselect.cc:115) For 6240'th file, average UBM likelihood over 299 frames is -48.2065
LOG (gmm-gselect:main():gmm-gselect.cc:115) For 6250'th file, average UBM likelihood over 383 frames is -43.5843
LOG (gmm-gselect:main():gmm-gselect.cc:115) For 6260'th file, average UBM likelihood over 281 frames is -43.2599
LOG (gmm-gselect:main():gmm-gselect.cc:115) For 6270'th file, average UBM likelihood over 311 frames is -47.3707
LOG (gmm-gselect:main():gmm-gselect.cc:115) For 6280'th file, average UBM likelihood over 287 frames is -51.0705
LOG (gmm-gselect:main():gmm-gselect.cc:115) For 6290'th file, average UBM likelihood over 409 frames is -49.286
LOG (gmm-gselect:main():gmm-gselect.cc:115) For 6300'th file, average UBM likelihood over 166 frames is -48.7734
LOG (gmm-gselect:main():gmm-gselect.cc:115) For 6310'th file, average UBM likelihood over 299 frames is -51.2366
LOG (gmm-gselect:main():gmm-gselect.cc:115) For 6320'th file, average UBM likelihood over 323 frames is -50.8899
LOG (gmm-gselect:main():gmm-gselect.cc:115) For 6330'th file, average UBM likelihood over 251 frames is -49.8352
LOG (gmm-gselect:main():gmm-gselect.cc:115) For 6340'th file, average UBM likelihood over 251 frames is -52.1698
LOG (gmm-gselect:main():gmm-gselect.cc:115) For 6350'th file, average UBM likelihood over 359 frames is -49.2018
LOG (gmm-gselect:main():gmm-gselect.cc:115) For 6360'th file, average UBM likelihood over 275 frames is -48.9286
LOG (gmm-gselect:main():gmm-gselect.cc:115) For 6370'th file, average UBM likelihood over 251 frames is -54.3775
LOG (gmm-gselect:main():gmm-gselect.cc:115) For 6380'th file, average UBM likelihood over 263 frames is -48.8709
LOG (gmm-gselect:main():gmm-gselect.cc:115) For 6390'th file, average UBM likelihood over 227 frames is -46.2995
LOG (gmm-gselect:main():gmm-gselect.cc:115) For 6400'th file, average UBM likelihood over 419 frames is -48.3066
LOG (gmm-gselect:main():gmm-gselect.cc:115) For 6410'th file, average UBM likelihood over 203 frames is -54.1284
LOG (gmm-gselect:main():gmm-gselect.cc:115) For 6420'th file, average UBM likelihood over 359 frames is -51.1531
LOG (gmm-gselect:main():gmm-gselect.cc:115) For 6430'th file, average UBM likelihood over 287 frames is -55.9762
LOG (gmm-gselect:main():gmm-gselect.cc:115) For 6440'th file, average UBM likelihood over 217 frames is -44.1945
LOG (gmm-gselect:main():gmm-gselect.cc:115) For 6450'th file, average UBM likelihood over 227 frames is -51.9584
LOG (gmm-gselect:main():gmm-gselect.cc:115) For 6460'th file, average UBM likelihood over 371 frames is -46.1186
LOG (gmm-gselect:main():gmm-gselect.cc:115) For 6470'th file, average UBM likelihood over 268 frames is -53.4964
LOG (gmm-gselect:main():gmm-gselect.cc:115) For 6480'th file, average UBM likelihood over 311 frames is -43.5438
LOG (gmm-gselect:main():gmm-gselect.cc:115) For 6490'th file, average UBM likelihood over 335 frames is -51.8501
LOG (gmm-gselect:main():gmm-gselect.cc:115) For 6500'th file, average UBM likelihood over 263 frames is -44.7798
LOG (gmm-gselect:main():gmm-gselect.cc:115) For 6510'th file, average UBM likelihood over 167 frames is -50.8022
LOG (gmm-gselect:main():gmm-gselect.cc:115) For 6520'th file, average UBM likelihood over 251 frames is -45.0738
LOG (gmm-gselect:main():gmm-gselect.cc:115) For 6530'th file, average UBM likelihood over 323 frames is -46.0469
LOG (gmm-gselect:main():gmm-gselect.cc:115) For 6540'th file, average UBM likelihood over 203 frames is -50.1926
LOG (gmm-gselect:main():gmm-gselect.cc:115) For 6550'th file, average UBM likelihood over 191 frames is -52.3597
LOG (gmm-gselect:main():gmm-gselect.cc:115) For 6560'th file, average UBM likelihood over 227 frames is -48.1179
LOG (gmm-gselect:main():gmm-gselect.cc:115) For 6570'th file, average UBM likelihood over 227 frames is -45.8989
LOG (gmm-gselect:main():gmm-gselect.cc:115) For 6580'th file, average UBM likelihood over 311 frames is -51.7452
LOG (gmm-gselect:main():gmm-gselect.cc:115) For 6590'th file, average UBM likelihood over 179 frames is -49.0052
LOG (gmm-gselect:main():gmm-gselect.cc:115) For 6600'th file, average UBM likelihood over 181 frames is -45.331
LOG (gmm-gselect:main():gmm-gselect.cc:115) For 6610'th file, average UBM likelihood over 239 frames is -57.5484
LOG (gmm-gselect:main():gmm-gselect.cc:115) For 6620'th file, average UBM likelihood over 311 frames is -48.4294
LOG (gmm-gselect:main():gmm-gselect.cc:115) For 6630'th file, average UBM likelihood over 191 frames is -47.31
LOG (gmm-gselect:main():gmm-gselect.cc:115) For 6640'th file, average UBM likelihood over 178 frames is -42.5132
LOG (gmm-gselect:main():gmm-gselect.cc:115) For 6650'th file, average UBM likelihood over 359 frames is -43.3857
LOG (gmm-gselect:main():gmm-gselect.cc:115) For 6660'th file, average UBM likelihood over 203 frames is -41.9991
LOG (gmm-gselect:main():gmm-gselect.cc:115) For 6670'th file, average UBM likelihood over 172 frames is -47.9758
LOG (gmm-gselect:main():gmm-gselect.cc:115) For 6680'th file, average UBM likelihood over 191 frames is -47.1624
LOG (gmm-gselect:main():gmm-gselect.cc:115) For 6690'th file, average UBM likelihood over 204 frames is -46.1586
LOG (gmm-gselect:main():gmm-gselect.cc:115) For 6700'th file, average UBM likelihood over 191 frames is -45.628
LOG (gmm-gselect:main():gmm-gselect.cc:115) For 6710'th file, average UBM likelihood over 179 frames is -43.7311
LOG (gmm-gselect:main():gmm-gselect.cc:115) For 6720'th file, average UBM likelihood over 215 frames is -46.8622
LOG (gmm-gselect:main():gmm-gselect.cc:115) For 6730'th file, average UBM likelihood over 299 frames is -49.018
LOG (gmm-gselect:main():gmm-gselect.cc:115) For 6740'th file, average UBM likelihood over 383 frames is -47.365
LOG (gmm-gselect:main():gmm-gselect.cc:115) For 6750'th file, average UBM likelihood over 299 frames is -48.1757
LOG (gmm-gselect:main():gmm-gselect.cc:115) For 6760'th file, average UBM likelihood over 407 frames is -52.0734
LOG (gmm-gselect:main():gmm-gselect.cc:115) For 6770'th file, average UBM likelihood over 311 frames is -48.1967
LOG (gmm-gselect:main():gmm-gselect.cc:115) For 6780'th file, average UBM likelihood over 335 frames is -53.4444
LOG (gmm-gselect:main():gmm-gselect.cc:115) For 6790'th file, average UBM likelihood over 215 frames is -44.5042
LOG (gmm-gselect:main():gmm-gselect.cc:115) For 6800'th file, average UBM likelihood over 239 frames is -50.3962
LOG (gmm-gselect:main():gmm-gselect.cc:115) For 6810'th file, average UBM likelihood over 371 frames is -50.1303
LOG (gmm-gselect:main():gmm-gselect.cc:115) For 6820'th file, average UBM likelihood over 263 frames is -48.0327
LOG (gmm-gselect:main():gmm-gselect.cc:115) For 6830'th file, average UBM likelihood over 335 frames is -50.1721
LOG (gmm-gselect:main():gmm-gselect.cc:115) For 6840'th file, average UBM likelihood over 215 frames is -50.9031
LOG (gmm-gselect:main():gmm-gselect.cc:115) For 6850'th file, average UBM likelihood over 287 frames is -45.2321
LOG (gmm-gselect:main():gmm-gselect.cc:115) For 6860'th file, average UBM likelihood over 347 frames is -49.2735
LOG (gmm-gselect:main():gmm-gselect.cc:115) For 6870'th file, average UBM likelihood over 323 frames is -38.8392
LOG (gmm-gselect:main():gmm-gselect.cc:115) For 6880'th file, average UBM likelihood over 323 frames is -44.4236
LOG (gmm-gselect:main():gmm-gselect.cc:115) For 6890'th file, average UBM likelihood over 215 frames is -42.5987
LOG (gmm-gselect:main():gmm-gselect.cc:115) For 6900'th file, average UBM likelihood over 275 frames is -51.6954
LOG (gmm-gselect:main():gmm-gselect.cc:115) For 6910'th file, average UBM likelihood over 143 frames is -45.3992
LOG (gmm-gselect:main():gmm-gselect.cc:115) For 6920'th file, average UBM likelihood over 299 frames is -48.904
LOG (gmm-gselect:main():gmm-gselect.cc:115) For 6930'th file, average UBM likelihood over 155 frames is -46.6173
LOG (gmm-gselect:main():gmm-gselect.cc:115) For 6940'th file, average UBM likelihood over 227 frames is -43.6502
LOG (gmm-gselect:main():gmm-gselect.cc:115) For 6950'th file, average UBM likelihood over 251 frames is -52.6364
LOG (gmm-gselect:main():gmm-gselect.cc:115) For 6960'th file, average UBM likelihood over 227 frames is -45.2735
LOG (gmm-gselect:main():gmm-gselect.cc:115) For 6970'th file, average UBM likelihood over 251 frames is -47.683
LOG (gmm-gselect:main():gmm-gselect.cc:115) For 6980'th file, average UBM likelihood over 239 frames is -45.52
LOG (gmm-gselect:main():gmm-gselect.cc:115) For 6990'th file, average UBM likelihood over 371 frames is -46.2217
LOG (gmm-gselect:main():gmm-gselect.cc:115) For 7000'th file, average UBM likelihood over 227 frames is -43.057
LOG (gmm-gselect:main():gmm-gselect.cc:115) For 7010'th file, average UBM likelihood over 263 frames is -44.1889
LOG (gmm-gselect:main():gmm-gselect.cc:115) For 7020'th file, average UBM likelihood over 167 frames is -45.2656
LOG (gmm-gselect:main():gmm-gselect.cc:115) For 7030'th file, average UBM likelihood over 335 frames is -41.6578
LOG (gmm-gselect:main():gmm-gselect.cc:115) For 7040'th file, average UBM likelihood over 251 frames is -46.0289
LOG (gmm-gselect:main():gmm-gselect.cc:115) For 7050'th file, average UBM likelihood over 275 frames is -47.6548
LOG (gmm-gselect:main():gmm-gselect.cc:115) For 7060'th file, average UBM likelihood over 239 frames is -50.6335
LOG (gmm-gselect:main():gmm-gselect.cc:115) For 7070'th file, average UBM likelihood over 251 frames is -41.9295
LOG (gmm-gselect:main():gmm-gselect.cc:115) For 7080'th file, average UBM likelihood over 275 frames is -43.2469
LOG (gmm-gselect:main():gmm-gselect.cc:115) For 7090'th file, average UBM likelihood over 287 frames is -43.7992
LOG (gmm-gselect:main():gmm-gselect.cc:115) For 7100'th file, average UBM likelihood over 371 frames is -46.2867
LOG (gmm-gselect:main():gmm-gselect.cc:115) For 7110'th file, average UBM likelihood over 203 frames is -44.0479
LOG (gmm-gselect:main():gmm-gselect.cc:115) For 7120'th file, average UBM likelihood over 167 frames is -44.3739
LOG (gmm-gselect:main():gmm-gselect.cc:115) For 7130'th file, average UBM likelihood over 239 frames is -48.3633
LOG (gmm-gselect:main():gmm-gselect.cc:115) For 7140'th file, average UBM likelihood over 275 frames is -49.7387
LOG (gmm-gselect:main():gmm-gselect.cc:115) For 7150'th file, average UBM likelihood over 215 frames is -44.7742
LOG (gmm-gselect:main():gmm-gselect.cc:115) For 7160'th file, average UBM likelihood over 347 frames is -49.9312
LOG (gmm-gselect:main():gmm-gselect.cc:115) For 7170'th file, average UBM likelihood over 409 frames is -45.3589
LOG (gmm-gselect:main():gmm-gselect.cc:115) For 7180'th file, average UBM likelihood over 306 frames is -51.2849
LOG (gmm-gselect:main():gmm-gselect.cc:115) For 7190'th file, average UBM likelihood over 275 frames is -45.4053
LOG (gmm-gselect:main():gmm-gselect.cc:115) For 7200'th file, average UBM likelihood over 155 frames is -46.9983
LOG (gmm-gselect:main():gmm-gselect.cc:115) For 7210'th file, average UBM likelihood over 203 frames is -44.5392
LOG (gmm-gselect:main():gmm-gselect.cc:115) For 7220'th file, average UBM likelihood over 242 frames is -48.3373
LOG (gmm-gselect:main():gmm-gselect.cc:115) For 7230'th file, average UBM likelihood over 268 frames is -48.5198
LOG (gmm-gselect:main():gmm-gselect.cc:115) For 7240'th file, average UBM likelihood over 204 frames is -49.653
LOG (gmm-gselect:main():gmm-gselect.cc:115) For 7250'th file, average UBM likelihood over 306 frames is -49.1556
LOG (gmm-gselect:main():gmm-gselect.cc:115) For 7260'th file, average UBM likelihood over 306 frames is -50.2707
LOG (gmm-gselect:main():gmm-gselect.cc:115) For 7270'th file, average UBM likelihood over 255 frames is -49.5666
LOG (gmm-gselect:main():gmm-gselect.cc:115) For 7280'th file, average UBM likelihood over 306 frames is -47.7714
LOG (gmm-gselect:main():gmm-gselect.cc:115) For 7290'th file, average UBM likelihood over 281 frames is -44.6448
LOG (gmm-gselect:main():gmm-gselect.cc:115) For 7300'th file, average UBM likelihood over 255 frames is -48.9806
LOG (gmm-gselect:main():gmm-gselect.cc:115) For 7310'th file, average UBM likelihood over 178 frames is -44.2105
LOG (gmm-gselect:main():gmm-gselect.cc:115) For 7320'th file, average UBM likelihood over 323 frames is -49.2531
LOG (gmm-gselect:main():gmm-gselect.cc:115) For 7330'th file, average UBM likelihood over 242 frames is -41.7226
LOG (gmm-gselect:main():gmm-gselect.cc:115) For 7340'th file, average UBM likelihood over 215 frames is -44.9526
LOG (gmm-gselect:main():gmm-gselect.cc:115) For 7350'th file, average UBM likelihood over 191 frames is -43.8012
LOG (gmm-gselect:main():gmm-gselect.cc:115) For 7360'th file, average UBM likelihood over 263 frames is -46.3098
LOG (gmm-gselect:main():gmm-gselect.cc:115) For 7370'th file, average UBM likelihood over 263 frames is -42.341
LOG (gmm-gselect:main():gmm-gselect.cc:115) For 7380'th file, average UBM likelihood over 203 frames is -43.245
LOG (gmm-gselect:main():gmm-gselect.cc:115) For 7390'th file, average UBM likelihood over 155 frames is -42.708
LOG (gmm-gselect:main():gmm-gselect.cc:115) For 7400'th file, average UBM likelihood over 347 frames is -45.8593
LOG (gmm-gselect:main():gmm-gselect.cc:115) For 7410'th file, average UBM likelihood over 203 frames is -51.0526
LOG (gmm-gselect:main():gmm-gselect.cc:115) For 7420'th file, average UBM likelihood over 215 frames is -43.6922
LOG (gmm-gselect:main():gmm-gselect.cc:115) For 7430'th file, average UBM likelihood over 215 frames is -44.906
LOG (gmm-gselect:main():gmm-gselect.cc:115) For 7440'th file, average UBM likelihood over 167 frames is -50.0096
LOG (gmm-gselect:main():gmm-gselect.cc:115) For 7450'th file, average UBM likelihood over 203 frames is -47.7893
LOG (gmm-gselect:main():gmm-gselect.cc:115) For 7460'th file, average UBM likelihood over 227 frames is -49.2231
LOG (gmm-gselect:main():gmm-gselect.cc:115) For 7470'th file, average UBM likelihood over 191 frames is -51.5735
LOG (gmm-gselect:main():gmm-gselect.cc:115) For 7480'th file, average UBM likelihood over 347 frames is -49.5351
LOG (gmm-gselect:main():gmm-gselect.cc:115) For 7490'th file, average UBM likelihood over 167 frames is -50.1879
LOG (gmm-gselect:main():gmm-gselect.cc:115) For 7500'th file, average UBM likelihood over 275 frames is -56.6667
LOG (gmm-gselect:main():gmm-gselect.cc:115) For 7510'th file, average UBM likelihood over 217 frames is -49.0403
LOG (gmm-gselect:main():gmm-gselect.cc:115) For 7520'th file, average UBM likelihood over 335 frames is -54.7939
LOG (gmm-gselect:main():gmm-gselect.cc:115) For 7530'th file, average UBM likelihood over 191 frames is -46.9084
LOG (gmm-gselect:main():gmm-gselect.cc:115) For 7540'th file, average UBM likelihood over 294 frames is -43.1778
LOG (gmm-gselect:main():gmm-gselect.cc:115) For 7550'th file, average UBM likelihood over 319 frames is -47.7673
LOG (gmm-gselect:main():gmm-gselect.cc:115) For 7560'th file, average UBM likelihood over 230 frames is -47.7845
LOG (gmm-gselect:main():gmm-gselect.cc:115) For 7570'th file, average UBM likelihood over 242 frames is -49.5219
LOG (gmm-gselect:main():gmm-gselect.cc:115) For 7580'th file, average UBM likelihood over 242 frames is -50.7339
LOG (gmm-gselect:main():gmm-gselect.cc:115) For 7590'th file, average UBM likelihood over 281 frames is -50.3297
LOG (gmm-gselect:main():gmm-gselect.cc:115) For 7600'th file, average UBM likelihood over 281 frames is -46.6108
LOG (gmm-gselect:main():gmm-gselect.cc:115) For 7610'th file, average UBM likelihood over 281 frames is -46.4948
LOG (gmm-gselect:main():gmm-gselect.cc:115) For 7620'th file, average UBM likelihood over 319 frames is -50.6797
LOG (gmm-gselect:main():gmm-gselect.cc:115) For 7630'th file, average UBM likelihood over 230 frames is -44.3491
LOG (gmm-gselect:main():gmm-gselect.cc:115) For 7640'th file, average UBM likelihood over 230 frames is -44.1492
LOG (gmm-gselect:main():gmm-gselect.cc:115) For 7650'th file, average UBM likelihood over 294 frames is -47.3753
LOG (gmm-gselect:main():gmm-gselect.cc:115) For 7660'th file, average UBM likelihood over 255 frames is -44.7743
LOG (gmm-gselect:main():gmm-gselect.cc:115) For 7670'th file, average UBM likelihood over 396 frames is -44.9979
LOG (gmm-gselect:main():gmm-gselect.cc:115) For 7680'th file, average UBM likelihood over 204 frames is -44.6286
LOG (gmm-gselect:main():gmm-gselect.cc:115) For 7690'th file, average UBM likelihood over 230 frames is -47.6885
LOG (gmm-gselect:main():gmm-gselect.cc:115) For 7700'th file, average UBM likelihood over 167 frames is -49.4265
LOG (gmm-gselect:main():gmm-gselect.cc:115) For 7710'th file, average UBM likelihood over 263 frames is -48.6522
LOG (gmm-gselect:main():gmm-gselect.cc:115) For 7720'th file, average UBM likelihood over 167 frames is -48.5733
LOG (gmm-gselect:main():gmm-gselect.cc:115) For 7730'th file, average UBM likelihood over 167 frames is -50.9462
LOG (gmm-gselect:main():gmm-gselect.cc:115) For 7740'th file, average UBM likelihood over 287 frames is -51.0471
LOG (gmm-gselect:main():gmm-gselect.cc:115) For 7750'th file, average UBM likelihood over 167 frames is -47.2557
LOG (gmm-gselect:main():gmm-gselect.cc:115) For 7760'th file, average UBM likelihood over 239 frames is -49.4497
LOG (gmm-gselect:main():gmm-gselect.cc:115) For 7770'th file, average UBM likelihood over 191 frames is -51.7692
LOG (gmm-gselect:main():gmm-gselect.cc:115) For 7780'th file, average UBM likelihood over 191 frames is -45.5237
LOG (gmm-gselect:main():gmm-gselect.cc:115) For 7790'th file, average UBM likelihood over 191 frames is -42.9197
LOG (gmm-gselect:main():gmm-gselect.cc:115) For 7800'th file, average UBM likelihood over 191 frames is -44.1423
LOG (gmm-gselect:main():gmm-gselect.cc:115) For 7810'th file, average UBM likelihood over 153 frames is -46.2029
LOG (gmm-gselect:main():gmm-gselect.cc:115) For 7820'th file, average UBM likelihood over 311 frames is -46.8468
LOG (gmm-gselect:main():gmm-gselect.cc:115) For 7830'th file, average UBM likelihood over 251 frames is -43.8201
LOG (gmm-gselect:main():gmm-gselect.cc:115) For 7840'th file, average UBM likelihood over 167 frames is -49.7548
LOG (gmm-gselect:main():gmm-gselect.cc:115) For 7850'th file, average UBM likelihood over 242 frames is -42.1458
LOG (gmm-gselect:main():gmm-gselect.cc:115) For 7860'th file, average UBM likelihood over 242 frames is -39.976
LOG (apply-cmvn-online:main():apply-cmvn-online.cc:135) Applied online CMVN to 15732 files, or 4098438 frames.
LOG (transform-feats:main():transform-feats.cc:158) Overall average [pseudo-]logdet is -92.5981 over 4.09844e+06 frames.
LOG (transform-feats:main():transform-feats.cc:161) Applied transform to 7866 utterances; 0 had errors.
LOG (subsample-feats:main():subsample-feats.cc:115) Processed 7866 feature matrices; 0 with errors.
LOG (subsample-feats:main():subsample-feats.cc:117) Processed 4098438 input frames and 2050204 output frames.
LOG (gmm-gselect:main():gmm-gselect.cc:126) Done 7866 files, 0 with errors, average UBM log-likelihood is -49.7745 over 2050204 frames.
# Accounting: time=262 threads=1
# Ended (code 0) at Fri Jun 12 20:56:38 CST 2015, elapsed time 262 seconds
