# gmm-gselect --n=30 exp/nnet2_online/diag_ubm/0.dubm "ark,s,cs:apply-cmvn-online --config=conf/online_cmvn.conf exp/nnet2_online/diag_ubm/global_cmvn.stats scp:data/train_mixed_hires_30k/split20/9/feats.scp ark:- | splice-feats --left-context=3 --right-context=3 ark:- ark:- | transform-feats exp/nnet2_online/diag_ubm/final.mat ark:- ark:- | subsample-feats --n=2 ark:- ark:- |" "ark:|gzip -c >exp/nnet2_online/diag_ubm/gselect.9.gz" 
# Started at Fri Jun 12 20:52:16 CST 2015
#
gmm-gselect --n=30 exp/nnet2_online/diag_ubm/0.dubm 'ark,s,cs:apply-cmvn-online --config=conf/online_cmvn.conf exp/nnet2_online/diag_ubm/global_cmvn.stats scp:data/train_mixed_hires_30k/split20/9/feats.scp ark:- | splice-feats --left-context=3 --right-context=3 ark:- ark:- | transform-feats exp/nnet2_online/diag_ubm/final.mat ark:- ark:- | subsample-feats --n=2 ark:- ark:- |' 'ark:|gzip -c >exp/nnet2_online/diag_ubm/gselect.9.gz' 
splice-feats --left-context=3 --right-context=3 ark:- ark:- 
transform-feats exp/nnet2_online/diag_ubm/final.mat ark:- ark:- 
apply-cmvn-online --config=conf/online_cmvn.conf exp/nnet2_online/diag_ubm/global_cmvn.stats scp:data/train_mixed_hires_30k/split20/9/feats.scp ark:- 
subsample-feats --n=2 ark:- ark:- 
LOG (gmm-gselect:main():gmm-gselect.cc:115) For 0'th file, average UBM likelihood over 317 frames is -57.9227
LOG (gmm-gselect:main():gmm-gselect.cc:115) For 10'th file, average UBM likelihood over 119 frames is -58.6461
LOG (gmm-gselect:main():gmm-gselect.cc:115) For 20'th file, average UBM likelihood over 220 frames is -53.8209
LOG (gmm-gselect:main():gmm-gselect.cc:115) For 30'th file, average UBM likelihood over 248 frames is -54.0946
LOG (gmm-gselect:main():gmm-gselect.cc:115) For 40'th file, average UBM likelihood over 106 frames is -48.374
LOG (gmm-gselect:main():gmm-gselect.cc:115) For 50'th file, average UBM likelihood over 244 frames is -52.1036
LOG (gmm-gselect:main():gmm-gselect.cc:115) For 60'th file, average UBM likelihood over 104 frames is -53.8462
LOG (gmm-gselect:main():gmm-gselect.cc:115) For 70'th file, average UBM likelihood over 171 frames is -48.7049
LOG (gmm-gselect:main():gmm-gselect.cc:115) For 80'th file, average UBM likelihood over 160 frames is -54.5634
LOG (gmm-gselect:main():gmm-gselect.cc:115) For 90'th file, average UBM likelihood over 219 frames is -53.4255
LOG (gmm-gselect:main():gmm-gselect.cc:115) For 100'th file, average UBM likelihood over 255 frames is -51.9193
LOG (gmm-gselect:main():gmm-gselect.cc:115) For 110'th file, average UBM likelihood over 156 frames is -53.8192
LOG (gmm-gselect:main():gmm-gselect.cc:115) For 120'th file, average UBM likelihood over 133 frames is -43.3566
LOG (gmm-gselect:main():gmm-gselect.cc:115) For 130'th file, average UBM likelihood over 221 frames is -53.3017
LOG (gmm-gselect:main():gmm-gselect.cc:115) For 140'th file, average UBM likelihood over 213 frames is -48.9569
LOG (gmm-gselect:main():gmm-gselect.cc:115) For 150'th file, average UBM likelihood over 241 frames is -50.6822
LOG (gmm-gselect:main():gmm-gselect.cc:115) For 160'th file, average UBM likelihood over 137 frames is -54.4132
LOG (gmm-gselect:main():gmm-gselect.cc:115) For 170'th file, average UBM likelihood over 275 frames is -52.5329
LOG (gmm-gselect:main():gmm-gselect.cc:115) For 180'th file, average UBM likelihood over 339 frames is -57.9516
LOG (gmm-gselect:main():gmm-gselect.cc:115) For 190'th file, average UBM likelihood over 176 frames is -51.1746
LOG (gmm-gselect:main():gmm-gselect.cc:115) For 200'th file, average UBM likelihood over 245 frames is -58.6932
LOG (gmm-gselect:main():gmm-gselect.cc:115) For 210'th file, average UBM likelihood over 156 frames is -55.1975
LOG (gmm-gselect:main():gmm-gselect.cc:115) For 220'th file, average UBM likelihood over 200 frames is -54.0337
LOG (gmm-gselect:main():gmm-gselect.cc:115) For 230'th file, average UBM likelihood over 217 frames is -51.5627
LOG (gmm-gselect:main():gmm-gselect.cc:115) For 240'th file, average UBM likelihood over 124 frames is -59.152
LOG (gmm-gselect:main():gmm-gselect.cc:115) For 250'th file, average UBM likelihood over 247 frames is -58.9324
LOG (gmm-gselect:main():gmm-gselect.cc:115) For 260'th file, average UBM likelihood over 480 frames is -53.0081
LOG (gmm-gselect:main():gmm-gselect.cc:115) For 270'th file, average UBM likelihood over 253 frames is -51.8525
LOG (gmm-gselect:main():gmm-gselect.cc:115) For 280'th file, average UBM likelihood over 253 frames is -45.4216
LOG (gmm-gselect:main():gmm-gselect.cc:115) For 290'th file, average UBM likelihood over 125 frames is -53.2976
LOG (gmm-gselect:main():gmm-gselect.cc:115) For 300'th file, average UBM likelihood over 149 frames is -53.65
LOG (gmm-gselect:main():gmm-gselect.cc:115) For 310'th file, average UBM likelihood over 219 frames is -48.5583
LOG (gmm-gselect:main():gmm-gselect.cc:115) For 320'th file, average UBM likelihood over 111 frames is -60.1333
LOG (gmm-gselect:main():gmm-gselect.cc:115) For 330'th file, average UBM likelihood over 220 frames is -56.7526
LOG (gmm-gselect:main():gmm-gselect.cc:115) For 340'th file, average UBM likelihood over 113 frames is -58.0592
LOG (gmm-gselect:main():gmm-gselect.cc:115) For 350'th file, average UBM likelihood over 221 frames is -46.7888
LOG (gmm-gselect:main():gmm-gselect.cc:115) For 360'th file, average UBM likelihood over 234 frames is -49.2458
LOG (gmm-gselect:main():gmm-gselect.cc:115) For 370'th file, average UBM likelihood over 129 frames is -40.731
LOG (gmm-gselect:main():gmm-gselect.cc:115) For 380'th file, average UBM likelihood over 136 frames is -54.7956
LOG (gmm-gselect:main():gmm-gselect.cc:115) For 390'th file, average UBM likelihood over 208 frames is -57.1469
LOG (gmm-gselect:main():gmm-gselect.cc:115) For 400'th file, average UBM likelihood over 149 frames is -60.0645
LOG (gmm-gselect:main():gmm-gselect.cc:115) For 410'th file, average UBM likelihood over 238 frames is -62.7831
LOG (gmm-gselect:main():gmm-gselect.cc:115) For 420'th file, average UBM likelihood over 111 frames is -59.9371
LOG (gmm-gselect:main():gmm-gselect.cc:115) For 430'th file, average UBM likelihood over 133 frames is -54.5871
LOG (gmm-gselect:main():gmm-gselect.cc:115) For 440'th file, average UBM likelihood over 232 frames is -49.13
LOG (gmm-gselect:main():gmm-gselect.cc:115) For 450'th file, average UBM likelihood over 430 frames is -58.6891
LOG (gmm-gselect:main():gmm-gselect.cc:115) For 460'th file, average UBM likelihood over 181 frames is -48.5394
LOG (gmm-gselect:main():gmm-gselect.cc:115) For 470'th file, average UBM likelihood over 187 frames is -52.7816
LOG (gmm-gselect:main():gmm-gselect.cc:115) For 480'th file, average UBM likelihood over 193 frames is -59.9411
LOG (gmm-gselect:main():gmm-gselect.cc:115) For 490'th file, average UBM likelihood over 104 frames is -57.4978
LOG (gmm-gselect:main():gmm-gselect.cc:115) For 500'th file, average UBM likelihood over 140 frames is -49.2463
LOG (gmm-gselect:main():gmm-gselect.cc:115) For 510'th file, average UBM likelihood over 475 frames is -52.5958
LOG (gmm-gselect:main():gmm-gselect.cc:115) For 520'th file, average UBM likelihood over 297 frames is -48.9193
LOG (gmm-gselect:main():gmm-gselect.cc:115) For 530'th file, average UBM likelihood over 361 frames is -53.5334
LOG (gmm-gselect:main():gmm-gselect.cc:115) For 540'th file, average UBM likelihood over 128 frames is -44.2868
LOG (gmm-gselect:main():gmm-gselect.cc:115) For 550'th file, average UBM likelihood over 222 frames is -59.745
LOG (gmm-gselect:main():gmm-gselect.cc:115) For 560'th file, average UBM likelihood over 153 frames is -56.2421
LOG (gmm-gselect:main():gmm-gselect.cc:115) For 570'th file, average UBM likelihood over 206 frames is -62.4449
LOG (gmm-gselect:main():gmm-gselect.cc:115) For 580'th file, average UBM likelihood over 191 frames is -57.2829
LOG (gmm-gselect:main():gmm-gselect.cc:115) For 590'th file, average UBM likelihood over 159 frames is -51.6021
LOG (gmm-gselect:main():gmm-gselect.cc:115) For 600'th file, average UBM likelihood over 440 frames is -47.2867
LOG (gmm-gselect:main():gmm-gselect.cc:115) For 610'th file, average UBM likelihood over 140 frames is -53.3521
LOG (gmm-gselect:main():gmm-gselect.cc:115) For 620'th file, average UBM likelihood over 179 frames is -51.8883
LOG (gmm-gselect:main():gmm-gselect.cc:115) For 630'th file, average UBM likelihood over 344 frames is -54.9246
LOG (gmm-gselect:main():gmm-gselect.cc:115) For 640'th file, average UBM likelihood over 108 frames is -45.8654
LOG (gmm-gselect:main():gmm-gselect.cc:115) For 650'th file, average UBM likelihood over 250 frames is -58.4144
LOG (gmm-gselect:main():gmm-gselect.cc:115) For 660'th file, average UBM likelihood over 194 frames is -56.7572
LOG (gmm-gselect:main():gmm-gselect.cc:115) For 670'th file, average UBM likelihood over 244 frames is -45.0926
LOG (gmm-gselect:main():gmm-gselect.cc:115) For 680'th file, average UBM likelihood over 100 frames is -46.6182
LOG (gmm-gselect:main():gmm-gselect.cc:115) For 690'th file, average UBM likelihood over 116 frames is -47.5383
LOG (gmm-gselect:main():gmm-gselect.cc:115) For 700'th file, average UBM likelihood over 155 frames is -59.9531
LOG (gmm-gselect:main():gmm-gselect.cc:115) For 710'th file, average UBM likelihood over 245 frames is -51.205
LOG (gmm-gselect:main():gmm-gselect.cc:115) For 720'th file, average UBM likelihood over 108 frames is -59.0276
LOG (gmm-gselect:main():gmm-gselect.cc:115) For 730'th file, average UBM likelihood over 125 frames is -52.7845
LOG (gmm-gselect:main():gmm-gselect.cc:115) For 740'th file, average UBM likelihood over 106 frames is -53.8229
LOG (gmm-gselect:main():gmm-gselect.cc:115) For 750'th file, average UBM likelihood over 436 frames is -56.9916
LOG (gmm-gselect:main():gmm-gselect.cc:115) For 760'th file, average UBM likelihood over 203 frames is -50.4853
LOG (gmm-gselect:main():gmm-gselect.cc:115) For 770'th file, average UBM likelihood over 230 frames is -53.9443
LOG (gmm-gselect:main():gmm-gselect.cc:115) For 780'th file, average UBM likelihood over 104 frames is -50.8143
LOG (gmm-gselect:main():gmm-gselect.cc:115) For 790'th file, average UBM likelihood over 296 frames is -51.5184
LOG (gmm-gselect:main():gmm-gselect.cc:115) For 800'th file, average UBM likelihood over 294 frames is -52.1029
LOG (gmm-gselect:main():gmm-gselect.cc:115) For 810'th file, average UBM likelihood over 254 frames is -52.5694
LOG (gmm-gselect:main():gmm-gselect.cc:115) For 820'th file, average UBM likelihood over 210 frames is -49.9158
LOG (gmm-gselect:main():gmm-gselect.cc:115) For 830'th file, average UBM likelihood over 391 frames is -52.6185
LOG (gmm-gselect:main():gmm-gselect.cc:115) For 840'th file, average UBM likelihood over 269 frames is -49.311
LOG (gmm-gselect:main():gmm-gselect.cc:115) For 850'th file, average UBM likelihood over 218 frames is -48.8296
LOG (gmm-gselect:main():gmm-gselect.cc:115) For 860'th file, average UBM likelihood over 382 frames is -55.5732
LOG (gmm-gselect:main():gmm-gselect.cc:115) For 870'th file, average UBM likelihood over 141 frames is -51.2282
LOG (gmm-gselect:main():gmm-gselect.cc:115) For 880'th file, average UBM likelihood over 240 frames is -56.2562
LOG (gmm-gselect:main():gmm-gselect.cc:115) For 890'th file, average UBM likelihood over 291 frames is -57.1651
LOG (gmm-gselect:main():gmm-gselect.cc:115) For 900'th file, average UBM likelihood over 239 frames is -51.1708
LOG (gmm-gselect:main():gmm-gselect.cc:115) For 910'th file, average UBM likelihood over 175 frames is -57.4617
LOG (gmm-gselect:main():gmm-gselect.cc:115) For 920'th file, average UBM likelihood over 185 frames is -54.146
LOG (gmm-gselect:main():gmm-gselect.cc:115) For 930'th file, average UBM likelihood over 273 frames is -52.8726
LOG (gmm-gselect:main():gmm-gselect.cc:115) For 940'th file, average UBM likelihood over 413 frames is -53.4803
LOG (gmm-gselect:main():gmm-gselect.cc:115) For 950'th file, average UBM likelihood over 291 frames is -52.7617
LOG (gmm-gselect:main():gmm-gselect.cc:115) For 960'th file, average UBM likelihood over 122 frames is -52.4252
LOG (gmm-gselect:main():gmm-gselect.cc:115) For 970'th file, average UBM likelihood over 197 frames is -50.2546
LOG (gmm-gselect:main():gmm-gselect.cc:115) For 980'th file, average UBM likelihood over 318 frames is -52.8151
LOG (gmm-gselect:main():gmm-gselect.cc:115) For 990'th file, average UBM likelihood over 157 frames is -51.9617
LOG (gmm-gselect:main():gmm-gselect.cc:115) For 1000'th file, average UBM likelihood over 183 frames is -55.7605
LOG (gmm-gselect:main():gmm-gselect.cc:115) For 1010'th file, average UBM likelihood over 208 frames is -54.2274
LOG (gmm-gselect:main():gmm-gselect.cc:115) For 1020'th file, average UBM likelihood over 255 frames is -53.6337
LOG (gmm-gselect:main():gmm-gselect.cc:115) For 1030'th file, average UBM likelihood over 174 frames is -49.5539
LOG (gmm-gselect:main():gmm-gselect.cc:115) For 1040'th file, average UBM likelihood over 152 frames is -44.9803
LOG (gmm-gselect:main():gmm-gselect.cc:115) For 1050'th file, average UBM likelihood over 123 frames is -39.1517
LOG (gmm-gselect:main():gmm-gselect.cc:115) For 1060'th file, average UBM likelihood over 102 frames is -47.8853
LOG (gmm-gselect:main():gmm-gselect.cc:115) For 1070'th file, average UBM likelihood over 445 frames is -54.435
LOG (gmm-gselect:main():gmm-gselect.cc:115) For 1080'th file, average UBM likelihood over 104 frames is -54.3781
LOG (gmm-gselect:main():gmm-gselect.cc:115) For 1090'th file, average UBM likelihood over 209 frames is -60.0969
LOG (gmm-gselect:main():gmm-gselect.cc:115) For 1100'th file, average UBM likelihood over 327 frames is -60.6233
LOG (gmm-gselect:main():gmm-gselect.cc:115) For 1110'th file, average UBM likelihood over 283 frames is -53.1607
LOG (gmm-gselect:main():gmm-gselect.cc:115) For 1120'th file, average UBM likelihood over 223 frames is -53.9993
LOG (gmm-gselect:main():gmm-gselect.cc:115) For 1130'th file, average UBM likelihood over 307 frames is -60.915
LOG (gmm-gselect:main():gmm-gselect.cc:115) For 1140'th file, average UBM likelihood over 214 frames is -55.8522
LOG (gmm-gselect:main():gmm-gselect.cc:115) For 1150'th file, average UBM likelihood over 235 frames is -56.5054
LOG (gmm-gselect:main():gmm-gselect.cc:115) For 1160'th file, average UBM likelihood over 276 frames is -56.3365
LOG (gmm-gselect:main():gmm-gselect.cc:115) For 1170'th file, average UBM likelihood over 188 frames is -51.4802
LOG (gmm-gselect:main():gmm-gselect.cc:115) For 1180'th file, average UBM likelihood over 155 frames is -51.4854
LOG (gmm-gselect:main():gmm-gselect.cc:115) For 1190'th file, average UBM likelihood over 135 frames is -54.6457
LOG (gmm-gselect:main():gmm-gselect.cc:115) For 1200'th file, average UBM likelihood over 297 frames is -44.0026
LOG (gmm-gselect:main():gmm-gselect.cc:115) For 1210'th file, average UBM likelihood over 172 frames is -58.724
LOG (gmm-gselect:main():gmm-gselect.cc:115) For 1220'th file, average UBM likelihood over 104 frames is -59.8468
LOG (gmm-gselect:main():gmm-gselect.cc:115) For 1230'th file, average UBM likelihood over 369 frames is -54.2831
LOG (gmm-gselect:main():gmm-gselect.cc:115) For 1240'th file, average UBM likelihood over 109 frames is -43.7775
LOG (gmm-gselect:main():gmm-gselect.cc:115) For 1250'th file, average UBM likelihood over 135 frames is -42.9771
LOG (gmm-gselect:main():gmm-gselect.cc:115) For 1260'th file, average UBM likelihood over 109 frames is -51.8849
LOG (gmm-gselect:main():gmm-gselect.cc:115) For 1270'th file, average UBM likelihood over 315 frames is -54.7491
LOG (gmm-gselect:main():gmm-gselect.cc:115) For 1280'th file, average UBM likelihood over 147 frames is -55.5463
LOG (gmm-gselect:main():gmm-gselect.cc:115) For 1290'th file, average UBM likelihood over 125 frames is -55.8551
LOG (gmm-gselect:main():gmm-gselect.cc:115) For 1300'th file, average UBM likelihood over 207 frames is -60.8526
LOG (gmm-gselect:main():gmm-gselect.cc:115) For 1310'th file, average UBM likelihood over 295 frames is -60.6032
LOG (gmm-gselect:main():gmm-gselect.cc:115) For 1320'th file, average UBM likelihood over 231 frames is -51.8438
LOG (gmm-gselect:main():gmm-gselect.cc:115) For 1330'th file, average UBM likelihood over 114 frames is -59.4328
LOG (gmm-gselect:main():gmm-gselect.cc:115) For 1340'th file, average UBM likelihood over 242 frames is -59.0027
LOG (gmm-gselect:main():gmm-gselect.cc:115) For 1350'th file, average UBM likelihood over 149 frames is -55.2727
LOG (gmm-gselect:main():gmm-gselect.cc:115) For 1360'th file, average UBM likelihood over 247 frames is -53.026
LOG (gmm-gselect:main():gmm-gselect.cc:115) For 1370'th file, average UBM likelihood over 381 frames is -58.7036
LOG (gmm-gselect:main():gmm-gselect.cc:115) For 1380'th file, average UBM likelihood over 139 frames is -56.3017
LOG (gmm-gselect:main():gmm-gselect.cc:115) For 1390'th file, average UBM likelihood over 225 frames is -51.1613
LOG (gmm-gselect:main():gmm-gselect.cc:115) For 1400'th file, average UBM likelihood over 288 frames is -54.5189
LOG (gmm-gselect:main():gmm-gselect.cc:115) For 1410'th file, average UBM likelihood over 215 frames is -56.6106
LOG (gmm-gselect:main():gmm-gselect.cc:115) For 1420'th file, average UBM likelihood over 332 frames is -57.5205
LOG (gmm-gselect:main():gmm-gselect.cc:115) For 1430'th file, average UBM likelihood over 198 frames is -52.2903
LOG (gmm-gselect:main():gmm-gselect.cc:115) For 1440'th file, average UBM likelihood over 180 frames is -53.1336
LOG (gmm-gselect:main():gmm-gselect.cc:115) For 1450'th file, average UBM likelihood over 127 frames is -52.7618
LOG (gmm-gselect:main():gmm-gselect.cc:115) For 1460'th file, average UBM likelihood over 421 frames is -54.2452
LOG (gmm-gselect:main():gmm-gselect.cc:115) For 1470'th file, average UBM likelihood over 236 frames is -54.7929
LOG (gmm-gselect:main():gmm-gselect.cc:115) For 1480'th file, average UBM likelihood over 171 frames is -52.3451
LOG (gmm-gselect:main():gmm-gselect.cc:115) For 1490'th file, average UBM likelihood over 234 frames is -58.0166
LOG (gmm-gselect:main():gmm-gselect.cc:115) For 1500'th file, average UBM likelihood over 205 frames is -53.1717
LOG (gmm-gselect:main():gmm-gselect.cc:115) For 1510'th file, average UBM likelihood over 201 frames is -57.3145
LOG (gmm-gselect:main():gmm-gselect.cc:115) For 1520'th file, average UBM likelihood over 175 frames is -53.4297
LOG (gmm-gselect:main():gmm-gselect.cc:115) For 1530'th file, average UBM likelihood over 290 frames is -55.1204
LOG (gmm-gselect:main():gmm-gselect.cc:115) For 1540'th file, average UBM likelihood over 447 frames is -54.7078
LOG (gmm-gselect:main():gmm-gselect.cc:115) For 1550'th file, average UBM likelihood over 101 frames is -45.4565
LOG (gmm-gselect:main():gmm-gselect.cc:115) For 1560'th file, average UBM likelihood over 244 frames is -47.8034
LOG (gmm-gselect:main():gmm-gselect.cc:115) For 1570'th file, average UBM likelihood over 246 frames is -45.3503
LOG (gmm-gselect:main():gmm-gselect.cc:115) For 1580'th file, average UBM likelihood over 241 frames is -53.5068
LOG (gmm-gselect:main():gmm-gselect.cc:115) For 1590'th file, average UBM likelihood over 144 frames is -53.0552
LOG (gmm-gselect:main():gmm-gselect.cc:115) For 1600'th file, average UBM likelihood over 423 frames is -55.9867
LOG (gmm-gselect:main():gmm-gselect.cc:115) For 1610'th file, average UBM likelihood over 226 frames is -53.8961
LOG (gmm-gselect:main():gmm-gselect.cc:115) For 1620'th file, average UBM likelihood over 117 frames is -39.0767
LOG (gmm-gselect:main():gmm-gselect.cc:115) For 1630'th file, average UBM likelihood over 225 frames is -57.1921
LOG (gmm-gselect:main():gmm-gselect.cc:115) For 1640'th file, average UBM likelihood over 178 frames is -58.4884
LOG (gmm-gselect:main():gmm-gselect.cc:115) For 1650'th file, average UBM likelihood over 305 frames is -55.047
LOG (gmm-gselect:main():gmm-gselect.cc:115) For 1660'th file, average UBM likelihood over 240 frames is -54.9896
LOG (gmm-gselect:main():gmm-gselect.cc:115) For 1670'th file, average UBM likelihood over 116 frames is -59.8898
LOG (gmm-gselect:main():gmm-gselect.cc:115) For 1680'th file, average UBM likelihood over 316 frames is -52.45
LOG (gmm-gselect:main():gmm-gselect.cc:115) For 1690'th file, average UBM likelihood over 147 frames is -57.8778
LOG (gmm-gselect:main():gmm-gselect.cc:115) For 1700'th file, average UBM likelihood over 182 frames is -58.9592
LOG (gmm-gselect:main():gmm-gselect.cc:115) For 1710'th file, average UBM likelihood over 238 frames is -55.8121
LOG (gmm-gselect:main():gmm-gselect.cc:115) For 1720'th file, average UBM likelihood over 105 frames is -57.8721
LOG (gmm-gselect:main():gmm-gselect.cc:115) For 1730'th file, average UBM likelihood over 142 frames is -52.2728
LOG (gmm-gselect:main():gmm-gselect.cc:115) For 1740'th file, average UBM likelihood over 135 frames is -56.1317
LOG (gmm-gselect:main():gmm-gselect.cc:115) For 1750'th file, average UBM likelihood over 161 frames is -56.5276
LOG (gmm-gselect:main():gmm-gselect.cc:115) For 1760'th file, average UBM likelihood over 108 frames is -51.2186
LOG (gmm-gselect:main():gmm-gselect.cc:115) For 1770'th file, average UBM likelihood over 117 frames is -53.0653
LOG (gmm-gselect:main():gmm-gselect.cc:115) For 1780'th file, average UBM likelihood over 133 frames is -55.939
LOG (gmm-gselect:main():gmm-gselect.cc:115) For 1790'th file, average UBM likelihood over 119 frames is -54.7032
LOG (gmm-gselect:main():gmm-gselect.cc:115) For 1800'th file, average UBM likelihood over 240 frames is -53.216
LOG (gmm-gselect:main():gmm-gselect.cc:115) For 1810'th file, average UBM likelihood over 135 frames is -53.7751
LOG (gmm-gselect:main():gmm-gselect.cc:115) For 1820'th file, average UBM likelihood over 140 frames is -47.9292
LOG (gmm-gselect:main():gmm-gselect.cc:115) For 1830'th file, average UBM likelihood over 155 frames is -55.5407
LOG (gmm-gselect:main():gmm-gselect.cc:115) For 1840'th file, average UBM likelihood over 149 frames is -54.7324
LOG (gmm-gselect:main():gmm-gselect.cc:115) For 1850'th file, average UBM likelihood over 223 frames is -42.6494
LOG (gmm-gselect:main():gmm-gselect.cc:115) For 1860'th file, average UBM likelihood over 237 frames is -54.1772
LOG (gmm-gselect:main():gmm-gselect.cc:115) For 1870'th file, average UBM likelihood over 325 frames is -52.9895
LOG (gmm-gselect:main():gmm-gselect.cc:115) For 1880'th file, average UBM likelihood over 244 frames is -51.7093
LOG (gmm-gselect:main():gmm-gselect.cc:115) For 1890'th file, average UBM likelihood over 173 frames is -51.9301
LOG (gmm-gselect:main():gmm-gselect.cc:115) For 1900'th file, average UBM likelihood over 124 frames is -50.5981
LOG (gmm-gselect:main():gmm-gselect.cc:115) For 1910'th file, average UBM likelihood over 248 frames is -50.5004
LOG (gmm-gselect:main():gmm-gselect.cc:115) For 1920'th file, average UBM likelihood over 238 frames is -52.364
LOG (gmm-gselect:main():gmm-gselect.cc:115) For 1930'th file, average UBM likelihood over 202 frames is -50.4953
LOG (gmm-gselect:main():gmm-gselect.cc:115) For 1940'th file, average UBM likelihood over 142 frames is -52.2348
LOG (gmm-gselect:main():gmm-gselect.cc:115) For 1950'th file, average UBM likelihood over 132 frames is -53.2631
LOG (gmm-gselect:main():gmm-gselect.cc:115) For 1960'th file, average UBM likelihood over 177 frames is -49.1402
LOG (gmm-gselect:main():gmm-gselect.cc:115) For 1970'th file, average UBM likelihood over 102 frames is -55.6642
LOG (gmm-gselect:main():gmm-gselect.cc:115) For 1980'th file, average UBM likelihood over 168 frames is -46.9009
LOG (gmm-gselect:main():gmm-gselect.cc:115) For 1990'th file, average UBM likelihood over 220 frames is -56.2705
LOG (gmm-gselect:main():gmm-gselect.cc:115) For 2000'th file, average UBM likelihood over 325 frames is -57.8381
LOG (gmm-gselect:main():gmm-gselect.cc:115) For 2010'th file, average UBM likelihood over 136 frames is -52.7401
LOG (gmm-gselect:main():gmm-gselect.cc:115) For 2020'th file, average UBM likelihood over 105 frames is -56.5519
LOG (gmm-gselect:main():gmm-gselect.cc:115) For 2030'th file, average UBM likelihood over 224 frames is -55.2645
LOG (gmm-gselect:main():gmm-gselect.cc:115) For 2040'th file, average UBM likelihood over 259 frames is -52.0918
LOG (gmm-gselect:main():gmm-gselect.cc:115) For 2050'th file, average UBM likelihood over 232 frames is -54.511
LOG (gmm-gselect:main():gmm-gselect.cc:115) For 2060'th file, average UBM likelihood over 147 frames is -51.9653
LOG (gmm-gselect:main():gmm-gselect.cc:115) For 2070'th file, average UBM likelihood over 316 frames is -60.0491
LOG (gmm-gselect:main():gmm-gselect.cc:115) For 2080'th file, average UBM likelihood over 156 frames is -57.5113
LOG (gmm-gselect:main():gmm-gselect.cc:115) For 2090'th file, average UBM likelihood over 309 frames is -59.317
LOG (gmm-gselect:main():gmm-gselect.cc:115) For 2100'th file, average UBM likelihood over 251 frames is -55.6788
LOG (gmm-gselect:main():gmm-gselect.cc:115) For 2110'th file, average UBM likelihood over 190 frames is -50.8995
LOG (gmm-gselect:main():gmm-gselect.cc:115) For 2120'th file, average UBM likelihood over 141 frames is -44.7465
LOG (gmm-gselect:main():gmm-gselect.cc:115) For 2130'th file, average UBM likelihood over 252 frames is -56.6774
LOG (gmm-gselect:main():gmm-gselect.cc:115) For 2140'th file, average UBM likelihood over 207 frames is -43.2181
LOG (gmm-gselect:main():gmm-gselect.cc:115) For 2150'th file, average UBM likelihood over 335 frames is -48.6614
LOG (gmm-gselect:main():gmm-gselect.cc:115) For 2160'th file, average UBM likelihood over 163 frames is -54.0356
LOG (gmm-gselect:main():gmm-gselect.cc:115) For 2170'th file, average UBM likelihood over 158 frames is -55.7945
LOG (gmm-gselect:main():gmm-gselect.cc:115) For 2180'th file, average UBM likelihood over 235 frames is -52.0417
LOG (gmm-gselect:main():gmm-gselect.cc:115) For 2190'th file, average UBM likelihood over 124 frames is -47.9262
LOG (gmm-gselect:main():gmm-gselect.cc:115) For 2200'th file, average UBM likelihood over 468 frames is -49.8489
LOG (gmm-gselect:main():gmm-gselect.cc:115) For 2210'th file, average UBM likelihood over 152 frames is -55.0602
LOG (gmm-gselect:main():gmm-gselect.cc:115) For 2220'th file, average UBM likelihood over 203 frames is -50.6669
LOG (gmm-gselect:main():gmm-gselect.cc:115) For 2230'th file, average UBM likelihood over 170 frames is -49.7929
LOG (gmm-gselect:main():gmm-gselect.cc:115) For 2240'th file, average UBM likelihood over 208 frames is -54.0181
LOG (gmm-gselect:main():gmm-gselect.cc:115) For 2250'th file, average UBM likelihood over 216 frames is -49.5305
LOG (gmm-gselect:main():gmm-gselect.cc:115) For 2260'th file, average UBM likelihood over 485 frames is -46.5687
LOG (gmm-gselect:main():gmm-gselect.cc:115) For 2270'th file, average UBM likelihood over 186 frames is -48.9157
LOG (gmm-gselect:main():gmm-gselect.cc:115) For 2280'th file, average UBM likelihood over 150 frames is -53.2443
LOG (gmm-gselect:main():gmm-gselect.cc:115) For 2290'th file, average UBM likelihood over 321 frames is -55.8264
LOG (gmm-gselect:main():gmm-gselect.cc:115) For 2300'th file, average UBM likelihood over 153 frames is -55.2874
LOG (gmm-gselect:main():gmm-gselect.cc:115) For 2310'th file, average UBM likelihood over 333 frames is -51.1213
LOG (gmm-gselect:main():gmm-gselect.cc:115) For 2320'th file, average UBM likelihood over 164 frames is -49.7568
LOG (gmm-gselect:main():gmm-gselect.cc:115) For 2330'th file, average UBM likelihood over 223 frames is -59.9458
LOG (gmm-gselect:main():gmm-gselect.cc:115) For 2340'th file, average UBM likelihood over 355 frames is -61.1296
LOG (gmm-gselect:main():gmm-gselect.cc:115) For 2350'th file, average UBM likelihood over 233 frames is -49.6705
LOG (gmm-gselect:main():gmm-gselect.cc:115) For 2360'th file, average UBM likelihood over 202 frames is -58.362
LOG (gmm-gselect:main():gmm-gselect.cc:115) For 2370'th file, average UBM likelihood over 129 frames is -56.0225
LOG (gmm-gselect:main():gmm-gselect.cc:115) For 2380'th file, average UBM likelihood over 192 frames is -45.4359
LOG (gmm-gselect:main():gmm-gselect.cc:115) For 2390'th file, average UBM likelihood over 121 frames is -44.195
LOG (gmm-gselect:main():gmm-gselect.cc:115) For 2400'th file, average UBM likelihood over 121 frames is -48.5543
LOG (gmm-gselect:main():gmm-gselect.cc:115) For 2410'th file, average UBM likelihood over 216 frames is -45.4486
LOG (gmm-gselect:main():gmm-gselect.cc:115) For 2420'th file, average UBM likelihood over 179 frames is -50.0276
LOG (gmm-gselect:main():gmm-gselect.cc:115) For 2430'th file, average UBM likelihood over 99 frames is -52.3703
LOG (gmm-gselect:main():gmm-gselect.cc:115) For 2440'th file, average UBM likelihood over 108 frames is -53.4496
LOG (gmm-gselect:main():gmm-gselect.cc:115) For 2450'th file, average UBM likelihood over 219 frames is -55.716
LOG (gmm-gselect:main():gmm-gselect.cc:115) For 2460'th file, average UBM likelihood over 257 frames is -57.7885
LOG (gmm-gselect:main():gmm-gselect.cc:115) For 2470'th file, average UBM likelihood over 218 frames is -60.4787
LOG (gmm-gselect:main():gmm-gselect.cc:115) For 2480'th file, average UBM likelihood over 340 frames is -55.3361
LOG (gmm-gselect:main():gmm-gselect.cc:115) For 2490'th file, average UBM likelihood over 112 frames is -57.0623
LOG (gmm-gselect:main():gmm-gselect.cc:115) For 2500'th file, average UBM likelihood over 303 frames is -52.0845
LOG (gmm-gselect:main():gmm-gselect.cc:115) For 2510'th file, average UBM likelihood over 209 frames is -57.2527
LOG (gmm-gselect:main():gmm-gselect.cc:115) For 2520'th file, average UBM likelihood over 203 frames is -54.0519
LOG (gmm-gselect:main():gmm-gselect.cc:115) For 2530'th file, average UBM likelihood over 143 frames is -50.3314
LOG (gmm-gselect:main():gmm-gselect.cc:115) For 2540'th file, average UBM likelihood over 301 frames is -55.5048
LOG (gmm-gselect:main():gmm-gselect.cc:115) For 2550'th file, average UBM likelihood over 222 frames is -54.4767
LOG (gmm-gselect:main():gmm-gselect.cc:115) For 2560'th file, average UBM likelihood over 184 frames is -47.2553
LOG (gmm-gselect:main():gmm-gselect.cc:115) For 2570'th file, average UBM likelihood over 135 frames is -55.0445
LOG (gmm-gselect:main():gmm-gselect.cc:115) For 2580'th file, average UBM likelihood over 253 frames is -56.2601
LOG (gmm-gselect:main():gmm-gselect.cc:115) For 2590'th file, average UBM likelihood over 221 frames is -56.0544
LOG (gmm-gselect:main():gmm-gselect.cc:115) For 2600'th file, average UBM likelihood over 133 frames is -59.2347
LOG (gmm-gselect:main():gmm-gselect.cc:115) For 2610'th file, average UBM likelihood over 164 frames is -52.4766
LOG (gmm-gselect:main():gmm-gselect.cc:115) For 2620'th file, average UBM likelihood over 149 frames is -53.5479
LOG (gmm-gselect:main():gmm-gselect.cc:115) For 2630'th file, average UBM likelihood over 165 frames is -51.792
LOG (gmm-gselect:main():gmm-gselect.cc:115) For 2640'th file, average UBM likelihood over 116 frames is -56.2261
LOG (gmm-gselect:main():gmm-gselect.cc:115) For 2650'th file, average UBM likelihood over 168 frames is -53.6402
LOG (gmm-gselect:main():gmm-gselect.cc:115) For 2660'th file, average UBM likelihood over 173 frames is -55.304
LOG (gmm-gselect:main():gmm-gselect.cc:115) For 2670'th file, average UBM likelihood over 156 frames is -43.8006
LOG (gmm-gselect:main():gmm-gselect.cc:115) For 2680'th file, average UBM likelihood over 231 frames is -44.9415
LOG (gmm-gselect:main():gmm-gselect.cc:115) For 2690'th file, average UBM likelihood over 245 frames is -49.3954
LOG (gmm-gselect:main():gmm-gselect.cc:115) For 2700'th file, average UBM likelihood over 314 frames is -52.2451
LOG (gmm-gselect:main():gmm-gselect.cc:115) For 2710'th file, average UBM likelihood over 116 frames is -48.0986
LOG (gmm-gselect:main():gmm-gselect.cc:115) For 2720'th file, average UBM likelihood over 167 frames is -51.9576
LOG (gmm-gselect:main():gmm-gselect.cc:115) For 2730'th file, average UBM likelihood over 250 frames is -50.6557
LOG (gmm-gselect:main():gmm-gselect.cc:115) For 2740'th file, average UBM likelihood over 161 frames is -53.6735
LOG (gmm-gselect:main():gmm-gselect.cc:115) For 2750'th file, average UBM likelihood over 102 frames is -54.6308
LOG (gmm-gselect:main():gmm-gselect.cc:115) For 2760'th file, average UBM likelihood over 183 frames is -55.2701
LOG (gmm-gselect:main():gmm-gselect.cc:115) For 2770'th file, average UBM likelihood over 186 frames is -55.3135
LOG (gmm-gselect:main():gmm-gselect.cc:115) For 2780'th file, average UBM likelihood over 295 frames is -56.0867
LOG (gmm-gselect:main():gmm-gselect.cc:115) For 2790'th file, average UBM likelihood over 242 frames is -51.5454
LOG (gmm-gselect:main():gmm-gselect.cc:115) For 2800'th file, average UBM likelihood over 195 frames is -54.4331
LOG (gmm-gselect:main():gmm-gselect.cc:115) For 2810'th file, average UBM likelihood over 183 frames is -57.3396
LOG (gmm-gselect:main():gmm-gselect.cc:115) For 2820'th file, average UBM likelihood over 240 frames is -46.8196
LOG (gmm-gselect:main():gmm-gselect.cc:115) For 2830'th file, average UBM likelihood over 114 frames is -53.0175
LOG (gmm-gselect:main():gmm-gselect.cc:115) For 2840'th file, average UBM likelihood over 194 frames is -53.0786
LOG (gmm-gselect:main():gmm-gselect.cc:115) For 2850'th file, average UBM likelihood over 116 frames is -45.4592
LOG (gmm-gselect:main():gmm-gselect.cc:115) For 2860'th file, average UBM likelihood over 230 frames is -45.4691
LOG (gmm-gselect:main():gmm-gselect.cc:115) For 2870'th file, average UBM likelihood over 143 frames is -54.6516
LOG (gmm-gselect:main():gmm-gselect.cc:115) For 2880'th file, average UBM likelihood over 126 frames is -47.8007
LOG (gmm-gselect:main():gmm-gselect.cc:115) For 2890'th file, average UBM likelihood over 257 frames is -55.2725
LOG (gmm-gselect:main():gmm-gselect.cc:115) For 2900'th file, average UBM likelihood over 250 frames is -48.2693
LOG (gmm-gselect:main():gmm-gselect.cc:115) For 2910'th file, average UBM likelihood over 148 frames is -51.1725
LOG (gmm-gselect:main():gmm-gselect.cc:115) For 2920'th file, average UBM likelihood over 290 frames is -50.9299
LOG (gmm-gselect:main():gmm-gselect.cc:115) For 2930'th file, average UBM likelihood over 187 frames is -54.8508
LOG (gmm-gselect:main():gmm-gselect.cc:115) For 2940'th file, average UBM likelihood over 212 frames is -57.8723
LOG (gmm-gselect:main():gmm-gselect.cc:115) For 2950'th file, average UBM likelihood over 231 frames is -47.0974
LOG (gmm-gselect:main():gmm-gselect.cc:115) For 2960'th file, average UBM likelihood over 125 frames is -42.9033
LOG (gmm-gselect:main():gmm-gselect.cc:115) For 2970'th file, average UBM likelihood over 209 frames is -49.8318
LOG (gmm-gselect:main():gmm-gselect.cc:115) For 2980'th file, average UBM likelihood over 146 frames is -49.9445
LOG (gmm-gselect:main():gmm-gselect.cc:115) For 2990'th file, average UBM likelihood over 115 frames is -42.0774
LOG (gmm-gselect:main():gmm-gselect.cc:115) For 3000'th file, average UBM likelihood over 130 frames is -49.3918
LOG (gmm-gselect:main():gmm-gselect.cc:115) For 3010'th file, average UBM likelihood over 186 frames is -46.8328
LOG (gmm-gselect:main():gmm-gselect.cc:115) For 3020'th file, average UBM likelihood over 317 frames is -57.405
LOG (gmm-gselect:main():gmm-gselect.cc:115) For 3030'th file, average UBM likelihood over 232 frames is -46.1802
LOG (gmm-gselect:main():gmm-gselect.cc:115) For 3040'th file, average UBM likelihood over 130 frames is -53.8572
LOG (gmm-gselect:main():gmm-gselect.cc:115) For 3050'th file, average UBM likelihood over 184 frames is -42.8242
LOG (gmm-gselect:main():gmm-gselect.cc:115) For 3060'th file, average UBM likelihood over 415 frames is -50.6605
LOG (gmm-gselect:main():gmm-gselect.cc:115) For 3070'th file, average UBM likelihood over 465 frames is -54.2664
LOG (gmm-gselect:main():gmm-gselect.cc:115) For 3080'th file, average UBM likelihood over 214 frames is -45.8891
LOG (gmm-gselect:main():gmm-gselect.cc:115) For 3090'th file, average UBM likelihood over 225 frames is -55.6662
LOG (gmm-gselect:main():gmm-gselect.cc:115) For 3100'th file, average UBM likelihood over 400 frames is -55.4319
LOG (gmm-gselect:main():gmm-gselect.cc:115) For 3110'th file, average UBM likelihood over 116 frames is -55.6802
LOG (gmm-gselect:main():gmm-gselect.cc:115) For 3120'th file, average UBM likelihood over 108 frames is -55.5306
LOG (gmm-gselect:main():gmm-gselect.cc:115) For 3130'th file, average UBM likelihood over 236 frames is -52.6566
LOG (gmm-gselect:main():gmm-gselect.cc:115) For 3140'th file, average UBM likelihood over 202 frames is -47.4814
LOG (gmm-gselect:main():gmm-gselect.cc:115) For 3150'th file, average UBM likelihood over 203 frames is -58.0556
LOG (gmm-gselect:main():gmm-gselect.cc:115) For 3160'th file, average UBM likelihood over 103 frames is -42.4919
LOG (gmm-gselect:main():gmm-gselect.cc:115) For 3170'th file, average UBM likelihood over 162 frames is -53.9171
LOG (gmm-gselect:main():gmm-gselect.cc:115) For 3180'th file, average UBM likelihood over 229 frames is -53.0495
LOG (gmm-gselect:main():gmm-gselect.cc:115) For 3190'th file, average UBM likelihood over 230 frames is -52.4854
LOG (gmm-gselect:main():gmm-gselect.cc:115) For 3200'th file, average UBM likelihood over 112 frames is -49.3835
LOG (gmm-gselect:main():gmm-gselect.cc:115) For 3210'th file, average UBM likelihood over 238 frames is -56.0427
LOG (gmm-gselect:main():gmm-gselect.cc:115) For 3220'th file, average UBM likelihood over 123 frames is -47.1361
LOG (gmm-gselect:main():gmm-gselect.cc:115) For 3230'th file, average UBM likelihood over 167 frames is -52.4438
LOG (gmm-gselect:main():gmm-gselect.cc:115) For 3240'th file, average UBM likelihood over 196 frames is -47.3669
LOG (gmm-gselect:main():gmm-gselect.cc:115) For 3250'th file, average UBM likelihood over 279 frames is -54.3032
LOG (gmm-gselect:main():gmm-gselect.cc:115) For 3260'th file, average UBM likelihood over 375 frames is -59.8025
LOG (gmm-gselect:main():gmm-gselect.cc:115) For 3270'th file, average UBM likelihood over 235 frames is -52.564
LOG (gmm-gselect:main():gmm-gselect.cc:115) For 3280'th file, average UBM likelihood over 289 frames is -51.547
LOG (gmm-gselect:main():gmm-gselect.cc:115) For 3290'th file, average UBM likelihood over 425 frames is -51.2928
LOG (gmm-gselect:main():gmm-gselect.cc:115) For 3300'th file, average UBM likelihood over 296 frames is -55.2521
LOG (gmm-gselect:main():gmm-gselect.cc:115) For 3310'th file, average UBM likelihood over 253 frames is -59.6173
LOG (gmm-gselect:main():gmm-gselect.cc:115) For 3320'th file, average UBM likelihood over 210 frames is -47.3522
LOG (gmm-gselect:main():gmm-gselect.cc:115) For 3330'th file, average UBM likelihood over 153 frames is -39.9945
LOG (gmm-gselect:main():gmm-gselect.cc:115) For 3340'th file, average UBM likelihood over 169 frames is -33.9457
LOG (gmm-gselect:main():gmm-gselect.cc:115) For 3350'th file, average UBM likelihood over 186 frames is -48.3
LOG (gmm-gselect:main():gmm-gselect.cc:115) For 3360'th file, average UBM likelihood over 228 frames is -47.6649
LOG (gmm-gselect:main():gmm-gselect.cc:115) For 3370'th file, average UBM likelihood over 151 frames is -48.7273
LOG (gmm-gselect:main():gmm-gselect.cc:115) For 3380'th file, average UBM likelihood over 216 frames is -50.9057
LOG (gmm-gselect:main():gmm-gselect.cc:115) For 3390'th file, average UBM likelihood over 129 frames is -53.0826
LOG (gmm-gselect:main():gmm-gselect.cc:115) For 3400'th file, average UBM likelihood over 118 frames is -49.4314
LOG (gmm-gselect:main():gmm-gselect.cc:115) For 3410'th file, average UBM likelihood over 173 frames is -54.6086
LOG (gmm-gselect:main():gmm-gselect.cc:115) For 3420'th file, average UBM likelihood over 183 frames is -49.7
LOG (gmm-gselect:main():gmm-gselect.cc:115) For 3430'th file, average UBM likelihood over 143 frames is -62.4374
LOG (gmm-gselect:main():gmm-gselect.cc:115) For 3440'th file, average UBM likelihood over 237 frames is -56.9965
LOG (gmm-gselect:main():gmm-gselect.cc:115) For 3450'th file, average UBM likelihood over 256 frames is -54.8178
LOG (gmm-gselect:main():gmm-gselect.cc:115) For 3460'th file, average UBM likelihood over 277 frames is -56.6685
LOG (gmm-gselect:main():gmm-gselect.cc:115) For 3470'th file, average UBM likelihood over 137 frames is -42.9844
LOG (gmm-gselect:main():gmm-gselect.cc:115) For 3480'th file, average UBM likelihood over 278 frames is -58.4156
LOG (gmm-gselect:main():gmm-gselect.cc:115) For 3490'th file, average UBM likelihood over 107 frames is -60.8948
LOG (gmm-gselect:main():gmm-gselect.cc:115) For 3500'th file, average UBM likelihood over 303 frames is -60.3424
LOG (gmm-gselect:main():gmm-gselect.cc:115) For 3510'th file, average UBM likelihood over 284 frames is -58.226
LOG (gmm-gselect:main():gmm-gselect.cc:115) For 3520'th file, average UBM likelihood over 280 frames is -57.1124
LOG (gmm-gselect:main():gmm-gselect.cc:115) For 3530'th file, average UBM likelihood over 123 frames is -52.9193
LOG (gmm-gselect:main():gmm-gselect.cc:115) For 3540'th file, average UBM likelihood over 134 frames is -62.8921
LOG (gmm-gselect:main():gmm-gselect.cc:115) For 3550'th file, average UBM likelihood over 201 frames is -57.7198
LOG (gmm-gselect:main():gmm-gselect.cc:115) For 3560'th file, average UBM likelihood over 288 frames is -58.0844
LOG (gmm-gselect:main():gmm-gselect.cc:115) For 3570'th file, average UBM likelihood over 311 frames is -63.041
LOG (gmm-gselect:main():gmm-gselect.cc:115) For 3580'th file, average UBM likelihood over 231 frames is -54.7953
LOG (gmm-gselect:main():gmm-gselect.cc:115) For 3590'th file, average UBM likelihood over 107 frames is -54.1801
LOG (gmm-gselect:main():gmm-gselect.cc:115) For 3600'th file, average UBM likelihood over 186 frames is -57.6876
LOG (gmm-gselect:main():gmm-gselect.cc:115) For 3610'th file, average UBM likelihood over 264 frames is -56.7877
LOG (gmm-gselect:main():gmm-gselect.cc:115) For 3620'th file, average UBM likelihood over 221 frames is -48.5117
LOG (gmm-gselect:main():gmm-gselect.cc:115) For 3630'th file, average UBM likelihood over 326 frames is -54.7877
LOG (gmm-gselect:main():gmm-gselect.cc:115) For 3640'th file, average UBM likelihood over 180 frames is -57.5594
LOG (gmm-gselect:main():gmm-gselect.cc:115) For 3650'th file, average UBM likelihood over 204 frames is -51.5218
LOG (gmm-gselect:main():gmm-gselect.cc:115) For 3660'th file, average UBM likelihood over 151 frames is -56.72
LOG (gmm-gselect:main():gmm-gselect.cc:115) For 3670'th file, average UBM likelihood over 399 frames is -55.1538
LOG (gmm-gselect:main():gmm-gselect.cc:115) For 3680'th file, average UBM likelihood over 222 frames is -55.2264
LOG (gmm-gselect:main():gmm-gselect.cc:115) For 3690'th file, average UBM likelihood over 299 frames is -51.5431
LOG (gmm-gselect:main():gmm-gselect.cc:115) For 3700'th file, average UBM likelihood over 231 frames is -55.4649
LOG (gmm-gselect:main():gmm-gselect.cc:115) For 3710'th file, average UBM likelihood over 240 frames is -59.6273
LOG (gmm-gselect:main():gmm-gselect.cc:115) For 3720'th file, average UBM likelihood over 244 frames is -51.0474
LOG (gmm-gselect:main():gmm-gselect.cc:115) For 3730'th file, average UBM likelihood over 162 frames is -56.4511
LOG (gmm-gselect:main():gmm-gselect.cc:115) For 3740'th file, average UBM likelihood over 286 frames is -54.0707
LOG (gmm-gselect:main():gmm-gselect.cc:115) For 3750'th file, average UBM likelihood over 116 frames is -53.3917
LOG (gmm-gselect:main():gmm-gselect.cc:115) For 3760'th file, average UBM likelihood over 194 frames is -55.2744
LOG (gmm-gselect:main():gmm-gselect.cc:115) For 3770'th file, average UBM likelihood over 148 frames is -53.8836
LOG (gmm-gselect:main():gmm-gselect.cc:115) For 3780'th file, average UBM likelihood over 148 frames is -60.8567
LOG (gmm-gselect:main():gmm-gselect.cc:115) For 3790'th file, average UBM likelihood over 220 frames is -45.1661
LOG (gmm-gselect:main():gmm-gselect.cc:115) For 3800'th file, average UBM likelihood over 145 frames is -53.9472
LOG (gmm-gselect:main():gmm-gselect.cc:115) For 3810'th file, average UBM likelihood over 206 frames is -53.785
LOG (gmm-gselect:main():gmm-gselect.cc:115) For 3820'th file, average UBM likelihood over 210 frames is -49.1879
LOG (gmm-gselect:main():gmm-gselect.cc:115) For 3830'th file, average UBM likelihood over 203 frames is -49.3305
LOG (gmm-gselect:main():gmm-gselect.cc:115) For 3840'th file, average UBM likelihood over 173 frames is -48.9074
LOG (gmm-gselect:main():gmm-gselect.cc:115) For 3850'th file, average UBM likelihood over 223 frames is -55.616
LOG (gmm-gselect:main():gmm-gselect.cc:115) For 3860'th file, average UBM likelihood over 189 frames is -57.4388
LOG (gmm-gselect:main():gmm-gselect.cc:115) For 3870'th file, average UBM likelihood over 161 frames is -52.3891
LOG (gmm-gselect:main():gmm-gselect.cc:115) For 3880'th file, average UBM likelihood over 108 frames is -51.4623
LOG (gmm-gselect:main():gmm-gselect.cc:115) For 3890'th file, average UBM likelihood over 158 frames is -51.5758
LOG (gmm-gselect:main():gmm-gselect.cc:115) For 3900'th file, average UBM likelihood over 137 frames is -50.6547
LOG (gmm-gselect:main():gmm-gselect.cc:115) For 3910'th file, average UBM likelihood over 106 frames is -43.3337
LOG (gmm-gselect:main():gmm-gselect.cc:115) For 3920'th file, average UBM likelihood over 191 frames is -52.6018
LOG (gmm-gselect:main():gmm-gselect.cc:115) For 3930'th file, average UBM likelihood over 102 frames is -50.1019
LOG (gmm-gselect:main():gmm-gselect.cc:115) For 3940'th file, average UBM likelihood over 192 frames is -51.1875
LOG (gmm-gselect:main():gmm-gselect.cc:115) For 3950'th file, average UBM likelihood over 194 frames is -53.4204
LOG (gmm-gselect:main():gmm-gselect.cc:115) For 3960'th file, average UBM likelihood over 196 frames is -61.6587
LOG (gmm-gselect:main():gmm-gselect.cc:115) For 3970'th file, average UBM likelihood over 256 frames is -61.9998
LOG (gmm-gselect:main():gmm-gselect.cc:115) For 3980'th file, average UBM likelihood over 237 frames is -57.1337
LOG (gmm-gselect:main():gmm-gselect.cc:115) For 3990'th file, average UBM likelihood over 191 frames is -55.4035
LOG (gmm-gselect:main():gmm-gselect.cc:115) For 4000'th file, average UBM likelihood over 161 frames is -59.1208
LOG (gmm-gselect:main():gmm-gselect.cc:115) For 4010'th file, average UBM likelihood over 254 frames is -47.7322
LOG (gmm-gselect:main():gmm-gselect.cc:115) For 4020'th file, average UBM likelihood over 118 frames is -55.9666
LOG (gmm-gselect:main():gmm-gselect.cc:115) For 4030'th file, average UBM likelihood over 127 frames is -56.1625
LOG (gmm-gselect:main():gmm-gselect.cc:115) For 4040'th file, average UBM likelihood over 151 frames is -55.5222
LOG (gmm-gselect:main():gmm-gselect.cc:115) For 4050'th file, average UBM likelihood over 425 frames is -56.7847
LOG (gmm-gselect:main():gmm-gselect.cc:115) For 4060'th file, average UBM likelihood over 127 frames is -55.392
LOG (gmm-gselect:main():gmm-gselect.cc:115) For 4070'th file, average UBM likelihood over 201 frames is -54.9089
LOG (gmm-gselect:main():gmm-gselect.cc:115) For 4080'th file, average UBM likelihood over 231 frames is -53.6002
LOG (gmm-gselect:main():gmm-gselect.cc:115) For 4090'th file, average UBM likelihood over 187 frames is -52.9145
LOG (gmm-gselect:main():gmm-gselect.cc:115) For 4100'th file, average UBM likelihood over 204 frames is -58.6145
LOG (gmm-gselect:main():gmm-gselect.cc:115) For 4110'th file, average UBM likelihood over 194 frames is -62.3882
LOG (gmm-gselect:main():gmm-gselect.cc:115) For 4120'th file, average UBM likelihood over 136 frames is -47.1067
LOG (gmm-gselect:main():gmm-gselect.cc:115) For 4130'th file, average UBM likelihood over 411 frames is -56.173
LOG (gmm-gselect:main():gmm-gselect.cc:115) For 4140'th file, average UBM likelihood over 127 frames is -51.8937
LOG (gmm-gselect:main():gmm-gselect.cc:115) For 4150'th file, average UBM likelihood over 254 frames is -60.3653
LOG (gmm-gselect:main():gmm-gselect.cc:115) For 4160'th file, average UBM likelihood over 356 frames is -63.0187
LOG (gmm-gselect:main():gmm-gselect.cc:115) For 4170'th file, average UBM likelihood over 143 frames is -52.9698
LOG (gmm-gselect:main():gmm-gselect.cc:115) For 4180'th file, average UBM likelihood over 294 frames is -59.2562
LOG (gmm-gselect:main():gmm-gselect.cc:115) For 4190'th file, average UBM likelihood over 101 frames is -55.1527
LOG (gmm-gselect:main():gmm-gselect.cc:115) For 4200'th file, average UBM likelihood over 169 frames is -52.5445
LOG (gmm-gselect:main():gmm-gselect.cc:115) For 4210'th file, average UBM likelihood over 222 frames is -52.8317
LOG (gmm-gselect:main():gmm-gselect.cc:115) For 4220'th file, average UBM likelihood over 144 frames is -63.2561
LOG (gmm-gselect:main():gmm-gselect.cc:115) For 4230'th file, average UBM likelihood over 114 frames is -55.8598
LOG (gmm-gselect:main():gmm-gselect.cc:115) For 4240'th file, average UBM likelihood over 197 frames is -54.9892
LOG (gmm-gselect:main():gmm-gselect.cc:115) For 4250'th file, average UBM likelihood over 129 frames is -58.1892
LOG (gmm-gselect:main():gmm-gselect.cc:115) For 4260'th file, average UBM likelihood over 122 frames is -54.5244
LOG (gmm-gselect:main():gmm-gselect.cc:115) For 4270'th file, average UBM likelihood over 264 frames is -54.9746
LOG (gmm-gselect:main():gmm-gselect.cc:115) For 4280'th file, average UBM likelihood over 134 frames is -58.7105
LOG (gmm-gselect:main():gmm-gselect.cc:115) For 4290'th file, average UBM likelihood over 213 frames is -56.2955
LOG (gmm-gselect:main():gmm-gselect.cc:115) For 4300'th file, average UBM likelihood over 246 frames is -57.964
LOG (gmm-gselect:main():gmm-gselect.cc:115) For 4310'th file, average UBM likelihood over 241 frames is -56.9483
LOG (gmm-gselect:main():gmm-gselect.cc:115) For 4320'th file, average UBM likelihood over 168 frames is -53.2826
LOG (gmm-gselect:main():gmm-gselect.cc:115) For 4330'th file, average UBM likelihood over 169 frames is -57.5452
LOG (gmm-gselect:main():gmm-gselect.cc:115) For 4340'th file, average UBM likelihood over 158 frames is -56.1315
LOG (gmm-gselect:main():gmm-gselect.cc:115) For 4350'th file, average UBM likelihood over 225 frames is -60.1313
LOG (gmm-gselect:main():gmm-gselect.cc:115) For 4360'th file, average UBM likelihood over 229 frames is -53.8099
LOG (gmm-gselect:main():gmm-gselect.cc:115) For 4370'th file, average UBM likelihood over 250 frames is -56.2886
LOG (gmm-gselect:main():gmm-gselect.cc:115) For 4380'th file, average UBM likelihood over 284 frames is -50.4189
LOG (gmm-gselect:main():gmm-gselect.cc:115) For 4390'th file, average UBM likelihood over 291 frames is -48.2352
LOG (gmm-gselect:main():gmm-gselect.cc:115) For 4400'th file, average UBM likelihood over 180 frames is -48.2121
LOG (gmm-gselect:main():gmm-gselect.cc:115) For 4410'th file, average UBM likelihood over 286 frames is -59.9383
LOG (gmm-gselect:main():gmm-gselect.cc:115) For 4420'th file, average UBM likelihood over 211 frames is -56.3804
LOG (gmm-gselect:main():gmm-gselect.cc:115) For 4430'th file, average UBM likelihood over 236 frames is -59.297
LOG (gmm-gselect:main():gmm-gselect.cc:115) For 4440'th file, average UBM likelihood over 129 frames is -56.868
LOG (gmm-gselect:main():gmm-gselect.cc:115) For 4450'th file, average UBM likelihood over 246 frames is -58.5321
LOG (gmm-gselect:main():gmm-gselect.cc:115) For 4460'th file, average UBM likelihood over 114 frames is -56.6123
LOG (gmm-gselect:main():gmm-gselect.cc:115) For 4470'th file, average UBM likelihood over 208 frames is -54.7436
LOG (gmm-gselect:main():gmm-gselect.cc:115) For 4480'th file, average UBM likelihood over 152 frames is -51.943
LOG (gmm-gselect:main():gmm-gselect.cc:115) For 4490'th file, average UBM likelihood over 176 frames is -49.8114
LOG (gmm-gselect:main():gmm-gselect.cc:115) For 4500'th file, average UBM likelihood over 214 frames is -56.0716
LOG (gmm-gselect:main():gmm-gselect.cc:115) For 4510'th file, average UBM likelihood over 233 frames is -55.3956
LOG (gmm-gselect:main():gmm-gselect.cc:115) For 4520'th file, average UBM likelihood over 300 frames is -53.5458
LOG (gmm-gselect:main():gmm-gselect.cc:115) For 4530'th file, average UBM likelihood over 243 frames is -54.0356
LOG (gmm-gselect:main():gmm-gselect.cc:115) For 4540'th file, average UBM likelihood over 242 frames is -53.8295
LOG (gmm-gselect:main():gmm-gselect.cc:115) For 4550'th file, average UBM likelihood over 375 frames is -55.8673
LOG (gmm-gselect:main():gmm-gselect.cc:115) For 4560'th file, average UBM likelihood over 495 frames is -54.6938
LOG (gmm-gselect:main():gmm-gselect.cc:115) For 4570'th file, average UBM likelihood over 206 frames is -47.1784
LOG (gmm-gselect:main():gmm-gselect.cc:115) For 4580'th file, average UBM likelihood over 145 frames is -55.2813
LOG (gmm-gselect:main():gmm-gselect.cc:115) For 4590'th file, average UBM likelihood over 347 frames is -56.6514
LOG (gmm-gselect:main():gmm-gselect.cc:115) For 4600'th file, average UBM likelihood over 284 frames is -47.2397
LOG (gmm-gselect:main():gmm-gselect.cc:115) For 4610'th file, average UBM likelihood over 170 frames is -53.8819
LOG (gmm-gselect:main():gmm-gselect.cc:115) For 4620'th file, average UBM likelihood over 198 frames is -52.998
LOG (gmm-gselect:main():gmm-gselect.cc:115) For 4630'th file, average UBM likelihood over 194 frames is -48.9586
LOG (gmm-gselect:main():gmm-gselect.cc:115) For 4640'th file, average UBM likelihood over 156 frames is -51.437
LOG (gmm-gselect:main():gmm-gselect.cc:115) For 4650'th file, average UBM likelihood over 293 frames is -49.692
LOG (gmm-gselect:main():gmm-gselect.cc:115) For 4660'th file, average UBM likelihood over 133 frames is -46.5003
LOG (gmm-gselect:main():gmm-gselect.cc:115) For 4670'th file, average UBM likelihood over 143 frames is -50.602
LOG (gmm-gselect:main():gmm-gselect.cc:115) For 4680'th file, average UBM likelihood over 121 frames is -52.6243
LOG (gmm-gselect:main():gmm-gselect.cc:115) For 4690'th file, average UBM likelihood over 302 frames is -50.1686
LOG (gmm-gselect:main():gmm-gselect.cc:115) For 4700'th file, average UBM likelihood over 208 frames is -56.1279
LOG (gmm-gselect:main():gmm-gselect.cc:115) For 4710'th file, average UBM likelihood over 235 frames is -58.957
LOG (gmm-gselect:main():gmm-gselect.cc:115) For 4720'th file, average UBM likelihood over 282 frames is -51.4217
LOG (gmm-gselect:main():gmm-gselect.cc:115) For 4730'th file, average UBM likelihood over 132 frames is -54.2438
LOG (gmm-gselect:main():gmm-gselect.cc:115) For 4740'th file, average UBM likelihood over 239 frames is -53.4494
LOG (gmm-gselect:main():gmm-gselect.cc:115) For 4750'th file, average UBM likelihood over 146 frames is -46.3383
LOG (gmm-gselect:main():gmm-gselect.cc:115) For 4760'th file, average UBM likelihood over 160 frames is -53.3737
LOG (gmm-gselect:main():gmm-gselect.cc:115) For 4770'th file, average UBM likelihood over 223 frames is -50.1326
LOG (gmm-gselect:main():gmm-gselect.cc:115) For 4780'th file, average UBM likelihood over 154 frames is -53.274
LOG (gmm-gselect:main():gmm-gselect.cc:115) For 4790'th file, average UBM likelihood over 241 frames is -52.0922
LOG (gmm-gselect:main():gmm-gselect.cc:115) For 4800'th file, average UBM likelihood over 189 frames is -54.4102
LOG (gmm-gselect:main():gmm-gselect.cc:115) For 4810'th file, average UBM likelihood over 115 frames is -59.9997
LOG (gmm-gselect:main():gmm-gselect.cc:115) For 4820'th file, average UBM likelihood over 281 frames is -55.6608
LOG (gmm-gselect:main():gmm-gselect.cc:115) For 4830'th file, average UBM likelihood over 351 frames is -52.6754
LOG (gmm-gselect:main():gmm-gselect.cc:115) For 4840'th file, average UBM likelihood over 188 frames is -49.8408
LOG (gmm-gselect:main():gmm-gselect.cc:115) For 4850'th file, average UBM likelihood over 138 frames is -53.0452
LOG (gmm-gselect:main():gmm-gselect.cc:115) For 4860'th file, average UBM likelihood over 164 frames is -52.4529
LOG (gmm-gselect:main():gmm-gselect.cc:115) For 4870'th file, average UBM likelihood over 170 frames is -52.8999
LOG (gmm-gselect:main():gmm-gselect.cc:115) For 4880'th file, average UBM likelihood over 116 frames is -54.4962
LOG (gmm-gselect:main():gmm-gselect.cc:115) For 4890'th file, average UBM likelihood over 327 frames is -61.1659
LOG (gmm-gselect:main():gmm-gselect.cc:115) For 4900'th file, average UBM likelihood over 213 frames is -50.7325
LOG (gmm-gselect:main():gmm-gselect.cc:115) For 4910'th file, average UBM likelihood over 159 frames is -55.3894
LOG (gmm-gselect:main():gmm-gselect.cc:115) For 4920'th file, average UBM likelihood over 181 frames is -56.6523
LOG (gmm-gselect:main():gmm-gselect.cc:115) For 4930'th file, average UBM likelihood over 188 frames is -55.9257
LOG (gmm-gselect:main():gmm-gselect.cc:115) For 4940'th file, average UBM likelihood over 237 frames is -55.1245
LOG (gmm-gselect:main():gmm-gselect.cc:115) For 4950'th file, average UBM likelihood over 167 frames is -51.045
LOG (gmm-gselect:main():gmm-gselect.cc:115) For 4960'th file, average UBM likelihood over 146 frames is -50.1499
LOG (gmm-gselect:main():gmm-gselect.cc:115) For 4970'th file, average UBM likelihood over 231 frames is -50.4993
LOG (gmm-gselect:main():gmm-gselect.cc:115) For 4980'th file, average UBM likelihood over 240 frames is -48.4537
LOG (gmm-gselect:main():gmm-gselect.cc:115) For 4990'th file, average UBM likelihood over 208 frames is -55.9726
LOG (gmm-gselect:main():gmm-gselect.cc:115) For 5000'th file, average UBM likelihood over 200 frames is -52.4208
LOG (gmm-gselect:main():gmm-gselect.cc:115) For 5010'th file, average UBM likelihood over 115 frames is -39.0547
LOG (gmm-gselect:main():gmm-gselect.cc:115) For 5020'th file, average UBM likelihood over 297 frames is -56.2829
LOG (gmm-gselect:main():gmm-gselect.cc:115) For 5030'th file, average UBM likelihood over 154 frames is -51.4343
LOG (gmm-gselect:main():gmm-gselect.cc:115) For 5040'th file, average UBM likelihood over 237 frames is -54.5111
LOG (gmm-gselect:main():gmm-gselect.cc:115) For 5050'th file, average UBM likelihood over 227 frames is -54.6556
LOG (gmm-gselect:main():gmm-gselect.cc:115) For 5060'th file, average UBM likelihood over 222 frames is -58.5021
LOG (gmm-gselect:main():gmm-gselect.cc:115) For 5070'th file, average UBM likelihood over 105 frames is -63.7387
LOG (gmm-gselect:main():gmm-gselect.cc:115) For 5080'th file, average UBM likelihood over 137 frames is -53.7359
LOG (gmm-gselect:main():gmm-gselect.cc:115) For 5090'th file, average UBM likelihood over 184 frames is -55.1457
LOG (gmm-gselect:main():gmm-gselect.cc:115) For 5100'th file, average UBM likelihood over 336 frames is -55.7755
LOG (gmm-gselect:main():gmm-gselect.cc:115) For 5110'th file, average UBM likelihood over 143 frames is -53.6883
LOG (gmm-gselect:main():gmm-gselect.cc:115) For 5120'th file, average UBM likelihood over 299 frames is -47.751
LOG (gmm-gselect:main():gmm-gselect.cc:115) For 5130'th file, average UBM likelihood over 142 frames is -52.0969
LOG (gmm-gselect:main():gmm-gselect.cc:115) For 5140'th file, average UBM likelihood over 210 frames is -52.3368
LOG (gmm-gselect:main():gmm-gselect.cc:115) For 5150'th file, average UBM likelihood over 304 frames is -52.3319
LOG (gmm-gselect:main():gmm-gselect.cc:115) For 5160'th file, average UBM likelihood over 116 frames is -47.6347
LOG (gmm-gselect:main():gmm-gselect.cc:115) For 5170'th file, average UBM likelihood over 298 frames is -56.0953
LOG (gmm-gselect:main():gmm-gselect.cc:115) For 5180'th file, average UBM likelihood over 221 frames is -53.4737
LOG (gmm-gselect:main():gmm-gselect.cc:115) For 5190'th file, average UBM likelihood over 188 frames is -53.4151
LOG (gmm-gselect:main():gmm-gselect.cc:115) For 5200'th file, average UBM likelihood over 355 frames is -54.9174
LOG (gmm-gselect:main():gmm-gselect.cc:115) For 5210'th file, average UBM likelihood over 118 frames is -45.0906
LOG (gmm-gselect:main():gmm-gselect.cc:115) For 5220'th file, average UBM likelihood over 104 frames is -52.777
LOG (gmm-gselect:main():gmm-gselect.cc:115) For 5230'th file, average UBM likelihood over 176 frames is -50.4783
LOG (gmm-gselect:main():gmm-gselect.cc:115) For 5240'th file, average UBM likelihood over 223 frames is -45.2515
LOG (gmm-gselect:main():gmm-gselect.cc:115) For 5250'th file, average UBM likelihood over 178 frames is -47.7915
LOG (gmm-gselect:main():gmm-gselect.cc:115) For 5260'th file, average UBM likelihood over 105 frames is -52.5487
LOG (gmm-gselect:main():gmm-gselect.cc:115) For 5270'th file, average UBM likelihood over 284 frames is -49.5525
LOG (gmm-gselect:main():gmm-gselect.cc:115) For 5280'th file, average UBM likelihood over 193 frames is -53.1935
LOG (gmm-gselect:main():gmm-gselect.cc:115) For 5290'th file, average UBM likelihood over 230 frames is -50.7259
LOG (gmm-gselect:main():gmm-gselect.cc:115) For 5300'th file, average UBM likelihood over 196 frames is -45.7679
LOG (gmm-gselect:main():gmm-gselect.cc:115) For 5310'th file, average UBM likelihood over 176 frames is -45.5839
LOG (gmm-gselect:main():gmm-gselect.cc:115) For 5320'th file, average UBM likelihood over 230 frames is -44.0551
LOG (gmm-gselect:main():gmm-gselect.cc:115) For 5330'th file, average UBM likelihood over 173 frames is -50.3154
LOG (gmm-gselect:main():gmm-gselect.cc:115) For 5340'th file, average UBM likelihood over 116 frames is -50.1087
LOG (gmm-gselect:main():gmm-gselect.cc:115) For 5350'th file, average UBM likelihood over 119 frames is -51.524
LOG (gmm-gselect:main():gmm-gselect.cc:115) For 5360'th file, average UBM likelihood over 195 frames is -51.6865
LOG (gmm-gselect:main():gmm-gselect.cc:115) For 5370'th file, average UBM likelihood over 321 frames is -51.2232
LOG (gmm-gselect:main():gmm-gselect.cc:115) For 5380'th file, average UBM likelihood over 107 frames is -55.9815
LOG (gmm-gselect:main():gmm-gselect.cc:115) For 5390'th file, average UBM likelihood over 197 frames is -49.4219
LOG (gmm-gselect:main():gmm-gselect.cc:115) For 5400'th file, average UBM likelihood over 189 frames is -56.0143
LOG (gmm-gselect:main():gmm-gselect.cc:115) For 5410'th file, average UBM likelihood over 195 frames is -55.3212
LOG (gmm-gselect:main():gmm-gselect.cc:115) For 5420'th file, average UBM likelihood over 278 frames is -59.1486
LOG (gmm-gselect:main():gmm-gselect.cc:115) For 5430'th file, average UBM likelihood over 213 frames is -58.5811
LOG (gmm-gselect:main():gmm-gselect.cc:115) For 5440'th file, average UBM likelihood over 118 frames is -53.4001
LOG (gmm-gselect:main():gmm-gselect.cc:115) For 5450'th file, average UBM likelihood over 264 frames is -60.477
LOG (gmm-gselect:main():gmm-gselect.cc:115) For 5460'th file, average UBM likelihood over 153 frames is -53.4302
LOG (gmm-gselect:main():gmm-gselect.cc:115) For 5470'th file, average UBM likelihood over 107 frames is -53.4651
LOG (gmm-gselect:main():gmm-gselect.cc:115) For 5480'th file, average UBM likelihood over 322 frames is -47.4155
LOG (gmm-gselect:main():gmm-gselect.cc:115) For 5490'th file, average UBM likelihood over 149 frames is -55.5645
LOG (gmm-gselect:main():gmm-gselect.cc:115) For 5500'th file, average UBM likelihood over 253 frames is -49.8015
LOG (gmm-gselect:main():gmm-gselect.cc:115) For 5510'th file, average UBM likelihood over 168 frames is -51.1365
LOG (gmm-gselect:main():gmm-gselect.cc:115) For 5520'th file, average UBM likelihood over 273 frames is -51.4151
LOG (gmm-gselect:main():gmm-gselect.cc:115) For 5530'th file, average UBM likelihood over 242 frames is -52.9138
LOG (gmm-gselect:main():gmm-gselect.cc:115) For 5540'th file, average UBM likelihood over 122 frames is -53.1747
LOG (gmm-gselect:main():gmm-gselect.cc:115) For 5550'th file, average UBM likelihood over 149 frames is -54.8418
LOG (gmm-gselect:main():gmm-gselect.cc:115) For 5560'th file, average UBM likelihood over 202 frames is -52.4824
LOG (gmm-gselect:main():gmm-gselect.cc:115) For 5570'th file, average UBM likelihood over 112 frames is -49.6158
LOG (gmm-gselect:main():gmm-gselect.cc:115) For 5580'th file, average UBM likelihood over 181 frames is -56.4425
LOG (gmm-gselect:main():gmm-gselect.cc:115) For 5590'th file, average UBM likelihood over 148 frames is -57.19
LOG (gmm-gselect:main():gmm-gselect.cc:115) For 5600'th file, average UBM likelihood over 124 frames is -46.7742
LOG (gmm-gselect:main():gmm-gselect.cc:115) For 5610'th file, average UBM likelihood over 193 frames is -50.8408
LOG (gmm-gselect:main():gmm-gselect.cc:115) For 5620'th file, average UBM likelihood over 194 frames is -51.9292
LOG (gmm-gselect:main():gmm-gselect.cc:115) For 5630'th file, average UBM likelihood over 278 frames is -55.7367
LOG (gmm-gselect:main():gmm-gselect.cc:115) For 5640'th file, average UBM likelihood over 128 frames is -56.3582
LOG (gmm-gselect:main():gmm-gselect.cc:115) For 5650'th file, average UBM likelihood over 275 frames is -56.2247
LOG (gmm-gselect:main():gmm-gselect.cc:115) For 5660'th file, average UBM likelihood over 162 frames is -51.8893
LOG (gmm-gselect:main():gmm-gselect.cc:115) For 5670'th file, average UBM likelihood over 203 frames is -54.5863
LOG (gmm-gselect:main():gmm-gselect.cc:115) For 5680'th file, average UBM likelihood over 346 frames is -54.793
LOG (gmm-gselect:main():gmm-gselect.cc:115) For 5690'th file, average UBM likelihood over 112 frames is -57.4742
LOG (gmm-gselect:main():gmm-gselect.cc:115) For 5700'th file, average UBM likelihood over 191 frames is -55.2036
LOG (gmm-gselect:main():gmm-gselect.cc:115) For 5710'th file, average UBM likelihood over 444 frames is -49.2769
LOG (gmm-gselect:main():gmm-gselect.cc:115) For 5720'th file, average UBM likelihood over 456 frames is -60.3362
LOG (gmm-gselect:main():gmm-gselect.cc:115) For 5730'th file, average UBM likelihood over 160 frames is -52.5163
LOG (gmm-gselect:main():gmm-gselect.cc:115) For 5740'th file, average UBM likelihood over 127 frames is -55.3196
LOG (gmm-gselect:main():gmm-gselect.cc:115) For 5750'th file, average UBM likelihood over 370 frames is -53.2037
LOG (gmm-gselect:main():gmm-gselect.cc:115) For 5760'th file, average UBM likelihood over 378 frames is -52.4987
LOG (gmm-gselect:main():gmm-gselect.cc:115) For 5770'th file, average UBM likelihood over 168 frames is -54.3827
LOG (gmm-gselect:main():gmm-gselect.cc:115) For 5780'th file, average UBM likelihood over 336 frames is -58.1165
LOG (gmm-gselect:main():gmm-gselect.cc:115) For 5790'th file, average UBM likelihood over 163 frames is -53.3562
LOG (gmm-gselect:main():gmm-gselect.cc:115) For 5800'th file, average UBM likelihood over 192 frames is -52.7651
LOG (gmm-gselect:main():gmm-gselect.cc:115) For 5810'th file, average UBM likelihood over 190 frames is -55.3726
LOG (gmm-gselect:main():gmm-gselect.cc:115) For 5820'th file, average UBM likelihood over 185 frames is -46.7674
LOG (gmm-gselect:main():gmm-gselect.cc:115) For 5830'th file, average UBM likelihood over 237 frames is -47.1057
LOG (gmm-gselect:main():gmm-gselect.cc:115) For 5840'th file, average UBM likelihood over 159 frames is -56.2392
LOG (gmm-gselect:main():gmm-gselect.cc:115) For 5850'th file, average UBM likelihood over 239 frames is -48.7373
LOG (gmm-gselect:main():gmm-gselect.cc:115) For 5860'th file, average UBM likelihood over 264 frames is -53.7751
LOG (gmm-gselect:main():gmm-gselect.cc:115) For 5870'th file, average UBM likelihood over 221 frames is -54.4221
LOG (gmm-gselect:main():gmm-gselect.cc:115) For 5880'th file, average UBM likelihood over 218 frames is -52.4797
LOG (gmm-gselect:main():gmm-gselect.cc:115) For 5890'th file, average UBM likelihood over 167 frames is -52.3671
LOG (gmm-gselect:main():gmm-gselect.cc:115) For 5900'th file, average UBM likelihood over 221 frames is -53.33
LOG (gmm-gselect:main():gmm-gselect.cc:115) For 5910'th file, average UBM likelihood over 216 frames is -54.5389
LOG (gmm-gselect:main():gmm-gselect.cc:115) For 5920'th file, average UBM likelihood over 134 frames is -55.0461
LOG (gmm-gselect:main():gmm-gselect.cc:115) For 5930'th file, average UBM likelihood over 268 frames is -57.6762
LOG (gmm-gselect:main():gmm-gselect.cc:115) For 5940'th file, average UBM likelihood over 195 frames is -44.7356
LOG (gmm-gselect:main():gmm-gselect.cc:115) For 5950'th file, average UBM likelihood over 263 frames is -51.7954
LOG (gmm-gselect:main():gmm-gselect.cc:115) For 5960'th file, average UBM likelihood over 246 frames is -52.9503
LOG (gmm-gselect:main():gmm-gselect.cc:115) For 5970'th file, average UBM likelihood over 193 frames is -60.5513
LOG (gmm-gselect:main():gmm-gselect.cc:115) For 5980'th file, average UBM likelihood over 167 frames is -59.774
LOG (gmm-gselect:main():gmm-gselect.cc:115) For 5990'th file, average UBM likelihood over 117 frames is -59.0586
LOG (gmm-gselect:main():gmm-gselect.cc:115) For 6000'th file, average UBM likelihood over 234 frames is -56.1874
LOG (gmm-gselect:main():gmm-gselect.cc:115) For 6010'th file, average UBM likelihood over 242 frames is -54.1916
LOG (gmm-gselect:main():gmm-gselect.cc:115) For 6020'th file, average UBM likelihood over 135 frames is -47.9912
LOG (gmm-gselect:main():gmm-gselect.cc:115) For 6030'th file, average UBM likelihood over 230 frames is -53.0264
LOG (gmm-gselect:main():gmm-gselect.cc:115) For 6040'th file, average UBM likelihood over 131 frames is -54.2913
LOG (gmm-gselect:main():gmm-gselect.cc:115) For 6050'th file, average UBM likelihood over 218 frames is -55.3253
LOG (gmm-gselect:main():gmm-gselect.cc:115) For 6060'th file, average UBM likelihood over 165 frames is -58.3681
LOG (gmm-gselect:main():gmm-gselect.cc:115) For 6070'th file, average UBM likelihood over 213 frames is -57.4248
LOG (gmm-gselect:main():gmm-gselect.cc:115) For 6080'th file, average UBM likelihood over 262 frames is -56.0771
LOG (gmm-gselect:main():gmm-gselect.cc:115) For 6090'th file, average UBM likelihood over 182 frames is -50.8729
LOG (gmm-gselect:main():gmm-gselect.cc:115) For 6100'th file, average UBM likelihood over 185 frames is -52.3919
LOG (gmm-gselect:main():gmm-gselect.cc:115) For 6110'th file, average UBM likelihood over 351 frames is -58.1725
LOG (gmm-gselect:main():gmm-gselect.cc:115) For 6120'th file, average UBM likelihood over 374 frames is -54.4543
LOG (gmm-gselect:main():gmm-gselect.cc:115) For 6130'th file, average UBM likelihood over 123 frames is -56.9807
LOG (gmm-gselect:main():gmm-gselect.cc:115) For 6140'th file, average UBM likelihood over 384 frames is -52.8902
LOG (gmm-gselect:main():gmm-gselect.cc:115) For 6150'th file, average UBM likelihood over 235 frames is -47.1957
LOG (gmm-gselect:main():gmm-gselect.cc:115) For 6160'th file, average UBM likelihood over 291 frames is -48.8374
LOG (gmm-gselect:main():gmm-gselect.cc:115) For 6170'th file, average UBM likelihood over 141 frames is -45.5287
LOG (gmm-gselect:main():gmm-gselect.cc:115) For 6180'th file, average UBM likelihood over 239 frames is -51.3183
LOG (gmm-gselect:main():gmm-gselect.cc:115) For 6190'th file, average UBM likelihood over 230 frames is -52.7916
LOG (gmm-gselect:main():gmm-gselect.cc:115) For 6200'th file, average UBM likelihood over 141 frames is -44.3216
LOG (gmm-gselect:main():gmm-gselect.cc:115) For 6210'th file, average UBM likelihood over 193 frames is -52.3537
LOG (gmm-gselect:main():gmm-gselect.cc:115) For 6220'th file, average UBM likelihood over 219 frames is -53.9765
LOG (gmm-gselect:main():gmm-gselect.cc:115) For 6230'th file, average UBM likelihood over 125 frames is -52.658
LOG (gmm-gselect:main():gmm-gselect.cc:115) For 6240'th file, average UBM likelihood over 252 frames is -52.2841
LOG (gmm-gselect:main():gmm-gselect.cc:115) For 6250'th file, average UBM likelihood over 120 frames is -51.9739
LOG (gmm-gselect:main():gmm-gselect.cc:115) For 6260'th file, average UBM likelihood over 299 frames is -55.0452
LOG (gmm-gselect:main():gmm-gselect.cc:115) For 6270'th file, average UBM likelihood over 213 frames is -55.5939
LOG (gmm-gselect:main():gmm-gselect.cc:115) For 6280'th file, average UBM likelihood over 185 frames is -49.1502
LOG (gmm-gselect:main():gmm-gselect.cc:115) For 6290'th file, average UBM likelihood over 227 frames is -52.6985
LOG (gmm-gselect:main():gmm-gselect.cc:115) For 6300'th file, average UBM likelihood over 137 frames is -46.5848
LOG (gmm-gselect:main():gmm-gselect.cc:115) For 6310'th file, average UBM likelihood over 250 frames is -52.3363
LOG (gmm-gselect:main():gmm-gselect.cc:115) For 6320'th file, average UBM likelihood over 282 frames is -52.4165
LOG (gmm-gselect:main():gmm-gselect.cc:115) For 6330'th file, average UBM likelihood over 199 frames is -49.391
LOG (gmm-gselect:main():gmm-gselect.cc:115) For 6340'th file, average UBM likelihood over 222 frames is -54.9685
LOG (gmm-gselect:main():gmm-gselect.cc:115) For 6350'th file, average UBM likelihood over 288 frames is -66.8212
LOG (gmm-gselect:main():gmm-gselect.cc:115) For 6360'th file, average UBM likelihood over 286 frames is -61.0216
LOG (gmm-gselect:main():gmm-gselect.cc:115) For 6370'th file, average UBM likelihood over 125 frames is -44.5977
LOG (gmm-gselect:main():gmm-gselect.cc:115) For 6380'th file, average UBM likelihood over 191 frames is -55.9444
LOG (gmm-gselect:main():gmm-gselect.cc:115) For 6390'th file, average UBM likelihood over 209 frames is -53.6724
LOG (gmm-gselect:main():gmm-gselect.cc:115) For 6400'th file, average UBM likelihood over 103 frames is -56.5008
LOG (gmm-gselect:main():gmm-gselect.cc:115) For 6410'th file, average UBM likelihood over 146 frames is -53.841
LOG (gmm-gselect:main():gmm-gselect.cc:115) For 6420'th file, average UBM likelihood over 125 frames is -51.3314
LOG (gmm-gselect:main():gmm-gselect.cc:115) For 6430'th file, average UBM likelihood over 103 frames is -58.3531
LOG (gmm-gselect:main():gmm-gselect.cc:115) For 6440'th file, average UBM likelihood over 211 frames is -54.0736
LOG (gmm-gselect:main():gmm-gselect.cc:115) For 6450'th file, average UBM likelihood over 219 frames is -57.9949
LOG (gmm-gselect:main():gmm-gselect.cc:115) For 6460'th file, average UBM likelihood over 120 frames is -53.327
LOG (gmm-gselect:main():gmm-gselect.cc:115) For 6470'th file, average UBM likelihood over 400 frames is -56.9291
LOG (gmm-gselect:main():gmm-gselect.cc:115) For 6480'th file, average UBM likelihood over 221 frames is -53.1729
LOG (gmm-gselect:main():gmm-gselect.cc:115) For 6490'th file, average UBM likelihood over 289 frames is -56.801
LOG (gmm-gselect:main():gmm-gselect.cc:115) For 6500'th file, average UBM likelihood over 159 frames is -59.0384
LOG (gmm-gselect:main():gmm-gselect.cc:115) For 6510'th file, average UBM likelihood over 198 frames is -50.9161
LOG (gmm-gselect:main():gmm-gselect.cc:115) For 6520'th file, average UBM likelihood over 111 frames is -46.7709
LOG (gmm-gselect:main():gmm-gselect.cc:115) For 6530'th file, average UBM likelihood over 274 frames is -56.9316
LOG (gmm-gselect:main():gmm-gselect.cc:115) For 6540'th file, average UBM likelihood over 116 frames is -56.0791
LOG (gmm-gselect:main():gmm-gselect.cc:115) For 6550'th file, average UBM likelihood over 120 frames is -56.9052
LOG (gmm-gselect:main():gmm-gselect.cc:115) For 6560'th file, average UBM likelihood over 208 frames is -50.4401
LOG (gmm-gselect:main():gmm-gselect.cc:115) For 6570'th file, average UBM likelihood over 135 frames is -52.4544
LOG (gmm-gselect:main():gmm-gselect.cc:115) For 6580'th file, average UBM likelihood over 224 frames is -52.6597
LOG (gmm-gselect:main():gmm-gselect.cc:115) For 6590'th file, average UBM likelihood over 118 frames is -52.9603
LOG (gmm-gselect:main():gmm-gselect.cc:115) For 6600'th file, average UBM likelihood over 103 frames is -49.3867
LOG (gmm-gselect:main():gmm-gselect.cc:115) For 6610'th file, average UBM likelihood over 100 frames is -51.6603
LOG (gmm-gselect:main():gmm-gselect.cc:115) For 6620'th file, average UBM likelihood over 254 frames is -51.105
LOG (gmm-gselect:main():gmm-gselect.cc:115) For 6630'th file, average UBM likelihood over 163 frames is -55.2725
LOG (gmm-gselect:main():gmm-gselect.cc:115) For 6640'th file, average UBM likelihood over 219 frames is -56.2168
LOG (gmm-gselect:main():gmm-gselect.cc:115) For 6650'th file, average UBM likelihood over 213 frames is -55.0953
LOG (gmm-gselect:main():gmm-gselect.cc:115) For 6660'th file, average UBM likelihood over 246 frames is -53.8329
LOG (gmm-gselect:main():gmm-gselect.cc:115) For 6670'th file, average UBM likelihood over 234 frames is -56.2081
LOG (gmm-gselect:main():gmm-gselect.cc:115) For 6680'th file, average UBM likelihood over 111 frames is -48.7952
LOG (gmm-gselect:main():gmm-gselect.cc:115) For 6690'th file, average UBM likelihood over 216 frames is -48.8354
LOG (gmm-gselect:main():gmm-gselect.cc:115) For 6700'th file, average UBM likelihood over 108 frames is -40.1726
LOG (gmm-gselect:main():gmm-gselect.cc:115) For 6710'th file, average UBM likelihood over 384 frames is -48.2724
LOG (gmm-gselect:main():gmm-gselect.cc:115) For 6720'th file, average UBM likelihood over 282 frames is -48.9739
LOG (gmm-gselect:main():gmm-gselect.cc:115) For 6730'th file, average UBM likelihood over 404 frames is -58.3635
LOG (gmm-gselect:main():gmm-gselect.cc:115) For 6740'th file, average UBM likelihood over 104 frames is -44.8983
LOG (gmm-gselect:main():gmm-gselect.cc:115) For 6750'th file, average UBM likelihood over 150 frames is -46.4297
LOG (gmm-gselect:main():gmm-gselect.cc:115) For 6760'th file, average UBM likelihood over 230 frames is -54.2218
LOG (gmm-gselect:main():gmm-gselect.cc:115) For 6770'th file, average UBM likelihood over 112 frames is -57.015
LOG (gmm-gselect:main():gmm-gselect.cc:115) For 6780'th file, average UBM likelihood over 130 frames is -40.8353
LOG (gmm-gselect:main():gmm-gselect.cc:115) For 6790'th file, average UBM likelihood over 234 frames is -55.5846
LOG (gmm-gselect:main():gmm-gselect.cc:115) For 6800'th file, average UBM likelihood over 140 frames is -51.7703
LOG (gmm-gselect:main():gmm-gselect.cc:115) For 6810'th file, average UBM likelihood over 154 frames is -50.1148
LOG (gmm-gselect:main():gmm-gselect.cc:115) For 6820'th file, average UBM likelihood over 279 frames is -55.9881
LOG (gmm-gselect:main():gmm-gselect.cc:115) For 6830'th file, average UBM likelihood over 186 frames is -50.1285
LOG (gmm-gselect:main():gmm-gselect.cc:115) For 6840'th file, average UBM likelihood over 244 frames is -49.5
LOG (gmm-gselect:main():gmm-gselect.cc:115) For 6850'th file, average UBM likelihood over 222 frames is -53.1562
LOG (gmm-gselect:main():gmm-gselect.cc:115) For 6860'th file, average UBM likelihood over 102 frames is -61.6367
LOG (gmm-gselect:main():gmm-gselect.cc:115) For 6870'th file, average UBM likelihood over 119 frames is -52.2461
LOG (gmm-gselect:main():gmm-gselect.cc:115) For 6880'th file, average UBM likelihood over 174 frames is -51.4718
LOG (gmm-gselect:main():gmm-gselect.cc:115) For 6890'th file, average UBM likelihood over 195 frames is -54.1343
LOG (gmm-gselect:main():gmm-gselect.cc:115) For 6900'th file, average UBM likelihood over 149 frames is -46.2377
LOG (gmm-gselect:main():gmm-gselect.cc:115) For 6910'th file, average UBM likelihood over 337 frames is -52.9436
LOG (gmm-gselect:main():gmm-gselect.cc:115) For 6920'th file, average UBM likelihood over 126 frames is -55.1979
LOG (gmm-gselect:main():gmm-gselect.cc:115) For 6930'th file, average UBM likelihood over 161 frames is -49.321
LOG (gmm-gselect:main():gmm-gselect.cc:115) For 6940'th file, average UBM likelihood over 213 frames is -54.4345
LOG (gmm-gselect:main():gmm-gselect.cc:115) For 6950'th file, average UBM likelihood over 246 frames is -51.359
LOG (gmm-gselect:main():gmm-gselect.cc:115) For 6960'th file, average UBM likelihood over 133 frames is -55.3027
LOG (gmm-gselect:main():gmm-gselect.cc:115) For 6970'th file, average UBM likelihood over 213 frames is -51.1546
LOG (gmm-gselect:main():gmm-gselect.cc:115) For 6980'th file, average UBM likelihood over 251 frames is -56.6778
LOG (gmm-gselect:main():gmm-gselect.cc:115) For 6990'th file, average UBM likelihood over 235 frames is -52.4802
LOG (gmm-gselect:main():gmm-gselect.cc:115) For 7000'th file, average UBM likelihood over 215 frames is -50.5989
LOG (gmm-gselect:main():gmm-gselect.cc:115) For 7010'th file, average UBM likelihood over 184 frames is -49.0328
LOG (gmm-gselect:main():gmm-gselect.cc:115) For 7020'th file, average UBM likelihood over 237 frames is -54.1584
LOG (gmm-gselect:main():gmm-gselect.cc:115) For 7030'th file, average UBM likelihood over 116 frames is -49.9748
LOG (gmm-gselect:main():gmm-gselect.cc:115) For 7040'th file, average UBM likelihood over 243 frames is -54.7439
LOG (gmm-gselect:main():gmm-gselect.cc:115) For 7050'th file, average UBM likelihood over 235 frames is -51.4195
LOG (gmm-gselect:main():gmm-gselect.cc:115) For 7060'th file, average UBM likelihood over 232 frames is -45.921
LOG (gmm-gselect:main():gmm-gselect.cc:115) For 7070'th file, average UBM likelihood over 104 frames is -49.8399
LOG (gmm-gselect:main():gmm-gselect.cc:115) For 7080'th file, average UBM likelihood over 191 frames is -45.1792
LOG (gmm-gselect:main():gmm-gselect.cc:115) For 7090'th file, average UBM likelihood over 218 frames is -51.888
LOG (gmm-gselect:main():gmm-gselect.cc:115) For 7100'th file, average UBM likelihood over 287 frames is -51.1512
LOG (gmm-gselect:main():gmm-gselect.cc:115) For 7110'th file, average UBM likelihood over 105 frames is -46.7687
LOG (gmm-gselect:main():gmm-gselect.cc:115) For 7120'th file, average UBM likelihood over 141 frames is -55.4735
LOG (gmm-gselect:main():gmm-gselect.cc:115) For 7130'th file, average UBM likelihood over 270 frames is -50.382
LOG (gmm-gselect:main():gmm-gselect.cc:115) For 7140'th file, average UBM likelihood over 204 frames is -54.0141
LOG (gmm-gselect:main():gmm-gselect.cc:115) For 7150'th file, average UBM likelihood over 156 frames is -50.5703
LOG (gmm-gselect:main():gmm-gselect.cc:115) For 7160'th file, average UBM likelihood over 190 frames is -46.8371
LOG (gmm-gselect:main():gmm-gselect.cc:115) For 7170'th file, average UBM likelihood over 335 frames is -52.1348
LOG (gmm-gselect:main():gmm-gselect.cc:115) For 7180'th file, average UBM likelihood over 237 frames is -54.1563
LOG (gmm-gselect:main():gmm-gselect.cc:115) For 7190'th file, average UBM likelihood over 334 frames is -46.4103
LOG (gmm-gselect:main():gmm-gselect.cc:115) For 7200'th file, average UBM likelihood over 367 frames is -52.72
LOG (gmm-gselect:main():gmm-gselect.cc:115) For 7210'th file, average UBM likelihood over 462 frames is -51.7361
LOG (gmm-gselect:main():gmm-gselect.cc:115) For 7220'th file, average UBM likelihood over 147 frames is -42.7527
LOG (gmm-gselect:main():gmm-gselect.cc:115) For 7230'th file, average UBM likelihood over 163 frames is -54.6717
LOG (gmm-gselect:main():gmm-gselect.cc:115) For 7240'th file, average UBM likelihood over 214 frames is -44.9779
LOG (gmm-gselect:main():gmm-gselect.cc:115) For 7250'th file, average UBM likelihood over 136 frames is -56.2311
LOG (gmm-gselect:main():gmm-gselect.cc:115) For 7260'th file, average UBM likelihood over 169 frames is -56.2592
LOG (gmm-gselect:main():gmm-gselect.cc:115) For 7270'th file, average UBM likelihood over 231 frames is -59.9666
LOG (gmm-gselect:main():gmm-gselect.cc:115) For 7280'th file, average UBM likelihood over 180 frames is -49.9572
LOG (gmm-gselect:main():gmm-gselect.cc:115) For 7290'th file, average UBM likelihood over 408 frames is -53.3815
LOG (gmm-gselect:main():gmm-gselect.cc:115) For 7300'th file, average UBM likelihood over 271 frames is -54.7395
LOG (gmm-gselect:main():gmm-gselect.cc:115) For 7310'th file, average UBM likelihood over 200 frames is -50.7067
LOG (gmm-gselect:main():gmm-gselect.cc:115) For 7320'th file, average UBM likelihood over 117 frames is -52.0749
LOG (gmm-gselect:main():gmm-gselect.cc:115) For 7330'th file, average UBM likelihood over 353 frames is -55.302
LOG (gmm-gselect:main():gmm-gselect.cc:115) For 7340'th file, average UBM likelihood over 152 frames is -54.7416
LOG (gmm-gselect:main():gmm-gselect.cc:115) For 7350'th file, average UBM likelihood over 217 frames is -55.505
LOG (gmm-gselect:main():gmm-gselect.cc:115) For 7360'th file, average UBM likelihood over 110 frames is -59.3727
LOG (gmm-gselect:main():gmm-gselect.cc:115) For 7370'th file, average UBM likelihood over 315 frames is -48.7015
LOG (gmm-gselect:main():gmm-gselect.cc:115) For 7380'th file, average UBM likelihood over 245 frames is -47.6137
LOG (gmm-gselect:main():gmm-gselect.cc:115) For 7390'th file, average UBM likelihood over 119 frames is -49.4724
LOG (gmm-gselect:main():gmm-gselect.cc:115) For 7400'th file, average UBM likelihood over 100 frames is -58.2603
LOG (gmm-gselect:main():gmm-gselect.cc:115) For 7410'th file, average UBM likelihood over 161 frames is -51.8737
LOG (gmm-gselect:main():gmm-gselect.cc:115) For 7420'th file, average UBM likelihood over 100 frames is -45.5542
LOG (gmm-gselect:main():gmm-gselect.cc:115) For 7430'th file, average UBM likelihood over 188 frames is -49.8289
LOG (gmm-gselect:main():gmm-gselect.cc:115) For 7440'th file, average UBM likelihood over 242 frames is -55.1671
LOG (gmm-gselect:main():gmm-gselect.cc:115) For 7450'th file, average UBM likelihood over 217 frames is -54.8719
LOG (gmm-gselect:main():gmm-gselect.cc:115) For 7460'th file, average UBM likelihood over 282 frames is -56.5502
LOG (gmm-gselect:main():gmm-gselect.cc:115) For 7470'th file, average UBM likelihood over 100 frames is -44.7427
LOG (gmm-gselect:main():gmm-gselect.cc:115) For 7480'th file, average UBM likelihood over 198 frames is -56.0545
LOG (gmm-gselect:main():gmm-gselect.cc:115) For 7490'th file, average UBM likelihood over 295 frames is -62.9615
LOG (gmm-gselect:main():gmm-gselect.cc:115) For 7500'th file, average UBM likelihood over 275 frames is -57.1224
LOG (gmm-gselect:main():gmm-gselect.cc:115) For 7510'th file, average UBM likelihood over 485 frames is -57.2279
LOG (gmm-gselect:main():gmm-gselect.cc:115) For 7520'th file, average UBM likelihood over 237 frames is -60.3192
LOG (gmm-gselect:main():gmm-gselect.cc:115) For 7530'th file, average UBM likelihood over 268 frames is -50.9772
LOG (gmm-gselect:main():gmm-gselect.cc:115) For 7540'th file, average UBM likelihood over 214 frames is -45.7001
LOG (gmm-gselect:main():gmm-gselect.cc:115) For 7550'th file, average UBM likelihood over 245 frames is -50.6089
LOG (gmm-gselect:main():gmm-gselect.cc:115) For 7560'th file, average UBM likelihood over 338 frames is -51.3623
LOG (gmm-gselect:main():gmm-gselect.cc:115) For 7570'th file, average UBM likelihood over 243 frames is -49.4624
LOG (gmm-gselect:main():gmm-gselect.cc:115) For 7580'th file, average UBM likelihood over 360 frames is -51.2892
LOG (gmm-gselect:main():gmm-gselect.cc:115) For 7590'th file, average UBM likelihood over 191 frames is -56.5312
LOG (gmm-gselect:main():gmm-gselect.cc:115) For 7600'th file, average UBM likelihood over 102 frames is -60.6476
LOG (gmm-gselect:main():gmm-gselect.cc:115) For 7610'th file, average UBM likelihood over 358 frames is -57.9278
LOG (gmm-gselect:main():gmm-gselect.cc:115) For 7620'th file, average UBM likelihood over 178 frames is -45.061
LOG (gmm-gselect:main():gmm-gselect.cc:115) For 7630'th file, average UBM likelihood over 143 frames is -52.8529
LOG (gmm-gselect:main():gmm-gselect.cc:115) For 7640'th file, average UBM likelihood over 216 frames is -58.4402
LOG (gmm-gselect:main():gmm-gselect.cc:115) For 7650'th file, average UBM likelihood over 353 frames is -56.0033
LOG (gmm-gselect:main():gmm-gselect.cc:115) For 7660'th file, average UBM likelihood over 129 frames is -54.9949
LOG (gmm-gselect:main():gmm-gselect.cc:115) For 7670'th file, average UBM likelihood over 403 frames is -54.5573
LOG (gmm-gselect:main():gmm-gselect.cc:115) For 7680'th file, average UBM likelihood over 134 frames is -56.1663
LOG (gmm-gselect:main():gmm-gselect.cc:115) For 7690'th file, average UBM likelihood over 122 frames is -53.4719
LOG (gmm-gselect:main():gmm-gselect.cc:115) For 7700'th file, average UBM likelihood over 198 frames is -56.8456
LOG (gmm-gselect:main():gmm-gselect.cc:115) For 7710'th file, average UBM likelihood over 222 frames is -42.8524
LOG (gmm-gselect:main():gmm-gselect.cc:115) For 7720'th file, average UBM likelihood over 364 frames is -56.4349
LOG (gmm-gselect:main():gmm-gselect.cc:115) For 7730'th file, average UBM likelihood over 148 frames is -48.16
LOG (gmm-gselect:main():gmm-gselect.cc:115) For 7740'th file, average UBM likelihood over 239 frames is -56.7224
LOG (gmm-gselect:main():gmm-gselect.cc:115) For 7750'th file, average UBM likelihood over 173 frames is -57.2038
LOG (gmm-gselect:main():gmm-gselect.cc:115) For 7760'th file, average UBM likelihood over 194 frames is -57.0757
LOG (gmm-gselect:main():gmm-gselect.cc:115) For 7770'th file, average UBM likelihood over 230 frames is -55.4321
LOG (gmm-gselect:main():gmm-gselect.cc:115) For 7780'th file, average UBM likelihood over 145 frames is -49.1093
LOG (gmm-gselect:main():gmm-gselect.cc:115) For 7790'th file, average UBM likelihood over 117 frames is -60.6445
LOG (gmm-gselect:main():gmm-gselect.cc:115) For 7800'th file, average UBM likelihood over 122 frames is -42.7292
LOG (gmm-gselect:main():gmm-gselect.cc:115) For 7810'th file, average UBM likelihood over 225 frames is -53.7416
LOG (gmm-gselect:main():gmm-gselect.cc:115) For 7820'th file, average UBM likelihood over 201 frames is -57.4234
LOG (gmm-gselect:main():gmm-gselect.cc:115) For 7830'th file, average UBM likelihood over 272 frames is -56.3768
LOG (gmm-gselect:main():gmm-gselect.cc:115) For 7840'th file, average UBM likelihood over 145 frames is -48.7589
LOG (gmm-gselect:main():gmm-gselect.cc:115) For 7850'th file, average UBM likelihood over 187 frames is -58.2873
LOG (gmm-gselect:main():gmm-gselect.cc:115) For 7860'th file, average UBM likelihood over 135 frames is -56.7303
LOG (gmm-gselect:main():gmm-gselect.cc:115) For 7870'th file, average UBM likelihood over 186 frames is -54.699
LOG (apply-cmvn-online:main():apply-cmvn-online.cc:135) Applied online CMVN to 15774 files, or 3308500 frames.
LOG (gmm-gselect:main():gmm-gselect.cc:115) For 7880'th file, average UBM likelihood over 216 frames is -60.6374
LOG (transform-feats:main():transform-feats.cc:158) Overall average [pseudo-]logdet is -92.5981 over 3.3085e+06 frames.
LOG (transform-feats:main():transform-feats.cc:161) Applied transform to 7887 utterances; 0 had errors.
LOG (subsample-feats:main():subsample-feats.cc:115) Processed 7887 feature matrices; 0 with errors.
LOG (subsample-feats:main():subsample-feats.cc:117) Processed 3308500 input frames and 1656240 output frames.
LOG (gmm-gselect:main():gmm-gselect.cc:126) Done 7887 files, 0 with errors, average UBM log-likelihood is -53.2388 over 1656240 frames.
# Accounting: time=252 threads=1
# Ended (code 0) at Fri Jun 12 20:56:28 CST 2015, elapsed time 252 seconds
