# gmm-gselect --n=30 exp/nnet2_online/diag_ubm/0.dubm "ark,s,cs:apply-cmvn-online --config=conf/online_cmvn.conf exp/nnet2_online/diag_ubm/global_cmvn.stats scp:data/train_mixed_hires_30k/split20/16/feats.scp ark:- | splice-feats --left-context=3 --right-context=3 ark:- ark:- | transform-feats exp/nnet2_online/diag_ubm/final.mat ark:- ark:- | subsample-feats --n=2 ark:- ark:- |" "ark:|gzip -c >exp/nnet2_online/diag_ubm/gselect.16.gz" 
# Started at Fri Jun 12 20:52:16 CST 2015
#
gmm-gselect --n=30 exp/nnet2_online/diag_ubm/0.dubm 'ark,s,cs:apply-cmvn-online --config=conf/online_cmvn.conf exp/nnet2_online/diag_ubm/global_cmvn.stats scp:data/train_mixed_hires_30k/split20/16/feats.scp ark:- | splice-feats --left-context=3 --right-context=3 ark:- ark:- | transform-feats exp/nnet2_online/diag_ubm/final.mat ark:- ark:- | subsample-feats --n=2 ark:- ark:- |' 'ark:|gzip -c >exp/nnet2_online/diag_ubm/gselect.16.gz' 
splice-feats --left-context=3 --right-context=3 ark:- ark:- 
transform-feats exp/nnet2_online/diag_ubm/final.mat ark:- ark:- 
apply-cmvn-online --config=conf/online_cmvn.conf exp/nnet2_online/diag_ubm/global_cmvn.stats scp:data/train_mixed_hires_30k/split20/16/feats.scp ark:- 
subsample-feats --n=2 ark:- ark:- 
LOG (gmm-gselect:main():gmm-gselect.cc:115) For 0'th file, average UBM likelihood over 233 frames is -49.445
LOG (gmm-gselect:main():gmm-gselect.cc:115) For 10'th file, average UBM likelihood over 131 frames is -48.237
LOG (gmm-gselect:main():gmm-gselect.cc:115) For 20'th file, average UBM likelihood over 278 frames is -51.5747
LOG (gmm-gselect:main():gmm-gselect.cc:115) For 30'th file, average UBM likelihood over 161 frames is -52.3378
LOG (gmm-gselect:main():gmm-gselect.cc:115) For 40'th file, average UBM likelihood over 169 frames is -50.7764
LOG (gmm-gselect:main():gmm-gselect.cc:115) For 50'th file, average UBM likelihood over 237 frames is -52.4809
LOG (gmm-gselect:main():gmm-gselect.cc:115) For 60'th file, average UBM likelihood over 273 frames is -52.3191
LOG (gmm-gselect:main():gmm-gselect.cc:115) For 70'th file, average UBM likelihood over 172 frames is -53.7258
LOG (gmm-gselect:main():gmm-gselect.cc:115) For 80'th file, average UBM likelihood over 229 frames is -50.5788
LOG (gmm-gselect:main():gmm-gselect.cc:115) For 90'th file, average UBM likelihood over 158 frames is -51.2948
LOG (gmm-gselect:main():gmm-gselect.cc:115) For 100'th file, average UBM likelihood over 374 frames is -52.7915
LOG (gmm-gselect:main():gmm-gselect.cc:115) For 110'th file, average UBM likelihood over 152 frames is -46.6645
LOG (gmm-gselect:main():gmm-gselect.cc:115) For 120'th file, average UBM likelihood over 265 frames is -53.2856
LOG (gmm-gselect:main():gmm-gselect.cc:115) For 130'th file, average UBM likelihood over 299 frames is -53.0665
LOG (gmm-gselect:main():gmm-gselect.cc:115) For 140'th file, average UBM likelihood over 430 frames is -48.5759
LOG (gmm-gselect:main():gmm-gselect.cc:115) For 150'th file, average UBM likelihood over 191 frames is -48.6577
LOG (gmm-gselect:main():gmm-gselect.cc:115) For 160'th file, average UBM likelihood over 130 frames is -50.6931
LOG (gmm-gselect:main():gmm-gselect.cc:115) For 170'th file, average UBM likelihood over 207 frames is -49.6111
LOG (gmm-gselect:main():gmm-gselect.cc:115) For 180'th file, average UBM likelihood over 205 frames is -50.9455
LOG (gmm-gselect:main():gmm-gselect.cc:115) For 190'th file, average UBM likelihood over 293 frames is -44.4749
LOG (gmm-gselect:main():gmm-gselect.cc:115) For 200'th file, average UBM likelihood over 120 frames is -48.2036
LOG (gmm-gselect:main():gmm-gselect.cc:115) For 210'th file, average UBM likelihood over 349 frames is -54.691
LOG (gmm-gselect:main():gmm-gselect.cc:115) For 220'th file, average UBM likelihood over 358 frames is -53.7482
LOG (gmm-gselect:main():gmm-gselect.cc:115) For 230'th file, average UBM likelihood over 296 frames is -48.2055
LOG (gmm-gselect:main():gmm-gselect.cc:115) For 240'th file, average UBM likelihood over 336 frames is -50.8977
LOG (gmm-gselect:main():gmm-gselect.cc:115) For 250'th file, average UBM likelihood over 131 frames is -47.8254
LOG (gmm-gselect:main():gmm-gselect.cc:115) For 260'th file, average UBM likelihood over 250 frames is -53.1483
LOG (gmm-gselect:main():gmm-gselect.cc:115) For 270'th file, average UBM likelihood over 336 frames is -53.5242
LOG (gmm-gselect:main():gmm-gselect.cc:115) For 280'th file, average UBM likelihood over 224 frames is -52.8975
LOG (gmm-gselect:main():gmm-gselect.cc:115) For 290'th file, average UBM likelihood over 218 frames is -46.2442
LOG (gmm-gselect:main():gmm-gselect.cc:115) For 300'th file, average UBM likelihood over 311 frames is -51.1208
LOG (gmm-gselect:main():gmm-gselect.cc:115) For 310'th file, average UBM likelihood over 295 frames is -53.6363
LOG (gmm-gselect:main():gmm-gselect.cc:115) For 320'th file, average UBM likelihood over 391 frames is -50.2986
LOG (gmm-gselect:main():gmm-gselect.cc:115) For 330'th file, average UBM likelihood over 355 frames is -55.4769
LOG (gmm-gselect:main():gmm-gselect.cc:115) For 340'th file, average UBM likelihood over 278 frames is -52.53
LOG (gmm-gselect:main():gmm-gselect.cc:115) For 350'th file, average UBM likelihood over 203 frames is -49.9665
LOG (gmm-gselect:main():gmm-gselect.cc:115) For 360'th file, average UBM likelihood over 263 frames is -49.5138
LOG (gmm-gselect:main():gmm-gselect.cc:115) For 370'th file, average UBM likelihood over 325 frames is -56.5749
LOG (gmm-gselect:main():gmm-gselect.cc:115) For 380'th file, average UBM likelihood over 291 frames is -46.8935
LOG (gmm-gselect:main():gmm-gselect.cc:115) For 390'th file, average UBM likelihood over 324 frames is -49.3212
LOG (gmm-gselect:main():gmm-gselect.cc:115) For 400'th file, average UBM likelihood over 350 frames is -52.4745
LOG (gmm-gselect:main():gmm-gselect.cc:115) For 410'th file, average UBM likelihood over 298 frames is -48.3116
LOG (gmm-gselect:main():gmm-gselect.cc:115) For 420'th file, average UBM likelihood over 182 frames is -47.6608
LOG (gmm-gselect:main():gmm-gselect.cc:115) For 430'th file, average UBM likelihood over 231 frames is -53.7761
LOG (gmm-gselect:main():gmm-gselect.cc:115) For 440'th file, average UBM likelihood over 257 frames is -54.6942
LOG (gmm-gselect:main():gmm-gselect.cc:115) For 450'th file, average UBM likelihood over 279 frames is -50.749
LOG (gmm-gselect:main():gmm-gselect.cc:115) For 460'th file, average UBM likelihood over 191 frames is -50.5407
LOG (gmm-gselect:main():gmm-gselect.cc:115) For 470'th file, average UBM likelihood over 404 frames is -51.0313
LOG (gmm-gselect:main():gmm-gselect.cc:115) For 480'th file, average UBM likelihood over 154 frames is -52.2936
LOG (gmm-gselect:main():gmm-gselect.cc:115) For 490'th file, average UBM likelihood over 328 frames is -51.4751
LOG (gmm-gselect:main():gmm-gselect.cc:115) For 500'th file, average UBM likelihood over 200 frames is -46.8285
LOG (gmm-gselect:main():gmm-gselect.cc:115) For 510'th file, average UBM likelihood over 193 frames is -51.1811
LOG (gmm-gselect:main():gmm-gselect.cc:115) For 520'th file, average UBM likelihood over 225 frames is -49.81
LOG (gmm-gselect:main():gmm-gselect.cc:115) For 530'th file, average UBM likelihood over 230 frames is -44.6279
LOG (gmm-gselect:main():gmm-gselect.cc:115) For 540'th file, average UBM likelihood over 248 frames is -47.8525
LOG (gmm-gselect:main():gmm-gselect.cc:115) For 550'th file, average UBM likelihood over 296 frames is -46.4181
LOG (gmm-gselect:main():gmm-gselect.cc:115) For 560'th file, average UBM likelihood over 323 frames is -46.7997
LOG (gmm-gselect:main():gmm-gselect.cc:115) For 570'th file, average UBM likelihood over 156 frames is -44.782
LOG (gmm-gselect:main():gmm-gselect.cc:115) For 580'th file, average UBM likelihood over 162 frames is -46.4803
LOG (gmm-gselect:main():gmm-gselect.cc:115) For 590'th file, average UBM likelihood over 312 frames is -48.1509
LOG (gmm-gselect:main():gmm-gselect.cc:115) For 600'th file, average UBM likelihood over 251 frames is -51.1416
LOG (gmm-gselect:main():gmm-gselect.cc:115) For 610'th file, average UBM likelihood over 270 frames is -49.2523
LOG (gmm-gselect:main():gmm-gselect.cc:115) For 620'th file, average UBM likelihood over 323 frames is -51.7211
LOG (gmm-gselect:main():gmm-gselect.cc:115) For 630'th file, average UBM likelihood over 231 frames is -47.8705
LOG (gmm-gselect:main():gmm-gselect.cc:115) For 640'th file, average UBM likelihood over 265 frames is -48.4341
LOG (gmm-gselect:main():gmm-gselect.cc:115) For 650'th file, average UBM likelihood over 230 frames is -53.2582
LOG (gmm-gselect:main():gmm-gselect.cc:115) For 660'th file, average UBM likelihood over 118 frames is -46.7901
LOG (gmm-gselect:main():gmm-gselect.cc:115) For 670'th file, average UBM likelihood over 204 frames is -48.0397
LOG (gmm-gselect:main():gmm-gselect.cc:115) For 680'th file, average UBM likelihood over 405 frames is -47.6419
LOG (gmm-gselect:main():gmm-gselect.cc:115) For 690'th file, average UBM likelihood over 137 frames is -43.2137
LOG (gmm-gselect:main():gmm-gselect.cc:115) For 700'th file, average UBM likelihood over 133 frames is -45.3696
LOG (gmm-gselect:main():gmm-gselect.cc:115) For 710'th file, average UBM likelihood over 260 frames is -54.6479
LOG (gmm-gselect:main():gmm-gselect.cc:115) For 720'th file, average UBM likelihood over 219 frames is -48.75
LOG (gmm-gselect:main():gmm-gselect.cc:115) For 730'th file, average UBM likelihood over 264 frames is -55.9202
LOG (gmm-gselect:main():gmm-gselect.cc:115) For 740'th file, average UBM likelihood over 258 frames is -52.7368
LOG (gmm-gselect:main():gmm-gselect.cc:115) For 750'th file, average UBM likelihood over 196 frames is -47.7127
LOG (gmm-gselect:main():gmm-gselect.cc:115) For 760'th file, average UBM likelihood over 229 frames is -47.4509
LOG (gmm-gselect:main():gmm-gselect.cc:115) For 770'th file, average UBM likelihood over 210 frames is -49.1183
LOG (gmm-gselect:main():gmm-gselect.cc:115) For 780'th file, average UBM likelihood over 181 frames is -50.8984
LOG (gmm-gselect:main():gmm-gselect.cc:115) For 790'th file, average UBM likelihood over 165 frames is -46.8357
LOG (gmm-gselect:main():gmm-gselect.cc:115) For 800'th file, average UBM likelihood over 153 frames is -50.0109
LOG (gmm-gselect:main():gmm-gselect.cc:115) For 810'th file, average UBM likelihood over 159 frames is -47.1354
LOG (gmm-gselect:main():gmm-gselect.cc:115) For 820'th file, average UBM likelihood over 281 frames is -56.39
LOG (gmm-gselect:main():gmm-gselect.cc:115) For 830'th file, average UBM likelihood over 230 frames is -50.0831
LOG (gmm-gselect:main():gmm-gselect.cc:115) For 840'th file, average UBM likelihood over 336 frames is -49.8028
LOG (gmm-gselect:main():gmm-gselect.cc:115) For 850'th file, average UBM likelihood over 196 frames is -46.8086
LOG (gmm-gselect:main():gmm-gselect.cc:115) For 860'th file, average UBM likelihood over 90 frames is -42.9117
LOG (gmm-gselect:main():gmm-gselect.cc:115) For 870'th file, average UBM likelihood over 190 frames is -50.9381
LOG (gmm-gselect:main():gmm-gselect.cc:115) For 880'th file, average UBM likelihood over 295 frames is -53.5923
LOG (gmm-gselect:main():gmm-gselect.cc:115) For 890'th file, average UBM likelihood over 304 frames is -54.3053
LOG (gmm-gselect:main():gmm-gselect.cc:115) For 900'th file, average UBM likelihood over 307 frames is -51.4675
LOG (gmm-gselect:main():gmm-gselect.cc:115) For 910'th file, average UBM likelihood over 270 frames is -50.7811
LOG (gmm-gselect:main():gmm-gselect.cc:115) For 920'th file, average UBM likelihood over 255 frames is -52.2203
LOG (gmm-gselect:main():gmm-gselect.cc:115) For 930'th file, average UBM likelihood over 208 frames is -52.4112
LOG (gmm-gselect:main():gmm-gselect.cc:115) For 940'th file, average UBM likelihood over 267 frames is -48.0733
LOG (gmm-gselect:main():gmm-gselect.cc:115) For 950'th file, average UBM likelihood over 199 frames is -50.1631
LOG (gmm-gselect:main():gmm-gselect.cc:115) For 960'th file, average UBM likelihood over 329 frames is -49.5165
LOG (gmm-gselect:main():gmm-gselect.cc:115) For 970'th file, average UBM likelihood over 189 frames is -50.538
LOG (gmm-gselect:main():gmm-gselect.cc:115) For 980'th file, average UBM likelihood over 181 frames is -51.3531
LOG (gmm-gselect:main():gmm-gselect.cc:115) For 990'th file, average UBM likelihood over 251 frames is -55.3036
LOG (gmm-gselect:main():gmm-gselect.cc:115) For 1000'th file, average UBM likelihood over 257 frames is -54.0809
LOG (gmm-gselect:main():gmm-gselect.cc:115) For 1010'th file, average UBM likelihood over 277 frames is -50.9167
LOG (gmm-gselect:main():gmm-gselect.cc:115) For 1020'th file, average UBM likelihood over 186 frames is -50.7036
LOG (gmm-gselect:main():gmm-gselect.cc:115) For 1030'th file, average UBM likelihood over 239 frames is -53.5168
LOG (gmm-gselect:main():gmm-gselect.cc:115) For 1040'th file, average UBM likelihood over 140 frames is -52.4956
LOG (gmm-gselect:main():gmm-gselect.cc:115) For 1050'th file, average UBM likelihood over 283 frames is -50.2328
LOG (gmm-gselect:main():gmm-gselect.cc:115) For 1060'th file, average UBM likelihood over 266 frames is -48.743
LOG (gmm-gselect:main():gmm-gselect.cc:115) For 1070'th file, average UBM likelihood over 246 frames is -50.2686
LOG (gmm-gselect:main():gmm-gselect.cc:115) For 1080'th file, average UBM likelihood over 282 frames is -46.8889
LOG (gmm-gselect:main():gmm-gselect.cc:115) For 1090'th file, average UBM likelihood over 283 frames is -54.4796
LOG (gmm-gselect:main():gmm-gselect.cc:115) For 1100'th file, average UBM likelihood over 238 frames is -48.5072
LOG (gmm-gselect:main():gmm-gselect.cc:115) For 1110'th file, average UBM likelihood over 189 frames is -52.4982
LOG (gmm-gselect:main():gmm-gselect.cc:115) For 1120'th file, average UBM likelihood over 151 frames is -54.0067
LOG (gmm-gselect:main():gmm-gselect.cc:115) For 1130'th file, average UBM likelihood over 235 frames is -54.1282
LOG (gmm-gselect:main():gmm-gselect.cc:115) For 1140'th file, average UBM likelihood over 237 frames is -53.5423
LOG (gmm-gselect:main():gmm-gselect.cc:115) For 1150'th file, average UBM likelihood over 229 frames is -56.5399
LOG (gmm-gselect:main():gmm-gselect.cc:115) For 1160'th file, average UBM likelihood over 223 frames is -49.6322
LOG (gmm-gselect:main():gmm-gselect.cc:115) For 1170'th file, average UBM likelihood over 162 frames is -50.314
LOG (gmm-gselect:main():gmm-gselect.cc:115) For 1180'th file, average UBM likelihood over 272 frames is -49.7507
LOG (gmm-gselect:main():gmm-gselect.cc:115) For 1190'th file, average UBM likelihood over 357 frames is -50.6001
LOG (gmm-gselect:main():gmm-gselect.cc:115) For 1200'th file, average UBM likelihood over 330 frames is -48.8926
LOG (gmm-gselect:main():gmm-gselect.cc:115) For 1210'th file, average UBM likelihood over 241 frames is -51.6571
LOG (gmm-gselect:main():gmm-gselect.cc:115) For 1220'th file, average UBM likelihood over 260 frames is -56.2624
LOG (gmm-gselect:main():gmm-gselect.cc:115) For 1230'th file, average UBM likelihood over 311 frames is -51.4675
LOG (gmm-gselect:main():gmm-gselect.cc:115) For 1240'th file, average UBM likelihood over 365 frames is -50.382
LOG (gmm-gselect:main():gmm-gselect.cc:115) For 1250'th file, average UBM likelihood over 309 frames is -48.9673
LOG (gmm-gselect:main():gmm-gselect.cc:115) For 1260'th file, average UBM likelihood over 160 frames is -53.4572
LOG (gmm-gselect:main():gmm-gselect.cc:115) For 1270'th file, average UBM likelihood over 346 frames is -50.3876
LOG (gmm-gselect:main():gmm-gselect.cc:115) For 1280'th file, average UBM likelihood over 146 frames is -53.3298
LOG (gmm-gselect:main():gmm-gselect.cc:115) For 1290'th file, average UBM likelihood over 224 frames is -50.9187
LOG (gmm-gselect:main():gmm-gselect.cc:115) For 1300'th file, average UBM likelihood over 212 frames is -52.699
LOG (gmm-gselect:main():gmm-gselect.cc:115) For 1310'th file, average UBM likelihood over 152 frames is -46.4477
LOG (gmm-gselect:main():gmm-gselect.cc:115) For 1320'th file, average UBM likelihood over 331 frames is -48.8208
LOG (gmm-gselect:main():gmm-gselect.cc:115) For 1330'th file, average UBM likelihood over 219 frames is -52.6725
LOG (gmm-gselect:main():gmm-gselect.cc:115) For 1340'th file, average UBM likelihood over 279 frames is -53.209
LOG (gmm-gselect:main():gmm-gselect.cc:115) For 1350'th file, average UBM likelihood over 251 frames is -48.6631
LOG (gmm-gselect:main():gmm-gselect.cc:115) For 1360'th file, average UBM likelihood over 126 frames is -50.4103
LOG (gmm-gselect:main():gmm-gselect.cc:115) For 1370'th file, average UBM likelihood over 159 frames is -49.8402
LOG (gmm-gselect:main():gmm-gselect.cc:115) For 1380'th file, average UBM likelihood over 204 frames is -51.1559
LOG (gmm-gselect:main():gmm-gselect.cc:115) For 1390'th file, average UBM likelihood over 306 frames is -54.38
LOG (gmm-gselect:main():gmm-gselect.cc:115) For 1400'th file, average UBM likelihood over 293 frames is -51.8944
LOG (gmm-gselect:main():gmm-gselect.cc:115) For 1410'th file, average UBM likelihood over 345 frames is -49.9057
LOG (gmm-gselect:main():gmm-gselect.cc:115) For 1420'th file, average UBM likelihood over 250 frames is -51.6323
LOG (gmm-gselect:main():gmm-gselect.cc:115) For 1430'th file, average UBM likelihood over 379 frames is -48.731
LOG (gmm-gselect:main():gmm-gselect.cc:115) For 1440'th file, average UBM likelihood over 157 frames is -48.5879
LOG (gmm-gselect:main():gmm-gselect.cc:115) For 1450'th file, average UBM likelihood over 256 frames is -49.1553
LOG (gmm-gselect:main():gmm-gselect.cc:115) For 1460'th file, average UBM likelihood over 249 frames is -48.0936
LOG (gmm-gselect:main():gmm-gselect.cc:115) For 1470'th file, average UBM likelihood over 277 frames is -52.4221
LOG (gmm-gselect:main():gmm-gselect.cc:115) For 1480'th file, average UBM likelihood over 264 frames is -53.7545
LOG (gmm-gselect:main():gmm-gselect.cc:115) For 1490'th file, average UBM likelihood over 333 frames is -46.5202
LOG (gmm-gselect:main():gmm-gselect.cc:115) For 1500'th file, average UBM likelihood over 178 frames is -47.77
LOG (gmm-gselect:main():gmm-gselect.cc:115) For 1510'th file, average UBM likelihood over 273 frames is -48.897
LOG (gmm-gselect:main():gmm-gselect.cc:115) For 1520'th file, average UBM likelihood over 315 frames is -55.1012
LOG (gmm-gselect:main():gmm-gselect.cc:115) For 1530'th file, average UBM likelihood over 339 frames is -49.915
LOG (gmm-gselect:main():gmm-gselect.cc:115) For 1540'th file, average UBM likelihood over 192 frames is -53.1009
LOG (gmm-gselect:main():gmm-gselect.cc:115) For 1550'th file, average UBM likelihood over 330 frames is -51.923
LOG (gmm-gselect:main():gmm-gselect.cc:115) For 1560'th file, average UBM likelihood over 163 frames is -50.623
LOG (gmm-gselect:main():gmm-gselect.cc:115) For 1570'th file, average UBM likelihood over 313 frames is -53.7158
LOG (gmm-gselect:main():gmm-gselect.cc:115) For 1580'th file, average UBM likelihood over 360 frames is -52.698
LOG (gmm-gselect:main():gmm-gselect.cc:115) For 1590'th file, average UBM likelihood over 156 frames is -51.2822
LOG (gmm-gselect:main():gmm-gselect.cc:115) For 1600'th file, average UBM likelihood over 170 frames is -48.5203
LOG (gmm-gselect:main():gmm-gselect.cc:115) For 1610'th file, average UBM likelihood over 201 frames is -50.6832
LOG (gmm-gselect:main():gmm-gselect.cc:115) For 1620'th file, average UBM likelihood over 127 frames is -49.1525
LOG (gmm-gselect:main():gmm-gselect.cc:115) For 1630'th file, average UBM likelihood over 168 frames is -43.7102
LOG (gmm-gselect:main():gmm-gselect.cc:115) For 1640'th file, average UBM likelihood over 178 frames is -48.1277
LOG (gmm-gselect:main():gmm-gselect.cc:115) For 1650'th file, average UBM likelihood over 146 frames is -43.8562
LOG (gmm-gselect:main():gmm-gselect.cc:115) For 1660'th file, average UBM likelihood over 205 frames is -48.6589
LOG (gmm-gselect:main():gmm-gselect.cc:115) For 1670'th file, average UBM likelihood over 172 frames is -48.6122
LOG (gmm-gselect:main():gmm-gselect.cc:115) For 1680'th file, average UBM likelihood over 151 frames is -47.0388
LOG (gmm-gselect:main():gmm-gselect.cc:115) For 1690'th file, average UBM likelihood over 162 frames is -49.4129
LOG (gmm-gselect:main():gmm-gselect.cc:115) For 1700'th file, average UBM likelihood over 438 frames is -46.9678
LOG (gmm-gselect:main():gmm-gselect.cc:115) For 1710'th file, average UBM likelihood over 211 frames is -51.8863
LOG (gmm-gselect:main():gmm-gselect.cc:115) For 1720'th file, average UBM likelihood over 295 frames is -49.9717
LOG (gmm-gselect:main():gmm-gselect.cc:115) For 1730'th file, average UBM likelihood over 307 frames is -54.6176
LOG (gmm-gselect:main():gmm-gselect.cc:115) For 1740'th file, average UBM likelihood over 212 frames is -48.5828
LOG (gmm-gselect:main():gmm-gselect.cc:115) For 1750'th file, average UBM likelihood over 441 frames is -47.4686
LOG (gmm-gselect:main():gmm-gselect.cc:115) For 1760'th file, average UBM likelihood over 167 frames is -48.4984
LOG (gmm-gselect:main():gmm-gselect.cc:115) For 1770'th file, average UBM likelihood over 325 frames is -50.811
LOG (gmm-gselect:main():gmm-gselect.cc:115) For 1780'th file, average UBM likelihood over 249 frames is -54.5689
LOG (gmm-gselect:main():gmm-gselect.cc:115) For 1790'th file, average UBM likelihood over 241 frames is -51.1129
LOG (gmm-gselect:main():gmm-gselect.cc:115) For 1800'th file, average UBM likelihood over 366 frames is -45.0423
LOG (gmm-gselect:main():gmm-gselect.cc:115) For 1810'th file, average UBM likelihood over 283 frames is -52.9418
LOG (gmm-gselect:main():gmm-gselect.cc:115) For 1820'th file, average UBM likelihood over 280 frames is -55.2284
LOG (gmm-gselect:main():gmm-gselect.cc:115) For 1830'th file, average UBM likelihood over 255 frames is -54.8385
LOG (gmm-gselect:main():gmm-gselect.cc:115) For 1840'th file, average UBM likelihood over 324 frames is -47.502
LOG (gmm-gselect:main():gmm-gselect.cc:115) For 1850'th file, average UBM likelihood over 294 frames is -51.5077
LOG (gmm-gselect:main():gmm-gselect.cc:115) For 1860'th file, average UBM likelihood over 225 frames is -50.6719
LOG (gmm-gselect:main():gmm-gselect.cc:115) For 1870'th file, average UBM likelihood over 147 frames is -48.7988
LOG (gmm-gselect:main():gmm-gselect.cc:115) For 1880'th file, average UBM likelihood over 281 frames is -49.4274
LOG (gmm-gselect:main():gmm-gselect.cc:115) For 1890'th file, average UBM likelihood over 152 frames is -47.2849
LOG (gmm-gselect:main():gmm-gselect.cc:115) For 1900'th file, average UBM likelihood over 284 frames is -49.0114
LOG (gmm-gselect:main():gmm-gselect.cc:115) For 1910'th file, average UBM likelihood over 329 frames is -48.868
LOG (gmm-gselect:main():gmm-gselect.cc:115) For 1920'th file, average UBM likelihood over 238 frames is -49.3004
LOG (gmm-gselect:main():gmm-gselect.cc:115) For 1930'th file, average UBM likelihood over 372 frames is -51.1387
LOG (gmm-gselect:main():gmm-gselect.cc:115) For 1940'th file, average UBM likelihood over 253 frames is -49.7007
LOG (gmm-gselect:main():gmm-gselect.cc:115) For 1950'th file, average UBM likelihood over 228 frames is -50.6844
LOG (gmm-gselect:main():gmm-gselect.cc:115) For 1960'th file, average UBM likelihood over 165 frames is -50.7693
LOG (gmm-gselect:main():gmm-gselect.cc:115) For 1970'th file, average UBM likelihood over 271 frames is -48.2786
LOG (gmm-gselect:main():gmm-gselect.cc:115) For 1980'th file, average UBM likelihood over 225 frames is -53.2369
LOG (gmm-gselect:main():gmm-gselect.cc:115) For 1990'th file, average UBM likelihood over 220 frames is -48.7245
LOG (gmm-gselect:main():gmm-gselect.cc:115) For 2000'th file, average UBM likelihood over 262 frames is -49.0274
LOG (gmm-gselect:main():gmm-gselect.cc:115) For 2010'th file, average UBM likelihood over 132 frames is -45.7247
LOG (gmm-gselect:main():gmm-gselect.cc:115) For 2020'th file, average UBM likelihood over 275 frames is -47.6658
LOG (gmm-gselect:main():gmm-gselect.cc:115) For 2030'th file, average UBM likelihood over 280 frames is -45.4127
LOG (gmm-gselect:main():gmm-gselect.cc:115) For 2040'th file, average UBM likelihood over 152 frames is -46.7949
LOG (gmm-gselect:main():gmm-gselect.cc:115) For 2050'th file, average UBM likelihood over 247 frames is -54.1332
LOG (gmm-gselect:main():gmm-gselect.cc:115) For 2060'th file, average UBM likelihood over 252 frames is -49.7983
LOG (gmm-gselect:main():gmm-gselect.cc:115) For 2070'th file, average UBM likelihood over 248 frames is -51.2767
LOG (gmm-gselect:main():gmm-gselect.cc:115) For 2080'th file, average UBM likelihood over 306 frames is -45.8302
LOG (gmm-gselect:main():gmm-gselect.cc:115) For 2090'th file, average UBM likelihood over 138 frames is -53.0795
LOG (gmm-gselect:main():gmm-gselect.cc:115) For 2100'th file, average UBM likelihood over 214 frames is -49.7846
LOG (gmm-gselect:main():gmm-gselect.cc:115) For 2110'th file, average UBM likelihood over 148 frames is -44.0656
LOG (gmm-gselect:main():gmm-gselect.cc:115) For 2120'th file, average UBM likelihood over 341 frames is -48.7681
LOG (gmm-gselect:main():gmm-gselect.cc:115) For 2130'th file, average UBM likelihood over 327 frames is -51.3775
LOG (gmm-gselect:main():gmm-gselect.cc:115) For 2140'th file, average UBM likelihood over 302 frames is -51.2534
LOG (gmm-gselect:main():gmm-gselect.cc:115) For 2150'th file, average UBM likelihood over 319 frames is -50.6583
LOG (gmm-gselect:main():gmm-gselect.cc:115) For 2160'th file, average UBM likelihood over 452 frames is -51.9745
LOG (gmm-gselect:main():gmm-gselect.cc:115) For 2170'th file, average UBM likelihood over 141 frames is -48.9631
LOG (gmm-gselect:main():gmm-gselect.cc:115) For 2180'th file, average UBM likelihood over 271 frames is -50.7097
LOG (gmm-gselect:main():gmm-gselect.cc:115) For 2190'th file, average UBM likelihood over 167 frames is -50.732
LOG (gmm-gselect:main():gmm-gselect.cc:115) For 2200'th file, average UBM likelihood over 380 frames is -49.7635
LOG (gmm-gselect:main():gmm-gselect.cc:115) For 2210'th file, average UBM likelihood over 170 frames is -48.4521
LOG (gmm-gselect:main():gmm-gselect.cc:115) For 2220'th file, average UBM likelihood over 248 frames is -52.2086
LOG (gmm-gselect:main():gmm-gselect.cc:115) For 2230'th file, average UBM likelihood over 261 frames is -52.5087
LOG (gmm-gselect:main():gmm-gselect.cc:115) For 2240'th file, average UBM likelihood over 305 frames is -50.6156
LOG (gmm-gselect:main():gmm-gselect.cc:115) For 2250'th file, average UBM likelihood over 221 frames is -50.1003
LOG (gmm-gselect:main():gmm-gselect.cc:115) For 2260'th file, average UBM likelihood over 351 frames is -47.4969
LOG (gmm-gselect:main():gmm-gselect.cc:115) For 2270'th file, average UBM likelihood over 275 frames is -52.7157
LOG (gmm-gselect:main():gmm-gselect.cc:115) For 2280'th file, average UBM likelihood over 309 frames is -54.4269
LOG (gmm-gselect:main():gmm-gselect.cc:115) For 2290'th file, average UBM likelihood over 311 frames is -47.126
LOG (gmm-gselect:main():gmm-gselect.cc:115) For 2300'th file, average UBM likelihood over 151 frames is -49.9769
LOG (gmm-gselect:main():gmm-gselect.cc:115) For 2310'th file, average UBM likelihood over 118 frames is -50.6257
LOG (gmm-gselect:main():gmm-gselect.cc:115) For 2320'th file, average UBM likelihood over 261 frames is -49.6965
LOG (gmm-gselect:main():gmm-gselect.cc:115) For 2330'th file, average UBM likelihood over 395 frames is -49.3284
LOG (gmm-gselect:main():gmm-gselect.cc:115) For 2340'th file, average UBM likelihood over 327 frames is -53.7639
LOG (gmm-gselect:main():gmm-gselect.cc:115) For 2350'th file, average UBM likelihood over 145 frames is -49.1798
LOG (gmm-gselect:main():gmm-gselect.cc:115) For 2360'th file, average UBM likelihood over 268 frames is -51.542
LOG (gmm-gselect:main():gmm-gselect.cc:115) For 2370'th file, average UBM likelihood over 195 frames is -50.3358
LOG (gmm-gselect:main():gmm-gselect.cc:115) For 2380'th file, average UBM likelihood over 198 frames is -48.4202
LOG (gmm-gselect:main():gmm-gselect.cc:115) For 2390'th file, average UBM likelihood over 406 frames is -48.2597
LOG (gmm-gselect:main():gmm-gselect.cc:115) For 2400'th file, average UBM likelihood over 277 frames is -52.7689
LOG (gmm-gselect:main():gmm-gselect.cc:115) For 2410'th file, average UBM likelihood over 148 frames is -50.1857
LOG (gmm-gselect:main():gmm-gselect.cc:115) For 2420'th file, average UBM likelihood over 382 frames is -48.2868
LOG (gmm-gselect:main():gmm-gselect.cc:115) For 2430'th file, average UBM likelihood over 173 frames is -48.194
LOG (gmm-gselect:main():gmm-gselect.cc:115) For 2440'th file, average UBM likelihood over 209 frames is -53.2322
LOG (gmm-gselect:main():gmm-gselect.cc:115) For 2450'th file, average UBM likelihood over 118 frames is -45.0493
LOG (gmm-gselect:main():gmm-gselect.cc:115) For 2460'th file, average UBM likelihood over 117 frames is -47.7854
LOG (gmm-gselect:main():gmm-gselect.cc:115) For 2470'th file, average UBM likelihood over 121 frames is -47.2156
LOG (gmm-gselect:main():gmm-gselect.cc:115) For 2480'th file, average UBM likelihood over 233 frames is -50.318
LOG (gmm-gselect:main():gmm-gselect.cc:115) For 2490'th file, average UBM likelihood over 299 frames is -50.7357
LOG (gmm-gselect:main():gmm-gselect.cc:115) For 2500'th file, average UBM likelihood over 138 frames is -45.436
LOG (gmm-gselect:main():gmm-gselect.cc:115) For 2510'th file, average UBM likelihood over 174 frames is -46.8378
LOG (gmm-gselect:main():gmm-gselect.cc:115) For 2520'th file, average UBM likelihood over 169 frames is -47.7676
LOG (gmm-gselect:main():gmm-gselect.cc:115) For 2530'th file, average UBM likelihood over 194 frames is -49.8337
LOG (gmm-gselect:main():gmm-gselect.cc:115) For 2540'th file, average UBM likelihood over 153 frames is -50.9026
LOG (gmm-gselect:main():gmm-gselect.cc:115) For 2550'th file, average UBM likelihood over 555 frames is -51.4154
LOG (gmm-gselect:main():gmm-gselect.cc:115) For 2560'th file, average UBM likelihood over 142 frames is -48.8736
LOG (gmm-gselect:main():gmm-gselect.cc:115) For 2570'th file, average UBM likelihood over 346 frames is -53.2388
LOG (gmm-gselect:main():gmm-gselect.cc:115) For 2580'th file, average UBM likelihood over 193 frames is -50.1172
LOG (gmm-gselect:main():gmm-gselect.cc:115) For 2590'th file, average UBM likelihood over 309 frames is -48.4358
LOG (gmm-gselect:main():gmm-gselect.cc:115) For 2600'th file, average UBM likelihood over 243 frames is -49.0014
LOG (gmm-gselect:main():gmm-gselect.cc:115) For 2610'th file, average UBM likelihood over 307 frames is -50.8562
LOG (gmm-gselect:main():gmm-gselect.cc:115) For 2620'th file, average UBM likelihood over 258 frames is -52.7731
LOG (gmm-gselect:main():gmm-gselect.cc:115) For 2630'th file, average UBM likelihood over 219 frames is -50.5278
LOG (gmm-gselect:main():gmm-gselect.cc:115) For 2640'th file, average UBM likelihood over 156 frames is -48.6514
LOG (gmm-gselect:main():gmm-gselect.cc:115) For 2650'th file, average UBM likelihood over 206 frames is -49.4659
LOG (gmm-gselect:main():gmm-gselect.cc:115) For 2660'th file, average UBM likelihood over 240 frames is -50.4398
LOG (gmm-gselect:main():gmm-gselect.cc:115) For 2670'th file, average UBM likelihood over 284 frames is -51.4766
LOG (gmm-gselect:main():gmm-gselect.cc:115) For 2680'th file, average UBM likelihood over 202 frames is -48.7275
LOG (gmm-gselect:main():gmm-gselect.cc:115) For 2690'th file, average UBM likelihood over 286 frames is -51.527
LOG (gmm-gselect:main():gmm-gselect.cc:115) For 2700'th file, average UBM likelihood over 214 frames is -51.5103
LOG (gmm-gselect:main():gmm-gselect.cc:115) For 2710'th file, average UBM likelihood over 226 frames is -53.9162
LOG (gmm-gselect:main():gmm-gselect.cc:115) For 2720'th file, average UBM likelihood over 242 frames is -54.706
LOG (gmm-gselect:main():gmm-gselect.cc:115) For 2730'th file, average UBM likelihood over 285 frames is -53.4912
LOG (gmm-gselect:main():gmm-gselect.cc:115) For 2740'th file, average UBM likelihood over 147 frames is -50.1224
LOG (gmm-gselect:main():gmm-gselect.cc:115) For 2750'th file, average UBM likelihood over 276 frames is -49.9861
LOG (gmm-gselect:main():gmm-gselect.cc:115) For 2760'th file, average UBM likelihood over 194 frames is -52.744
LOG (gmm-gselect:main():gmm-gselect.cc:115) For 2770'th file, average UBM likelihood over 284 frames is -48.615
LOG (gmm-gselect:main():gmm-gselect.cc:115) For 2780'th file, average UBM likelihood over 276 frames is -47.3138
LOG (gmm-gselect:main():gmm-gselect.cc:115) For 2790'th file, average UBM likelihood over 210 frames is -48.1819
LOG (gmm-gselect:main():gmm-gselect.cc:115) For 2800'th file, average UBM likelihood over 267 frames is -49.4418
LOG (gmm-gselect:main():gmm-gselect.cc:115) For 2810'th file, average UBM likelihood over 193 frames is -50.6753
LOG (gmm-gselect:main():gmm-gselect.cc:115) For 2820'th file, average UBM likelihood over 407 frames is -48.9664
LOG (gmm-gselect:main():gmm-gselect.cc:115) For 2830'th file, average UBM likelihood over 355 frames is -50.082
LOG (gmm-gselect:main():gmm-gselect.cc:115) For 2840'th file, average UBM likelihood over 235 frames is -52.5528
LOG (gmm-gselect:main():gmm-gselect.cc:115) For 2850'th file, average UBM likelihood over 257 frames is -55.2801
LOG (gmm-gselect:main():gmm-gselect.cc:115) For 2860'th file, average UBM likelihood over 161 frames is -49.9897
LOG (gmm-gselect:main():gmm-gselect.cc:115) For 2870'th file, average UBM likelihood over 288 frames is -53.3979
LOG (gmm-gselect:main():gmm-gselect.cc:115) For 2880'th file, average UBM likelihood over 184 frames is -51.3568
LOG (gmm-gselect:main():gmm-gselect.cc:115) For 2890'th file, average UBM likelihood over 136 frames is -49.0984
LOG (gmm-gselect:main():gmm-gselect.cc:115) For 2900'th file, average UBM likelihood over 144 frames is -50.1437
LOG (gmm-gselect:main():gmm-gselect.cc:115) For 2910'th file, average UBM likelihood over 161 frames is -52.5184
LOG (gmm-gselect:main():gmm-gselect.cc:115) For 2920'th file, average UBM likelihood over 243 frames is -54.4075
LOG (gmm-gselect:main():gmm-gselect.cc:115) For 2930'th file, average UBM likelihood over 257 frames is -54.6784
LOG (gmm-gselect:main():gmm-gselect.cc:115) For 2940'th file, average UBM likelihood over 314 frames is -48.2371
LOG (gmm-gselect:main():gmm-gselect.cc:115) For 2950'th file, average UBM likelihood over 199 frames is -54.0338
LOG (gmm-gselect:main():gmm-gselect.cc:115) For 2960'th file, average UBM likelihood over 180 frames is -49.919
LOG (gmm-gselect:main():gmm-gselect.cc:115) For 2970'th file, average UBM likelihood over 135 frames is -48.6062
LOG (gmm-gselect:main():gmm-gselect.cc:115) For 2980'th file, average UBM likelihood over 296 frames is -45.964
LOG (gmm-gselect:main():gmm-gselect.cc:115) For 2990'th file, average UBM likelihood over 152 frames is -47.2743
LOG (gmm-gselect:main():gmm-gselect.cc:115) For 3000'th file, average UBM likelihood over 265 frames is -48.4153
LOG (gmm-gselect:main():gmm-gselect.cc:115) For 3010'th file, average UBM likelihood over 209 frames is -47.3197
LOG (gmm-gselect:main():gmm-gselect.cc:115) For 3020'th file, average UBM likelihood over 144 frames is -47.7509
LOG (gmm-gselect:main():gmm-gselect.cc:115) For 3030'th file, average UBM likelihood over 300 frames is -48.6848
LOG (gmm-gselect:main():gmm-gselect.cc:115) For 3040'th file, average UBM likelihood over 295 frames is -49.9943
LOG (gmm-gselect:main():gmm-gselect.cc:115) For 3050'th file, average UBM likelihood over 270 frames is -54.9062
LOG (gmm-gselect:main():gmm-gselect.cc:115) For 3060'th file, average UBM likelihood over 213 frames is -46.4338
LOG (gmm-gselect:main():gmm-gselect.cc:115) For 3070'th file, average UBM likelihood over 141 frames is -46.2361
LOG (gmm-gselect:main():gmm-gselect.cc:115) For 3080'th file, average UBM likelihood over 329 frames is -52.3696
LOG (gmm-gselect:main():gmm-gselect.cc:115) For 3090'th file, average UBM likelihood over 227 frames is -49.3837
LOG (gmm-gselect:main():gmm-gselect.cc:115) For 3100'th file, average UBM likelihood over 267 frames is -50.5612
LOG (gmm-gselect:main():gmm-gselect.cc:115) For 3110'th file, average UBM likelihood over 258 frames is -46.0762
LOG (gmm-gselect:main():gmm-gselect.cc:115) For 3120'th file, average UBM likelihood over 244 frames is -49.6764
LOG (gmm-gselect:main():gmm-gselect.cc:115) For 3130'th file, average UBM likelihood over 199 frames is -47.5781
LOG (gmm-gselect:main():gmm-gselect.cc:115) For 3140'th file, average UBM likelihood over 343 frames is -49.3816
LOG (gmm-gselect:main():gmm-gselect.cc:115) For 3150'th file, average UBM likelihood over 361 frames is -47.2748
LOG (gmm-gselect:main():gmm-gselect.cc:115) For 3160'th file, average UBM likelihood over 367 frames is -49.8502
LOG (gmm-gselect:main():gmm-gselect.cc:115) For 3170'th file, average UBM likelihood over 224 frames is -48.2259
LOG (gmm-gselect:main():gmm-gselect.cc:115) For 3180'th file, average UBM likelihood over 439 frames is -46.4272
LOG (gmm-gselect:main():gmm-gselect.cc:115) For 3190'th file, average UBM likelihood over 289 frames is -51.2656
LOG (gmm-gselect:main():gmm-gselect.cc:115) For 3200'th file, average UBM likelihood over 295 frames is -49.1912
LOG (gmm-gselect:main():gmm-gselect.cc:115) For 3210'th file, average UBM likelihood over 321 frames is -51.8584
LOG (gmm-gselect:main():gmm-gselect.cc:115) For 3220'th file, average UBM likelihood over 237 frames is -54.0065
LOG (gmm-gselect:main():gmm-gselect.cc:115) For 3230'th file, average UBM likelihood over 372 frames is -50.9366
LOG (gmm-gselect:main():gmm-gselect.cc:115) For 3240'th file, average UBM likelihood over 322 frames is -50.6956
LOG (gmm-gselect:main():gmm-gselect.cc:115) For 3250'th file, average UBM likelihood over 153 frames is -49.305
LOG (gmm-gselect:main():gmm-gselect.cc:115) For 3260'th file, average UBM likelihood over 311 frames is -52.5172
LOG (gmm-gselect:main():gmm-gselect.cc:115) For 3270'th file, average UBM likelihood over 128 frames is -47.2752
LOG (gmm-gselect:main():gmm-gselect.cc:115) For 3280'th file, average UBM likelihood over 168 frames is -46.6212
LOG (gmm-gselect:main():gmm-gselect.cc:115) For 3290'th file, average UBM likelihood over 328 frames is -48.7244
LOG (gmm-gselect:main():gmm-gselect.cc:115) For 3300'th file, average UBM likelihood over 210 frames is -51.0128
LOG (gmm-gselect:main():gmm-gselect.cc:115) For 3310'th file, average UBM likelihood over 167 frames is -54.778
LOG (gmm-gselect:main():gmm-gselect.cc:115) For 3320'th file, average UBM likelihood over 150 frames is -46.3609
LOG (gmm-gselect:main():gmm-gselect.cc:115) For 3330'th file, average UBM likelihood over 262 frames is -49.7448
LOG (gmm-gselect:main():gmm-gselect.cc:115) For 3340'th file, average UBM likelihood over 254 frames is -49.7089
LOG (gmm-gselect:main():gmm-gselect.cc:115) For 3350'th file, average UBM likelihood over 258 frames is -51.4806
LOG (gmm-gselect:main():gmm-gselect.cc:115) For 3360'th file, average UBM likelihood over 311 frames is -50.0432
LOG (gmm-gselect:main():gmm-gselect.cc:115) For 3370'th file, average UBM likelihood over 117 frames is -51.1147
LOG (gmm-gselect:main():gmm-gselect.cc:115) For 3380'th file, average UBM likelihood over 457 frames is -51.7129
LOG (gmm-gselect:main():gmm-gselect.cc:115) For 3390'th file, average UBM likelihood over 330 frames is -55.2856
LOG (gmm-gselect:main():gmm-gselect.cc:115) For 3400'th file, average UBM likelihood over 267 frames is -55.1778
LOG (gmm-gselect:main():gmm-gselect.cc:115) For 3410'th file, average UBM likelihood over 290 frames is -50.9586
LOG (gmm-gselect:main():gmm-gselect.cc:115) For 3420'th file, average UBM likelihood over 352 frames is -52.1913
LOG (gmm-gselect:main():gmm-gselect.cc:115) For 3430'th file, average UBM likelihood over 334 frames is -52.5615
LOG (gmm-gselect:main():gmm-gselect.cc:115) For 3440'th file, average UBM likelihood over 391 frames is -47.4933
LOG (gmm-gselect:main():gmm-gselect.cc:115) For 3450'th file, average UBM likelihood over 352 frames is -51.4288
LOG (gmm-gselect:main():gmm-gselect.cc:115) For 3460'th file, average UBM likelihood over 277 frames is -58.8548
LOG (gmm-gselect:main():gmm-gselect.cc:115) For 3470'th file, average UBM likelihood over 265 frames is -56.6374
LOG (gmm-gselect:main():gmm-gselect.cc:115) For 3480'th file, average UBM likelihood over 205 frames is -58.7901
LOG (gmm-gselect:main():gmm-gselect.cc:115) For 3490'th file, average UBM likelihood over 159 frames is -55.3083
LOG (gmm-gselect:main():gmm-gselect.cc:115) For 3500'th file, average UBM likelihood over 263 frames is -57.8064
LOG (gmm-gselect:main():gmm-gselect.cc:115) For 3510'th file, average UBM likelihood over 213 frames is -52.0538
LOG (gmm-gselect:main():gmm-gselect.cc:115) For 3520'th file, average UBM likelihood over 245 frames is -57.2886
LOG (gmm-gselect:main():gmm-gselect.cc:115) For 3530'th file, average UBM likelihood over 359 frames is -55.0164
LOG (gmm-gselect:main():gmm-gselect.cc:115) For 3540'th file, average UBM likelihood over 184 frames is -56.2197
LOG (gmm-gselect:main():gmm-gselect.cc:115) For 3550'th file, average UBM likelihood over 201 frames is -56.6898
LOG (gmm-gselect:main():gmm-gselect.cc:115) For 3560'th file, average UBM likelihood over 364 frames is -54.7242
LOG (gmm-gselect:main():gmm-gselect.cc:115) For 3570'th file, average UBM likelihood over 300 frames is -47.9159
LOG (gmm-gselect:main():gmm-gselect.cc:115) For 3580'th file, average UBM likelihood over 250 frames is -47.3192
LOG (gmm-gselect:main():gmm-gselect.cc:115) For 3590'th file, average UBM likelihood over 110 frames is -55.0208
LOG (gmm-gselect:main():gmm-gselect.cc:115) For 3600'th file, average UBM likelihood over 223 frames is -59.8909
LOG (gmm-gselect:main():gmm-gselect.cc:115) For 3610'th file, average UBM likelihood over 334 frames is -51.6322
LOG (gmm-gselect:main():gmm-gselect.cc:115) For 3620'th file, average UBM likelihood over 321 frames is -56.3089
LOG (gmm-gselect:main():gmm-gselect.cc:115) For 3630'th file, average UBM likelihood over 298 frames is -52.4735
LOG (gmm-gselect:main():gmm-gselect.cc:115) For 3640'th file, average UBM likelihood over 174 frames is -55.4224
LOG (gmm-gselect:main():gmm-gselect.cc:115) For 3650'th file, average UBM likelihood over 222 frames is -56.0584
LOG (gmm-gselect:main():gmm-gselect.cc:115) For 3660'th file, average UBM likelihood over 297 frames is -52.999
LOG (gmm-gselect:main():gmm-gselect.cc:115) For 3670'th file, average UBM likelihood over 164 frames is -51.2267
LOG (gmm-gselect:main():gmm-gselect.cc:115) For 3680'th file, average UBM likelihood over 136 frames is -47.2023
LOG (gmm-gselect:main():gmm-gselect.cc:115) For 3690'th file, average UBM likelihood over 332 frames is -55.4115
LOG (gmm-gselect:main():gmm-gselect.cc:115) For 3700'th file, average UBM likelihood over 333 frames is -57.2427
LOG (gmm-gselect:main():gmm-gselect.cc:115) For 3710'th file, average UBM likelihood over 239 frames is -54.9908
LOG (gmm-gselect:main():gmm-gselect.cc:115) For 3720'th file, average UBM likelihood over 235 frames is -54.1191
LOG (gmm-gselect:main():gmm-gselect.cc:115) For 3730'th file, average UBM likelihood over 268 frames is -60.2155
LOG (gmm-gselect:main():gmm-gselect.cc:115) For 3740'th file, average UBM likelihood over 233 frames is -56.781
LOG (gmm-gselect:main():gmm-gselect.cc:115) For 3750'th file, average UBM likelihood over 271 frames is -55.0278
LOG (gmm-gselect:main():gmm-gselect.cc:115) For 3760'th file, average UBM likelihood over 285 frames is -57.1189
LOG (gmm-gselect:main():gmm-gselect.cc:115) For 3770'th file, average UBM likelihood over 307 frames is -50.5202
LOG (gmm-gselect:main():gmm-gselect.cc:115) For 3780'th file, average UBM likelihood over 209 frames is -58.3301
LOG (gmm-gselect:main():gmm-gselect.cc:115) For 3790'th file, average UBM likelihood over 264 frames is -60.0401
LOG (gmm-gselect:main():gmm-gselect.cc:115) For 3800'th file, average UBM likelihood over 329 frames is -53.2723
LOG (gmm-gselect:main():gmm-gselect.cc:115) For 3810'th file, average UBM likelihood over 276 frames is -55.042
LOG (gmm-gselect:main():gmm-gselect.cc:115) For 3820'th file, average UBM likelihood over 150 frames is -57.9693
LOG (gmm-gselect:main():gmm-gselect.cc:115) For 3830'th file, average UBM likelihood over 465 frames is -52.7671
LOG (gmm-gselect:main():gmm-gselect.cc:115) For 3840'th file, average UBM likelihood over 415 frames is -50.3957
LOG (gmm-gselect:main():gmm-gselect.cc:115) For 3850'th file, average UBM likelihood over 272 frames is -52.854
LOG (gmm-gselect:main():gmm-gselect.cc:115) For 3860'th file, average UBM likelihood over 349 frames is -54.0307
LOG (gmm-gselect:main():gmm-gselect.cc:115) For 3870'th file, average UBM likelihood over 197 frames is -51.5412
LOG (gmm-gselect:main():gmm-gselect.cc:115) For 3880'th file, average UBM likelihood over 184 frames is -54.8959
LOG (gmm-gselect:main():gmm-gselect.cc:115) For 3890'th file, average UBM likelihood over 211 frames is -52.3337
LOG (gmm-gselect:main():gmm-gselect.cc:115) For 3900'th file, average UBM likelihood over 214 frames is -52.6941
LOG (gmm-gselect:main():gmm-gselect.cc:115) For 3910'th file, average UBM likelihood over 188 frames is -54.7354
LOG (gmm-gselect:main():gmm-gselect.cc:115) For 3920'th file, average UBM likelihood over 152 frames is -52.9532
LOG (gmm-gselect:main():gmm-gselect.cc:115) For 3930'th file, average UBM likelihood over 313 frames is -47.5254
LOG (gmm-gselect:main():gmm-gselect.cc:115) For 3940'th file, average UBM likelihood over 262 frames is -53.7396
LOG (gmm-gselect:main():gmm-gselect.cc:115) For 3950'th file, average UBM likelihood over 304 frames is -54.8954
LOG (gmm-gselect:main():gmm-gselect.cc:115) For 3960'th file, average UBM likelihood over 260 frames is -55.3345
LOG (gmm-gselect:main():gmm-gselect.cc:115) For 3970'th file, average UBM likelihood over 292 frames is -53.772
LOG (gmm-gselect:main():gmm-gselect.cc:115) For 3980'th file, average UBM likelihood over 287 frames is -50.4236
LOG (gmm-gselect:main():gmm-gselect.cc:115) For 3990'th file, average UBM likelihood over 339 frames is -57.0902
LOG (gmm-gselect:main():gmm-gselect.cc:115) For 4000'th file, average UBM likelihood over 291 frames is -57.3086
LOG (gmm-gselect:main():gmm-gselect.cc:115) For 4010'th file, average UBM likelihood over 281 frames is -53.4383
LOG (gmm-gselect:main():gmm-gselect.cc:115) For 4020'th file, average UBM likelihood over 294 frames is -56.4432
LOG (gmm-gselect:main():gmm-gselect.cc:115) For 4030'th file, average UBM likelihood over 144 frames is -47.9058
LOG (gmm-gselect:main():gmm-gselect.cc:115) For 4040'th file, average UBM likelihood over 308 frames is -51.7489
LOG (gmm-gselect:main():gmm-gselect.cc:115) For 4050'th file, average UBM likelihood over 160 frames is -53.829
LOG (gmm-gselect:main():gmm-gselect.cc:115) For 4060'th file, average UBM likelihood over 170 frames is -50.7736
LOG (gmm-gselect:main():gmm-gselect.cc:115) For 4070'th file, average UBM likelihood over 256 frames is -51.6242
LOG (gmm-gselect:main():gmm-gselect.cc:115) For 4080'th file, average UBM likelihood over 295 frames is -59.0618
LOG (gmm-gselect:main():gmm-gselect.cc:115) For 4090'th file, average UBM likelihood over 221 frames is -50.5606
LOG (gmm-gselect:main():gmm-gselect.cc:115) For 4100'th file, average UBM likelihood over 142 frames is -46.9866
LOG (gmm-gselect:main():gmm-gselect.cc:115) For 4110'th file, average UBM likelihood over 278 frames is -53.3977
LOG (gmm-gselect:main():gmm-gselect.cc:115) For 4120'th file, average UBM likelihood over 199 frames is -54.3261
LOG (gmm-gselect:main():gmm-gselect.cc:115) For 4130'th file, average UBM likelihood over 292 frames is -55.694
LOG (gmm-gselect:main():gmm-gselect.cc:115) For 4140'th file, average UBM likelihood over 206 frames is -52.2835
LOG (gmm-gselect:main():gmm-gselect.cc:115) For 4150'th file, average UBM likelihood over 233 frames is -53.0771
LOG (gmm-gselect:main():gmm-gselect.cc:115) For 4160'th file, average UBM likelihood over 179 frames is -54.3257
LOG (gmm-gselect:main():gmm-gselect.cc:115) For 4170'th file, average UBM likelihood over 366 frames is -54.4239
LOG (gmm-gselect:main():gmm-gselect.cc:115) For 4180'th file, average UBM likelihood over 192 frames is -54.6598
LOG (gmm-gselect:main():gmm-gselect.cc:115) For 4190'th file, average UBM likelihood over 460 frames is -53.3892
LOG (gmm-gselect:main():gmm-gselect.cc:115) For 4200'th file, average UBM likelihood over 161 frames is -51.4805
LOG (gmm-gselect:main():gmm-gselect.cc:115) For 4210'th file, average UBM likelihood over 135 frames is -49.5986
LOG (gmm-gselect:main():gmm-gselect.cc:115) For 4220'th file, average UBM likelihood over 336 frames is -53.8957
LOG (gmm-gselect:main():gmm-gselect.cc:115) For 4230'th file, average UBM likelihood over 357 frames is -49.0152
LOG (gmm-gselect:main():gmm-gselect.cc:115) For 4240'th file, average UBM likelihood over 346 frames is -51.7743
LOG (gmm-gselect:main():gmm-gselect.cc:115) For 4250'th file, average UBM likelihood over 195 frames is -51.7771
LOG (gmm-gselect:main():gmm-gselect.cc:115) For 4260'th file, average UBM likelihood over 248 frames is -52.9418
LOG (gmm-gselect:main():gmm-gselect.cc:115) For 4270'th file, average UBM likelihood over 302 frames is -49.8751
LOG (gmm-gselect:main():gmm-gselect.cc:115) For 4280'th file, average UBM likelihood over 199 frames is -48.9528
LOG (gmm-gselect:main():gmm-gselect.cc:115) For 4290'th file, average UBM likelihood over 334 frames is -53.6438
LOG (gmm-gselect:main():gmm-gselect.cc:115) For 4300'th file, average UBM likelihood over 396 frames is -49.3392
LOG (gmm-gselect:main():gmm-gselect.cc:115) For 4310'th file, average UBM likelihood over 403 frames is -54.8384
LOG (gmm-gselect:main():gmm-gselect.cc:115) For 4320'th file, average UBM likelihood over 209 frames is -50.2235
LOG (gmm-gselect:main():gmm-gselect.cc:115) For 4330'th file, average UBM likelihood over 446 frames is -48.3984
LOG (gmm-gselect:main():gmm-gselect.cc:115) For 4340'th file, average UBM likelihood over 461 frames is -49.3678
LOG (gmm-gselect:main():gmm-gselect.cc:115) For 4350'th file, average UBM likelihood over 258 frames is -53.5451
LOG (gmm-gselect:main():gmm-gselect.cc:115) For 4360'th file, average UBM likelihood over 153 frames is -53.016
LOG (gmm-gselect:main():gmm-gselect.cc:115) For 4370'th file, average UBM likelihood over 178 frames is -52.2171
LOG (gmm-gselect:main():gmm-gselect.cc:115) For 4380'th file, average UBM likelihood over 278 frames is -54.4776
LOG (gmm-gselect:main():gmm-gselect.cc:115) For 4390'th file, average UBM likelihood over 322 frames is -53.1761
LOG (gmm-gselect:main():gmm-gselect.cc:115) For 4400'th file, average UBM likelihood over 301 frames is -53.2148
LOG (gmm-gselect:main():gmm-gselect.cc:115) For 4410'th file, average UBM likelihood over 255 frames is -50.5836
LOG (gmm-gselect:main():gmm-gselect.cc:115) For 4420'th file, average UBM likelihood over 288 frames is -48.7233
LOG (gmm-gselect:main():gmm-gselect.cc:115) For 4430'th file, average UBM likelihood over 337 frames is -51.7173
LOG (gmm-gselect:main():gmm-gselect.cc:115) For 4440'th file, average UBM likelihood over 243 frames is -50.2081
LOG (gmm-gselect:main():gmm-gselect.cc:115) For 4450'th file, average UBM likelihood over 283 frames is -51.884
LOG (gmm-gselect:main():gmm-gselect.cc:115) For 4460'th file, average UBM likelihood over 112 frames is -49.652
LOG (gmm-gselect:main():gmm-gselect.cc:115) For 4470'th file, average UBM likelihood over 154 frames is -50.8358
LOG (gmm-gselect:main():gmm-gselect.cc:115) For 4480'th file, average UBM likelihood over 324 frames is -51.9892
LOG (gmm-gselect:main():gmm-gselect.cc:115) For 4490'th file, average UBM likelihood over 275 frames is -51.9157
LOG (gmm-gselect:main():gmm-gselect.cc:115) For 4500'th file, average UBM likelihood over 282 frames is -50.6288
LOG (gmm-gselect:main():gmm-gselect.cc:115) For 4510'th file, average UBM likelihood over 279 frames is -52.6365
LOG (gmm-gselect:main():gmm-gselect.cc:115) For 4520'th file, average UBM likelihood over 157 frames is -54.6467
LOG (gmm-gselect:main():gmm-gselect.cc:115) For 4530'th file, average UBM likelihood over 244 frames is -53.3862
LOG (gmm-gselect:main():gmm-gselect.cc:115) For 4540'th file, average UBM likelihood over 290 frames is -52.0604
LOG (gmm-gselect:main():gmm-gselect.cc:115) For 4550'th file, average UBM likelihood over 128 frames is -49.8001
LOG (gmm-gselect:main():gmm-gselect.cc:115) For 4560'th file, average UBM likelihood over 371 frames is -53.8799
LOG (gmm-gselect:main():gmm-gselect.cc:115) For 4570'th file, average UBM likelihood over 360 frames is -49.0899
LOG (gmm-gselect:main():gmm-gselect.cc:115) For 4580'th file, average UBM likelihood over 318 frames is -55.5454
LOG (gmm-gselect:main():gmm-gselect.cc:115) For 4590'th file, average UBM likelihood over 193 frames is -49.9065
LOG (gmm-gselect:main():gmm-gselect.cc:115) For 4600'th file, average UBM likelihood over 312 frames is -52.0995
LOG (gmm-gselect:main():gmm-gselect.cc:115) For 4610'th file, average UBM likelihood over 274 frames is -47.6626
LOG (gmm-gselect:main():gmm-gselect.cc:115) For 4620'th file, average UBM likelihood over 202 frames is -51.3979
LOG (gmm-gselect:main():gmm-gselect.cc:115) For 4630'th file, average UBM likelihood over 222 frames is -51.5299
LOG (gmm-gselect:main():gmm-gselect.cc:115) For 4640'th file, average UBM likelihood over 323 frames is -51.448
LOG (gmm-gselect:main():gmm-gselect.cc:115) For 4650'th file, average UBM likelihood over 190 frames is -50.009
LOG (gmm-gselect:main():gmm-gselect.cc:115) For 4660'th file, average UBM likelihood over 178 frames is -50.2635
LOG (gmm-gselect:main():gmm-gselect.cc:115) For 4670'th file, average UBM likelihood over 359 frames is -55.0156
LOG (gmm-gselect:main():gmm-gselect.cc:115) For 4680'th file, average UBM likelihood over 304 frames is -48.2202
LOG (gmm-gselect:main():gmm-gselect.cc:115) For 4690'th file, average UBM likelihood over 176 frames is -53.9866
LOG (gmm-gselect:main():gmm-gselect.cc:115) For 4700'th file, average UBM likelihood over 304 frames is -53.5008
LOG (gmm-gselect:main():gmm-gselect.cc:115) For 4710'th file, average UBM likelihood over 306 frames is -51.6416
LOG (gmm-gselect:main():gmm-gselect.cc:115) For 4720'th file, average UBM likelihood over 178 frames is -47.4494
LOG (gmm-gselect:main():gmm-gselect.cc:115) For 4730'th file, average UBM likelihood over 373 frames is -54.3146
LOG (gmm-gselect:main():gmm-gselect.cc:115) For 4740'th file, average UBM likelihood over 206 frames is -53.6193
LOG (gmm-gselect:main():gmm-gselect.cc:115) For 4750'th file, average UBM likelihood over 284 frames is -54.2619
LOG (gmm-gselect:main():gmm-gselect.cc:115) For 4760'th file, average UBM likelihood over 410 frames is -49.2293
LOG (gmm-gselect:main():gmm-gselect.cc:115) For 4770'th file, average UBM likelihood over 158 frames is -51.8438
LOG (gmm-gselect:main():gmm-gselect.cc:115) For 4780'th file, average UBM likelihood over 226 frames is -50.6414
LOG (gmm-gselect:main():gmm-gselect.cc:115) For 4790'th file, average UBM likelihood over 155 frames is -47.3686
LOG (gmm-gselect:main():gmm-gselect.cc:115) For 4800'th file, average UBM likelihood over 157 frames is -51.6687
LOG (gmm-gselect:main():gmm-gselect.cc:115) For 4810'th file, average UBM likelihood over 256 frames is -49.0283
LOG (gmm-gselect:main():gmm-gselect.cc:115) For 4820'th file, average UBM likelihood over 102 frames is -46.6074
LOG (gmm-gselect:main():gmm-gselect.cc:115) For 4830'th file, average UBM likelihood over 269 frames is -58.4154
LOG (gmm-gselect:main():gmm-gselect.cc:115) For 4840'th file, average UBM likelihood over 152 frames is -48.5129
LOG (gmm-gselect:main():gmm-gselect.cc:115) For 4850'th file, average UBM likelihood over 335 frames is -48.316
LOG (gmm-gselect:main():gmm-gselect.cc:115) For 4860'th file, average UBM likelihood over 122 frames is -47.9328
LOG (gmm-gselect:main():gmm-gselect.cc:115) For 4870'th file, average UBM likelihood over 244 frames is -52.9222
LOG (gmm-gselect:main():gmm-gselect.cc:115) For 4880'th file, average UBM likelihood over 287 frames is -51.2138
LOG (gmm-gselect:main():gmm-gselect.cc:115) For 4890'th file, average UBM likelihood over 252 frames is -49.6615
LOG (gmm-gselect:main():gmm-gselect.cc:115) For 4900'th file, average UBM likelihood over 304 frames is -50.8271
LOG (gmm-gselect:main():gmm-gselect.cc:115) For 4910'th file, average UBM likelihood over 211 frames is -51.4665
LOG (gmm-gselect:main():gmm-gselect.cc:115) For 4920'th file, average UBM likelihood over 281 frames is -52.4654
LOG (gmm-gselect:main():gmm-gselect.cc:115) For 4930'th file, average UBM likelihood over 213 frames is -50.7953
LOG (gmm-gselect:main():gmm-gselect.cc:115) For 4940'th file, average UBM likelihood over 387 frames is -53.104
LOG (gmm-gselect:main():gmm-gselect.cc:115) For 4950'th file, average UBM likelihood over 321 frames is -53.1738
LOG (gmm-gselect:main():gmm-gselect.cc:115) For 4960'th file, average UBM likelihood over 122 frames is -49.7934
LOG (gmm-gselect:main():gmm-gselect.cc:115) For 4970'th file, average UBM likelihood over 303 frames is -51.1728
LOG (gmm-gselect:main():gmm-gselect.cc:115) For 4980'th file, average UBM likelihood over 461 frames is -51.2528
LOG (gmm-gselect:main():gmm-gselect.cc:115) For 4990'th file, average UBM likelihood over 483 frames is -49.6894
LOG (gmm-gselect:main():gmm-gselect.cc:115) For 5000'th file, average UBM likelihood over 331 frames is -53.0968
LOG (gmm-gselect:main():gmm-gselect.cc:115) For 5010'th file, average UBM likelihood over 194 frames is -54.6154
LOG (gmm-gselect:main():gmm-gselect.cc:115) For 5020'th file, average UBM likelihood over 246 frames is -53.5456
LOG (gmm-gselect:main():gmm-gselect.cc:115) For 5030'th file, average UBM likelihood over 321 frames is -52.1494
LOG (gmm-gselect:main():gmm-gselect.cc:115) For 5040'th file, average UBM likelihood over 322 frames is -53.0214
LOG (gmm-gselect:main():gmm-gselect.cc:115) For 5050'th file, average UBM likelihood over 262 frames is -54.303
LOG (gmm-gselect:main():gmm-gselect.cc:115) For 5060'th file, average UBM likelihood over 327 frames is -51.4715
LOG (gmm-gselect:main():gmm-gselect.cc:115) For 5070'th file, average UBM likelihood over 121 frames is -49.8924
LOG (gmm-gselect:main():gmm-gselect.cc:115) For 5080'th file, average UBM likelihood over 365 frames is -49.4279
LOG (gmm-gselect:main():gmm-gselect.cc:115) For 5090'th file, average UBM likelihood over 289 frames is -50.9219
LOG (gmm-gselect:main():gmm-gselect.cc:115) For 5100'th file, average UBM likelihood over 276 frames is -55.2013
LOG (gmm-gselect:main():gmm-gselect.cc:115) For 5110'th file, average UBM likelihood over 167 frames is -51.726
LOG (gmm-gselect:main():gmm-gselect.cc:115) For 5120'th file, average UBM likelihood over 327 frames is -50.3336
LOG (gmm-gselect:main():gmm-gselect.cc:115) For 5130'th file, average UBM likelihood over 294 frames is -54.0482
LOG (gmm-gselect:main():gmm-gselect.cc:115) For 5140'th file, average UBM likelihood over 122 frames is -50.6891
LOG (gmm-gselect:main():gmm-gselect.cc:115) For 5150'th file, average UBM likelihood over 203 frames is -50.957
LOG (gmm-gselect:main():gmm-gselect.cc:115) For 5160'th file, average UBM likelihood over 300 frames is -51.6474
LOG (gmm-gselect:main():gmm-gselect.cc:115) For 5170'th file, average UBM likelihood over 229 frames is -53.6697
LOG (gmm-gselect:main():gmm-gselect.cc:115) For 5180'th file, average UBM likelihood over 206 frames is -50.9571
LOG (gmm-gselect:main():gmm-gselect.cc:115) For 5190'th file, average UBM likelihood over 190 frames is -47.2901
LOG (gmm-gselect:main():gmm-gselect.cc:115) For 5200'th file, average UBM likelihood over 230 frames is -46.8291
LOG (gmm-gselect:main():gmm-gselect.cc:115) For 5210'th file, average UBM likelihood over 183 frames is -51.6444
LOG (gmm-gselect:main():gmm-gselect.cc:115) For 5220'th file, average UBM likelihood over 125 frames is -48.3897
LOG (gmm-gselect:main():gmm-gselect.cc:115) For 5230'th file, average UBM likelihood over 234 frames is -48.7704
LOG (gmm-gselect:main():gmm-gselect.cc:115) For 5240'th file, average UBM likelihood over 155 frames is -52.0675
LOG (gmm-gselect:main():gmm-gselect.cc:115) For 5250'th file, average UBM likelihood over 133 frames is -47.2535
LOG (gmm-gselect:main():gmm-gselect.cc:115) For 5260'th file, average UBM likelihood over 151 frames is -53.9627
LOG (gmm-gselect:main():gmm-gselect.cc:115) For 5270'th file, average UBM likelihood over 217 frames is -49.0854
LOG (gmm-gselect:main():gmm-gselect.cc:115) For 5280'th file, average UBM likelihood over 401 frames is -53.3706
LOG (gmm-gselect:main():gmm-gselect.cc:115) For 5290'th file, average UBM likelihood over 306 frames is -54.222
LOG (gmm-gselect:main():gmm-gselect.cc:115) For 5300'th file, average UBM likelihood over 161 frames is -54.789
LOG (gmm-gselect:main():gmm-gselect.cc:115) For 5310'th file, average UBM likelihood over 412 frames is -49.9539
LOG (gmm-gselect:main():gmm-gselect.cc:115) For 5320'th file, average UBM likelihood over 354 frames is -48.7719
LOG (gmm-gselect:main():gmm-gselect.cc:115) For 5330'th file, average UBM likelihood over 256 frames is -53.8657
LOG (gmm-gselect:main():gmm-gselect.cc:115) For 5340'th file, average UBM likelihood over 180 frames is -53.5468
LOG (gmm-gselect:main():gmm-gselect.cc:115) For 5350'th file, average UBM likelihood over 266 frames is -51.8333
LOG (gmm-gselect:main():gmm-gselect.cc:115) For 5360'th file, average UBM likelihood over 221 frames is -48.1459
LOG (gmm-gselect:main():gmm-gselect.cc:115) For 5370'th file, average UBM likelihood over 299 frames is -57.655
LOG (gmm-gselect:main():gmm-gselect.cc:115) For 5380'th file, average UBM likelihood over 359 frames is -54.1187
LOG (gmm-gselect:main():gmm-gselect.cc:115) For 5390'th file, average UBM likelihood over 352 frames is -53.4866
LOG (gmm-gselect:main():gmm-gselect.cc:115) For 5400'th file, average UBM likelihood over 338 frames is -50.8815
LOG (gmm-gselect:main():gmm-gselect.cc:115) For 5410'th file, average UBM likelihood over 203 frames is -47.9101
LOG (gmm-gselect:main():gmm-gselect.cc:115) For 5420'th file, average UBM likelihood over 233 frames is -55.6768
LOG (gmm-gselect:main():gmm-gselect.cc:115) For 5430'th file, average UBM likelihood over 179 frames is -47.1298
LOG (gmm-gselect:main():gmm-gselect.cc:115) For 5440'th file, average UBM likelihood over 293 frames is -57.248
LOG (gmm-gselect:main():gmm-gselect.cc:115) For 5450'th file, average UBM likelihood over 401 frames is -52.0797
LOG (gmm-gselect:main():gmm-gselect.cc:115) For 5460'th file, average UBM likelihood over 348 frames is -51.41
LOG (gmm-gselect:main():gmm-gselect.cc:115) For 5470'th file, average UBM likelihood over 230 frames is -52.5659
LOG (gmm-gselect:main():gmm-gselect.cc:115) For 5480'th file, average UBM likelihood over 312 frames is -56.9978
LOG (gmm-gselect:main():gmm-gselect.cc:115) For 5490'th file, average UBM likelihood over 171 frames is -51.9626
LOG (gmm-gselect:main():gmm-gselect.cc:115) For 5500'th file, average UBM likelihood over 126 frames is -52.077
LOG (gmm-gselect:main():gmm-gselect.cc:115) For 5510'th file, average UBM likelihood over 176 frames is -53.8523
LOG (gmm-gselect:main():gmm-gselect.cc:115) For 5520'th file, average UBM likelihood over 201 frames is -57.6706
LOG (gmm-gselect:main():gmm-gselect.cc:115) For 5530'th file, average UBM likelihood over 190 frames is -51.8376
LOG (gmm-gselect:main():gmm-gselect.cc:115) For 5540'th file, average UBM likelihood over 372 frames is -49.2465
LOG (gmm-gselect:main():gmm-gselect.cc:115) For 5550'th file, average UBM likelihood over 308 frames is -54.4185
LOG (gmm-gselect:main():gmm-gselect.cc:115) For 5560'th file, average UBM likelihood over 350 frames is -54.3954
LOG (gmm-gselect:main():gmm-gselect.cc:115) For 5570'th file, average UBM likelihood over 244 frames is -50.7967
LOG (gmm-gselect:main():gmm-gselect.cc:115) For 5580'th file, average UBM likelihood over 216 frames is -51.9913
LOG (gmm-gselect:main():gmm-gselect.cc:115) For 5590'th file, average UBM likelihood over 226 frames is -53.8101
LOG (gmm-gselect:main():gmm-gselect.cc:115) For 5600'th file, average UBM likelihood over 124 frames is -49.3667
LOG (gmm-gselect:main():gmm-gselect.cc:115) For 5610'th file, average UBM likelihood over 213 frames is -49.8059
LOG (gmm-gselect:main():gmm-gselect.cc:115) For 5620'th file, average UBM likelihood over 241 frames is -51.8188
LOG (gmm-gselect:main():gmm-gselect.cc:115) For 5630'th file, average UBM likelihood over 119 frames is -52.0327
LOG (gmm-gselect:main():gmm-gselect.cc:115) For 5640'th file, average UBM likelihood over 123 frames is -46.3118
LOG (gmm-gselect:main():gmm-gselect.cc:115) For 5650'th file, average UBM likelihood over 194 frames is -50.0723
LOG (gmm-gselect:main():gmm-gselect.cc:115) For 5660'th file, average UBM likelihood over 247 frames is -51.4171
LOG (gmm-gselect:main():gmm-gselect.cc:115) For 5670'th file, average UBM likelihood over 202 frames is -55.1913
LOG (gmm-gselect:main():gmm-gselect.cc:115) For 5680'th file, average UBM likelihood over 125 frames is -50.3306
LOG (gmm-gselect:main():gmm-gselect.cc:115) For 5690'th file, average UBM likelihood over 281 frames is -53.0021
LOG (gmm-gselect:main():gmm-gselect.cc:115) For 5700'th file, average UBM likelihood over 364 frames is -47.3763
LOG (gmm-gselect:main():gmm-gselect.cc:115) For 5710'th file, average UBM likelihood over 224 frames is -53.6926
LOG (gmm-gselect:main():gmm-gselect.cc:115) For 5720'th file, average UBM likelihood over 202 frames is -48.3237
LOG (gmm-gselect:main():gmm-gselect.cc:115) For 5730'th file, average UBM likelihood over 469 frames is -51.7426
LOG (gmm-gselect:main():gmm-gselect.cc:115) For 5740'th file, average UBM likelihood over 286 frames is -51.8963
LOG (gmm-gselect:main():gmm-gselect.cc:115) For 5750'th file, average UBM likelihood over 211 frames is -50.7941
LOG (gmm-gselect:main():gmm-gselect.cc:115) For 5760'th file, average UBM likelihood over 152 frames is -54.4393
LOG (gmm-gselect:main():gmm-gselect.cc:115) For 5770'th file, average UBM likelihood over 269 frames is -54.3518
LOG (gmm-gselect:main():gmm-gselect.cc:115) For 5780'th file, average UBM likelihood over 209 frames is -55.2328
LOG (gmm-gselect:main():gmm-gselect.cc:115) For 5790'th file, average UBM likelihood over 181 frames is -52.4996
LOG (gmm-gselect:main():gmm-gselect.cc:115) For 5800'th file, average UBM likelihood over 142 frames is -52.4074
LOG (gmm-gselect:main():gmm-gselect.cc:115) For 5810'th file, average UBM likelihood over 154 frames is -48.8007
LOG (gmm-gselect:main():gmm-gselect.cc:115) For 5820'th file, average UBM likelihood over 222 frames is -51.0429
LOG (gmm-gselect:main():gmm-gselect.cc:115) For 5830'th file, average UBM likelihood over 256 frames is -51.8065
LOG (gmm-gselect:main():gmm-gselect.cc:115) For 5840'th file, average UBM likelihood over 120 frames is -48.2622
LOG (gmm-gselect:main():gmm-gselect.cc:115) For 5850'th file, average UBM likelihood over 140 frames is -52.7754
LOG (gmm-gselect:main():gmm-gselect.cc:115) For 5860'th file, average UBM likelihood over 494 frames is -49.5835
LOG (gmm-gselect:main():gmm-gselect.cc:115) For 5870'th file, average UBM likelihood over 206 frames is -50.6136
LOG (gmm-gselect:main():gmm-gselect.cc:115) For 5880'th file, average UBM likelihood over 249 frames is -54.5181
LOG (gmm-gselect:main():gmm-gselect.cc:115) For 5890'th file, average UBM likelihood over 245 frames is -54.4483
LOG (gmm-gselect:main():gmm-gselect.cc:115) For 5900'th file, average UBM likelihood over 285 frames is -54.7189
LOG (gmm-gselect:main():gmm-gselect.cc:115) For 5910'th file, average UBM likelihood over 253 frames is -54.082
LOG (gmm-gselect:main():gmm-gselect.cc:115) For 5920'th file, average UBM likelihood over 262 frames is -53.8528
LOG (gmm-gselect:main():gmm-gselect.cc:115) For 5930'th file, average UBM likelihood over 268 frames is -51.6908
LOG (gmm-gselect:main():gmm-gselect.cc:115) For 5940'th file, average UBM likelihood over 229 frames is -50.1785
LOG (gmm-gselect:main():gmm-gselect.cc:115) For 5950'th file, average UBM likelihood over 320 frames is -55.0979
LOG (gmm-gselect:main():gmm-gselect.cc:115) For 5960'th file, average UBM likelihood over 345 frames is -45.5864
LOG (gmm-gselect:main():gmm-gselect.cc:115) For 5970'th file, average UBM likelihood over 204 frames is -44.6715
LOG (gmm-gselect:main():gmm-gselect.cc:115) For 5980'th file, average UBM likelihood over 291 frames is -50.9723
LOG (gmm-gselect:main():gmm-gselect.cc:115) For 5990'th file, average UBM likelihood over 143 frames is -52.2695
LOG (gmm-gselect:main():gmm-gselect.cc:115) For 6000'th file, average UBM likelihood over 129 frames is -52.3966
LOG (gmm-gselect:main():gmm-gselect.cc:115) For 6010'th file, average UBM likelihood over 157 frames is -48.9332
LOG (gmm-gselect:main():gmm-gselect.cc:115) For 6020'th file, average UBM likelihood over 211 frames is -52.4767
LOG (gmm-gselect:main():gmm-gselect.cc:115) For 6030'th file, average UBM likelihood over 224 frames is -50.6175
LOG (gmm-gselect:main():gmm-gselect.cc:115) For 6040'th file, average UBM likelihood over 197 frames is -52.3256
LOG (gmm-gselect:main():gmm-gselect.cc:115) For 6050'th file, average UBM likelihood over 251 frames is -54.5743
LOG (gmm-gselect:main():gmm-gselect.cc:115) For 6060'th file, average UBM likelihood over 288 frames is -47.116
LOG (gmm-gselect:main():gmm-gselect.cc:115) For 6070'th file, average UBM likelihood over 273 frames is -49.4084
LOG (gmm-gselect:main():gmm-gselect.cc:115) For 6080'th file, average UBM likelihood over 212 frames is -47.6292
LOG (gmm-gselect:main():gmm-gselect.cc:115) For 6090'th file, average UBM likelihood over 364 frames is -49.3151
LOG (gmm-gselect:main():gmm-gselect.cc:115) For 6100'th file, average UBM likelihood over 166 frames is -51.8144
LOG (gmm-gselect:main():gmm-gselect.cc:115) For 6110'th file, average UBM likelihood over 304 frames is -52.1012
LOG (gmm-gselect:main():gmm-gselect.cc:115) For 6120'th file, average UBM likelihood over 303 frames is -53.8321
LOG (gmm-gselect:main():gmm-gselect.cc:115) For 6130'th file, average UBM likelihood over 228 frames is -51.5679
LOG (gmm-gselect:main():gmm-gselect.cc:115) For 6140'th file, average UBM likelihood over 274 frames is -50.6609
LOG (gmm-gselect:main():gmm-gselect.cc:115) For 6150'th file, average UBM likelihood over 160 frames is -54.2854
LOG (gmm-gselect:main():gmm-gselect.cc:115) For 6160'th file, average UBM likelihood over 432 frames is -49.2775
LOG (gmm-gselect:main():gmm-gselect.cc:115) For 6170'th file, average UBM likelihood over 292 frames is -50.601
LOG (gmm-gselect:main():gmm-gselect.cc:115) For 6180'th file, average UBM likelihood over 169 frames is -47.0759
LOG (gmm-gselect:main():gmm-gselect.cc:115) For 6190'th file, average UBM likelihood over 264 frames is -49.118
LOG (gmm-gselect:main():gmm-gselect.cc:115) For 6200'th file, average UBM likelihood over 416 frames is -46.9825
LOG (gmm-gselect:main():gmm-gselect.cc:115) For 6210'th file, average UBM likelihood over 130 frames is -47.4624
LOG (gmm-gselect:main():gmm-gselect.cc:115) For 6220'th file, average UBM likelihood over 189 frames is -50.0675
LOG (gmm-gselect:main():gmm-gselect.cc:115) For 6230'th file, average UBM likelihood over 344 frames is -50.228
LOG (gmm-gselect:main():gmm-gselect.cc:115) For 6240'th file, average UBM likelihood over 244 frames is -50.3096
LOG (gmm-gselect:main():gmm-gselect.cc:115) For 6250'th file, average UBM likelihood over 202 frames is -48.8498
LOG (gmm-gselect:main():gmm-gselect.cc:115) For 6260'th file, average UBM likelihood over 217 frames is -46.7447
LOG (gmm-gselect:main():gmm-gselect.cc:115) For 6270'th file, average UBM likelihood over 291 frames is -49.0807
LOG (gmm-gselect:main():gmm-gselect.cc:115) For 6280'th file, average UBM likelihood over 272 frames is -47.5301
LOG (gmm-gselect:main():gmm-gselect.cc:115) For 6290'th file, average UBM likelihood over 267 frames is -54.5298
LOG (gmm-gselect:main():gmm-gselect.cc:115) For 6300'th file, average UBM likelihood over 186 frames is -49.2565
LOG (gmm-gselect:main():gmm-gselect.cc:115) For 6310'th file, average UBM likelihood over 292 frames is -49.6925
LOG (gmm-gselect:main():gmm-gselect.cc:115) For 6320'th file, average UBM likelihood over 258 frames is -54.2723
LOG (gmm-gselect:main():gmm-gselect.cc:115) For 6330'th file, average UBM likelihood over 126 frames is -50.7987
LOG (gmm-gselect:main():gmm-gselect.cc:115) For 6340'th file, average UBM likelihood over 218 frames is -51.6208
LOG (gmm-gselect:main():gmm-gselect.cc:115) For 6350'th file, average UBM likelihood over 201 frames is -51.2029
LOG (gmm-gselect:main():gmm-gselect.cc:115) For 6360'th file, average UBM likelihood over 249 frames is -52.5941
LOG (gmm-gselect:main():gmm-gselect.cc:115) For 6370'th file, average UBM likelihood over 157 frames is -47.9835
LOG (gmm-gselect:main():gmm-gselect.cc:115) For 6380'th file, average UBM likelihood over 204 frames is -54.5207
LOG (gmm-gselect:main():gmm-gselect.cc:115) For 6390'th file, average UBM likelihood over 114 frames is -52.1934
LOG (gmm-gselect:main():gmm-gselect.cc:115) For 6400'th file, average UBM likelihood over 213 frames is -53.5747
LOG (gmm-gselect:main():gmm-gselect.cc:115) For 6410'th file, average UBM likelihood over 147 frames is -51.3589
LOG (gmm-gselect:main():gmm-gselect.cc:115) For 6420'th file, average UBM likelihood over 249 frames is -46.0011
LOG (gmm-gselect:main():gmm-gselect.cc:115) For 6430'th file, average UBM likelihood over 355 frames is -52.3136
LOG (gmm-gselect:main():gmm-gselect.cc:115) For 6440'th file, average UBM likelihood over 276 frames is -49.5176
LOG (gmm-gselect:main():gmm-gselect.cc:115) For 6450'th file, average UBM likelihood over 190 frames is -52.9897
LOG (gmm-gselect:main():gmm-gselect.cc:115) For 6460'th file, average UBM likelihood over 180 frames is -50.9685
LOG (gmm-gselect:main():gmm-gselect.cc:115) For 6470'th file, average UBM likelihood over 177 frames is -49.7196
LOG (gmm-gselect:main():gmm-gselect.cc:115) For 6480'th file, average UBM likelihood over 210 frames is -51.519
LOG (gmm-gselect:main():gmm-gselect.cc:115) For 6490'th file, average UBM likelihood over 214 frames is -50.9577
LOG (gmm-gselect:main():gmm-gselect.cc:115) For 6500'th file, average UBM likelihood over 234 frames is -46.1447
LOG (gmm-gselect:main():gmm-gselect.cc:115) For 6510'th file, average UBM likelihood over 286 frames is -51.3921
LOG (gmm-gselect:main():gmm-gselect.cc:115) For 6520'th file, average UBM likelihood over 369 frames is -53.832
LOG (gmm-gselect:main():gmm-gselect.cc:115) For 6530'th file, average UBM likelihood over 220 frames is -45.5496
LOG (gmm-gselect:main():gmm-gselect.cc:115) For 6540'th file, average UBM likelihood over 274 frames is -52.3035
LOG (gmm-gselect:main():gmm-gselect.cc:115) For 6550'th file, average UBM likelihood over 343 frames is -46.5198
LOG (gmm-gselect:main():gmm-gselect.cc:115) For 6560'th file, average UBM likelihood over 161 frames is -51.3133
LOG (gmm-gselect:main():gmm-gselect.cc:115) For 6570'th file, average UBM likelihood over 178 frames is -47.0321
LOG (gmm-gselect:main():gmm-gselect.cc:115) For 6580'th file, average UBM likelihood over 278 frames is -46.4621
LOG (gmm-gselect:main():gmm-gselect.cc:115) For 6590'th file, average UBM likelihood over 232 frames is -49.3259
LOG (gmm-gselect:main():gmm-gselect.cc:115) For 6600'th file, average UBM likelihood over 284 frames is -52.7649
LOG (gmm-gselect:main():gmm-gselect.cc:115) For 6610'th file, average UBM likelihood over 238 frames is -50.5894
LOG (gmm-gselect:main():gmm-gselect.cc:115) For 6620'th file, average UBM likelihood over 212 frames is -51.9021
LOG (gmm-gselect:main():gmm-gselect.cc:115) For 6630'th file, average UBM likelihood over 152 frames is -48.2974
LOG (gmm-gselect:main():gmm-gselect.cc:115) For 6640'th file, average UBM likelihood over 202 frames is -49.4809
LOG (gmm-gselect:main():gmm-gselect.cc:115) For 6650'th file, average UBM likelihood over 259 frames is -53.962
LOG (gmm-gselect:main():gmm-gselect.cc:115) For 6660'th file, average UBM likelihood over 236 frames is -46.5994
LOG (gmm-gselect:main():gmm-gselect.cc:115) For 6670'th file, average UBM likelihood over 142 frames is -52.1464
LOG (gmm-gselect:main():gmm-gselect.cc:115) For 6680'th file, average UBM likelihood over 180 frames is -53.1685
LOG (gmm-gselect:main():gmm-gselect.cc:115) For 6690'th file, average UBM likelihood over 275 frames is -48.3623
LOG (gmm-gselect:main():gmm-gselect.cc:115) For 6700'th file, average UBM likelihood over 313 frames is -52.8103
LOG (gmm-gselect:main():gmm-gselect.cc:115) For 6710'th file, average UBM likelihood over 295 frames is -53.1566
LOG (gmm-gselect:main():gmm-gselect.cc:115) For 6720'th file, average UBM likelihood over 156 frames is -54.8817
LOG (gmm-gselect:main():gmm-gselect.cc:115) For 6730'th file, average UBM likelihood over 293 frames is -48.1097
LOG (gmm-gselect:main():gmm-gselect.cc:115) For 6740'th file, average UBM likelihood over 322 frames is -50.0418
LOG (gmm-gselect:main():gmm-gselect.cc:115) For 6750'th file, average UBM likelihood over 238 frames is -50.4641
LOG (gmm-gselect:main():gmm-gselect.cc:115) For 6760'th file, average UBM likelihood over 331 frames is -55.0883
LOG (gmm-gselect:main():gmm-gselect.cc:115) For 6770'th file, average UBM likelihood over 129 frames is -46.9456
LOG (gmm-gselect:main():gmm-gselect.cc:115) For 6780'th file, average UBM likelihood over 366 frames is -51.9866
LOG (gmm-gselect:main():gmm-gselect.cc:115) For 6790'th file, average UBM likelihood over 271 frames is -54.8644
LOG (gmm-gselect:main():gmm-gselect.cc:115) For 6800'th file, average UBM likelihood over 253 frames is -56.2795
LOG (gmm-gselect:main():gmm-gselect.cc:115) For 6810'th file, average UBM likelihood over 125 frames is -49.725
LOG (gmm-gselect:main():gmm-gselect.cc:115) For 6820'th file, average UBM likelihood over 213 frames is -53
LOG (gmm-gselect:main():gmm-gselect.cc:115) For 6830'th file, average UBM likelihood over 245 frames is -51.4976
LOG (gmm-gselect:main():gmm-gselect.cc:115) For 6840'th file, average UBM likelihood over 436 frames is -52.3974
LOG (gmm-gselect:main():gmm-gselect.cc:115) For 6850'th file, average UBM likelihood over 232 frames is -49.853
LOG (gmm-gselect:main():gmm-gselect.cc:115) For 6860'th file, average UBM likelihood over 317 frames is -52.2463
LOG (gmm-gselect:main():gmm-gselect.cc:115) For 6870'th file, average UBM likelihood over 213 frames is -50.9963
LOG (gmm-gselect:main():gmm-gselect.cc:115) For 6880'th file, average UBM likelihood over 342 frames is -50.1359
LOG (gmm-gselect:main():gmm-gselect.cc:115) For 6890'th file, average UBM likelihood over 166 frames is -56.2733
LOG (gmm-gselect:main():gmm-gselect.cc:115) For 6900'th file, average UBM likelihood over 370 frames is -52.887
LOG (gmm-gselect:main():gmm-gselect.cc:115) For 6910'th file, average UBM likelihood over 471 frames is -47.603
LOG (gmm-gselect:main():gmm-gselect.cc:115) For 6920'th file, average UBM likelihood over 494 frames is -48.3917
LOG (gmm-gselect:main():gmm-gselect.cc:115) For 6930'th file, average UBM likelihood over 220 frames is -50.6593
LOG (gmm-gselect:main():gmm-gselect.cc:115) For 6940'th file, average UBM likelihood over 314 frames is -53.1517
LOG (gmm-gselect:main():gmm-gselect.cc:115) For 6950'th file, average UBM likelihood over 147 frames is -45.0554
LOG (gmm-gselect:main():gmm-gselect.cc:115) For 6960'th file, average UBM likelihood over 239 frames is -51.4145
LOG (gmm-gselect:main():gmm-gselect.cc:115) For 6970'th file, average UBM likelihood over 225 frames is -50.8285
LOG (gmm-gselect:main():gmm-gselect.cc:115) For 6980'th file, average UBM likelihood over 312 frames is -47.1908
LOG (gmm-gselect:main():gmm-gselect.cc:115) For 6990'th file, average UBM likelihood over 284 frames is -55.2917
LOG (gmm-gselect:main():gmm-gselect.cc:115) For 7000'th file, average UBM likelihood over 149 frames is -51.2122
LOG (gmm-gselect:main():gmm-gselect.cc:115) For 7010'th file, average UBM likelihood over 249 frames is -54.8275
LOG (gmm-gselect:main():gmm-gselect.cc:115) For 7020'th file, average UBM likelihood over 194 frames is -54.4811
LOG (gmm-gselect:main():gmm-gselect.cc:115) For 7030'th file, average UBM likelihood over 299 frames is -49.1557
LOG (gmm-gselect:main():gmm-gselect.cc:115) For 7040'th file, average UBM likelihood over 318 frames is -56.7643
LOG (gmm-gselect:main():gmm-gselect.cc:115) For 7050'th file, average UBM likelihood over 268 frames is -49.6065
LOG (gmm-gselect:main():gmm-gselect.cc:115) For 7060'th file, average UBM likelihood over 244 frames is -49.0472
LOG (gmm-gselect:main():gmm-gselect.cc:115) For 7070'th file, average UBM likelihood over 292 frames is -52.6799
LOG (gmm-gselect:main():gmm-gselect.cc:115) For 7080'th file, average UBM likelihood over 378 frames is -51.1739
LOG (gmm-gselect:main():gmm-gselect.cc:115) For 7090'th file, average UBM likelihood over 324 frames is -54.2976
LOG (gmm-gselect:main():gmm-gselect.cc:115) For 7100'th file, average UBM likelihood over 312 frames is -57.2443
LOG (gmm-gselect:main():gmm-gselect.cc:115) For 7110'th file, average UBM likelihood over 287 frames is -56.3446
LOG (gmm-gselect:main():gmm-gselect.cc:115) For 7120'th file, average UBM likelihood over 165 frames is -51.6164
LOG (gmm-gselect:main():gmm-gselect.cc:115) For 7130'th file, average UBM likelihood over 315 frames is -54.1232
LOG (gmm-gselect:main():gmm-gselect.cc:115) For 7140'th file, average UBM likelihood over 239 frames is -50.96
LOG (gmm-gselect:main():gmm-gselect.cc:115) For 7150'th file, average UBM likelihood over 253 frames is -53.6609
LOG (gmm-gselect:main():gmm-gselect.cc:115) For 7160'th file, average UBM likelihood over 311 frames is -52.1175
LOG (gmm-gselect:main():gmm-gselect.cc:115) For 7170'th file, average UBM likelihood over 250 frames is -48.2027
LOG (gmm-gselect:main():gmm-gselect.cc:115) For 7180'th file, average UBM likelihood over 247 frames is -50.2071
LOG (gmm-gselect:main():gmm-gselect.cc:115) For 7190'th file, average UBM likelihood over 228 frames is -51.8306
LOG (gmm-gselect:main():gmm-gselect.cc:115) For 7200'th file, average UBM likelihood over 177 frames is -49.8091
LOG (gmm-gselect:main():gmm-gselect.cc:115) For 7210'th file, average UBM likelihood over 345 frames is -50.4545
LOG (gmm-gselect:main():gmm-gselect.cc:115) For 7220'th file, average UBM likelihood over 282 frames is -50.5684
LOG (gmm-gselect:main():gmm-gselect.cc:115) For 7230'th file, average UBM likelihood over 230 frames is -49.3251
LOG (gmm-gselect:main():gmm-gselect.cc:115) For 7240'th file, average UBM likelihood over 200 frames is -47.9638
LOG (gmm-gselect:main():gmm-gselect.cc:115) For 7250'th file, average UBM likelihood over 188 frames is -40.2604
LOG (gmm-gselect:main():gmm-gselect.cc:115) For 7260'th file, average UBM likelihood over 357 frames is -47.6004
LOG (gmm-gselect:main():gmm-gselect.cc:115) For 7270'th file, average UBM likelihood over 275 frames is -52.1642
LOG (gmm-gselect:main():gmm-gselect.cc:115) For 7280'th file, average UBM likelihood over 316 frames is -48.7559
LOG (gmm-gselect:main():gmm-gselect.cc:115) For 7290'th file, average UBM likelihood over 321 frames is -47.123
LOG (gmm-gselect:main():gmm-gselect.cc:115) For 7300'th file, average UBM likelihood over 251 frames is -55.1516
LOG (gmm-gselect:main():gmm-gselect.cc:115) For 7310'th file, average UBM likelihood over 169 frames is -52.5844
LOG (gmm-gselect:main():gmm-gselect.cc:115) For 7320'th file, average UBM likelihood over 207 frames is -48.5627
LOG (gmm-gselect:main():gmm-gselect.cc:115) For 7330'th file, average UBM likelihood over 326 frames is -52.3155
LOG (gmm-gselect:main():gmm-gselect.cc:115) For 7340'th file, average UBM likelihood over 179 frames is -51.4745
LOG (gmm-gselect:main():gmm-gselect.cc:115) For 7350'th file, average UBM likelihood over 203 frames is -47.9458
LOG (gmm-gselect:main():gmm-gselect.cc:115) For 7360'th file, average UBM likelihood over 240 frames is -52.9444
LOG (gmm-gselect:main():gmm-gselect.cc:115) For 7370'th file, average UBM likelihood over 163 frames is -50.5321
LOG (gmm-gselect:main():gmm-gselect.cc:115) For 7380'th file, average UBM likelihood over 329 frames is -51.8681
LOG (gmm-gselect:main():gmm-gselect.cc:115) For 7390'th file, average UBM likelihood over 219 frames is -48.0643
LOG (gmm-gselect:main():gmm-gselect.cc:115) For 7400'th file, average UBM likelihood over 272 frames is -50.7297
LOG (gmm-gselect:main():gmm-gselect.cc:115) For 7410'th file, average UBM likelihood over 484 frames is -47.419
LOG (gmm-gselect:main():gmm-gselect.cc:115) For 7420'th file, average UBM likelihood over 200 frames is -52.6876
LOG (gmm-gselect:main():gmm-gselect.cc:115) For 7430'th file, average UBM likelihood over 304 frames is -51.2277
LOG (gmm-gselect:main():gmm-gselect.cc:115) For 7440'th file, average UBM likelihood over 272 frames is -50.6884
LOG (gmm-gselect:main():gmm-gselect.cc:115) For 7450'th file, average UBM likelihood over 239 frames is -52.803
LOG (gmm-gselect:main():gmm-gselect.cc:115) For 7460'th file, average UBM likelihood over 270 frames is -49.0285
LOG (gmm-gselect:main():gmm-gselect.cc:115) For 7470'th file, average UBM likelihood over 270 frames is -53.0501
LOG (gmm-gselect:main():gmm-gselect.cc:115) For 7480'th file, average UBM likelihood over 240 frames is -48.639
LOG (gmm-gselect:main():gmm-gselect.cc:115) For 7490'th file, average UBM likelihood over 224 frames is -51.0097
LOG (gmm-gselect:main():gmm-gselect.cc:115) For 7500'th file, average UBM likelihood over 267 frames is -52.5649
LOG (gmm-gselect:main():gmm-gselect.cc:115) For 7510'th file, average UBM likelihood over 188 frames is -49.9801
LOG (gmm-gselect:main():gmm-gselect.cc:115) For 7520'th file, average UBM likelihood over 275 frames is -50.646
LOG (gmm-gselect:main():gmm-gselect.cc:115) For 7530'th file, average UBM likelihood over 162 frames is -51.7703
LOG (gmm-gselect:main():gmm-gselect.cc:115) For 7540'th file, average UBM likelihood over 175 frames is -47.5376
LOG (gmm-gselect:main():gmm-gselect.cc:115) For 7550'th file, average UBM likelihood over 155 frames is -45.5359
LOG (gmm-gselect:main():gmm-gselect.cc:115) For 7560'th file, average UBM likelihood over 333 frames is -51.8136
LOG (gmm-gselect:main():gmm-gselect.cc:115) For 7570'th file, average UBM likelihood over 235 frames is -51.8636
LOG (gmm-gselect:main():gmm-gselect.cc:115) For 7580'th file, average UBM likelihood over 196 frames is -49.5906
LOG (gmm-gselect:main():gmm-gselect.cc:115) For 7590'th file, average UBM likelihood over 314 frames is -46.4759
LOG (gmm-gselect:main():gmm-gselect.cc:115) For 7600'th file, average UBM likelihood over 228 frames is -50.3821
LOG (gmm-gselect:main():gmm-gselect.cc:115) For 7610'th file, average UBM likelihood over 252 frames is -54.6542
LOG (gmm-gselect:main():gmm-gselect.cc:115) For 7620'th file, average UBM likelihood over 255 frames is -52.6849
LOG (gmm-gselect:main():gmm-gselect.cc:115) For 7630'th file, average UBM likelihood over 128 frames is -48.0338
LOG (gmm-gselect:main():gmm-gselect.cc:115) For 7640'th file, average UBM likelihood over 220 frames is -54.073
LOG (gmm-gselect:main():gmm-gselect.cc:115) For 7650'th file, average UBM likelihood over 249 frames is -52.9085
LOG (gmm-gselect:main():gmm-gselect.cc:115) For 7660'th file, average UBM likelihood over 218 frames is -49.7828
LOG (gmm-gselect:main():gmm-gselect.cc:115) For 7670'th file, average UBM likelihood over 199 frames is -51.0301
LOG (gmm-gselect:main():gmm-gselect.cc:115) For 7680'th file, average UBM likelihood over 326 frames is -52.3678
LOG (gmm-gselect:main():gmm-gselect.cc:115) For 7690'th file, average UBM likelihood over 178 frames is -56.2281
LOG (gmm-gselect:main():gmm-gselect.cc:115) For 7700'th file, average UBM likelihood over 233 frames is -54.6639
LOG (gmm-gselect:main():gmm-gselect.cc:115) For 7710'th file, average UBM likelihood over 137 frames is -46.0509
LOG (gmm-gselect:main():gmm-gselect.cc:115) For 7720'th file, average UBM likelihood over 250 frames is -52.8714
LOG (gmm-gselect:main():gmm-gselect.cc:115) For 7730'th file, average UBM likelihood over 285 frames is -54.5928
LOG (gmm-gselect:main():gmm-gselect.cc:115) For 7740'th file, average UBM likelihood over 216 frames is -55.6566
LOG (gmm-gselect:main():gmm-gselect.cc:115) For 7750'th file, average UBM likelihood over 344 frames is -48.6449
LOG (gmm-gselect:main():gmm-gselect.cc:115) For 7760'th file, average UBM likelihood over 205 frames is -51.7254
LOG (gmm-gselect:main():gmm-gselect.cc:115) For 7770'th file, average UBM likelihood over 393 frames is -47.7462
LOG (gmm-gselect:main():gmm-gselect.cc:115) For 7780'th file, average UBM likelihood over 294 frames is -48.6472
LOG (gmm-gselect:main():gmm-gselect.cc:115) For 7790'th file, average UBM likelihood over 246 frames is -49.0532
LOG (gmm-gselect:main():gmm-gselect.cc:115) For 7800'th file, average UBM likelihood over 303 frames is -51.4355
LOG (gmm-gselect:main():gmm-gselect.cc:115) For 7810'th file, average UBM likelihood over 233 frames is -51.51
LOG (gmm-gselect:main():gmm-gselect.cc:115) For 7820'th file, average UBM likelihood over 278 frames is -52.8291
LOG (gmm-gselect:main():gmm-gselect.cc:115) For 7830'th file, average UBM likelihood over 300 frames is -53.027
LOG (gmm-gselect:main():gmm-gselect.cc:115) For 7840'th file, average UBM likelihood over 286 frames is -51.4672
LOG (gmm-gselect:main():gmm-gselect.cc:115) For 7850'th file, average UBM likelihood over 313 frames is -53.9505
LOG (gmm-gselect:main():gmm-gselect.cc:115) For 7860'th file, average UBM likelihood over 233 frames is -50.984
LOG (gmm-gselect:main():gmm-gselect.cc:115) For 7870'th file, average UBM likelihood over 317 frames is -51.4779
LOG (gmm-gselect:main():gmm-gselect.cc:115) For 7880'th file, average UBM likelihood over 278 frames is -57.7425
LOG (gmm-gselect:main():gmm-gselect.cc:115) For 7890'th file, average UBM likelihood over 251 frames is -51.9504
LOG (gmm-gselect:main():gmm-gselect.cc:115) For 7900'th file, average UBM likelihood over 182 frames is -54.2498
LOG (gmm-gselect:main():gmm-gselect.cc:115) For 7910'th file, average UBM likelihood over 110 frames is -49.3922
LOG (gmm-gselect:main():gmm-gselect.cc:115) For 7920'th file, average UBM likelihood over 116 frames is -49.582
LOG (apply-cmvn-online:main():apply-cmvn-online.cc:135) Applied online CMVN to 15862 files, or 3949375 frames.
LOG (transform-feats:main():transform-feats.cc:158) Overall average [pseudo-]logdet is -92.5981 over 3.94938e+06 frames.
LOG (transform-feats:main():transform-feats.cc:161) Applied transform to 7931 utterances; 0 had errors.
LOG (subsample-feats:main():subsample-feats.cc:115) Processed 7931 feature matrices; 0 with errors.
LOG (subsample-feats:main():subsample-feats.cc:117) Processed 3949375 input frames and 1976661 output frames.
LOG (gmm-gselect:main():gmm-gselect.cc:115) For 7930'th file, average UBM likelihood over 128 frames is -48.128
LOG (gmm-gselect:main():gmm-gselect.cc:126) Done 7931 files, 0 with errors, average UBM log-likelihood is -51.1884 over 1976661 frames.
# Accounting: time=279 threads=1
# Ended (code 0) at Fri Jun 12 20:56:55 CST 2015, elapsed time 279 seconds
