# gmm-gselect --n=30 exp/nnet2_online/diag_ubm/0.dubm "ark,s,cs:apply-cmvn-online --config=conf/online_cmvn.conf exp/nnet2_online/diag_ubm/global_cmvn.stats scp:data/train_mixed_hires_30k/split20/15/feats.scp ark:- | splice-feats --left-context=3 --right-context=3 ark:- ark:- | transform-feats exp/nnet2_online/diag_ubm/final.mat ark:- ark:- | subsample-feats --n=2 ark:- ark:- |" "ark:|gzip -c >exp/nnet2_online/diag_ubm/gselect.15.gz" 
# Started at Fri Jun 12 20:52:16 CST 2015
#
gmm-gselect --n=30 exp/nnet2_online/diag_ubm/0.dubm 'ark,s,cs:apply-cmvn-online --config=conf/online_cmvn.conf exp/nnet2_online/diag_ubm/global_cmvn.stats scp:data/train_mixed_hires_30k/split20/15/feats.scp ark:- | splice-feats --left-context=3 --right-context=3 ark:- ark:- | transform-feats exp/nnet2_online/diag_ubm/final.mat ark:- ark:- | subsample-feats --n=2 ark:- ark:- |' 'ark:|gzip -c >exp/nnet2_online/diag_ubm/gselect.15.gz' 
splice-feats --left-context=3 --right-context=3 ark:- ark:- 
apply-cmvn-online --config=conf/online_cmvn.conf exp/nnet2_online/diag_ubm/global_cmvn.stats scp:data/train_mixed_hires_30k/split20/15/feats.scp ark:- 
transform-feats exp/nnet2_online/diag_ubm/final.mat ark:- ark:- 
subsample-feats --n=2 ark:- ark:- 
LOG (gmm-gselect:main():gmm-gselect.cc:115) For 0'th file, average UBM likelihood over 503 frames is -47.5843
LOG (gmm-gselect:main():gmm-gselect.cc:115) For 10'th file, average UBM likelihood over 404 frames is -48.7517
LOG (gmm-gselect:main():gmm-gselect.cc:115) For 20'th file, average UBM likelihood over 186 frames is -46.3271
LOG (gmm-gselect:main():gmm-gselect.cc:115) For 30'th file, average UBM likelihood over 199 frames is -50.6862
LOG (gmm-gselect:main():gmm-gselect.cc:115) For 40'th file, average UBM likelihood over 458 frames is -54.2328
LOG (gmm-gselect:main():gmm-gselect.cc:115) For 50'th file, average UBM likelihood over 338 frames is -54.9111
LOG (gmm-gselect:main():gmm-gselect.cc:115) For 60'th file, average UBM likelihood over 343 frames is -57.4094
LOG (gmm-gselect:main():gmm-gselect.cc:115) For 70'th file, average UBM likelihood over 550 frames is -54.1674
LOG (gmm-gselect:main():gmm-gselect.cc:115) For 80'th file, average UBM likelihood over 198 frames is -49.3552
LOG (gmm-gselect:main():gmm-gselect.cc:115) For 90'th file, average UBM likelihood over 267 frames is -53.4319
LOG (gmm-gselect:main():gmm-gselect.cc:115) For 100'th file, average UBM likelihood over 367 frames is -51.569
LOG (gmm-gselect:main():gmm-gselect.cc:115) For 110'th file, average UBM likelihood over 517 frames is -49.6674
LOG (gmm-gselect:main():gmm-gselect.cc:115) For 120'th file, average UBM likelihood over 307 frames is -52.4008
LOG (gmm-gselect:main():gmm-gselect.cc:115) For 130'th file, average UBM likelihood over 243 frames is -52.5213
LOG (gmm-gselect:main():gmm-gselect.cc:115) For 140'th file, average UBM likelihood over 395 frames is -54.1749
LOG (gmm-gselect:main():gmm-gselect.cc:115) For 150'th file, average UBM likelihood over 210 frames is -54.1334
LOG (gmm-gselect:main():gmm-gselect.cc:115) For 160'th file, average UBM likelihood over 180 frames is -47.8499
LOG (gmm-gselect:main():gmm-gselect.cc:115) For 170'th file, average UBM likelihood over 355 frames is -51.5735
LOG (gmm-gselect:main():gmm-gselect.cc:115) For 180'th file, average UBM likelihood over 191 frames is -49.5792
LOG (gmm-gselect:main():gmm-gselect.cc:115) For 190'th file, average UBM likelihood over 188 frames is -52.4142
LOG (gmm-gselect:main():gmm-gselect.cc:115) For 200'th file, average UBM likelihood over 207 frames is -50.255
LOG (gmm-gselect:main():gmm-gselect.cc:115) For 210'th file, average UBM likelihood over 332 frames is -53.2594
LOG (gmm-gselect:main():gmm-gselect.cc:115) For 220'th file, average UBM likelihood over 391 frames is -50.3019
LOG (gmm-gselect:main():gmm-gselect.cc:115) For 230'th file, average UBM likelihood over 238 frames is -53.185
LOG (gmm-gselect:main():gmm-gselect.cc:115) For 240'th file, average UBM likelihood over 255 frames is -50.1931
LOG (gmm-gselect:main():gmm-gselect.cc:115) For 250'th file, average UBM likelihood over 261 frames is -50.3124
LOG (gmm-gselect:main():gmm-gselect.cc:115) For 260'th file, average UBM likelihood over 168 frames is -47.1923
LOG (gmm-gselect:main():gmm-gselect.cc:115) For 270'th file, average UBM likelihood over 344 frames is -50.1592
LOG (gmm-gselect:main():gmm-gselect.cc:115) For 280'th file, average UBM likelihood over 251 frames is -51.197
LOG (gmm-gselect:main():gmm-gselect.cc:115) For 290'th file, average UBM likelihood over 246 frames is -53.2236
LOG (gmm-gselect:main():gmm-gselect.cc:115) For 300'th file, average UBM likelihood over 267 frames is -50.1585
LOG (gmm-gselect:main():gmm-gselect.cc:115) For 310'th file, average UBM likelihood over 333 frames is -50.4487
LOG (gmm-gselect:main():gmm-gselect.cc:115) For 320'th file, average UBM likelihood over 373 frames is -50.8064
LOG (gmm-gselect:main():gmm-gselect.cc:115) For 330'th file, average UBM likelihood over 146 frames is -52.0627
LOG (gmm-gselect:main():gmm-gselect.cc:115) For 340'th file, average UBM likelihood over 272 frames is -52.1463
LOG (gmm-gselect:main():gmm-gselect.cc:115) For 350'th file, average UBM likelihood over 229 frames is -52.4029
LOG (gmm-gselect:main():gmm-gselect.cc:115) For 360'th file, average UBM likelihood over 215 frames is -48.3123
LOG (gmm-gselect:main():gmm-gselect.cc:115) For 370'th file, average UBM likelihood over 410 frames is -52.5215
LOG (gmm-gselect:main():gmm-gselect.cc:115) For 380'th file, average UBM likelihood over 233 frames is -53.9719
LOG (gmm-gselect:main():gmm-gselect.cc:115) For 390'th file, average UBM likelihood over 186 frames is -46.8419
LOG (gmm-gselect:main():gmm-gselect.cc:115) For 400'th file, average UBM likelihood over 341 frames is -50.8891
LOG (gmm-gselect:main():gmm-gselect.cc:115) For 410'th file, average UBM likelihood over 123 frames is -47.5096
LOG (gmm-gselect:main():gmm-gselect.cc:115) For 420'th file, average UBM likelihood over 375 frames is -48.967
LOG (gmm-gselect:main():gmm-gselect.cc:115) For 430'th file, average UBM likelihood over 264 frames is -48.3676
LOG (gmm-gselect:main():gmm-gselect.cc:115) For 440'th file, average UBM likelihood over 219 frames is -52.2259
LOG (gmm-gselect:main():gmm-gselect.cc:115) For 450'th file, average UBM likelihood over 246 frames is -53.4247
LOG (gmm-gselect:main():gmm-gselect.cc:115) For 460'th file, average UBM likelihood over 314 frames is -57.8297
LOG (gmm-gselect:main():gmm-gselect.cc:115) For 470'th file, average UBM likelihood over 352 frames is -51.4429
LOG (gmm-gselect:main():gmm-gselect.cc:115) For 480'th file, average UBM likelihood over 188 frames is -46.5123
LOG (gmm-gselect:main():gmm-gselect.cc:115) For 490'th file, average UBM likelihood over 282 frames is -54.9549
LOG (gmm-gselect:main():gmm-gselect.cc:115) For 500'th file, average UBM likelihood over 642 frames is -50.8058
LOG (gmm-gselect:main():gmm-gselect.cc:115) For 510'th file, average UBM likelihood over 226 frames is -49.692
LOG (gmm-gselect:main():gmm-gselect.cc:115) For 520'th file, average UBM likelihood over 356 frames is -51.3127
LOG (gmm-gselect:main():gmm-gselect.cc:115) For 530'th file, average UBM likelihood over 449 frames is -46.0845
LOG (gmm-gselect:main():gmm-gselect.cc:115) For 540'th file, average UBM likelihood over 179 frames is -50.4115
LOG (gmm-gselect:main():gmm-gselect.cc:115) For 550'th file, average UBM likelihood over 126 frames is -47.546
LOG (gmm-gselect:main():gmm-gselect.cc:115) For 560'th file, average UBM likelihood over 169 frames is -50.8447
LOG (gmm-gselect:main():gmm-gselect.cc:115) For 570'th file, average UBM likelihood over 372 frames is -53.3046
LOG (gmm-gselect:main():gmm-gselect.cc:115) For 580'th file, average UBM likelihood over 358 frames is -52.0006
LOG (gmm-gselect:main():gmm-gselect.cc:115) For 590'th file, average UBM likelihood over 474 frames is -54.0737
LOG (gmm-gselect:main():gmm-gselect.cc:115) For 600'th file, average UBM likelihood over 176 frames is -46.1841
LOG (gmm-gselect:main():gmm-gselect.cc:115) For 610'th file, average UBM likelihood over 156 frames is -48.7104
LOG (gmm-gselect:main():gmm-gselect.cc:115) For 620'th file, average UBM likelihood over 179 frames is -55.783
LOG (gmm-gselect:main():gmm-gselect.cc:115) For 630'th file, average UBM likelihood over 237 frames is -45.7705
LOG (gmm-gselect:main():gmm-gselect.cc:115) For 640'th file, average UBM likelihood over 299 frames is -52.6031
LOG (gmm-gselect:main():gmm-gselect.cc:115) For 650'th file, average UBM likelihood over 309 frames is -49.9191
LOG (gmm-gselect:main():gmm-gselect.cc:115) For 660'th file, average UBM likelihood over 233 frames is -51.3719
LOG (gmm-gselect:main():gmm-gselect.cc:115) For 670'th file, average UBM likelihood over 164 frames is -47.1794
LOG (gmm-gselect:main():gmm-gselect.cc:115) For 680'th file, average UBM likelihood over 189 frames is -52.942
LOG (gmm-gselect:main():gmm-gselect.cc:115) For 690'th file, average UBM likelihood over 240 frames is -57.2416
LOG (gmm-gselect:main():gmm-gselect.cc:115) For 700'th file, average UBM likelihood over 312 frames is -53.1928
LOG (gmm-gselect:main():gmm-gselect.cc:115) For 710'th file, average UBM likelihood over 250 frames is -51.7846
LOG (gmm-gselect:main():gmm-gselect.cc:115) For 720'th file, average UBM likelihood over 155 frames is -50.4487
LOG (gmm-gselect:main():gmm-gselect.cc:115) For 730'th file, average UBM likelihood over 205 frames is -51.1107
LOG (gmm-gselect:main():gmm-gselect.cc:115) For 740'th file, average UBM likelihood over 284 frames is -52.1836
LOG (gmm-gselect:main():gmm-gselect.cc:115) For 750'th file, average UBM likelihood over 244 frames is -50.7527
LOG (gmm-gselect:main():gmm-gselect.cc:115) For 760'th file, average UBM likelihood over 286 frames is -47.002
LOG (gmm-gselect:main():gmm-gselect.cc:115) For 770'th file, average UBM likelihood over 280 frames is -45.7546
LOG (gmm-gselect:main():gmm-gselect.cc:115) For 780'th file, average UBM likelihood over 220 frames is -53.7898
LOG (gmm-gselect:main():gmm-gselect.cc:115) For 790'th file, average UBM likelihood over 303 frames is -55.5018
LOG (gmm-gselect:main():gmm-gselect.cc:115) For 800'th file, average UBM likelihood over 284 frames is -52.0001
LOG (gmm-gselect:main():gmm-gselect.cc:115) For 810'th file, average UBM likelihood over 277 frames is -49.0713
LOG (gmm-gselect:main():gmm-gselect.cc:115) For 820'th file, average UBM likelihood over 259 frames is -48.2634
LOG (gmm-gselect:main():gmm-gselect.cc:115) For 830'th file, average UBM likelihood over 306 frames is -49.5497
LOG (gmm-gselect:main():gmm-gselect.cc:115) For 840'th file, average UBM likelihood over 299 frames is -54.0837
LOG (gmm-gselect:main():gmm-gselect.cc:115) For 850'th file, average UBM likelihood over 216 frames is -50.6277
LOG (gmm-gselect:main():gmm-gselect.cc:115) For 860'th file, average UBM likelihood over 208 frames is -48.34
LOG (gmm-gselect:main():gmm-gselect.cc:115) For 870'th file, average UBM likelihood over 211 frames is -43.2606
LOG (gmm-gselect:main():gmm-gselect.cc:115) For 880'th file, average UBM likelihood over 132 frames is -46.7861
LOG (gmm-gselect:main():gmm-gselect.cc:115) For 890'th file, average UBM likelihood over 448 frames is -51.1724
LOG (gmm-gselect:main():gmm-gselect.cc:115) For 900'th file, average UBM likelihood over 330 frames is -52.7873
LOG (gmm-gselect:main():gmm-gselect.cc:115) For 910'th file, average UBM likelihood over 154 frames is -49.1663
LOG (gmm-gselect:main():gmm-gselect.cc:115) For 920'th file, average UBM likelihood over 174 frames is -46.4466
LOG (gmm-gselect:main():gmm-gselect.cc:115) For 930'th file, average UBM likelihood over 136 frames is -50.882
LOG (gmm-gselect:main():gmm-gselect.cc:115) For 940'th file, average UBM likelihood over 134 frames is -50.8183
LOG (gmm-gselect:main():gmm-gselect.cc:115) For 950'th file, average UBM likelihood over 144 frames is -52.207
LOG (gmm-gselect:main():gmm-gselect.cc:115) For 960'th file, average UBM likelihood over 178 frames is -47.888
LOG (gmm-gselect:main():gmm-gselect.cc:115) For 970'th file, average UBM likelihood over 171 frames is -47.9238
LOG (gmm-gselect:main():gmm-gselect.cc:115) For 980'th file, average UBM likelihood over 315 frames is -50.6217
LOG (gmm-gselect:main():gmm-gselect.cc:115) For 990'th file, average UBM likelihood over 271 frames is -53.0516
LOG (gmm-gselect:main():gmm-gselect.cc:115) For 1000'th file, average UBM likelihood over 230 frames is -47.3257
LOG (gmm-gselect:main():gmm-gselect.cc:115) For 1010'th file, average UBM likelihood over 257 frames is -53.061
LOG (gmm-gselect:main():gmm-gselect.cc:115) For 1020'th file, average UBM likelihood over 246 frames is -48.831
LOG (gmm-gselect:main():gmm-gselect.cc:115) For 1030'th file, average UBM likelihood over 329 frames is -49.1971
LOG (gmm-gselect:main():gmm-gselect.cc:115) For 1040'th file, average UBM likelihood over 225 frames is -49.4787
LOG (gmm-gselect:main():gmm-gselect.cc:115) For 1050'th file, average UBM likelihood over 244 frames is -52.1259
LOG (gmm-gselect:main():gmm-gselect.cc:115) For 1060'th file, average UBM likelihood over 188 frames is -50.5373
LOG (gmm-gselect:main():gmm-gselect.cc:115) For 1070'th file, average UBM likelihood over 169 frames is -45.08
LOG (gmm-gselect:main():gmm-gselect.cc:115) For 1080'th file, average UBM likelihood over 427 frames is -50.2284
LOG (gmm-gselect:main():gmm-gselect.cc:115) For 1090'th file, average UBM likelihood over 213 frames is -53.0749
LOG (gmm-gselect:main():gmm-gselect.cc:115) For 1100'th file, average UBM likelihood over 322 frames is -54.015
LOG (gmm-gselect:main():gmm-gselect.cc:115) For 1110'th file, average UBM likelihood over 125 frames is -53.4559
LOG (gmm-gselect:main():gmm-gselect.cc:115) For 1120'th file, average UBM likelihood over 195 frames is -51.4314
LOG (gmm-gselect:main():gmm-gselect.cc:115) For 1130'th file, average UBM likelihood over 239 frames is -51.4967
LOG (gmm-gselect:main():gmm-gselect.cc:115) For 1140'th file, average UBM likelihood over 320 frames is -49.1912
LOG (gmm-gselect:main():gmm-gselect.cc:115) For 1150'th file, average UBM likelihood over 369 frames is -44.8268
LOG (gmm-gselect:main():gmm-gselect.cc:115) For 1160'th file, average UBM likelihood over 348 frames is -53.049
LOG (gmm-gselect:main():gmm-gselect.cc:115) For 1170'th file, average UBM likelihood over 293 frames is -52.7881
LOG (gmm-gselect:main():gmm-gselect.cc:115) For 1180'th file, average UBM likelihood over 138 frames is -47.7259
LOG (gmm-gselect:main():gmm-gselect.cc:115) For 1190'th file, average UBM likelihood over 344 frames is -51.4676
LOG (gmm-gselect:main():gmm-gselect.cc:115) For 1200'th file, average UBM likelihood over 153 frames is -49.9154
LOG (gmm-gselect:main():gmm-gselect.cc:115) For 1210'th file, average UBM likelihood over 150 frames is -51.9096
LOG (gmm-gselect:main():gmm-gselect.cc:115) For 1220'th file, average UBM likelihood over 220 frames is -46.073
LOG (gmm-gselect:main():gmm-gselect.cc:115) For 1230'th file, average UBM likelihood over 247 frames is -52.142
LOG (gmm-gselect:main():gmm-gselect.cc:115) For 1240'th file, average UBM likelihood over 271 frames is -50.728
LOG (gmm-gselect:main():gmm-gselect.cc:115) For 1250'th file, average UBM likelihood over 292 frames is -51.562
LOG (gmm-gselect:main():gmm-gselect.cc:115) For 1260'th file, average UBM likelihood over 235 frames is -52.4659
LOG (gmm-gselect:main():gmm-gselect.cc:115) For 1270'th file, average UBM likelihood over 342 frames is -51.472
LOG (gmm-gselect:main():gmm-gselect.cc:115) For 1280'th file, average UBM likelihood over 243 frames is -50.0236
LOG (gmm-gselect:main():gmm-gselect.cc:115) For 1290'th file, average UBM likelihood over 173 frames is -49.6106
LOG (gmm-gselect:main():gmm-gselect.cc:115) For 1300'th file, average UBM likelihood over 200 frames is -51.7563
LOG (gmm-gselect:main():gmm-gselect.cc:115) For 1310'th file, average UBM likelihood over 145 frames is -50.6707
LOG (gmm-gselect:main():gmm-gselect.cc:115) For 1320'th file, average UBM likelihood over 217 frames is -52.4137
LOG (gmm-gselect:main():gmm-gselect.cc:115) For 1330'th file, average UBM likelihood over 367 frames is -55.5837
LOG (gmm-gselect:main():gmm-gselect.cc:115) For 1340'th file, average UBM likelihood over 191 frames is -51.5684
LOG (gmm-gselect:main():gmm-gselect.cc:115) For 1350'th file, average UBM likelihood over 178 frames is -52.7696
LOG (gmm-gselect:main():gmm-gselect.cc:115) For 1360'th file, average UBM likelihood over 142 frames is -48.7119
LOG (gmm-gselect:main():gmm-gselect.cc:115) For 1370'th file, average UBM likelihood over 376 frames is -53.6559
LOG (gmm-gselect:main():gmm-gselect.cc:115) For 1380'th file, average UBM likelihood over 164 frames is -49.3344
LOG (gmm-gselect:main():gmm-gselect.cc:115) For 1390'th file, average UBM likelihood over 229 frames is -43.1311
LOG (gmm-gselect:main():gmm-gselect.cc:115) For 1400'th file, average UBM likelihood over 267 frames is -50.6563
LOG (gmm-gselect:main():gmm-gselect.cc:115) For 1410'th file, average UBM likelihood over 381 frames is -50.7897
LOG (gmm-gselect:main():gmm-gselect.cc:115) For 1420'th file, average UBM likelihood over 257 frames is -51.0973
LOG (gmm-gselect:main():gmm-gselect.cc:115) For 1430'th file, average UBM likelihood over 124 frames is -49.6153
LOG (gmm-gselect:main():gmm-gselect.cc:115) For 1440'th file, average UBM likelihood over 170 frames is -52.9879
LOG (gmm-gselect:main():gmm-gselect.cc:115) For 1450'th file, average UBM likelihood over 179 frames is -50.0439
LOG (gmm-gselect:main():gmm-gselect.cc:115) For 1460'th file, average UBM likelihood over 401 frames is -54.17
LOG (gmm-gselect:main():gmm-gselect.cc:115) For 1470'th file, average UBM likelihood over 320 frames is -53.5559
LOG (gmm-gselect:main():gmm-gselect.cc:115) For 1480'th file, average UBM likelihood over 302 frames is -50.0655
LOG (gmm-gselect:main():gmm-gselect.cc:115) For 1490'th file, average UBM likelihood over 110 frames is -42.355
LOG (gmm-gselect:main():gmm-gselect.cc:115) For 1500'th file, average UBM likelihood over 336 frames is -53.9959
LOG (gmm-gselect:main():gmm-gselect.cc:115) For 1510'th file, average UBM likelihood over 285 frames is -54.267
LOG (gmm-gselect:main():gmm-gselect.cc:115) For 1520'th file, average UBM likelihood over 307 frames is -48.3485
LOG (gmm-gselect:main():gmm-gselect.cc:115) For 1530'th file, average UBM likelihood over 265 frames is -52.2485
LOG (gmm-gselect:main():gmm-gselect.cc:115) For 1540'th file, average UBM likelihood over 376 frames is -49.2338
LOG (gmm-gselect:main():gmm-gselect.cc:115) For 1550'th file, average UBM likelihood over 203 frames is -49.0801
LOG (gmm-gselect:main():gmm-gselect.cc:115) For 1560'th file, average UBM likelihood over 350 frames is -52.5041
LOG (gmm-gselect:main():gmm-gselect.cc:115) For 1570'th file, average UBM likelihood over 268 frames is -49.2844
LOG (gmm-gselect:main():gmm-gselect.cc:115) For 1580'th file, average UBM likelihood over 269 frames is -51.3528
LOG (gmm-gselect:main():gmm-gselect.cc:115) For 1590'th file, average UBM likelihood over 247 frames is -51.6534
LOG (gmm-gselect:main():gmm-gselect.cc:115) For 1600'th file, average UBM likelihood over 303 frames is -54.4113
LOG (gmm-gselect:main():gmm-gselect.cc:115) For 1610'th file, average UBM likelihood over 286 frames is -49.52
LOG (gmm-gselect:main():gmm-gselect.cc:115) For 1620'th file, average UBM likelihood over 188 frames is -46.3976
LOG (gmm-gselect:main():gmm-gselect.cc:115) For 1630'th file, average UBM likelihood over 302 frames is -49.9968
LOG (gmm-gselect:main():gmm-gselect.cc:115) For 1640'th file, average UBM likelihood over 271 frames is -51.7873
LOG (gmm-gselect:main():gmm-gselect.cc:115) For 1650'th file, average UBM likelihood over 158 frames is -53.2749
LOG (gmm-gselect:main():gmm-gselect.cc:115) For 1660'th file, average UBM likelihood over 202 frames is -49.1964
LOG (gmm-gselect:main():gmm-gselect.cc:115) For 1670'th file, average UBM likelihood over 121 frames is -50.744
LOG (gmm-gselect:main():gmm-gselect.cc:115) For 1680'th file, average UBM likelihood over 141 frames is -47.1945
LOG (gmm-gselect:main():gmm-gselect.cc:115) For 1690'th file, average UBM likelihood over 375 frames is -53.3662
LOG (gmm-gselect:main():gmm-gselect.cc:115) For 1700'th file, average UBM likelihood over 324 frames is -52.3429
LOG (gmm-gselect:main():gmm-gselect.cc:115) For 1710'th file, average UBM likelihood over 183 frames is -49.6603
LOG (gmm-gselect:main():gmm-gselect.cc:115) For 1720'th file, average UBM likelihood over 243 frames is -48.5768
LOG (gmm-gselect:main():gmm-gselect.cc:115) For 1730'th file, average UBM likelihood over 304 frames is -52.4038
LOG (gmm-gselect:main():gmm-gselect.cc:115) For 1740'th file, average UBM likelihood over 161 frames is -47.1969
LOG (gmm-gselect:main():gmm-gselect.cc:115) For 1750'th file, average UBM likelihood over 328 frames is -49.6767
LOG (gmm-gselect:main():gmm-gselect.cc:115) For 1760'th file, average UBM likelihood over 123 frames is -48.9382
LOG (gmm-gselect:main():gmm-gselect.cc:115) For 1770'th file, average UBM likelihood over 166 frames is -52.3896
LOG (gmm-gselect:main():gmm-gselect.cc:115) For 1780'th file, average UBM likelihood over 170 frames is -49.2215
LOG (gmm-gselect:main():gmm-gselect.cc:115) For 1790'th file, average UBM likelihood over 461 frames is -47.6017
LOG (gmm-gselect:main():gmm-gselect.cc:115) For 1800'th file, average UBM likelihood over 379 frames is -48.2511
LOG (gmm-gselect:main():gmm-gselect.cc:115) For 1810'th file, average UBM likelihood over 267 frames is -51.017
LOG (gmm-gselect:main():gmm-gselect.cc:115) For 1820'th file, average UBM likelihood over 239 frames is -53.6446
LOG (gmm-gselect:main():gmm-gselect.cc:115) For 1830'th file, average UBM likelihood over 327 frames is -48.8465
LOG (gmm-gselect:main():gmm-gselect.cc:115) For 1840'th file, average UBM likelihood over 278 frames is -47.6454
LOG (gmm-gselect:main():gmm-gselect.cc:115) For 1850'th file, average UBM likelihood over 305 frames is -50.2966
LOG (gmm-gselect:main():gmm-gselect.cc:115) For 1860'th file, average UBM likelihood over 145 frames is -49.4422
LOG (gmm-gselect:main():gmm-gselect.cc:115) For 1870'th file, average UBM likelihood over 352 frames is -54.0078
LOG (gmm-gselect:main():gmm-gselect.cc:115) For 1880'th file, average UBM likelihood over 351 frames is -50.348
LOG (gmm-gselect:main():gmm-gselect.cc:115) For 1890'th file, average UBM likelihood over 384 frames is -50.0215
LOG (gmm-gselect:main():gmm-gselect.cc:115) For 1900'th file, average UBM likelihood over 315 frames is -51.4352
LOG (gmm-gselect:main():gmm-gselect.cc:115) For 1910'th file, average UBM likelihood over 247 frames is -48.2594
LOG (gmm-gselect:main():gmm-gselect.cc:115) For 1920'th file, average UBM likelihood over 259 frames is -47.3376
LOG (gmm-gselect:main():gmm-gselect.cc:115) For 1930'th file, average UBM likelihood over 147 frames is -52.4922
LOG (gmm-gselect:main():gmm-gselect.cc:115) For 1940'th file, average UBM likelihood over 200 frames is -51.2553
LOG (gmm-gselect:main():gmm-gselect.cc:115) For 1950'th file, average UBM likelihood over 258 frames is -52.319
LOG (gmm-gselect:main():gmm-gselect.cc:115) For 1960'th file, average UBM likelihood over 237 frames is -54.183
LOG (gmm-gselect:main():gmm-gselect.cc:115) For 1970'th file, average UBM likelihood over 307 frames is -51.1701
LOG (gmm-gselect:main():gmm-gselect.cc:115) For 1980'th file, average UBM likelihood over 229 frames is -51.4404
LOG (gmm-gselect:main():gmm-gselect.cc:115) For 1990'th file, average UBM likelihood over 253 frames is -50.6066
LOG (gmm-gselect:main():gmm-gselect.cc:115) For 2000'th file, average UBM likelihood over 230 frames is -51.1708
LOG (gmm-gselect:main():gmm-gselect.cc:115) For 2010'th file, average UBM likelihood over 270 frames is -52.2982
LOG (gmm-gselect:main():gmm-gselect.cc:115) For 2020'th file, average UBM likelihood over 312 frames is -50.7177
LOG (gmm-gselect:main():gmm-gselect.cc:115) For 2030'th file, average UBM likelihood over 166 frames is -50.3728
LOG (gmm-gselect:main():gmm-gselect.cc:115) For 2040'th file, average UBM likelihood over 322 frames is -53.2061
LOG (gmm-gselect:main():gmm-gselect.cc:115) For 2050'th file, average UBM likelihood over 221 frames is -54.0493
LOG (gmm-gselect:main():gmm-gselect.cc:115) For 2060'th file, average UBM likelihood over 258 frames is -53.5494
LOG (gmm-gselect:main():gmm-gselect.cc:115) For 2070'th file, average UBM likelihood over 187 frames is -50.005
LOG (gmm-gselect:main():gmm-gselect.cc:115) For 2080'th file, average UBM likelihood over 240 frames is -52.7376
LOG (gmm-gselect:main():gmm-gselect.cc:115) For 2090'th file, average UBM likelihood over 239 frames is -52.0832
LOG (gmm-gselect:main():gmm-gselect.cc:115) For 2100'th file, average UBM likelihood over 425 frames is -48.2179
LOG (gmm-gselect:main():gmm-gselect.cc:115) For 2110'th file, average UBM likelihood over 303 frames is -49.398
LOG (gmm-gselect:main():gmm-gselect.cc:115) For 2120'th file, average UBM likelihood over 244 frames is -49.4375
LOG (gmm-gselect:main():gmm-gselect.cc:115) For 2130'th file, average UBM likelihood over 288 frames is -49.6638
LOG (gmm-gselect:main():gmm-gselect.cc:115) For 2140'th file, average UBM likelihood over 215 frames is -48.779
LOG (gmm-gselect:main():gmm-gselect.cc:115) For 2150'th file, average UBM likelihood over 401 frames is -47.773
LOG (gmm-gselect:main():gmm-gselect.cc:115) For 2160'th file, average UBM likelihood over 220 frames is -47.9862
LOG (gmm-gselect:main():gmm-gselect.cc:115) For 2170'th file, average UBM likelihood over 415 frames is -49.0986
LOG (gmm-gselect:main():gmm-gselect.cc:115) For 2180'th file, average UBM likelihood over 145 frames is -49.9755
LOG (gmm-gselect:main():gmm-gselect.cc:115) For 2190'th file, average UBM likelihood over 368 frames is -54.9627
LOG (gmm-gselect:main():gmm-gselect.cc:115) For 2200'th file, average UBM likelihood over 237 frames is -49.8587
LOG (gmm-gselect:main():gmm-gselect.cc:115) For 2210'th file, average UBM likelihood over 488 frames is -46.1828
LOG (gmm-gselect:main():gmm-gselect.cc:115) For 2220'th file, average UBM likelihood over 340 frames is -43.8557
LOG (gmm-gselect:main():gmm-gselect.cc:115) For 2230'th file, average UBM likelihood over 286 frames is -52.2767
LOG (gmm-gselect:main():gmm-gselect.cc:115) For 2240'th file, average UBM likelihood over 201 frames is -49.4092
LOG (gmm-gselect:main():gmm-gselect.cc:115) For 2250'th file, average UBM likelihood over 197 frames is -51.5452
LOG (gmm-gselect:main():gmm-gselect.cc:115) For 2260'th file, average UBM likelihood over 296 frames is -47.7713
LOG (gmm-gselect:main():gmm-gselect.cc:115) For 2270'th file, average UBM likelihood over 267 frames is -49.9037
LOG (gmm-gselect:main():gmm-gselect.cc:115) For 2280'th file, average UBM likelihood over 340 frames is -46.4678
LOG (gmm-gselect:main():gmm-gselect.cc:115) For 2290'th file, average UBM likelihood over 181 frames is -45.9058
LOG (gmm-gselect:main():gmm-gselect.cc:115) For 2300'th file, average UBM likelihood over 294 frames is -46.3175
LOG (gmm-gselect:main():gmm-gselect.cc:115) For 2310'th file, average UBM likelihood over 477 frames is -50.4822
LOG (gmm-gselect:main():gmm-gselect.cc:115) For 2320'th file, average UBM likelihood over 320 frames is -51.5241
LOG (gmm-gselect:main():gmm-gselect.cc:115) For 2330'th file, average UBM likelihood over 186 frames is -51.6107
LOG (gmm-gselect:main():gmm-gselect.cc:115) For 2340'th file, average UBM likelihood over 190 frames is -52.3266
LOG (gmm-gselect:main():gmm-gselect.cc:115) For 2350'th file, average UBM likelihood over 174 frames is -47.0576
LOG (gmm-gselect:main():gmm-gselect.cc:115) For 2360'th file, average UBM likelihood over 166 frames is -48.1667
LOG (gmm-gselect:main():gmm-gselect.cc:115) For 2370'th file, average UBM likelihood over 221 frames is -50.0608
LOG (gmm-gselect:main():gmm-gselect.cc:115) For 2380'th file, average UBM likelihood over 333 frames is -48.4372
LOG (gmm-gselect:main():gmm-gselect.cc:115) For 2390'th file, average UBM likelihood over 284 frames is -45.3268
LOG (gmm-gselect:main():gmm-gselect.cc:115) For 2400'th file, average UBM likelihood over 332 frames is -46.2537
LOG (gmm-gselect:main():gmm-gselect.cc:115) For 2410'th file, average UBM likelihood over 344 frames is -48.1774
LOG (gmm-gselect:main():gmm-gselect.cc:115) For 2420'th file, average UBM likelihood over 362 frames is -54.8023
LOG (gmm-gselect:main():gmm-gselect.cc:115) For 2430'th file, average UBM likelihood over 314 frames is -43.9204
LOG (gmm-gselect:main():gmm-gselect.cc:115) For 2440'th file, average UBM likelihood over 255 frames is -48.1548
LOG (gmm-gselect:main():gmm-gselect.cc:115) For 2450'th file, average UBM likelihood over 310 frames is -55.7634
LOG (gmm-gselect:main():gmm-gselect.cc:115) For 2460'th file, average UBM likelihood over 275 frames is -53.7105
LOG (gmm-gselect:main():gmm-gselect.cc:115) For 2470'th file, average UBM likelihood over 268 frames is -51.4527
LOG (gmm-gselect:main():gmm-gselect.cc:115) For 2480'th file, average UBM likelihood over 206 frames is -48.8937
LOG (gmm-gselect:main():gmm-gselect.cc:115) For 2490'th file, average UBM likelihood over 364 frames is -52.5809
LOG (gmm-gselect:main():gmm-gselect.cc:115) For 2500'th file, average UBM likelihood over 211 frames is -49.1726
LOG (gmm-gselect:main():gmm-gselect.cc:115) For 2510'th file, average UBM likelihood over 240 frames is -49.6076
LOG (gmm-gselect:main():gmm-gselect.cc:115) For 2520'th file, average UBM likelihood over 272 frames is -50.4483
LOG (gmm-gselect:main():gmm-gselect.cc:115) For 2530'th file, average UBM likelihood over 263 frames is -50.3069
LOG (gmm-gselect:main():gmm-gselect.cc:115) For 2540'th file, average UBM likelihood over 219 frames is -49.4428
LOG (gmm-gselect:main():gmm-gselect.cc:115) For 2550'th file, average UBM likelihood over 251 frames is -47.8554
LOG (gmm-gselect:main():gmm-gselect.cc:115) For 2560'th file, average UBM likelihood over 358 frames is -49.7041
LOG (gmm-gselect:main():gmm-gselect.cc:115) For 2570'th file, average UBM likelihood over 274 frames is -56.4069
LOG (gmm-gselect:main():gmm-gselect.cc:115) For 2580'th file, average UBM likelihood over 235 frames is -49.0293
LOG (gmm-gselect:main():gmm-gselect.cc:115) For 2590'th file, average UBM likelihood over 222 frames is -50.3654
LOG (gmm-gselect:main():gmm-gselect.cc:115) For 2600'th file, average UBM likelihood over 232 frames is -49.7339
LOG (gmm-gselect:main():gmm-gselect.cc:115) For 2610'th file, average UBM likelihood over 185 frames is -51.2096
LOG (gmm-gselect:main():gmm-gselect.cc:115) For 2620'th file, average UBM likelihood over 153 frames is -48.8823
LOG (gmm-gselect:main():gmm-gselect.cc:115) For 2630'th file, average UBM likelihood over 314 frames is -52.3033
LOG (gmm-gselect:main():gmm-gselect.cc:115) For 2640'th file, average UBM likelihood over 216 frames is -48.7968
LOG (gmm-gselect:main():gmm-gselect.cc:115) For 2650'th file, average UBM likelihood over 163 frames is -48.0497
LOG (gmm-gselect:main():gmm-gselect.cc:115) For 2660'th file, average UBM likelihood over 189 frames is -51.1291
LOG (gmm-gselect:main():gmm-gselect.cc:115) For 2670'th file, average UBM likelihood over 140 frames is -51.6982
LOG (gmm-gselect:main():gmm-gselect.cc:115) For 2680'th file, average UBM likelihood over 141 frames is -49.4767
LOG (gmm-gselect:main():gmm-gselect.cc:115) For 2690'th file, average UBM likelihood over 133 frames is -49.4959
LOG (gmm-gselect:main():gmm-gselect.cc:115) For 2700'th file, average UBM likelihood over 321 frames is -51.9095
LOG (gmm-gselect:main():gmm-gselect.cc:115) For 2710'th file, average UBM likelihood over 163 frames is -51.806
LOG (gmm-gselect:main():gmm-gselect.cc:115) For 2720'th file, average UBM likelihood over 173 frames is -50.9151
LOG (gmm-gselect:main():gmm-gselect.cc:115) For 2730'th file, average UBM likelihood over 328 frames is -50.4264
LOG (gmm-gselect:main():gmm-gselect.cc:115) For 2740'th file, average UBM likelihood over 284 frames is -52.8213
LOG (gmm-gselect:main():gmm-gselect.cc:115) For 2750'th file, average UBM likelihood over 291 frames is -54.7102
LOG (gmm-gselect:main():gmm-gselect.cc:115) For 2760'th file, average UBM likelihood over 129 frames is -48.5541
LOG (gmm-gselect:main():gmm-gselect.cc:115) For 2770'th file, average UBM likelihood over 142 frames is -47.5208
LOG (gmm-gselect:main():gmm-gselect.cc:115) For 2780'th file, average UBM likelihood over 241 frames is -50.4502
LOG (gmm-gselect:main():gmm-gselect.cc:115) For 2790'th file, average UBM likelihood over 169 frames is -47.8578
LOG (gmm-gselect:main():gmm-gselect.cc:115) For 2800'th file, average UBM likelihood over 305 frames is -50.4935
LOG (gmm-gselect:main():gmm-gselect.cc:115) For 2810'th file, average UBM likelihood over 597 frames is -49.6663
LOG (gmm-gselect:main():gmm-gselect.cc:115) For 2820'th file, average UBM likelihood over 391 frames is -48.9636
LOG (gmm-gselect:main():gmm-gselect.cc:115) For 2830'th file, average UBM likelihood over 455 frames is -50.6062
LOG (gmm-gselect:main():gmm-gselect.cc:115) For 2840'th file, average UBM likelihood over 247 frames is -49.6448
LOG (gmm-gselect:main():gmm-gselect.cc:115) For 2850'th file, average UBM likelihood over 197 frames is -51.1537
LOG (gmm-gselect:main():gmm-gselect.cc:115) For 2860'th file, average UBM likelihood over 410 frames is -54.2236
LOG (gmm-gselect:main():gmm-gselect.cc:115) For 2870'th file, average UBM likelihood over 448 frames is -48.8996
LOG (gmm-gselect:main():gmm-gselect.cc:115) For 2880'th file, average UBM likelihood over 340 frames is -47.2903
LOG (gmm-gselect:main():gmm-gselect.cc:115) For 2890'th file, average UBM likelihood over 404 frames is -50.7637
LOG (gmm-gselect:main():gmm-gselect.cc:115) For 2900'th file, average UBM likelihood over 127 frames is -45.4518
LOG (gmm-gselect:main():gmm-gselect.cc:115) For 2910'th file, average UBM likelihood over 232 frames is -48.1247
LOG (gmm-gselect:main():gmm-gselect.cc:115) For 2920'th file, average UBM likelihood over 271 frames is -50.7621
LOG (gmm-gselect:main():gmm-gselect.cc:115) For 2930'th file, average UBM likelihood over 292 frames is -51.7998
LOG (gmm-gselect:main():gmm-gselect.cc:115) For 2940'th file, average UBM likelihood over 250 frames is -53.4786
LOG (gmm-gselect:main():gmm-gselect.cc:115) For 2950'th file, average UBM likelihood over 227 frames is -45.0311
LOG (gmm-gselect:main():gmm-gselect.cc:115) For 2960'th file, average UBM likelihood over 277 frames is -50.8926
LOG (gmm-gselect:main():gmm-gselect.cc:115) For 2970'th file, average UBM likelihood over 170 frames is -51.0425
LOG (gmm-gselect:main():gmm-gselect.cc:115) For 2980'th file, average UBM likelihood over 174 frames is -50.2126
LOG (gmm-gselect:main():gmm-gselect.cc:115) For 2990'th file, average UBM likelihood over 330 frames is -53.0783
LOG (gmm-gselect:main():gmm-gselect.cc:115) For 3000'th file, average UBM likelihood over 134 frames is -48.0116
LOG (gmm-gselect:main():gmm-gselect.cc:115) For 3010'th file, average UBM likelihood over 288 frames is -52.0129
LOG (gmm-gselect:main():gmm-gselect.cc:115) For 3020'th file, average UBM likelihood over 269 frames is -46.3424
LOG (gmm-gselect:main():gmm-gselect.cc:115) For 3030'th file, average UBM likelihood over 300 frames is -50.3017
LOG (gmm-gselect:main():gmm-gselect.cc:115) For 3040'th file, average UBM likelihood over 327 frames is -49.0471
LOG (gmm-gselect:main():gmm-gselect.cc:115) For 3050'th file, average UBM likelihood over 206 frames is -54.1402
LOG (gmm-gselect:main():gmm-gselect.cc:115) For 3060'th file, average UBM likelihood over 334 frames is -50.9645
LOG (gmm-gselect:main():gmm-gselect.cc:115) For 3070'th file, average UBM likelihood over 289 frames is -48.4924
LOG (gmm-gselect:main():gmm-gselect.cc:115) For 3080'th file, average UBM likelihood over 162 frames is -48.7171
LOG (gmm-gselect:main():gmm-gselect.cc:115) For 3090'th file, average UBM likelihood over 130 frames is -49.0568
LOG (gmm-gselect:main():gmm-gselect.cc:115) For 3100'th file, average UBM likelihood over 294 frames is -54.8157
LOG (gmm-gselect:main():gmm-gselect.cc:115) For 3110'th file, average UBM likelihood over 243 frames is -48.2564
LOG (gmm-gselect:main():gmm-gselect.cc:115) For 3120'th file, average UBM likelihood over 225 frames is -45.0244
LOG (gmm-gselect:main():gmm-gselect.cc:115) For 3130'th file, average UBM likelihood over 269 frames is -51.6879
LOG (gmm-gselect:main():gmm-gselect.cc:115) For 3140'th file, average UBM likelihood over 238 frames is -50.0145
LOG (gmm-gselect:main():gmm-gselect.cc:115) For 3150'th file, average UBM likelihood over 144 frames is -48.1726
LOG (gmm-gselect:main():gmm-gselect.cc:115) For 3160'th file, average UBM likelihood over 162 frames is -51.0324
LOG (gmm-gselect:main():gmm-gselect.cc:115) For 3170'th file, average UBM likelihood over 218 frames is -50.3194
LOG (gmm-gselect:main():gmm-gselect.cc:115) For 3180'th file, average UBM likelihood over 252 frames is -47.1466
LOG (gmm-gselect:main():gmm-gselect.cc:115) For 3190'th file, average UBM likelihood over 241 frames is -50.0939
LOG (gmm-gselect:main():gmm-gselect.cc:115) For 3200'th file, average UBM likelihood over 287 frames is -52.8871
LOG (gmm-gselect:main():gmm-gselect.cc:115) For 3210'th file, average UBM likelihood over 200 frames is -54.1587
LOG (gmm-gselect:main():gmm-gselect.cc:115) For 3220'th file, average UBM likelihood over 322 frames is -46.4963
LOG (gmm-gselect:main():gmm-gselect.cc:115) For 3230'th file, average UBM likelihood over 285 frames is -51.7626
LOG (gmm-gselect:main():gmm-gselect.cc:115) For 3240'th file, average UBM likelihood over 154 frames is -52.2901
LOG (gmm-gselect:main():gmm-gselect.cc:115) For 3250'th file, average UBM likelihood over 288 frames is -55.8437
LOG (gmm-gselect:main():gmm-gselect.cc:115) For 3260'th file, average UBM likelihood over 216 frames is -51.4426
LOG (gmm-gselect:main():gmm-gselect.cc:115) For 3270'th file, average UBM likelihood over 321 frames is -52.0325
LOG (gmm-gselect:main():gmm-gselect.cc:115) For 3280'th file, average UBM likelihood over 431 frames is -51.1155
LOG (gmm-gselect:main():gmm-gselect.cc:115) For 3290'th file, average UBM likelihood over 271 frames is -54.3013
LOG (gmm-gselect:main():gmm-gselect.cc:115) For 3300'th file, average UBM likelihood over 297 frames is -47.9321
LOG (gmm-gselect:main():gmm-gselect.cc:115) For 3310'th file, average UBM likelihood over 279 frames is -49.1808
LOG (gmm-gselect:main():gmm-gselect.cc:115) For 3320'th file, average UBM likelihood over 225 frames is -49.764
LOG (gmm-gselect:main():gmm-gselect.cc:115) For 3330'th file, average UBM likelihood over 451 frames is -50.504
LOG (gmm-gselect:main():gmm-gselect.cc:115) For 3340'th file, average UBM likelihood over 154 frames is -45.5793
LOG (gmm-gselect:main():gmm-gselect.cc:115) For 3350'th file, average UBM likelihood over 220 frames is -50.7257
LOG (gmm-gselect:main():gmm-gselect.cc:115) For 3360'th file, average UBM likelihood over 259 frames is -50.6715
LOG (gmm-gselect:main():gmm-gselect.cc:115) For 3370'th file, average UBM likelihood over 367 frames is -50.4571
LOG (gmm-gselect:main():gmm-gselect.cc:115) For 3380'th file, average UBM likelihood over 163 frames is -46.5221
LOG (gmm-gselect:main():gmm-gselect.cc:115) For 3390'th file, average UBM likelihood over 337 frames is -49.5025
LOG (gmm-gselect:main():gmm-gselect.cc:115) For 3400'th file, average UBM likelihood over 204 frames is -48.0015
LOG (gmm-gselect:main():gmm-gselect.cc:115) For 3410'th file, average UBM likelihood over 274 frames is -43.5512
LOG (gmm-gselect:main():gmm-gselect.cc:115) For 3420'th file, average UBM likelihood over 171 frames is -46.853
LOG (gmm-gselect:main():gmm-gselect.cc:115) For 3430'th file, average UBM likelihood over 231 frames is -49.8913
LOG (gmm-gselect:main():gmm-gselect.cc:115) For 3440'th file, average UBM likelihood over 121 frames is -48.7813
LOG (gmm-gselect:main():gmm-gselect.cc:115) For 3450'th file, average UBM likelihood over 266 frames is -49.6468
LOG (gmm-gselect:main():gmm-gselect.cc:115) For 3460'th file, average UBM likelihood over 319 frames is -50.2027
LOG (gmm-gselect:main():gmm-gselect.cc:115) For 3470'th file, average UBM likelihood over 318 frames is -49.1621
LOG (gmm-gselect:main():gmm-gselect.cc:115) For 3480'th file, average UBM likelihood over 208 frames is -51.8581
LOG (gmm-gselect:main():gmm-gselect.cc:115) For 3490'th file, average UBM likelihood over 245 frames is -49.8839
LOG (gmm-gselect:main():gmm-gselect.cc:115) For 3500'th file, average UBM likelihood over 232 frames is -51.4467
LOG (gmm-gselect:main():gmm-gselect.cc:115) For 3510'th file, average UBM likelihood over 290 frames is -51.1767
LOG (gmm-gselect:main():gmm-gselect.cc:115) For 3520'th file, average UBM likelihood over 307 frames is -53.9912
LOG (gmm-gselect:main():gmm-gselect.cc:115) For 3530'th file, average UBM likelihood over 286 frames is -50.5933
LOG (gmm-gselect:main():gmm-gselect.cc:115) For 3540'th file, average UBM likelihood over 289 frames is -53.4253
LOG (gmm-gselect:main():gmm-gselect.cc:115) For 3550'th file, average UBM likelihood over 370 frames is -50.3872
LOG (gmm-gselect:main():gmm-gselect.cc:115) For 3560'th file, average UBM likelihood over 135 frames is -46.4841
LOG (gmm-gselect:main():gmm-gselect.cc:115) For 3570'th file, average UBM likelihood over 344 frames is -46.5679
LOG (gmm-gselect:main():gmm-gselect.cc:115) For 3580'th file, average UBM likelihood over 234 frames is -49.5278
LOG (gmm-gselect:main():gmm-gselect.cc:115) For 3590'th file, average UBM likelihood over 310 frames is -52.1558
LOG (gmm-gselect:main():gmm-gselect.cc:115) For 3600'th file, average UBM likelihood over 276 frames is -49.9314
LOG (gmm-gselect:main():gmm-gselect.cc:115) For 3610'th file, average UBM likelihood over 317 frames is -50.8633
LOG (gmm-gselect:main():gmm-gselect.cc:115) For 3620'th file, average UBM likelihood over 198 frames is -46.404
LOG (gmm-gselect:main():gmm-gselect.cc:115) For 3630'th file, average UBM likelihood over 182 frames is -47.7198
LOG (gmm-gselect:main():gmm-gselect.cc:115) For 3640'th file, average UBM likelihood over 259 frames is -47.7646
LOG (gmm-gselect:main():gmm-gselect.cc:115) For 3650'th file, average UBM likelihood over 156 frames is -49.4781
LOG (gmm-gselect:main():gmm-gselect.cc:115) For 3660'th file, average UBM likelihood over 184 frames is -51.4037
LOG (gmm-gselect:main():gmm-gselect.cc:115) For 3670'th file, average UBM likelihood over 143 frames is -49.1046
LOG (gmm-gselect:main():gmm-gselect.cc:115) For 3680'th file, average UBM likelihood over 172 frames is -48.1628
LOG (gmm-gselect:main():gmm-gselect.cc:115) For 3690'th file, average UBM likelihood over 363 frames is -46.6752
LOG (gmm-gselect:main():gmm-gselect.cc:115) For 3700'th file, average UBM likelihood over 122 frames is -49.6749
LOG (gmm-gselect:main():gmm-gselect.cc:115) For 3710'th file, average UBM likelihood over 195 frames is -49.071
LOG (gmm-gselect:main():gmm-gselect.cc:115) For 3720'th file, average UBM likelihood over 389 frames is -55.3831
LOG (gmm-gselect:main():gmm-gselect.cc:115) For 3730'th file, average UBM likelihood over 307 frames is -48.8185
LOG (gmm-gselect:main():gmm-gselect.cc:115) For 3740'th file, average UBM likelihood over 211 frames is -43.8766
LOG (gmm-gselect:main():gmm-gselect.cc:115) For 3750'th file, average UBM likelihood over 322 frames is -56.6346
LOG (gmm-gselect:main():gmm-gselect.cc:115) For 3760'th file, average UBM likelihood over 462 frames is -49.2456
LOG (gmm-gselect:main():gmm-gselect.cc:115) For 3770'th file, average UBM likelihood over 387 frames is -48.1431
LOG (gmm-gselect:main():gmm-gselect.cc:115) For 3780'th file, average UBM likelihood over 352 frames is -55.0155
LOG (gmm-gselect:main():gmm-gselect.cc:115) For 3790'th file, average UBM likelihood over 230 frames is -51.7884
LOG (gmm-gselect:main():gmm-gselect.cc:115) For 3800'th file, average UBM likelihood over 193 frames is -52.9171
LOG (gmm-gselect:main():gmm-gselect.cc:115) For 3810'th file, average UBM likelihood over 167 frames is -50.4769
LOG (gmm-gselect:main():gmm-gselect.cc:115) For 3820'th file, average UBM likelihood over 252 frames is -52.8185
LOG (gmm-gselect:main():gmm-gselect.cc:115) For 3830'th file, average UBM likelihood over 292 frames is -53.3303
LOG (gmm-gselect:main():gmm-gselect.cc:115) For 3840'th file, average UBM likelihood over 316 frames is -50.8775
LOG (gmm-gselect:main():gmm-gselect.cc:115) For 3850'th file, average UBM likelihood over 131 frames is -44.6679
LOG (gmm-gselect:main():gmm-gselect.cc:115) For 3860'th file, average UBM likelihood over 262 frames is -48.9131
LOG (gmm-gselect:main():gmm-gselect.cc:115) For 3870'th file, average UBM likelihood over 223 frames is -49.8479
LOG (gmm-gselect:main():gmm-gselect.cc:115) For 3880'th file, average UBM likelihood over 327 frames is -52.5132
LOG (gmm-gselect:main():gmm-gselect.cc:115) For 3890'th file, average UBM likelihood over 344 frames is -50.9386
LOG (gmm-gselect:main():gmm-gselect.cc:115) For 3900'th file, average UBM likelihood over 292 frames is -46.9715
LOG (gmm-gselect:main():gmm-gselect.cc:115) For 3910'th file, average UBM likelihood over 230 frames is -49.6496
LOG (gmm-gselect:main():gmm-gselect.cc:115) For 3920'th file, average UBM likelihood over 256 frames is -46.1845
LOG (gmm-gselect:main():gmm-gselect.cc:115) For 3930'th file, average UBM likelihood over 319 frames is -50.0163
LOG (gmm-gselect:main():gmm-gselect.cc:115) For 3940'th file, average UBM likelihood over 268 frames is -52.2208
LOG (gmm-gselect:main():gmm-gselect.cc:115) For 3950'th file, average UBM likelihood over 278 frames is -49.6029
LOG (gmm-gselect:main():gmm-gselect.cc:115) For 3960'th file, average UBM likelihood over 101 frames is -47.1446
LOG (gmm-gselect:main():gmm-gselect.cc:115) For 3970'th file, average UBM likelihood over 152 frames is -51.1969
LOG (gmm-gselect:main():gmm-gselect.cc:115) For 3980'th file, average UBM likelihood over 127 frames is -49.5953
LOG (gmm-gselect:main():gmm-gselect.cc:115) For 3990'th file, average UBM likelihood over 178 frames is -48.326
LOG (gmm-gselect:main():gmm-gselect.cc:115) For 4000'th file, average UBM likelihood over 154 frames is -42.8366
LOG (gmm-gselect:main():gmm-gselect.cc:115) For 4010'th file, average UBM likelihood over 129 frames is -46.091
LOG (gmm-gselect:main():gmm-gselect.cc:115) For 4020'th file, average UBM likelihood over 282 frames is -51.4079
LOG (gmm-gselect:main():gmm-gselect.cc:115) For 4030'th file, average UBM likelihood over 135 frames is -45.2085
LOG (gmm-gselect:main():gmm-gselect.cc:115) For 4040'th file, average UBM likelihood over 371 frames is -54.0376
LOG (gmm-gselect:main():gmm-gselect.cc:115) For 4050'th file, average UBM likelihood over 352 frames is -49.3648
LOG (gmm-gselect:main():gmm-gselect.cc:115) For 4060'th file, average UBM likelihood over 204 frames is -49.4894
LOG (gmm-gselect:main():gmm-gselect.cc:115) For 4070'th file, average UBM likelihood over 294 frames is -53.9571
LOG (gmm-gselect:main():gmm-gselect.cc:115) For 4080'th file, average UBM likelihood over 197 frames is -49.0925
LOG (gmm-gselect:main():gmm-gselect.cc:115) For 4090'th file, average UBM likelihood over 292 frames is -50.5489
LOG (gmm-gselect:main():gmm-gselect.cc:115) For 4100'th file, average UBM likelihood over 353 frames is -50.6147
LOG (gmm-gselect:main():gmm-gselect.cc:115) For 4110'th file, average UBM likelihood over 311 frames is -46.1635
LOG (gmm-gselect:main():gmm-gselect.cc:115) For 4120'th file, average UBM likelihood over 456 frames is -50.0982
LOG (gmm-gselect:main():gmm-gselect.cc:115) For 4130'th file, average UBM likelihood over 667 frames is -46.6965
LOG (gmm-gselect:main():gmm-gselect.cc:115) For 4140'th file, average UBM likelihood over 202 frames is -50.5232
LOG (gmm-gselect:main():gmm-gselect.cc:115) For 4150'th file, average UBM likelihood over 221 frames is -49.4656
LOG (gmm-gselect:main():gmm-gselect.cc:115) For 4160'th file, average UBM likelihood over 181 frames is -50.1751
LOG (gmm-gselect:main():gmm-gselect.cc:115) For 4170'th file, average UBM likelihood over 257 frames is -52.4685
LOG (gmm-gselect:main():gmm-gselect.cc:115) For 4180'th file, average UBM likelihood over 189 frames is -49.6493
LOG (gmm-gselect:main():gmm-gselect.cc:115) For 4190'th file, average UBM likelihood over 392 frames is -57.1696
LOG (gmm-gselect:main():gmm-gselect.cc:115) For 4200'th file, average UBM likelihood over 122 frames is -47.6243
LOG (gmm-gselect:main():gmm-gselect.cc:115) For 4210'th file, average UBM likelihood over 156 frames is -49.0539
LOG (gmm-gselect:main():gmm-gselect.cc:115) For 4220'th file, average UBM likelihood over 273 frames is -49.5834
LOG (gmm-gselect:main():gmm-gselect.cc:115) For 4230'th file, average UBM likelihood over 303 frames is -48.2338
LOG (gmm-gselect:main():gmm-gselect.cc:115) For 4240'th file, average UBM likelihood over 298 frames is -51.4783
LOG (gmm-gselect:main():gmm-gselect.cc:115) For 4250'th file, average UBM likelihood over 251 frames is -49.0997
LOG (gmm-gselect:main():gmm-gselect.cc:115) For 4260'th file, average UBM likelihood over 309 frames is -49.0403
LOG (gmm-gselect:main():gmm-gselect.cc:115) For 4270'th file, average UBM likelihood over 295 frames is -53.449
LOG (gmm-gselect:main():gmm-gselect.cc:115) For 4280'th file, average UBM likelihood over 261 frames is -53.4973
LOG (gmm-gselect:main():gmm-gselect.cc:115) For 4290'th file, average UBM likelihood over 215 frames is -47.2385
LOG (gmm-gselect:main():gmm-gselect.cc:115) For 4300'th file, average UBM likelihood over 311 frames is -50.9757
LOG (gmm-gselect:main():gmm-gselect.cc:115) For 4310'th file, average UBM likelihood over 277 frames is -50.0331
LOG (gmm-gselect:main():gmm-gselect.cc:115) For 4320'th file, average UBM likelihood over 261 frames is -47.9043
LOG (gmm-gselect:main():gmm-gselect.cc:115) For 4330'th file, average UBM likelihood over 135 frames is -49.7523
LOG (gmm-gselect:main():gmm-gselect.cc:115) For 4340'th file, average UBM likelihood over 202 frames is -50.7233
LOG (gmm-gselect:main():gmm-gselect.cc:115) For 4350'th file, average UBM likelihood over 318 frames is -54.6949
LOG (gmm-gselect:main():gmm-gselect.cc:115) For 4360'th file, average UBM likelihood over 317 frames is -51.2291
LOG (gmm-gselect:main():gmm-gselect.cc:115) For 4370'th file, average UBM likelihood over 357 frames is -45.9148
LOG (gmm-gselect:main():gmm-gselect.cc:115) For 4380'th file, average UBM likelihood over 289 frames is -52.2413
LOG (gmm-gselect:main():gmm-gselect.cc:115) For 4390'th file, average UBM likelihood over 263 frames is -46.1208
LOG (gmm-gselect:main():gmm-gselect.cc:115) For 4400'th file, average UBM likelihood over 353 frames is -51.0017
LOG (gmm-gselect:main():gmm-gselect.cc:115) For 4410'th file, average UBM likelihood over 242 frames is -47.2993
LOG (gmm-gselect:main():gmm-gselect.cc:115) For 4420'th file, average UBM likelihood over 202 frames is -43.0076
LOG (gmm-gselect:main():gmm-gselect.cc:115) For 4430'th file, average UBM likelihood over 228 frames is -48.1133
LOG (gmm-gselect:main():gmm-gselect.cc:115) For 4440'th file, average UBM likelihood over 216 frames is -47.0003
LOG (gmm-gselect:main():gmm-gselect.cc:115) For 4450'th file, average UBM likelihood over 208 frames is -39.1281
LOG (gmm-gselect:main():gmm-gselect.cc:115) For 4460'th file, average UBM likelihood over 204 frames is -49.2506
LOG (gmm-gselect:main():gmm-gselect.cc:115) For 4470'th file, average UBM likelihood over 139 frames is -49.8242
LOG (gmm-gselect:main():gmm-gselect.cc:115) For 4480'th file, average UBM likelihood over 123 frames is -48.2224
LOG (gmm-gselect:main():gmm-gselect.cc:115) For 4490'th file, average UBM likelihood over 161 frames is -49.36
LOG (gmm-gselect:main():gmm-gselect.cc:115) For 4500'th file, average UBM likelihood over 516 frames is -49.0938
LOG (gmm-gselect:main():gmm-gselect.cc:115) For 4510'th file, average UBM likelihood over 314 frames is -52.0067
LOG (gmm-gselect:main():gmm-gselect.cc:115) For 4520'th file, average UBM likelihood over 222 frames is -52.7786
LOG (gmm-gselect:main():gmm-gselect.cc:115) For 4530'th file, average UBM likelihood over 214 frames is -49.6262
LOG (gmm-gselect:main():gmm-gselect.cc:115) For 4540'th file, average UBM likelihood over 258 frames is -51.9673
LOG (gmm-gselect:main():gmm-gselect.cc:115) For 4550'th file, average UBM likelihood over 138 frames is -46.818
LOG (gmm-gselect:main():gmm-gselect.cc:115) For 4560'th file, average UBM likelihood over 332 frames is -52.4494
LOG (gmm-gselect:main():gmm-gselect.cc:115) For 4570'th file, average UBM likelihood over 133 frames is -46.765
LOG (gmm-gselect:main():gmm-gselect.cc:115) For 4580'th file, average UBM likelihood over 166 frames is -48.117
LOG (gmm-gselect:main():gmm-gselect.cc:115) For 4590'th file, average UBM likelihood over 207 frames is -49.3612
LOG (gmm-gselect:main():gmm-gselect.cc:115) For 4600'th file, average UBM likelihood over 353 frames is -51.7725
LOG (gmm-gselect:main():gmm-gselect.cc:115) For 4610'th file, average UBM likelihood over 307 frames is -49.3858
LOG (gmm-gselect:main():gmm-gselect.cc:115) For 4620'th file, average UBM likelihood over 317 frames is -49.479
LOG (gmm-gselect:main():gmm-gselect.cc:115) For 4630'th file, average UBM likelihood over 183 frames is -53.8306
LOG (gmm-gselect:main():gmm-gselect.cc:115) For 4640'th file, average UBM likelihood over 229 frames is -53.7705
LOG (gmm-gselect:main():gmm-gselect.cc:115) For 4650'th file, average UBM likelihood over 152 frames is -46.1756
LOG (gmm-gselect:main():gmm-gselect.cc:115) For 4660'th file, average UBM likelihood over 349 frames is -51.2289
LOG (gmm-gselect:main():gmm-gselect.cc:115) For 4670'th file, average UBM likelihood over 323 frames is -50.876
LOG (gmm-gselect:main():gmm-gselect.cc:115) For 4680'th file, average UBM likelihood over 214 frames is -49.1878
LOG (gmm-gselect:main():gmm-gselect.cc:115) For 4690'th file, average UBM likelihood over 154 frames is -46.5602
LOG (gmm-gselect:main():gmm-gselect.cc:115) For 4700'th file, average UBM likelihood over 182 frames is -48.8783
LOG (gmm-gselect:main():gmm-gselect.cc:115) For 4710'th file, average UBM likelihood over 258 frames is -54.5043
LOG (gmm-gselect:main():gmm-gselect.cc:115) For 4720'th file, average UBM likelihood over 255 frames is -57.3788
LOG (gmm-gselect:main():gmm-gselect.cc:115) For 4730'th file, average UBM likelihood over 180 frames is -48.3223
LOG (gmm-gselect:main():gmm-gselect.cc:115) For 4740'th file, average UBM likelihood over 249 frames is -47.9597
LOG (gmm-gselect:main():gmm-gselect.cc:115) For 4750'th file, average UBM likelihood over 229 frames is -54.2239
LOG (gmm-gselect:main():gmm-gselect.cc:115) For 4760'th file, average UBM likelihood over 395 frames is -52.0008
LOG (gmm-gselect:main():gmm-gselect.cc:115) For 4770'th file, average UBM likelihood over 147 frames is -48.4364
LOG (gmm-gselect:main():gmm-gselect.cc:115) For 4780'th file, average UBM likelihood over 302 frames is -49.5656
LOG (gmm-gselect:main():gmm-gselect.cc:115) For 4790'th file, average UBM likelihood over 309 frames is -47.7901
LOG (gmm-gselect:main():gmm-gselect.cc:115) For 4800'th file, average UBM likelihood over 305 frames is -47.0272
LOG (gmm-gselect:main():gmm-gselect.cc:115) For 4810'th file, average UBM likelihood over 271 frames is -47.4576
LOG (gmm-gselect:main():gmm-gselect.cc:115) For 4820'th file, average UBM likelihood over 270 frames is -50.5458
LOG (gmm-gselect:main():gmm-gselect.cc:115) For 4830'th file, average UBM likelihood over 277 frames is -48.3246
LOG (gmm-gselect:main():gmm-gselect.cc:115) For 4840'th file, average UBM likelihood over 316 frames is -47.7072
LOG (gmm-gselect:main():gmm-gselect.cc:115) For 4850'th file, average UBM likelihood over 228 frames is -48.0031
LOG (gmm-gselect:main():gmm-gselect.cc:115) For 4860'th file, average UBM likelihood over 214 frames is -47.4492
LOG (gmm-gselect:main():gmm-gselect.cc:115) For 4870'th file, average UBM likelihood over 334 frames is -51.976
LOG (gmm-gselect:main():gmm-gselect.cc:115) For 4880'th file, average UBM likelihood over 338 frames is -49.6808
LOG (gmm-gselect:main():gmm-gselect.cc:115) For 4890'th file, average UBM likelihood over 122 frames is -44.1385
LOG (gmm-gselect:main():gmm-gselect.cc:115) For 4900'th file, average UBM likelihood over 331 frames is -48.0618
LOG (gmm-gselect:main():gmm-gselect.cc:115) For 4910'th file, average UBM likelihood over 325 frames is -53.5533
LOG (gmm-gselect:main():gmm-gselect.cc:115) For 4920'th file, average UBM likelihood over 121 frames is -51.1871
LOG (gmm-gselect:main():gmm-gselect.cc:115) For 4930'th file, average UBM likelihood over 154 frames is -50.8437
LOG (gmm-gselect:main():gmm-gselect.cc:115) For 4940'th file, average UBM likelihood over 214 frames is -48.4268
LOG (gmm-gselect:main():gmm-gselect.cc:115) For 4950'th file, average UBM likelihood over 175 frames is -51.6747
LOG (gmm-gselect:main():gmm-gselect.cc:115) For 4960'th file, average UBM likelihood over 326 frames is -46.8644
LOG (gmm-gselect:main():gmm-gselect.cc:115) For 4970'th file, average UBM likelihood over 139 frames is -48.4458
LOG (gmm-gselect:main():gmm-gselect.cc:115) For 4980'th file, average UBM likelihood over 305 frames is -50.0783
LOG (gmm-gselect:main():gmm-gselect.cc:115) For 4990'th file, average UBM likelihood over 195 frames is -54.2751
LOG (gmm-gselect:main():gmm-gselect.cc:115) For 5000'th file, average UBM likelihood over 262 frames is -51.1987
LOG (gmm-gselect:main():gmm-gselect.cc:115) For 5010'th file, average UBM likelihood over 338 frames is -50.3866
LOG (gmm-gselect:main():gmm-gselect.cc:115) For 5020'th file, average UBM likelihood over 434 frames is -46.9592
LOG (gmm-gselect:main():gmm-gselect.cc:115) For 5030'th file, average UBM likelihood over 352 frames is -54.5543
LOG (gmm-gselect:main():gmm-gselect.cc:115) For 5040'th file, average UBM likelihood over 422 frames is -51.8084
LOG (gmm-gselect:main():gmm-gselect.cc:115) For 5050'th file, average UBM likelihood over 280 frames is -46.1685
LOG (gmm-gselect:main():gmm-gselect.cc:115) For 5060'th file, average UBM likelihood over 277 frames is -48.366
LOG (gmm-gselect:main():gmm-gselect.cc:115) For 5070'th file, average UBM likelihood over 429 frames is -51.4795
LOG (gmm-gselect:main():gmm-gselect.cc:115) For 5080'th file, average UBM likelihood over 186 frames is -45.5201
LOG (gmm-gselect:main():gmm-gselect.cc:115) For 5090'th file, average UBM likelihood over 236 frames is -48.6552
LOG (gmm-gselect:main():gmm-gselect.cc:115) For 5100'th file, average UBM likelihood over 317 frames is -51.1229
LOG (gmm-gselect:main():gmm-gselect.cc:115) For 5110'th file, average UBM likelihood over 237 frames is -48.7554
LOG (gmm-gselect:main():gmm-gselect.cc:115) For 5120'th file, average UBM likelihood over 282 frames is -50.016
LOG (gmm-gselect:main():gmm-gselect.cc:115) For 5130'th file, average UBM likelihood over 352 frames is -51.2257
LOG (gmm-gselect:main():gmm-gselect.cc:115) For 5140'th file, average UBM likelihood over 326 frames is -54.8659
LOG (gmm-gselect:main():gmm-gselect.cc:115) For 5150'th file, average UBM likelihood over 285 frames is -50.3285
LOG (gmm-gselect:main():gmm-gselect.cc:115) For 5160'th file, average UBM likelihood over 250 frames is -48.3094
LOG (gmm-gselect:main():gmm-gselect.cc:115) For 5170'th file, average UBM likelihood over 265 frames is -53.2257
LOG (gmm-gselect:main():gmm-gselect.cc:115) For 5180'th file, average UBM likelihood over 305 frames is -48.8771
LOG (gmm-gselect:main():gmm-gselect.cc:115) For 5190'th file, average UBM likelihood over 287 frames is -55.0191
LOG (gmm-gselect:main():gmm-gselect.cc:115) For 5200'th file, average UBM likelihood over 279 frames is -49.5786
LOG (gmm-gselect:main():gmm-gselect.cc:115) For 5210'th file, average UBM likelihood over 141 frames is -48.5749
LOG (gmm-gselect:main():gmm-gselect.cc:115) For 5220'th file, average UBM likelihood over 212 frames is -52.9625
LOG (gmm-gselect:main():gmm-gselect.cc:115) For 5230'th file, average UBM likelihood over 253 frames is -49.4528
LOG (gmm-gselect:main():gmm-gselect.cc:115) For 5240'th file, average UBM likelihood over 234 frames is -51.0872
LOG (gmm-gselect:main():gmm-gselect.cc:115) For 5250'th file, average UBM likelihood over 249 frames is -50.7969
LOG (gmm-gselect:main():gmm-gselect.cc:115) For 5260'th file, average UBM likelihood over 369 frames is -45.6796
LOG (gmm-gselect:main():gmm-gselect.cc:115) For 5270'th file, average UBM likelihood over 200 frames is -51.4437
LOG (gmm-gselect:main():gmm-gselect.cc:115) For 5280'th file, average UBM likelihood over 249 frames is -53.4838
LOG (gmm-gselect:main():gmm-gselect.cc:115) For 5290'th file, average UBM likelihood over 234 frames is -49.2073
LOG (gmm-gselect:main():gmm-gselect.cc:115) For 5300'th file, average UBM likelihood over 195 frames is -48.728
LOG (gmm-gselect:main():gmm-gselect.cc:115) For 5310'th file, average UBM likelihood over 139 frames is -48.5142
LOG (gmm-gselect:main():gmm-gselect.cc:115) For 5320'th file, average UBM likelihood over 191 frames is -51.8891
LOG (gmm-gselect:main():gmm-gselect.cc:115) For 5330'th file, average UBM likelihood over 122 frames is -48.7976
LOG (gmm-gselect:main():gmm-gselect.cc:115) For 5340'th file, average UBM likelihood over 338 frames is -51.9811
LOG (gmm-gselect:main():gmm-gselect.cc:115) For 5350'th file, average UBM likelihood over 343 frames is -50.4302
LOG (gmm-gselect:main():gmm-gselect.cc:115) For 5360'th file, average UBM likelihood over 295 frames is -54.4074
LOG (gmm-gselect:main():gmm-gselect.cc:115) For 5370'th file, average UBM likelihood over 146 frames is -48.8607
LOG (gmm-gselect:main():gmm-gselect.cc:115) For 5380'th file, average UBM likelihood over 615 frames is -50.7019
LOG (gmm-gselect:main():gmm-gselect.cc:115) For 5390'th file, average UBM likelihood over 111 frames is -45.1987
LOG (gmm-gselect:main():gmm-gselect.cc:115) For 5400'th file, average UBM likelihood over 369 frames is -48.6597
LOG (gmm-gselect:main():gmm-gselect.cc:115) For 5410'th file, average UBM likelihood over 265 frames is -52.5267
LOG (gmm-gselect:main():gmm-gselect.cc:115) For 5420'th file, average UBM likelihood over 244 frames is -55.8167
LOG (gmm-gselect:main():gmm-gselect.cc:115) For 5430'th file, average UBM likelihood over 403 frames is -49.3096
LOG (gmm-gselect:main():gmm-gselect.cc:115) For 5440'th file, average UBM likelihood over 174 frames is -49.8797
LOG (gmm-gselect:main():gmm-gselect.cc:115) For 5450'th file, average UBM likelihood over 304 frames is -57.5453
LOG (gmm-gselect:main():gmm-gselect.cc:115) For 5460'th file, average UBM likelihood over 188 frames is -53.9412
LOG (gmm-gselect:main():gmm-gselect.cc:115) For 5470'th file, average UBM likelihood over 123 frames is -55.9287
LOG (gmm-gselect:main():gmm-gselect.cc:115) For 5480'th file, average UBM likelihood over 236 frames is -58.1276
LOG (gmm-gselect:main():gmm-gselect.cc:115) For 5490'th file, average UBM likelihood over 227 frames is -57.5296
LOG (gmm-gselect:main():gmm-gselect.cc:115) For 5500'th file, average UBM likelihood over 264 frames is -56.5594
LOG (gmm-gselect:main():gmm-gselect.cc:115) For 5510'th file, average UBM likelihood over 298 frames is -50.971
LOG (gmm-gselect:main():gmm-gselect.cc:115) For 5520'th file, average UBM likelihood over 178 frames is -48.5181
LOG (gmm-gselect:main():gmm-gselect.cc:115) For 5530'th file, average UBM likelihood over 202 frames is -55.1988
LOG (gmm-gselect:main():gmm-gselect.cc:115) For 5540'th file, average UBM likelihood over 242 frames is -57.71
LOG (gmm-gselect:main():gmm-gselect.cc:115) For 5550'th file, average UBM likelihood over 310 frames is -58.7024
LOG (gmm-gselect:main():gmm-gselect.cc:115) For 5560'th file, average UBM likelihood over 242 frames is -53.0966
LOG (gmm-gselect:main():gmm-gselect.cc:115) For 5570'th file, average UBM likelihood over 250 frames is -56.9052
LOG (gmm-gselect:main():gmm-gselect.cc:115) For 5580'th file, average UBM likelihood over 152 frames is -56.1561
LOG (gmm-gselect:main():gmm-gselect.cc:115) For 5590'th file, average UBM likelihood over 145 frames is -51.7588
LOG (gmm-gselect:main():gmm-gselect.cc:115) For 5600'th file, average UBM likelihood over 252 frames is -53.5277
LOG (gmm-gselect:main():gmm-gselect.cc:115) For 5610'th file, average UBM likelihood over 242 frames is -56.1034
LOG (gmm-gselect:main():gmm-gselect.cc:115) For 5620'th file, average UBM likelihood over 156 frames is -51.5892
LOG (gmm-gselect:main():gmm-gselect.cc:115) For 5630'th file, average UBM likelihood over 203 frames is -49.3869
LOG (gmm-gselect:main():gmm-gselect.cc:115) For 5640'th file, average UBM likelihood over 401 frames is -50.6258
LOG (gmm-gselect:main():gmm-gselect.cc:115) For 5650'th file, average UBM likelihood over 209 frames is -46.2005
LOG (gmm-gselect:main():gmm-gselect.cc:115) For 5660'th file, average UBM likelihood over 244 frames is -50.7865
LOG (gmm-gselect:main():gmm-gselect.cc:115) For 5670'th file, average UBM likelihood over 212 frames is -48.9136
LOG (gmm-gselect:main():gmm-gselect.cc:115) For 5680'th file, average UBM likelihood over 198 frames is -51.0496
LOG (gmm-gselect:main():gmm-gselect.cc:115) For 5690'th file, average UBM likelihood over 235 frames is -49.4642
LOG (gmm-gselect:main():gmm-gselect.cc:115) For 5700'th file, average UBM likelihood over 189 frames is -52.6592
LOG (gmm-gselect:main():gmm-gselect.cc:115) For 5710'th file, average UBM likelihood over 227 frames is -57.7048
LOG (gmm-gselect:main():gmm-gselect.cc:115) For 5720'th file, average UBM likelihood over 129 frames is -53.9895
LOG (gmm-gselect:main():gmm-gselect.cc:115) For 5730'th file, average UBM likelihood over 315 frames is -57.0229
LOG (gmm-gselect:main():gmm-gselect.cc:115) For 5740'th file, average UBM likelihood over 123 frames is -52.3052
LOG (gmm-gselect:main():gmm-gselect.cc:115) For 5750'th file, average UBM likelihood over 360 frames is -54.4189
LOG (gmm-gselect:main():gmm-gselect.cc:115) For 5760'th file, average UBM likelihood over 147 frames is -49.7421
LOG (gmm-gselect:main():gmm-gselect.cc:115) For 5770'th file, average UBM likelihood over 293 frames is -49.098
LOG (gmm-gselect:main():gmm-gselect.cc:115) For 5780'th file, average UBM likelihood over 248 frames is -50.4878
LOG (gmm-gselect:main():gmm-gselect.cc:115) For 5790'th file, average UBM likelihood over 116 frames is -49.115
LOG (gmm-gselect:main():gmm-gselect.cc:115) For 5800'th file, average UBM likelihood over 195 frames is -50.4636
LOG (gmm-gselect:main():gmm-gselect.cc:115) For 5810'th file, average UBM likelihood over 129 frames is -44.2082
LOG (gmm-gselect:main():gmm-gselect.cc:115) For 5820'th file, average UBM likelihood over 245 frames is -51.3273
LOG (gmm-gselect:main():gmm-gselect.cc:115) For 5830'th file, average UBM likelihood over 285 frames is -55.0026
LOG (gmm-gselect:main():gmm-gselect.cc:115) For 5840'th file, average UBM likelihood over 314 frames is -56.703
LOG (gmm-gselect:main():gmm-gselect.cc:115) For 5850'th file, average UBM likelihood over 274 frames is -55.1565
LOG (gmm-gselect:main():gmm-gselect.cc:115) For 5860'th file, average UBM likelihood over 367 frames is -54.729
LOG (gmm-gselect:main():gmm-gselect.cc:115) For 5870'th file, average UBM likelihood over 438 frames is -49.5612
LOG (gmm-gselect:main():gmm-gselect.cc:115) For 5880'th file, average UBM likelihood over 195 frames is -48.0504
LOG (gmm-gselect:main():gmm-gselect.cc:115) For 5890'th file, average UBM likelihood over 221 frames is -49.0331
LOG (gmm-gselect:main():gmm-gselect.cc:115) For 5900'th file, average UBM likelihood over 343 frames is -50.8579
LOG (gmm-gselect:main():gmm-gselect.cc:115) For 5910'th file, average UBM likelihood over 251 frames is -49.3838
LOG (gmm-gselect:main():gmm-gselect.cc:115) For 5920'th file, average UBM likelihood over 256 frames is -53.381
LOG (gmm-gselect:main():gmm-gselect.cc:115) For 5930'th file, average UBM likelihood over 316 frames is -49.6694
LOG (gmm-gselect:main():gmm-gselect.cc:115) For 5940'th file, average UBM likelihood over 272 frames is -50.8446
LOG (gmm-gselect:main():gmm-gselect.cc:115) For 5950'th file, average UBM likelihood over 195 frames is -50.7187
LOG (gmm-gselect:main():gmm-gselect.cc:115) For 5960'th file, average UBM likelihood over 183 frames is -49.1949
LOG (gmm-gselect:main():gmm-gselect.cc:115) For 5970'th file, average UBM likelihood over 391 frames is -54.8299
LOG (gmm-gselect:main():gmm-gselect.cc:115) For 5980'th file, average UBM likelihood over 315 frames is -58.1113
LOG (gmm-gselect:main():gmm-gselect.cc:115) For 5990'th file, average UBM likelihood over 234 frames is -52.0728
LOG (gmm-gselect:main():gmm-gselect.cc:115) For 6000'th file, average UBM likelihood over 271 frames is -51.8721
LOG (gmm-gselect:main():gmm-gselect.cc:115) For 6010'th file, average UBM likelihood over 338 frames is -51.3879
LOG (gmm-gselect:main():gmm-gselect.cc:115) For 6020'th file, average UBM likelihood over 323 frames is -48.1386
LOG (gmm-gselect:main():gmm-gselect.cc:115) For 6030'th file, average UBM likelihood over 312 frames is -49.5278
LOG (gmm-gselect:main():gmm-gselect.cc:115) For 6040'th file, average UBM likelihood over 219 frames is -50.896
LOG (gmm-gselect:main():gmm-gselect.cc:115) For 6050'th file, average UBM likelihood over 250 frames is -51.4154
LOG (gmm-gselect:main():gmm-gselect.cc:115) For 6060'th file, average UBM likelihood over 315 frames is -54.0032
LOG (gmm-gselect:main():gmm-gselect.cc:115) For 6070'th file, average UBM likelihood over 313 frames is -53.9198
LOG (gmm-gselect:main():gmm-gselect.cc:115) For 6080'th file, average UBM likelihood over 318 frames is -58.4974
LOG (gmm-gselect:main():gmm-gselect.cc:115) For 6090'th file, average UBM likelihood over 301 frames is -54.6338
LOG (gmm-gselect:main():gmm-gselect.cc:115) For 6100'th file, average UBM likelihood over 184 frames is -49.1412
LOG (gmm-gselect:main():gmm-gselect.cc:115) For 6110'th file, average UBM likelihood over 247 frames is -53.0355
LOG (gmm-gselect:main():gmm-gselect.cc:115) For 6120'th file, average UBM likelihood over 170 frames is -51.713
LOG (gmm-gselect:main():gmm-gselect.cc:115) For 6130'th file, average UBM likelihood over 204 frames is -50.6979
LOG (gmm-gselect:main():gmm-gselect.cc:115) For 6140'th file, average UBM likelihood over 221 frames is -59.7288
LOG (gmm-gselect:main():gmm-gselect.cc:115) For 6150'th file, average UBM likelihood over 200 frames is -50.6912
LOG (gmm-gselect:main():gmm-gselect.cc:115) For 6160'th file, average UBM likelihood over 244 frames is -48.3479
LOG (gmm-gselect:main():gmm-gselect.cc:115) For 6170'th file, average UBM likelihood over 412 frames is -54.4877
LOG (gmm-gselect:main():gmm-gselect.cc:115) For 6180'th file, average UBM likelihood over 186 frames is -59.6993
LOG (gmm-gselect:main():gmm-gselect.cc:115) For 6190'th file, average UBM likelihood over 205 frames is -57.0696
LOG (gmm-gselect:main():gmm-gselect.cc:115) For 6200'th file, average UBM likelihood over 372 frames is -55.8361
LOG (gmm-gselect:main():gmm-gselect.cc:115) For 6210'th file, average UBM likelihood over 410 frames is -55.318
LOG (gmm-gselect:main():gmm-gselect.cc:115) For 6220'th file, average UBM likelihood over 221 frames is -56.6486
LOG (gmm-gselect:main():gmm-gselect.cc:115) For 6230'th file, average UBM likelihood over 130 frames is -52.9843
LOG (gmm-gselect:main():gmm-gselect.cc:115) For 6240'th file, average UBM likelihood over 371 frames is -49.8288
LOG (gmm-gselect:main():gmm-gselect.cc:115) For 6250'th file, average UBM likelihood over 299 frames is -53.8081
LOG (gmm-gselect:main():gmm-gselect.cc:115) For 6260'th file, average UBM likelihood over 115 frames is -54.1174
LOG (gmm-gselect:main():gmm-gselect.cc:115) For 6270'th file, average UBM likelihood over 148 frames is -51.9541
LOG (gmm-gselect:main():gmm-gselect.cc:115) For 6280'th file, average UBM likelihood over 205 frames is -54.5118
LOG (gmm-gselect:main():gmm-gselect.cc:115) For 6290'th file, average UBM likelihood over 317 frames is -53.139
LOG (gmm-gselect:main():gmm-gselect.cc:115) For 6300'th file, average UBM likelihood over 279 frames is -53.8275
LOG (gmm-gselect:main():gmm-gselect.cc:115) For 6310'th file, average UBM likelihood over 258 frames is -48.5563
LOG (gmm-gselect:main():gmm-gselect.cc:115) For 6320'th file, average UBM likelihood over 362 frames is -50.6105
LOG (gmm-gselect:main():gmm-gselect.cc:115) For 6330'th file, average UBM likelihood over 325 frames is -51.67
LOG (gmm-gselect:main():gmm-gselect.cc:115) For 6340'th file, average UBM likelihood over 290 frames is -51.6563
LOG (gmm-gselect:main():gmm-gselect.cc:115) For 6350'th file, average UBM likelihood over 256 frames is -54.2407
LOG (gmm-gselect:main():gmm-gselect.cc:115) For 6360'th file, average UBM likelihood over 200 frames is -51.2075
LOG (gmm-gselect:main():gmm-gselect.cc:115) For 6370'th file, average UBM likelihood over 415 frames is -51.1856
LOG (gmm-gselect:main():gmm-gselect.cc:115) For 6380'th file, average UBM likelihood over 413 frames is -50.6346
LOG (gmm-gselect:main():gmm-gselect.cc:115) For 6390'th file, average UBM likelihood over 275 frames is -55.3341
LOG (gmm-gselect:main():gmm-gselect.cc:115) For 6400'th file, average UBM likelihood over 118 frames is -52.4651
LOG (gmm-gselect:main():gmm-gselect.cc:115) For 6410'th file, average UBM likelihood over 244 frames is -50.8424
LOG (gmm-gselect:main():gmm-gselect.cc:115) For 6420'th file, average UBM likelihood over 283 frames is -55.271
LOG (gmm-gselect:main():gmm-gselect.cc:115) For 6430'th file, average UBM likelihood over 272 frames is -52.2023
LOG (gmm-gselect:main():gmm-gselect.cc:115) For 6440'th file, average UBM likelihood over 291 frames is -53.3369
LOG (gmm-gselect:main():gmm-gselect.cc:115) For 6450'th file, average UBM likelihood over 290 frames is -51.4828
LOG (gmm-gselect:main():gmm-gselect.cc:115) For 6460'th file, average UBM likelihood over 188 frames is -47.6989
LOG (gmm-gselect:main():gmm-gselect.cc:115) For 6470'th file, average UBM likelihood over 332 frames is -47.8748
LOG (gmm-gselect:main():gmm-gselect.cc:115) For 6480'th file, average UBM likelihood over 154 frames is -49.9945
LOG (gmm-gselect:main():gmm-gselect.cc:115) For 6490'th file, average UBM likelihood over 284 frames is -49.9477
LOG (gmm-gselect:main():gmm-gselect.cc:115) For 6500'th file, average UBM likelihood over 154 frames is -48.7014
LOG (gmm-gselect:main():gmm-gselect.cc:115) For 6510'th file, average UBM likelihood over 156 frames is -53.0913
LOG (gmm-gselect:main():gmm-gselect.cc:115) For 6520'th file, average UBM likelihood over 168 frames is -50.9596
LOG (gmm-gselect:main():gmm-gselect.cc:115) For 6530'th file, average UBM likelihood over 347 frames is -51.7193
LOG (gmm-gselect:main():gmm-gselect.cc:115) For 6540'th file, average UBM likelihood over 272 frames is -55.9925
LOG (gmm-gselect:main():gmm-gselect.cc:115) For 6550'th file, average UBM likelihood over 338 frames is -51.9864
LOG (gmm-gselect:main():gmm-gselect.cc:115) For 6560'th file, average UBM likelihood over 407 frames is -47.3449
LOG (gmm-gselect:main():gmm-gselect.cc:115) For 6570'th file, average UBM likelihood over 126 frames is -49.4625
LOG (gmm-gselect:main():gmm-gselect.cc:115) For 6580'th file, average UBM likelihood over 178 frames is -47.6311
LOG (gmm-gselect:main():gmm-gselect.cc:115) For 6590'th file, average UBM likelihood over 245 frames is -49.3354
LOG (gmm-gselect:main():gmm-gselect.cc:115) For 6600'th file, average UBM likelihood over 345 frames is -51.1874
LOG (gmm-gselect:main():gmm-gselect.cc:115) For 6610'th file, average UBM likelihood over 286 frames is -50.3682
LOG (gmm-gselect:main():gmm-gselect.cc:115) For 6620'th file, average UBM likelihood over 247 frames is -54.1357
LOG (gmm-gselect:main():gmm-gselect.cc:115) For 6630'th file, average UBM likelihood over 295 frames is -47.8512
LOG (gmm-gselect:main():gmm-gselect.cc:115) For 6640'th file, average UBM likelihood over 314 frames is -54.3723
LOG (gmm-gselect:main():gmm-gselect.cc:115) For 6650'th file, average UBM likelihood over 426 frames is -52.3498
LOG (gmm-gselect:main():gmm-gselect.cc:115) For 6660'th file, average UBM likelihood over 251 frames is -50.4446
LOG (gmm-gselect:main():gmm-gselect.cc:115) For 6670'th file, average UBM likelihood over 340 frames is -51.8896
LOG (gmm-gselect:main():gmm-gselect.cc:115) For 6680'th file, average UBM likelihood over 202 frames is -52.0632
LOG (gmm-gselect:main():gmm-gselect.cc:115) For 6690'th file, average UBM likelihood over 136 frames is -49.5296
LOG (gmm-gselect:main():gmm-gselect.cc:115) For 6700'th file, average UBM likelihood over 190 frames is -48.8775
LOG (gmm-gselect:main():gmm-gselect.cc:115) For 6710'th file, average UBM likelihood over 253 frames is -49.5348
LOG (gmm-gselect:main():gmm-gselect.cc:115) For 6720'th file, average UBM likelihood over 167 frames is -50.536
LOG (gmm-gselect:main():gmm-gselect.cc:115) For 6730'th file, average UBM likelihood over 308 frames is -51.4937
LOG (gmm-gselect:main():gmm-gselect.cc:115) For 6740'th file, average UBM likelihood over 302 frames is -52.8546
LOG (gmm-gselect:main():gmm-gselect.cc:115) For 6750'th file, average UBM likelihood over 167 frames is -47.4112
LOG (gmm-gselect:main():gmm-gselect.cc:115) For 6760'th file, average UBM likelihood over 330 frames is -48.3376
LOG (gmm-gselect:main():gmm-gselect.cc:115) For 6770'th file, average UBM likelihood over 247 frames is -52.0575
LOG (gmm-gselect:main():gmm-gselect.cc:115) For 6780'th file, average UBM likelihood over 319 frames is -52.3004
LOG (gmm-gselect:main():gmm-gselect.cc:115) For 6790'th file, average UBM likelihood over 403 frames is -54.1163
LOG (gmm-gselect:main():gmm-gselect.cc:115) For 6800'th file, average UBM likelihood over 245 frames is -52.7493
LOG (gmm-gselect:main():gmm-gselect.cc:115) For 6810'th file, average UBM likelihood over 109 frames is -45.4701
LOG (gmm-gselect:main():gmm-gselect.cc:115) For 6820'th file, average UBM likelihood over 300 frames is -54.664
LOG (gmm-gselect:main():gmm-gselect.cc:115) For 6830'th file, average UBM likelihood over 174 frames is -49.6758
LOG (gmm-gselect:main():gmm-gselect.cc:115) For 6840'th file, average UBM likelihood over 201 frames is -50.8386
LOG (gmm-gselect:main():gmm-gselect.cc:115) For 6850'th file, average UBM likelihood over 243 frames is -49.5529
LOG (gmm-gselect:main():gmm-gselect.cc:115) For 6860'th file, average UBM likelihood over 304 frames is -49.8309
LOG (gmm-gselect:main():gmm-gselect.cc:115) For 6870'th file, average UBM likelihood over 331 frames is -52.6183
LOG (gmm-gselect:main():gmm-gselect.cc:115) For 6880'th file, average UBM likelihood over 174 frames is -49.672
LOG (gmm-gselect:main():gmm-gselect.cc:115) For 6890'th file, average UBM likelihood over 174 frames is -48.7592
LOG (gmm-gselect:main():gmm-gselect.cc:115) For 6900'th file, average UBM likelihood over 108 frames is -49.5683
LOG (gmm-gselect:main():gmm-gselect.cc:115) For 6910'th file, average UBM likelihood over 179 frames is -48.9497
LOG (gmm-gselect:main():gmm-gselect.cc:115) For 6920'th file, average UBM likelihood over 111 frames is -47.7523
LOG (gmm-gselect:main():gmm-gselect.cc:115) For 6930'th file, average UBM likelihood over 236 frames is -50.493
LOG (gmm-gselect:main():gmm-gselect.cc:115) For 6940'th file, average UBM likelihood over 396 frames is -52.5026
LOG (gmm-gselect:main():gmm-gselect.cc:115) For 6950'th file, average UBM likelihood over 253 frames is -52.4639
LOG (gmm-gselect:main():gmm-gselect.cc:115) For 6960'th file, average UBM likelihood over 388 frames is -48.4352
LOG (gmm-gselect:main():gmm-gselect.cc:115) For 6970'th file, average UBM likelihood over 272 frames is -53.3589
LOG (gmm-gselect:main():gmm-gselect.cc:115) For 6980'th file, average UBM likelihood over 229 frames is -47.7821
LOG (gmm-gselect:main():gmm-gselect.cc:115) For 6990'th file, average UBM likelihood over 382 frames is -55.1511
LOG (gmm-gselect:main():gmm-gselect.cc:115) For 7000'th file, average UBM likelihood over 181 frames is -52.0737
LOG (gmm-gselect:main():gmm-gselect.cc:115) For 7010'th file, average UBM likelihood over 152 frames is -51.7743
LOG (gmm-gselect:main():gmm-gselect.cc:115) For 7020'th file, average UBM likelihood over 273 frames is -52.5375
LOG (gmm-gselect:main():gmm-gselect.cc:115) For 7030'th file, average UBM likelihood over 364 frames is -50.9946
LOG (gmm-gselect:main():gmm-gselect.cc:115) For 7040'th file, average UBM likelihood over 284 frames is -52.1806
LOG (gmm-gselect:main():gmm-gselect.cc:115) For 7050'th file, average UBM likelihood over 251 frames is -53.434
LOG (gmm-gselect:main():gmm-gselect.cc:115) For 7060'th file, average UBM likelihood over 318 frames is -47.6108
LOG (gmm-gselect:main():gmm-gselect.cc:115) For 7070'th file, average UBM likelihood over 244 frames is -48.9812
LOG (gmm-gselect:main():gmm-gselect.cc:115) For 7080'th file, average UBM likelihood over 353 frames is -53.4231
LOG (gmm-gselect:main():gmm-gselect.cc:115) For 7090'th file, average UBM likelihood over 340 frames is -54.8311
LOG (gmm-gselect:main():gmm-gselect.cc:115) For 7100'th file, average UBM likelihood over 211 frames is -47.4909
LOG (gmm-gselect:main():gmm-gselect.cc:115) For 7110'th file, average UBM likelihood over 460 frames is -49.8631
LOG (gmm-gselect:main():gmm-gselect.cc:115) For 7120'th file, average UBM likelihood over 312 frames is -47.9956
LOG (gmm-gselect:main():gmm-gselect.cc:115) For 7130'th file, average UBM likelihood over 258 frames is -48.6554
LOG (gmm-gselect:main():gmm-gselect.cc:115) For 7140'th file, average UBM likelihood over 236 frames is -49.4367
LOG (gmm-gselect:main():gmm-gselect.cc:115) For 7150'th file, average UBM likelihood over 256 frames is -51.753
LOG (gmm-gselect:main():gmm-gselect.cc:115) For 7160'th file, average UBM likelihood over 212 frames is -46.6997
LOG (gmm-gselect:main():gmm-gselect.cc:115) For 7170'th file, average UBM likelihood over 202 frames is -51.3647
LOG (gmm-gselect:main():gmm-gselect.cc:115) For 7180'th file, average UBM likelihood over 211 frames is -50.2496
LOG (gmm-gselect:main():gmm-gselect.cc:115) For 7190'th file, average UBM likelihood over 174 frames is -47.4955
LOG (gmm-gselect:main():gmm-gselect.cc:115) For 7200'th file, average UBM likelihood over 271 frames is -50.0821
LOG (gmm-gselect:main():gmm-gselect.cc:115) For 7210'th file, average UBM likelihood over 279 frames is -51.4916
LOG (gmm-gselect:main():gmm-gselect.cc:115) For 7220'th file, average UBM likelihood over 299 frames is -52.0276
LOG (gmm-gselect:main():gmm-gselect.cc:115) For 7230'th file, average UBM likelihood over 323 frames is -53.1899
LOG (gmm-gselect:main():gmm-gselect.cc:115) For 7240'th file, average UBM likelihood over 207 frames is -49.8061
LOG (gmm-gselect:main():gmm-gselect.cc:115) For 7250'th file, average UBM likelihood over 266 frames is -51.5623
LOG (gmm-gselect:main():gmm-gselect.cc:115) For 7260'th file, average UBM likelihood over 222 frames is -47.1011
LOG (gmm-gselect:main():gmm-gselect.cc:115) For 7270'th file, average UBM likelihood over 205 frames is -51.4736
LOG (gmm-gselect:main():gmm-gselect.cc:115) For 7280'th file, average UBM likelihood over 116 frames is -48.8072
LOG (gmm-gselect:main():gmm-gselect.cc:115) For 7290'th file, average UBM likelihood over 186 frames is -47.4307
LOG (gmm-gselect:main():gmm-gselect.cc:115) For 7300'th file, average UBM likelihood over 171 frames is -48.4202
LOG (gmm-gselect:main():gmm-gselect.cc:115) For 7310'th file, average UBM likelihood over 248 frames is -49.9417
LOG (gmm-gselect:main():gmm-gselect.cc:115) For 7320'th file, average UBM likelihood over 137 frames is -49.9496
LOG (gmm-gselect:main():gmm-gselect.cc:115) For 7330'th file, average UBM likelihood over 210 frames is -50.3795
LOG (gmm-gselect:main():gmm-gselect.cc:115) For 7340'th file, average UBM likelihood over 273 frames is -50.3158
LOG (gmm-gselect:main():gmm-gselect.cc:115) For 7350'th file, average UBM likelihood over 133 frames is -43.1954
LOG (gmm-gselect:main():gmm-gselect.cc:115) For 7360'th file, average UBM likelihood over 154 frames is -48.7098
LOG (gmm-gselect:main():gmm-gselect.cc:115) For 7370'th file, average UBM likelihood over 406 frames is -53.7449
LOG (gmm-gselect:main():gmm-gselect.cc:115) For 7380'th file, average UBM likelihood over 152 frames is -45.1371
LOG (gmm-gselect:main():gmm-gselect.cc:115) For 7390'th file, average UBM likelihood over 416 frames is -44.5906
LOG (gmm-gselect:main():gmm-gselect.cc:115) For 7400'th file, average UBM likelihood over 155 frames is -47.0931
LOG (gmm-gselect:main():gmm-gselect.cc:115) For 7410'th file, average UBM likelihood over 210 frames is -49.7237
LOG (gmm-gselect:main():gmm-gselect.cc:115) For 7420'th file, average UBM likelihood over 261 frames is -48.5976
LOG (gmm-gselect:main():gmm-gselect.cc:115) For 7430'th file, average UBM likelihood over 131 frames is -47.9769
LOG (gmm-gselect:main():gmm-gselect.cc:115) For 7440'th file, average UBM likelihood over 224 frames is -48.9805
LOG (gmm-gselect:main():gmm-gselect.cc:115) For 7450'th file, average UBM likelihood over 265 frames is -46.5748
LOG (gmm-gselect:main():gmm-gselect.cc:115) For 7460'th file, average UBM likelihood over 128 frames is -46.804
LOG (gmm-gselect:main():gmm-gselect.cc:115) For 7470'th file, average UBM likelihood over 211 frames is -48.4902
LOG (gmm-gselect:main():gmm-gselect.cc:115) For 7480'th file, average UBM likelihood over 219 frames is -47.7323
LOG (gmm-gselect:main():gmm-gselect.cc:115) For 7490'th file, average UBM likelihood over 298 frames is -52.8559
LOG (gmm-gselect:main():gmm-gselect.cc:115) For 7500'th file, average UBM likelihood over 158 frames is -47.4701
LOG (gmm-gselect:main():gmm-gselect.cc:115) For 7510'th file, average UBM likelihood over 143 frames is -43.2854
LOG (gmm-gselect:main():gmm-gselect.cc:115) For 7520'th file, average UBM likelihood over 240 frames is -48.7366
LOG (gmm-gselect:main():gmm-gselect.cc:115) For 7530'th file, average UBM likelihood over 275 frames is -46.8083
LOG (gmm-gselect:main():gmm-gselect.cc:115) For 7540'th file, average UBM likelihood over 334 frames is -47.4177
LOG (gmm-gselect:main():gmm-gselect.cc:115) For 7550'th file, average UBM likelihood over 267 frames is -51.1282
LOG (gmm-gselect:main():gmm-gselect.cc:115) For 7560'th file, average UBM likelihood over 292 frames is -49.6436
LOG (gmm-gselect:main():gmm-gselect.cc:115) For 7570'th file, average UBM likelihood over 328 frames is -51.5806
LOG (gmm-gselect:main():gmm-gselect.cc:115) For 7580'th file, average UBM likelihood over 378 frames is -43.8354
LOG (gmm-gselect:main():gmm-gselect.cc:115) For 7590'th file, average UBM likelihood over 256 frames is -53.2629
LOG (gmm-gselect:main():gmm-gselect.cc:115) For 7600'th file, average UBM likelihood over 247 frames is -51.7327
LOG (gmm-gselect:main():gmm-gselect.cc:115) For 7610'th file, average UBM likelihood over 294 frames is -51.86
LOG (gmm-gselect:main():gmm-gselect.cc:115) For 7620'th file, average UBM likelihood over 229 frames is -52.0664
LOG (gmm-gselect:main():gmm-gselect.cc:115) For 7630'th file, average UBM likelihood over 264 frames is -49.5226
LOG (gmm-gselect:main():gmm-gselect.cc:115) For 7640'th file, average UBM likelihood over 305 frames is -49.8664
LOG (gmm-gselect:main():gmm-gselect.cc:115) For 7650'th file, average UBM likelihood over 192 frames is -50.6447
LOG (gmm-gselect:main():gmm-gselect.cc:115) For 7660'th file, average UBM likelihood over 137 frames is -47.7305
LOG (gmm-gselect:main():gmm-gselect.cc:115) For 7670'th file, average UBM likelihood over 220 frames is -49.8337
LOG (gmm-gselect:main():gmm-gselect.cc:115) For 7680'th file, average UBM likelihood over 182 frames is -48.5282
LOG (gmm-gselect:main():gmm-gselect.cc:115) For 7690'th file, average UBM likelihood over 208 frames is -47.2562
LOG (gmm-gselect:main():gmm-gselect.cc:115) For 7700'th file, average UBM likelihood over 296 frames is -46.8711
LOG (gmm-gselect:main():gmm-gselect.cc:115) For 7710'th file, average UBM likelihood over 122 frames is -42.3716
LOG (gmm-gselect:main():gmm-gselect.cc:115) For 7720'th file, average UBM likelihood over 128 frames is -43.866
LOG (gmm-gselect:main():gmm-gselect.cc:115) For 7730'th file, average UBM likelihood over 164 frames is -48.3888
LOG (gmm-gselect:main():gmm-gselect.cc:115) For 7740'th file, average UBM likelihood over 345 frames is -50.7521
LOG (gmm-gselect:main():gmm-gselect.cc:115) For 7750'th file, average UBM likelihood over 258 frames is -52.1642
LOG (gmm-gselect:main():gmm-gselect.cc:115) For 7760'th file, average UBM likelihood over 196 frames is -51.205
LOG (gmm-gselect:main():gmm-gselect.cc:115) For 7770'th file, average UBM likelihood over 171 frames is -49.8458
LOG (gmm-gselect:main():gmm-gselect.cc:115) For 7780'th file, average UBM likelihood over 215 frames is -49.6325
LOG (gmm-gselect:main():gmm-gselect.cc:115) For 7790'th file, average UBM likelihood over 317 frames is -49.5143
LOG (gmm-gselect:main():gmm-gselect.cc:115) For 7800'th file, average UBM likelihood over 226 frames is -50.7107
LOG (gmm-gselect:main():gmm-gselect.cc:115) For 7810'th file, average UBM likelihood over 317 frames is -52.3948
LOG (gmm-gselect:main():gmm-gselect.cc:115) For 7820'th file, average UBM likelihood over 138 frames is -48.2719
LOG (gmm-gselect:main():gmm-gselect.cc:115) For 7830'th file, average UBM likelihood over 198 frames is -49.4166
LOG (gmm-gselect:main():gmm-gselect.cc:115) For 7840'th file, average UBM likelihood over 167 frames is -52.5931
LOG (gmm-gselect:main():gmm-gselect.cc:115) For 7850'th file, average UBM likelihood over 375 frames is -53.9848
LOG (gmm-gselect:main():gmm-gselect.cc:115) For 7860'th file, average UBM likelihood over 319 frames is -48.6362
LOG (gmm-gselect:main():gmm-gselect.cc:115) For 7870'th file, average UBM likelihood over 247 frames is -48.0911
LOG (gmm-gselect:main():gmm-gselect.cc:115) For 7880'th file, average UBM likelihood over 211 frames is -52.9016
LOG (gmm-gselect:main():gmm-gselect.cc:115) For 7890'th file, average UBM likelihood over 392 frames is -50.8411
LOG (gmm-gselect:main():gmm-gselect.cc:115) For 7900'th file, average UBM likelihood over 275 frames is -50.5124
LOG (gmm-gselect:main():gmm-gselect.cc:115) For 7910'th file, average UBM likelihood over 237 frames is -48.879
LOG (apply-cmvn-online:main():apply-cmvn-online.cc:135) Applied online CMVN to 15854 files, or 4031730 frames.
LOG (gmm-gselect:main():gmm-gselect.cc:115) For 7920'th file, average UBM likelihood over 199 frames is -49.0083
LOG (transform-feats:main():transform-feats.cc:158) Overall average [pseudo-]logdet is -92.5981 over 4.03173e+06 frames.
LOG (transform-feats:main():transform-feats.cc:161) Applied transform to 7927 utterances; 0 had errors.
LOG (subsample-feats:main():subsample-feats.cc:115) Processed 7927 feature matrices; 0 with errors.
LOG (subsample-feats:main():subsample-feats.cc:117) Processed 4031730 input frames and 2017836 output frames.
LOG (gmm-gselect:main():gmm-gselect.cc:126) Done 7927 files, 0 with errors, average UBM log-likelihood is -50.7034 over 2017836 frames.
# Accounting: time=267 threads=1
# Ended (code 0) at Fri Jun 12 20:56:43 CST 2015, elapsed time 267 seconds
