../test_wav/1.wav	月光宝盒
../test_wav/10.wav	月光宝盒打开淘宝网
../test_wav/142.wav	魏师傅俺家机顶盒坏了
../test_wav/109.wav	弈和节目惠锦
../test_wav/14.wav	月光宝盒打开武惠旗
../test_wav/12.wav	与禅南电信家主天气
../test_wav/111.wav	弈武给建筑队判官弦主
../test_wav/116.wav	月的三在建便南的县
../test_wav/13.wav	自古踏碎了多少化
../test_wav/0.wav	乖谬你的迷烟
../test_wav/128.wav	关于段芝贵与段瓮的马蹄踏碎
../test_wav/105.wav	保叔从原来的民庭听雨缀
../test_wav/100.wav	接关于补最近力吉信息他的目的地
../test_wav/104.wav	疾掠郓城县宋家村的位置
../test_wav/101.wav	在本最近阙彻骨的湾歌补
../test_wav/137.wav	给大小便我机票换洗尿布
../test_wav/119.wav	在泸定县境内飞内段爵的天气湍
../test_wav/140.wav	语音你的语音的酒店被她去
../test_wav/134.wav	弈化失禁毖家湾宝盒鸡块二
../test_wav/139.wav	嫩黄曾听雨的铁帅的天气
../test_wav/110.wav	弹药罪和故意段起点祖碎被公南的位置
../test_wav/114.wav	伪军与禅相识的唐不得子婴为皇帝
../test_wav/143.wav	自古的后来南移植节目
../test_wav/112.wav	年怀揣走到一股法漩南补的八年全年祖
../test_wav/11.wav	年失禁今天大盘走势如何
../test_wav/131.wav	失落的格力湾嫩黄与禅判官
../test_wav/107.wav	接度化村分局就用手逮
../test_wav/115.wav	月飞驰易地补服务站信蒿这中
../test_wav/135.wav	断不悔阙队补臣牡丹弈剑主
../test_wav/136.wav	魏急湍金花的人不仅被她所具去大恩大德
../test_wav/141.wav	影迷所列杨家的县
../test_wav/113.wav	又湾西湖失禁天湖的慕容弈一个场面超多
../test_wav/120.wav	进正阳门瓮城内化雪山专家那段
../test_wav/24.wav	余怜想听经典老歌
../test_wav/22.wav	月光宝盒打开图吧的沙发
../test_wav/145.wav	明天从苏州的八进的常山
../test_wav/16.wav	余怜县县县县梓歌
../test_wav/144.wav	而焙烤古迹祖所具公交车
../test_wav/147.wav	弈南惠妃民院
../test_wav/133.wav	它畔怀揣鲜卑给当教师内孙的县
../test_wav/138.wav	功绩为他到禅结缀川的慕容
../test_wav/146.wav	会议搜狗杂技便
../test_wav/33.wav	乖谬乳儿
../test_wav/148.wav	郁的一周哀戚的
../test_wav/106.wav	因为的脚下缀美芳先阡的
../test_wav/20.wav	宁儿陆南丹气的大理石八珪
../test_wav/3.wav	打开遥控器清风迷烟淡绿
../test_wav/127.wav	在吉他一般的县湾阙歌嫩黄阙缀孙畔
../test_wav/126.wav	田林县县如何浓积云有的唐会议
../test_wav/129.wav	进瓮叔侄天津市的花鸟鱼虫飞驰歌梓宝盒
../test_wav/26.wav	宁儿怀揣一个鉴为度爵惠脑门县
../test_wav/123.wav	语音线卫畔梓民院我想吃
../test_wav/34.wav	南畔补旗
../test_wav/124.wav	陈牡丹踏畔踏碎祖皇帝祖日的县
../test_wav/36.wav	牡丹接在建
../test_wav/40.wav	其畔铁算盘
../test_wav/117.wav	我与惠游鱼等与禅人去菜锦
../test_wav/35.wav	比利时囊空如洗
../test_wav/2.wav	的人不仅王进的酒店
../test_wav/37.wav	荒谬惠妃
../test_wav/103.wav	一股英军的县温尼如飞民院柳回信息续
../test_wav/4.wav	余怜南段起点八八
../test_wav/39.wav	一股碎了多少
../test_wav/42.wav	比利时主吉他
../test_wav/108.wav	而焙烤园巫丹光文玄鉴更加酥脆而易于阙
../test_wav/21.wav	年梓踏妃换洗知道电化
../test_wav/125.wav	黄扮演的常山湾的英军产儿托场面吃了
../test_wav/18.wav	年盖在他的被子的县
../test_wav/38.wav	祖居表现南郊
../test_wav/19.wav	杂技顺着天湖人对火箭的那段湾
../test_wav/43.wav	其杂技禅
../test_wav/132.wav	在本畔家有一张有着阙歌的县碎心悦
../test_wav/118.wav	我壮丽王安徽阜阳内托民院多少丹
../test_wav/121.wav	它缀与哀戚丹酥脆缀巴科威尔的
../test_wav/30.wav	一股彻骨的凉意从脚底湾咀嚼
../test_wav/102.wav	它吉他牡丹队线缀十一歌
../test_wav/17.wav	荒谬踏内拈香县
../test_wav/25.wav	其佩玉结缀城内的观音庙的马蹄踏县
../test_wav/50.wav	北京天津河北
../test_wav/6.wav	月光宝盒打开浏览器
../test_wav/15.wav	年不仅被她它位于十佳的天气
../test_wav/23.wav	宁儿失禁被今天武后湾崔
../test_wav/122.wav	武后李接给王五王旗接县的格力的
../test_wav/41.wav	胡军扮演势力祖
../test_wav/27.wav	自古缀我和陆南有畔她的胡军
../test_wav/31.wav	在本玄鉴缀代阁主陆南身亡
../test_wav/51.wav	武后段踏湾急湍
../test_wav/32.wav	假意咀嚼的佩玉结缀化的
../test_wav/45.wav	嫩黄本湾成语
../test_wav/130.wav	魏正阳门的县易于起点失禁崔毖
../test_wav/48.wav	接在建的文昌歌南畔温尼的
../test_wav/55.wav	陈南城内在吉他县度化查看会议
../test_wav/46.wav	明天从苏州我想吃与
../test_wav/5.wav	因为先畔打电话
../test_wav/29.wav	发簪吐絮毖阙弈王古迹弈被郁的县
../test_wav/149.wav	魏便机的县的县
../test_wav/54.wav	余阙歌下官打电话给邹机
../test_wav/75.wav	自古嫩黄师傅一股彻骨嫩黄的
../test_wav/65.wav	活熊取胆梓聊斋与禅换洗阙为
../test_wav/49.wav	与烟台形容财报
../test_wav/44.wav	其续嫩黄户主段园县
../test_wav/8.wav	余怜县天津如何原来
../test_wav/71.wav	其鬼魂年度的常山禅能郁
../test_wav/53.wav	郁信早市肾家畔语柳回信息
../test_wav/28.wav	接发现泉眼歌陆肾队古代年八
../test_wav/60.wav	郁的能壮丽扮演家洛水畔一带的侄儿子婴歌
../test_wav/52.wav	在颁赐军功信息为度化专家县
../test_wav/58.wav	不过他的要做以鉴它位于的节目先龙嫩黄的
../test_wav/70.wav	接应二传畔官邸缀户外摆下寿宴
../test_wav/7.wav	宁儿失禁坐垫今天的天气
../test_wav/59.wav	又换洗托莫度化位置湍湾为室的那段的
../test_wav/69.wav	自古昨崔毖为心仪阙坐垫软软鲜卑击溃
../test_wav/61.wav	我与农机局职大聊斋王五电信温尼的菜田开沟机
../test_wav/78.wav	燕山响水湖它位于陆南迷烟
../test_wav/56.wav	失落谔用救济款发簪昨她惠妃缀吐絮
../test_wav/86.wav	我与的八十佳的棉袄盖在他的被子上
../test_wav/73.wav	余崔电她畔的尿布
../test_wav/84.wav	接巫判官的铁的工匠参加会议
../test_wav/68.wav	乖谬乳儿被噼啪的铁拉电度化
../test_wav/64.wav	自古为度化阙湾的凉意站前城主
../test_wav/93.wav	又帮是否拉牛腿打下手
../test_wav/92.wav	棉毛衫裤不得从袖口哀戚的佛祖
../test_wav/98.wav	与烟台名妓歌乳儿县
../test_wav/57.wav	弈巫丹做阴道半年在内地套现逾信息
../test_wav/82.wav	昔日的节目迷烟与段的八为室雅托温尼
../test_wav/63.wav	主八斟茶的县帮余党于<UNK>丹
../test_wav/9.wav	武后踏碎最近的酒店
../test_wav/76.wav	魏师傅户机顶盒魏师傅
../test_wav/85.wav	因为温尼伯格看着她击溃信息现场
../test_wav/90.wav	敖的冀州师傅蘸南县阙湍蓬碎
../test_wav/88.wav	古代拈香缀昔日妃的佩玉结在本
../test_wav/66.wav	灾害频发的县嫩黄飞驰的马蹄阙乳儿的
../test_wav/95.wav	在本坳乡的佩玉结候机厅家湾
../test_wav/81.wav	余缀追逐结缀罗易地补南
../test_wav/74.wav	丐帮向来以打狗棒的铁帅先生八畔缀的天气
../test_wav/72.wav	丛台区工商局内结缀罗频发的县
../test_wav/62.wav	怎么一夜急行军公司的佩玉湍
../test_wav/79.wav	而焙烤县县就下官阡村酷
../test_wav/96.wav	日的叔侄则安装原位不变
../test_wav/80.wav	弹药罪线卫阙做为皇帝弹药罪失落歌
../test_wav/47.wav	关于缀彻骨肾祖牡丹城主
../test_wav/94.wav	接比利时的王旗丹封堵梓听雨查看先
../test_wav/87.wav	银屏牡丹臣县县讯便假的温尼家村的
../test_wav/83.wav	弈剑坦帕踏的县师傅补巴省会温尼王五
../test_wav/99.wav	进能的八接踏碎了的佩玉结
../test_wav/89.wav	关于<UNK>科威尔家尤禅古村南县
../test_wav/67.wav	积雨云和浓积云讯主陆南易地未参加主陆签约后
../test_wav/97.wav	它顺着妃南阙歌魏师傅
../test_wav/77.wav	接在建的大理石别一股壮丽常山敖给大小便失禁
../test_wav/91.wav	杂技升降身亡队线卫封堵
